378
598
1
2
196
2
4
2
111
2
4
2
1
2
83
1
3
399
4
5
2
1
2
391
4
5
2
202
2
4
2
198
2
4
19
65
3
1
386
1
2
380
4
1
3
1
5
6
1
1
1
1
23
8
1
1
2
19
8
28
1
5
581
5
597
5
581
4
1
574
15
2
5
7
1
41
9
15
1
1
1
15
1
80
32
1
1
1
1
3
5
1
1
1
1
1
1
16
1
11
6
4
1
1
1
1
1
9
9
18
1
1
1
25
1
2
1
37
1
1
3
3
1
57
1
8
18
21
1
1
7
1
1
1
1
10
1
4
1
2
1
2
64
1
1
1
1
14
4
4
3
3
1
0
1
1
1
2
8
1
4
3
21
12
0
1
1
5
4
1
4
1
5
1
6
1
2
2
13
1
1
1
1
1
2
1
1
1
1
3
1
1
1
1
2
15
1
1
1
55
129
1
1
1
3
3
9
3
3
3
1
31
1
1
1
0
3
1
1
148
1
1
105
5
2
2
1
45
1
1
1
5
1
1
1
1
1
1
1
1
1
2
4
5
1
5
2
171
1
1
1
1
1
1
7
12
5
1
5
1
4
1
3
5
95
1
1
4
3
4
7
3
7
3
3
1
4
1
1
1
1
239
3
22
1
1
1
1
1
1
1
3
1
1
1
234
1
1
1
2
5
5
3
5
2
27
1
1
2
1
1
1
2
1
1
1
1
1
7
2
1
3
3
1
62
1
1
146
5
1
1
1
1
6
1
60
1
5
18
1
12
1
3
3
3
3
1
1
4
10
1
4
1
2
1
62
1
1
1
1
0
1
4
4
1
1
1
65
49
2
1
1
5
1
1
1
1
1
1
1
4 0 46 (336.000000 1536.000000 896.000000) (336.000000 1088.000000 896.000000) (336.000000 1088.000000 904.000000) (336.000000 1536.000000 904.000000) 
4 0 10 (336.000000 1088.000000 904.000000) (336.000000 1088.000000 896.000000) (384.000000 1088.000000 896.000000) (384.000000 1088.000000 904.000000) 
4 1 50 (336.000000 1088.000000 864.000000) (336.000000 1088.000000 896.000000) (336.000000 1464.000000 896.000000) (336.000000 1464.000000 864.000000) 
4 1 11 (336.000000 1088.000000 896.000000) (336.000000 1088.000000 864.000000) (376.000000 1088.000000 864.000000) (376.000000 1088.000000 896.000000) 
4 1 4 (336.000000 1464.000000 864.000000) (368.000000 1464.000000 864.000000) (368.000000 1088.000000 864.000000) (336.000000 1088.000000 864.000000) 
4 2 15 (376.000000 1088.000000 672.000000) (864.000000 1088.000000 672.000000) (864.000000 1088.000000 864.000000) (376.000000 1088.000000 864.000000) 
4 2 3 (376.000000 1464.000000 820.000000) (376.000000 1464.000000 716.000000) (376.000000 1088.000000 716.000000) (376.000000 1088.000000 820.000000) 
4 3 16 (376.000000 1088.000000 716.000000) (376.000000 1088.000000 820.000000) (368.000000 1088.000000 820.000000) (368.000000 1088.000000 716.000000) 
4 3 4 (368.000000 1088.000000 716.000000) (368.000000 1088.000000 820.000000) (368.000000 1464.000000 820.000000) (368.000000 1464.000000 716.000000) 
4 4 50 (336.000000 1088.000000 672.000000) (336.000000 1088.000000 864.000000) (336.000000 1464.000000 864.000000) (336.000000 1464.000000 672.000000) 
4 4 17 (336.000000 1088.000000 864.000000) (336.000000 1088.000000 672.000000) (368.000000 1088.000000 672.000000) (368.000000 1088.000000 864.000000) 
4 4 5 (368.000000 1088.000000 672.000000) (336.000000 1088.000000 672.000000) (336.000000 1464.000000 672.000000) (368.000000 1464.000000 672.000000) 
4 5 51 (336.000000 1088.000000 640.000000) (336.000000 1088.000000 672.000000) (336.000000 1464.000000 672.000000) (336.000000 1464.000000 640.000000) 
4 5 18 (336.000000 1088.000000 672.000000) (336.000000 1088.000000 640.000000) (376.000000 1088.000000 640.000000) (376.000000 1088.000000 672.000000) 
4 5 8 (336.000000 1464.000000 640.000000) (368.000000 1464.000000 640.000000) (368.000000 1088.000000 640.000000) (336.000000 1088.000000 640.000000) 
4 6 21 (376.000000 1088.000000 448.000000) (864.000000 1088.000000 448.000000) (864.000000 1088.000000 640.000000) (376.000000 1088.000000 640.000000) 
4 6 7 (376.000000 1464.000000 596.000000) (376.000000 1464.000000 492.000000) (376.000000 1088.000000 492.000000) (376.000000 1088.000000 596.000000) 
4 7 22 (376.000000 1088.000000 492.000000) (376.000000 1088.000000 596.000000) (368.000000 1088.000000 596.000000) (368.000000 1088.000000 492.000000) 
4 7 8 (368.000000 1088.000000 492.000000) (368.000000 1088.000000 596.000000) (368.000000 1464.000000 596.000000) (368.000000 1464.000000 492.000000) 
4 8 51 (336.000000 1088.000000 448.000000) (336.000000 1088.000000 640.000000) (336.000000 1464.000000 640.000000) (336.000000 1464.000000 448.000000) 
4 8 23 (336.000000 1088.000000 640.000000) (336.000000 1088.000000 448.000000) (368.000000 1088.000000 448.000000) (368.000000 1088.000000 640.000000) 
4 8 9 (336.000000 1464.000000 448.000000) (368.000000 1464.000000 448.000000) (368.000000 1088.000000 448.000000) (336.000000 1088.000000 448.000000) 
4 9 56 (336.000000 1464.000000 416.000000) (336.000000 1088.000000 416.000000) (336.000000 1088.000000 448.000000) (336.000000 1464.000000 448.000000) 
4 9 27 (336.000000 1088.000000 416.000000) (336.000000 1464.000000 416.000000) (368.000000 1464.000000 416.000000) (368.000000 1088.000000 416.000000) 
4 9 24 (336.000000 1088.000000 448.000000) (336.000000 1088.000000 416.000000) (376.000000 1088.000000 416.000000) (376.000000 1088.000000 448.000000) 
4 10 46 (336.000000 448.000000 896.000000) (336.000000 448.000000 904.000000) (336.000000 1088.000000 904.000000) (336.000000 1088.000000 896.000000) 
4 11 50 (336.000000 448.000000 864.000000) (336.000000 448.000000 896.000000) (336.000000 1088.000000 896.000000) (336.000000 1088.000000 864.000000) 
4 11 17 (336.000000 448.000000 864.000000) (336.000000 1088.000000 864.000000) (368.000000 1088.000000 864.000000) (368.000000 448.000000 864.000000) 
4 12 19 (928.000000 960.000000 448.000000) (928.000000 800.000000 448.000000) (928.000000 800.000000 560.000000) (928.000000 960.000000 560.000000) 
4 12 14 (928.000000 512.000000 672.000000) (928.000000 512.000000 808.000000) (928.000000 800.000000 808.000000) (928.000000 800.000000 672.000000) 
4 12 13 (1120.000000 512.000000 576.000000) (1120.000000 512.000000 864.000000) (928.000000 512.000000 864.000000) (928.000000 512.000000 576.000000) 
4 13 138 (928.000000 448.000000 672.000000) (928.000000 448.000000 576.000000) (1120.000000 448.000000 576.000000) (1120.000000 448.000000 672.000000) 
4 13 133 (1120.000000 448.000000 864.000000) (928.000000 448.000000 864.000000) (928.000000 448.000000 672.000000) (1120.000000 448.000000 672.000000) 
4 13 14 (928.000000 448.000000 672.000000) (928.000000 448.000000 808.000000) (928.000000 512.000000 808.000000) (928.000000 512.000000 672.000000) 
4 14 135 (864.000000 448.000000 808.000000) (864.000000 448.000000 672.000000) (928.000000 448.000000 672.000000) (928.000000 448.000000 808.000000) 
4 14 15 (864.000000 448.000000 672.000000) (864.000000 448.000000 808.000000) (864.000000 800.000000 808.000000) (864.000000 800.000000 672.000000) 
4 15 143 (512.000000 448.000000 864.000000) (392.000000 448.000000 864.000000) (392.000000 448.000000 672.000000) (512.000000 448.000000 672.000000) 
4 15 136 (736.000000 448.000000 864.000000) (512.000000 448.000000 864.000000) (512.000000 448.000000 672.000000) (736.000000 448.000000 672.000000) 
4 15 134 (864.000000 448.000000 864.000000) (736.000000 448.000000 864.000000) (736.000000 448.000000 808.000000) (864.000000 448.000000 808.000000) 
4 15 135 (736.000000 448.000000 808.000000) (736.000000 448.000000 672.000000) (864.000000 448.000000 672.000000) (864.000000 448.000000 808.000000) 
4 15 16 (376.000000 1088.000000 820.000000) (376.000000 1088.000000 716.000000) (376.000000 448.000000 716.000000) (376.000000 448.000000 820.000000) 
4 16 17 (368.000000 448.000000 716.000000) (368.000000 448.000000 820.000000) (368.000000 1088.000000 820.000000) (368.000000 1088.000000 716.000000) 
4 17 145 (352.000000 448.000000 864.000000) (336.000000 448.000000 864.000000) (336.000000 448.000000 672.000000) (352.000000 448.000000 672.000000) 
4 17 50 (336.000000 448.000000 672.000000) (336.000000 448.000000 864.000000) (336.000000 1088.000000 864.000000) (336.000000 1088.000000 672.000000) 
4 17 18 (336.000000 448.000000 672.000000) (336.000000 1088.000000 672.000000) (368.000000 1088.000000 672.000000) (368.000000 448.000000 672.000000) 
4 18 162 (336.000000 448.000000 672.000000) (336.000000 448.000000 640.000000) (376.000000 448.000000 640.000000) (376.000000 448.000000 672.000000) 
4 18 51 (336.000000 448.000000 640.000000) (336.000000 448.000000 672.000000) (336.000000 1088.000000 672.000000) (336.000000 1088.000000 640.000000) 
4 18 23 (368.000000 448.000000 640.000000) (336.000000 448.000000 640.000000) (336.000000 1088.000000 640.000000) (368.000000 1088.000000 640.000000) 
4 19 20 (912.000000 916.000000 448.000000) (912.000000 844.000000 448.000000) (912.000000 844.000000 548.000000) (912.000000 916.000000 548.000000) 
4 20 21 (864.000000 916.000000 448.000000) (864.000000 844.000000 448.000000) (864.000000 844.000000 548.000000) (864.000000 916.000000 548.000000) 
4 21 163 (392.000000 448.000000 448.000000) (512.000000 448.000000 448.000000) (512.000000 448.000000 640.000000) (392.000000 448.000000 640.000000) 
4 21 139 (512.000000 448.000000 448.000000) (864.000000 448.000000 448.000000) (864.000000 448.000000 640.000000) (512.000000 448.000000 640.000000) 
4 21 22 (376.000000 448.000000 492.000000) (376.000000 448.000000 596.000000) (376.000000 1088.000000 596.000000) (376.000000 1088.000000 492.000000) 
4 22 23 (368.000000 448.000000 492.000000) (368.000000 448.000000 596.000000) (368.000000 1088.000000 596.000000) (368.000000 1088.000000 492.000000) 
4 23 165 (336.000000 448.000000 640.000000) (336.000000 448.000000 448.000000) (352.000000 448.000000 448.000000) (352.000000 448.000000 640.000000) 
4 23 51 (336.000000 448.000000 448.000000) (336.000000 448.000000 640.000000) (336.000000 1088.000000 640.000000) (336.000000 1088.000000 448.000000) 
4 23 24 (368.000000 448.000000 448.000000) (336.000000 448.000000 448.000000) (336.000000 1088.000000 448.000000) (368.000000 1088.000000 448.000000) 
4 24 358 (376.000000 448.000000 448.000000) (336.000000 448.000000 448.000000) (336.000000 448.000000 416.000000) (376.000000 448.000000 416.000000) 
4 24 56 (336.000000 1088.000000 416.000000) (336.000000 448.000000 416.000000) (336.000000 448.000000 448.000000) (336.000000 1088.000000 448.000000) 
4 24 44 (368.000000 448.000000 416.000000) (336.000000 448.000000 416.000000) (336.000000 1088.000000 416.000000) (368.000000 1088.000000 416.000000) 
4 25 36 (864.000000 1088.000000 416.000000) (376.000000 1088.000000 416.000000) (376.000000 1088.000000 224.000000) (864.000000 1088.000000 224.000000) 
4 25 26 (376.000000 1464.000000 372.000000) (376.000000 1464.000000 268.000000) (376.000000 1088.000000 268.000000) (376.000000 1088.000000 372.000000) 
4 26 40 (368.000000 1088.000000 372.000000) (368.000000 1088.000000 268.000000) (376.000000 1088.000000 268.000000) (376.000000 1088.000000 372.000000) 
4 26 27 (368.000000 1088.000000 268.000000) (368.000000 1088.000000 372.000000) (368.000000 1464.000000 372.000000) (368.000000 1464.000000 268.000000) 
4 27 56 (336.000000 1088.000000 224.000000) (336.000000 1088.000000 416.000000) (336.000000 1464.000000 416.000000) (336.000000 1464.000000 224.000000) 
4 27 44 (368.000000 1088.000000 416.000000) (336.000000 1088.000000 416.000000) (336.000000 1088.000000 224.000000) (368.000000 1088.000000 224.000000) 
4 27 28 (336.000000 1464.000000 224.000000) (368.000000 1464.000000 224.000000) (368.000000 1088.000000 224.000000) (336.000000 1088.000000 224.000000) 
4 28 57 (336.000000 1088.000000 192.000000) (336.000000 1088.000000 224.000000) (336.000000 1464.000000 224.000000) (336.000000 1464.000000 192.000000) 
4 28 45 (336.000000 1088.000000 224.000000) (336.000000 1088.000000 192.000000) (368.000000 1088.000000 192.000000) (368.000000 1088.000000 224.000000) 
4 28 41 (368.000000 1088.000000 192.000000) (376.000000 1088.000000 192.000000) (376.000000 1088.000000 224.000000) (368.000000 1088.000000 224.000000) 
4 28 31 (368.000000 1088.000000 192.000000) (336.000000 1088.000000 192.000000) (336.000000 1464.000000 192.000000) (368.000000 1464.000000 192.000000) 
4 29 39 (376.000000 1088.000000 0.000000) (864.000000 1088.000000 0.000000) (864.000000 1088.000000 192.000000) (376.000000 1088.000000 192.000000) 
4 29 30 (376.000000 1464.000000 148.000000) (376.000000 1464.000000 44.000000) (376.000000 1088.000000 44.000000) (376.000000 1088.000000 148.000000) 
4 30 42 (376.000000 1088.000000 44.000000) (376.000000 1088.000000 148.000000) (368.000000 1088.000000 148.000000) (368.000000 1088.000000 44.000000) 
4 30 31 (368.000000 1088.000000 44.000000) (368.000000 1088.000000 148.000000) (368.000000 1464.000000 148.000000) (368.000000 1464.000000 44.000000) 
4 31 57 (336.000000 1464.000000 0.000000) (336.000000 1088.000000 -0.000000) (336.000000 1088.000000 192.000000) (336.000000 1464.000000 192.000000) 
4 31 45 (336.000000 1088.000000 192.000000) (336.000000 1088.000000 -0.000000) (368.000000 1088.000000 0.000000) (368.000000 1088.000000 192.000000) 
4 32 352 (928.000000 448.000000 224.000000) (928.000000 448.000000 128.000000) (1120.000000 448.000000 128.000000) (1120.000000 448.000000 224.000000) 
4 32 347 (1120.000000 448.000000 416.000000) (928.000000 448.000000 416.000000) (928.000000 448.000000 224.000000) (1120.000000 448.000000 224.000000) 
4 32 34 (928.000000 448.000000 224.000000) (928.000000 448.000000 360.000000) (928.000000 800.000000 360.000000) (928.000000 800.000000 224.000000) 
4 32 33 (928.000000 512.000000 128.000000) (928.000000 1024.000000 128.000000) (1120.000000 1024.000000 128.000000) (1120.000000 512.000000 128.000000) 
4 33 37 (928.000000 960.000000 0.000000) (928.000000 800.000000 0.000000) (928.000000 800.000000 128.000000) (928.000000 960.000000 128.000000) 
4 34 349 (896.000000 448.000000 360.000000) (896.000000 448.000000 224.000000) (928.000000 448.000000 224.000000) (928.000000 448.000000 360.000000) 
4 34 35 (896.000000 800.000000 224.000000) (896.000000 448.000000 224.000000) (896.000000 448.000000 360.000000) (896.000000 800.000000 360.000000) 
4 35 348 (896.000000 448.000000 416.000000) (864.000000 448.000000 416.000000) (864.000000 448.000000 360.000000) (896.000000 448.000000 360.000000) 
4 35 349 (864.000000 448.000000 360.000000) (864.000000 448.000000 224.000000) (896.000000 448.000000 224.000000) (896.000000 448.000000 360.000000) 
4 35 36 (864.000000 800.000000 224.000000) (864.000000 448.000000 224.000000) (864.000000 448.000000 416.000000) (864.000000 800.000000 416.000000) 
4 36 359 (512.000000 448.000000 416.000000) (392.000000 448.000000 416.000000) (392.000000 448.000000 224.000000) (512.000000 448.000000 224.000000) 
4 36 350 (736.000000 448.000000 416.000000) (512.000000 448.000000 416.000000) (512.000000 448.000000 224.000000) (736.000000 448.000000 224.000000) 
4 36 348 (864.000000 448.000000 416.000000) (736.000000 448.000000 416.000000) (736.000000 448.000000 360.000000) (864.000000 448.000000 360.000000) 
4 36 349 (736.000000 448.000000 360.000000) (736.000000 448.000000 224.000000) (864.000000 448.000000 224.000000) (864.000000 448.000000 360.000000) 
4 36 40 (376.000000 448.000000 268.000000) (376.000000 448.000000 372.000000) (376.000000 1088.000000 372.000000) (376.000000 1088.000000 268.000000) 
4 37 38 (912.000000 916.000000 0.000000) (912.000000 844.000000 0.000000) (912.000000 844.000000 100.000000) (912.000000 916.000000 100.000000) 
4 38 39 (864.000000 916.000000 100.000000) (864.000000 916.000000 0.000000) (864.000000 844.000000 0.000000) (864.000000 844.000000 100.000000) 
4 39 43 (376.000000 656.000000 0.000000) (376.000000 592.000000 0.000000) (376.000000 592.000000 96.000000) (376.000000 656.000000 96.000000) 
4 39 42 (376.000000 704.000000 148.000000) (376.000000 1088.000000 148.000000) (376.000000 1088.000000 44.000000) (376.000000 704.000000 44.000000) 
4 40 44 (368.000000 1088.000000 372.000000) (368.000000 1088.000000 268.000000) (368.000000 448.000000 268.000000) (368.000000 448.000000 372.000000) 
4 41 45 (368.000000 1088.000000 224.000000) (368.000000 1088.000000 192.000000) (368.000000 448.000000 192.000000) (368.000000 448.000000 224.000000) 
4 42 45 (368.000000 1088.000000 148.000000) (368.000000 1088.000000 44.000000) (368.000000 704.000000 44.000000) (368.000000 704.000000 148.000000) 
4 43 45 (368.000000 656.000000 0.000000) (368.000000 592.000000 0.000000) (368.000000 592.000000 96.000000) (368.000000 656.000000 96.000000) 
4 44 360 (352.000000 448.000000 416.000000) (336.000000 448.000000 416.000000) (336.000000 448.000000 224.000000) (352.000000 448.000000 224.000000) 
4 44 56 (336.000000 448.000000 224.000000) (336.000000 448.000000 416.000000) (336.000000 1088.000000 416.000000) (336.000000 1088.000000 224.000000) 
4 44 45 (336.000000 448.000000 224.000000) (336.000000 1088.000000 224.000000) (368.000000 1088.000000 224.000000) (368.000000 448.000000 224.000000) 
4 45 57 (336.000000 448.000000 -0.000000) (336.000000 448.000000 224.000000) (336.000000 1088.000000 224.000000) (336.000000 1088.000000 -0.000000) 
4 46 58 (-256.000000 1536.000000 896.000000) (-256.000000 448.000000 896.000000) (-256.000000 448.000000 904.000000) (-256.000000 1536.000000 904.000000) 
4 47 52 (336.000000 1600.000000 448.000000) (336.000000 1536.000000 448.000000) (-224.000000 1536.000000 448.000000) (-224.000000 1600.000000 448.000000) 
4 48 50 (336.000000 1464.000000 672.000000) (336.000000 1464.000000 896.000000) (-224.000000 1464.000000 896.000000) (-224.000000 1464.000000 672.000000) 
4 48 49 (336.000000 1464.000000 672.000000) (-224.000000 1464.000000 672.000000) (-224.000000 1536.000000 672.000000) (336.000000 1536.000000 672.000000) 
4 49 54 (336.000000 1512.000000 448.000000) (336.000000 1464.000000 448.000000) (-224.000000 1464.000000 448.000000) (-224.000000 1512.000000 448.000000) 
4 49 53 (336.000000 1536.000000 448.000000) (336.000000 1512.000000 448.000000) (-224.000000 1512.000000 448.000000) (-224.000000 1536.000000 448.000000) 
4 49 51 (-224.000000 1464.000000 448.000000) (336.000000 1464.000000 448.000000) (336.000000 1464.000000 672.000000) (-224.000000 1464.000000 672.000000) 
4 50 170 (-240.000000 448.000000 672.000000) (-128.000000 448.000000 672.000000) (-128.000000 448.000000 864.000000) (-240.000000 448.000000 864.000000) 
4 50 145 (336.000000 448.000000 672.000000) (336.000000 448.000000 864.000000) (-128.000000 448.000000 864.000000) (-128.000000 448.000000 672.000000) 
4 50 59 (-256.000000 448.000000 716.000000) (-256.000000 448.000000 820.000000) (-256.000000 1464.000000 820.000000) (-256.000000 1464.000000 716.000000) 
4 50 51 (336.000000 448.000000 672.000000) (-256.000000 448.000000 672.000000) (-256.000000 1464.000000 672.000000) (336.000000 1464.000000 672.000000) 
4 51 214 (-240.000000 448.000000 448.000000) (-128.000000 448.000000 448.000000) (-128.000000 448.000000 640.000000) (-240.000000 448.000000 640.000000) 
4 51 213 (-128.000000 448.000000 672.000000) (-256.000000 448.000000 672.000000) (-256.000000 448.000000 640.000000) (-128.000000 448.000000 640.000000) 
4 51 165 (336.000000 448.000000 448.000000) (336.000000 448.000000 640.000000) (-128.000000 448.000000 640.000000) (-128.000000 448.000000 448.000000) 
4 51 162 (336.000000 448.000000 640.000000) (336.000000 448.000000 672.000000) (-128.000000 448.000000 672.000000) (-128.000000 448.000000 640.000000) 
4 51 61 (-256.000000 448.000000 492.000000) (-256.000000 448.000000 596.000000) (-256.000000 1464.000000 596.000000) (-256.000000 1464.000000 492.000000) 
4 51 56 (336.000000 1464.000000 448.000000) (336.000000 448.000000 448.000000) (-256.000000 448.000000 448.000000) (-256.000000 1464.000000 448.000000) 
4 53 54 (336.000000 1512.000000 256.000000) (336.000000 1512.000000 448.000000) (-224.000000 1512.000000 448.000000) (-224.000000 1512.000000 256.000000) 
4 54 56 (336.000000 1464.000000 224.000000) (336.000000 1464.000000 448.000000) (-224.000000 1464.000000 448.000000) (-224.000000 1464.000000 224.000000) 
4 54 55 (-224.000000 1464.000000 224.000000) (-224.000000 1512.000000 224.000000) (336.000000 1512.000000 224.000000) (336.000000 1464.000000 224.000000) 
4 55 57 (-224.000000 1464.000000 0.000000) (336.000000 1464.000000 -0.000000) (336.000000 1464.000000 224.000000) (-224.000000 1464.000000 224.000000) 
4 56 360 (336.000000 448.000000 224.000000) (336.000000 448.000000 416.000000) (-240.000000 448.000000 416.000000) (-240.000000 448.000000 224.000000) 
4 56 358 (336.000000 448.000000 416.000000) (336.000000 448.000000 448.000000) (-256.000000 448.000000 448.000000) (-256.000000 448.000000 416.000000) 
4 56 63 (-256.000000 448.000000 268.000000) (-256.000000 448.000000 372.000000) (-256.000000 1464.000000 372.000000) (-256.000000 1464.000000 268.000000) 
4 56 57 (336.000000 448.000000 224.000000) (-256.000000 448.000000 224.000000) (-256.000000 1464.000000 224.000000) (336.000000 1464.000000 224.000000) 
4 57 66 (-256.000000 656.000000 0.000000) (-256.000000 592.000000 0.000000) (-256.000000 592.000000 96.000000) (-256.000000 656.000000 96.000000) 
4 57 65 (-256.000000 704.000000 44.000000) (-256.000000 704.000000 148.000000) (-256.000000 1464.000000 148.000000) (-256.000000 1464.000000 44.000000) 
4 59 60 (-264.000000 1464.000000 820.000000) (-264.000000 1464.000000 716.000000) (-264.000000 448.000000 716.000000) (-264.000000 448.000000 820.000000) 
4 60 174 (-280.000000 448.000000 864.000000) (-768.000000 448.000000 864.000000) (-768.000000 448.000000 672.000000) (-280.000000 448.000000 672.000000) 
4 60 92 (-768.000000 448.000000 672.000000) (-768.000000 448.000000 772.000000) (-768.000000 520.000000 772.000000) (-768.000000 520.000000 672.000000) 
4 60 68 (-768.000000 1344.000000 672.000000) (-768.000000 1216.000000 672.000000) (-768.000000 1216.000000 800.000000) (-768.000000 1344.000000 800.000000) 
4 61 62 (-264.000000 1464.000000 596.000000) (-264.000000 1464.000000 492.000000) (-264.000000 448.000000 492.000000) (-264.000000 448.000000 596.000000) 
4 62 222 (-384.000000 448.000000 640.000000) (-768.000000 448.000000 640.000000) (-768.000000 448.000000 448.000000) (-384.000000 448.000000 448.000000) 
4 62 218 (-280.000000 448.000000 640.000000) (-384.000000 448.000000 640.000000) (-384.000000 448.000000 448.000000) (-280.000000 448.000000 448.000000) 
4 62 70 (-768.000000 1344.000000 576.000000) (-768.000000 1344.000000 448.000000) (-768.000000 1216.000000 448.000000) (-768.000000 1216.000000 576.000000) 
4 63 64 (-264.000000 1464.000000 372.000000) (-264.000000 1464.000000 268.000000) (-264.000000 448.000000 268.000000) (-264.000000 448.000000 372.000000) 
4 64 367 (-320.000000 448.000000 416.000000) (-768.000000 448.000000 416.000000) (-768.000000 448.000000 224.000000) (-320.000000 448.000000 224.000000) 
4 64 363 (-280.000000 448.000000 416.000000) (-320.000000 448.000000 416.000000) (-320.000000 448.000000 224.000000) (-280.000000 448.000000 224.000000) 
4 64 78 (-768.000000 1344.000000 352.000000) (-768.000000 1344.000000 224.000000) (-768.000000 1216.000000 224.000000) (-768.000000 1216.000000 352.000000) 
4 65 67 (-264.000000 1464.000000 148.000000) (-264.000000 1464.000000 44.000000) (-264.000000 704.000000 44.000000) (-264.000000 704.000000 148.000000) 
4 66 67 (-264.000000 656.000000 0.000000) (-264.000000 592.000000 0.000000) (-264.000000 592.000000 96.000000) (-264.000000 656.000000 96.000000) 
4 67 108 (-768.000000 508.000000 100.000000) (-768.000000 580.000000 100.000000) (-768.000000 580.000000 0.000000) (-768.000000 508.000000 0.000000) 
4 67 79 (-768.000000 1344.000000 128.000000) (-768.000000 1344.000000 0.000000) (-768.000000 1216.000000 0.000000) (-768.000000 1216.000000 128.000000) 
4 69 71 (-800.000000 1216.000000 800.000000) (-800.000000 1344.000000 800.000000) (-800.000000 1344.000000 672.000000) (-800.000000 1216.000000 672.000000) 
4 70 71 (-800.000000 1344.000000 576.000000) (-800.000000 1344.000000 448.000000) (-800.000000 1216.000000 448.000000) (-800.000000 1216.000000 576.000000) 
4 71 81 (-800.000000 1472.000000 448.000000) (-800.000000 1088.000000 448.000000) (-844.000000 1088.000000 448.000000) (-844.000000 1472.000000 448.000000) 
4 71 74 (-844.000000 1260.000000 448.000000) (-844.000000 1088.000000 448.000000) (-844.000000 1088.000000 896.000000) (-844.000000 1260.000000 896.000000) 
4 71 73 (-844.000000 1320.000000 448.000000) (-844.000000 1260.000000 448.000000) (-844.000000 1260.000000 896.000000) (-844.000000 1320.000000 896.000000) 
4 71 72 (-844.000000 1472.000000 896.000000) (-844.000000 1472.000000 448.000000) (-844.000000 1320.000000 448.000000) (-844.000000 1320.000000 896.000000) 
4 72 81 (-904.000000 1320.000000 448.000000) (-904.000000 1472.000000 448.000000) (-844.000000 1472.000000 448.000000) (-844.000000 1320.000000 448.000000) 
4 72 75 (-904.000000 1472.000000 448.000000) (-904.000000 1320.000000 448.000000) (-904.000000 1320.000000 896.000000) (-904.000000 1472.000000 896.000000) 
4 72 73 (-904.000000 1320.000000 896.000000) (-904.000000 1320.000000 448.000000) (-844.000000 1320.000000 448.000000) (-844.000000 1320.000000 896.000000) 
4 73 81 (-904.000000 1260.000000 448.000000) (-904.000000 1320.000000 448.000000) (-844.000000 1320.000000 448.000000) (-844.000000 1260.000000 448.000000) 
4 73 75 (-904.000000 1320.000000 448.000000) (-904.000000 1260.000000 448.000000) (-904.000000 1260.000000 896.000000) (-904.000000 1320.000000 896.000000) 
4 73 74 (-904.000000 1260.000000 448.000000) (-844.000000 1260.000000 448.000000) (-844.000000 1260.000000 896.000000) (-904.000000 1260.000000 896.000000) 
4 74 81 (-844.000000 1088.000000 448.000000) (-904.000000 1088.000000 448.000000) (-904.000000 1260.000000 448.000000) (-844.000000 1260.000000 448.000000) 
4 74 75 (-904.000000 1260.000000 448.000000) (-904.000000 1088.000000 448.000000) (-904.000000 1088.000000 896.000000) (-904.000000 1260.000000 896.000000) 
4 75 82 (-1024.000000 1088.000000 448.000000) (-1088.000000 1088.000000 448.000000) (-1088.000000 1472.000000 448.000000) (-1024.000000 1472.000000 448.000000) 
4 75 81 (-904.000000 1088.000000 448.000000) (-1024.000000 1088.000000 448.000000) (-1024.000000 1472.000000 448.000000) (-904.000000 1472.000000 448.000000) 
4 75 76 (-908.000000 1088.000000 560.000000) (-980.000000 1088.000000 560.000000) (-980.000000 1088.000000 460.000000) (-908.000000 1088.000000 460.000000) 
4 76 77 (-980.000000 1072.000000 460.000000) (-908.000000 1072.000000 460.000000) (-908.000000 1072.000000 560.000000) (-980.000000 1072.000000 560.000000) 
4 77 97 (-992.000000 1024.000000 448.000000) (-896.000000 1024.000000 448.000000) (-896.000000 1024.000000 576.000000) (-992.000000 1024.000000 576.000000) 
4 78 81 (-800.000000 1344.000000 352.000000) (-800.000000 1344.000000 224.000000) (-800.000000 1216.000000 224.000000) (-800.000000 1216.000000 352.000000) 
4 80 81 (-800.000000 1344.000000 128.000000) (-800.000000 1344.000000 -0.000000) (-800.000000 1216.000000 -0.000000) (-800.000000 1216.000000 128.000000) 
3 81 83 (-1024.000000 1360.000000 -0.000000) (-1024.000000 1472.000000 56.000000) (-1024.000000 1472.000000 -0.000000) 
5 81 82 (-1024.000000 1232.000000 -64.000000) (-1024.000000 1088.000000 -64.000000) (-1024.000000 1088.000000 448.000000) (-1024.000000 1472.000000 448.000000) (-1024.000000 1472.000000 56.000000) 
5 82 84 (-1088.000000 1452.000000 112.000000) (-1088.000000 1452.000000 46.000000) (-1088.000000 1384.000000 12.000000) (-1088.000000 1380.000000 12.000000) (-1088.000000 1380.000000 112.000000) 
4 82 83 (-1088.000000 1360.000000 -0.000000) (-1088.000000 1472.000000 56.000000) (-1024.000000 1472.000000 56.000000) (-1024.000000 1360.000000 -0.000000) 
3 83 84 (-1088.000000 1384.000000 12.000000) (-1088.000000 1452.000000 46.000000) (-1088.000000 1452.000000 12.000000) 
4 84 85 (-1104.000000 1380.000000 12.000000) (-1104.000000 1380.000000 112.000000) (-1104.000000 1452.000000 112.000000) (-1104.000000 1452.000000 12.000000) 
4 85 86 (-1152.000000 1464.000000 0.000000) (-1152.000000 1368.000000 -0.000000) (-1152.000000 1368.000000 128.000000) (-1152.000000 1464.000000 128.000000) 
4 86 117 (-1280.000000 1472.000000 192.000000) (-1280.000000 1472.000000 0.000000) (-1280.000000 1368.000000 -0.000000) (-1280.000000 1368.000000 192.000000) 
4 87 96 (-1192.000000 864.000000 672.000000) (-1258.000000 864.000000 672.000000) (-1258.000000 928.000000 672.000000) (-1192.000000 928.000000 672.000000) 
4 87 88 (-1216.000000 832.000000 672.000000) (-1024.000000 832.000000 672.000000) (-1024.000000 832.000000 800.000000) (-1216.000000 832.000000 800.000000) 
4 88 89 (-1152.000000 608.000000 672.000000) (-1080.000000 608.000000 672.000000) (-1080.000000 608.000000 772.000000) (-1152.000000 608.000000 772.000000) 
4 89 90 (-1148.000000 600.000000 672.000000) (-1084.000000 600.000000 672.000000) (-1084.000000 600.000000 768.000000) (-1148.000000 600.000000 768.000000) 
4 90 91 (-1148.000000 584.000000 672.000000) (-1084.000000 584.000000 672.000000) (-1084.000000 584.000000 768.000000) (-1148.000000 584.000000 768.000000) 
4 91 95 (-1152.000000 576.000000 672.000000) (-1080.000000 576.000000 672.000000) (-1080.000000 576.000000 772.000000) (-1152.000000 576.000000 772.000000) 
4 92 93 (-780.000000 516.000000 672.000000) (-780.000000 452.000000 672.000000) (-780.000000 452.000000 768.000000) (-780.000000 516.000000 768.000000) 
4 93 94 (-788.000000 516.000000 672.000000) (-788.000000 452.000000 672.000000) (-788.000000 452.000000 768.000000) (-788.000000 516.000000 768.000000) 
4 94 95 (-800.000000 520.000000 672.000000) (-800.000000 448.000000 672.000000) (-800.000000 448.000000 772.000000) (-800.000000 520.000000 772.000000) 
4 95 225 (-1024.000000 448.000000 800.000000) (-1216.000000 448.000000 800.000000) (-1216.000000 448.000000 672.000000) (-1024.000000 448.000000 672.000000) 
4 95 175 (-800.000000 448.000000 800.000000) (-1024.000000 448.000000 800.000000) (-1024.000000 448.000000 672.000000) (-800.000000 448.000000 672.000000) 
4 96 98 (-1258.000000 928.000000 640.000000) (-1192.000000 928.000000 640.000000) (-1192.000000 864.000000 640.000000) (-1258.000000 864.000000 640.000000) 
4 97 100 (-1024.000000 1024.000000 192.000000) (-832.000000 1024.000000 192.000000) (-832.000000 960.000000 192.000000) (-1024.000000 960.000000 192.000000) 
4 97 98 (-832.000000 960.000000 192.000000) (-832.000000 960.000000 640.000000) (-1024.000000 960.000000 640.000000) (-1024.000000 960.000000 192.000000) 
4 98 101 (-1280.000000 832.000000 192.000000) (-1280.000000 960.000000 192.000000) (-1024.000000 960.000000 192.000000) (-1024.000000 832.000000 192.000000) 
4 98 100 (-1024.000000 960.000000 192.000000) (-832.000000 960.000000 192.000000) (-832.000000 832.000000 192.000000) (-1024.000000 832.000000 192.000000) 
4 98 99 (-1024.000000 832.000000 192.000000) (-832.000000 832.000000 192.000000) (-832.000000 832.000000 640.000000) (-1024.000000 832.000000 640.000000) 
4 99 105 (-832.000000 704.000000 192.000000) (-1024.000000 704.000000 192.000000) (-1024.000000 824.000000 192.000000) (-832.000000 824.000000 192.000000) 
4 99 102 (-1024.000000 824.000000 192.000000) (-1024.000000 832.000000 192.000000) (-832.000000 832.000000 192.000000) (-832.000000 824.000000 192.000000) 
4 100 111 (-1024.000000 1024.000000 128.000000) (-832.000000 1024.000000 128.000000) (-832.000000 832.000000 128.000000) (-1024.000000 832.000000 128.000000) 
4 100 102 (-832.000000 832.000000 128.000000) (-832.000000 832.000000 192.000000) (-1024.000000 832.000000 192.000000) (-1024.000000 832.000000 128.000000) 
4 100 101 (-1024.000000 960.000000 128.000000) (-1024.000000 832.000000 128.000000) (-1024.000000 832.000000 192.000000) (-1024.000000 960.000000 192.000000) 
4 101 122 (-1280.000000 960.000000 128.000000) (-1280.000000 832.000000 128.000000) (-1280.000000 832.000000 192.000000) (-1280.000000 960.000000 192.000000) 
4 101 112 (-1280.000000 832.000000 128.000000) (-1280.000000 960.000000 128.000000) (-1024.000000 960.000000 128.000000) (-1024.000000 832.000000 128.000000) 
4 101 104 (-1232.000000 832.000000 128.000000) (-1168.000000 832.000000 128.000000) (-1168.000000 832.000000 176.000000) (-1232.000000 832.000000 176.000000) 
4 101 103 (-1136.000000 832.000000 128.000000) (-1072.000000 832.000000 128.000000) (-1072.000000 832.000000 176.000000) (-1136.000000 832.000000 176.000000) 
4 102 111 (-1024.000000 832.000000 128.000000) (-832.000000 832.000000 128.000000) (-832.000000 824.000000 128.000000) (-1024.000000 824.000000 128.000000) 
4 102 105 (-1024.000000 824.000000 128.000000) (-832.000000 824.000000 128.000000) (-832.000000 824.000000 192.000000) (-1024.000000 824.000000 192.000000) 
4 103 106 (-1136.000000 824.000000 128.000000) (-1072.000000 824.000000 128.000000) (-1072.000000 824.000000 176.000000) (-1136.000000 824.000000 176.000000) 
4 104 106 (-1232.000000 824.000000 128.000000) (-1168.000000 824.000000 128.000000) (-1168.000000 824.000000 176.000000) (-1232.000000 824.000000 176.000000) 
4 105 111 (-1024.000000 824.000000 128.000000) (-832.000000 824.000000 128.000000) (-832.000000 704.000000 128.000000) (-1024.000000 704.000000 128.000000) 
4 106 115 (-1272.000000 824.000000 128.000000) (-1032.000000 824.000000 128.000000) (-1032.000000 712.000000 128.000000) (-1272.000000 712.000000 128.000000) 
4 107 125 (-1280.000000 448.000000 128.000000) (-1280.000000 448.000000 192.000000) (-1280.000000 640.000000 192.000000) (-1280.000000 640.000000 128.000000) 
4 107 116 (-800.000000 448.000000 128.000000) (-1280.000000 448.000000 128.000000) (-1280.000000 640.000000 128.000000) (-800.000000 640.000000 128.000000) 
4 108 109 (-780.000000 576.000000 0.000000) (-780.000000 512.000000 0.000000) (-780.000000 512.000000 96.000000) (-780.000000 576.000000 96.000000) 
4 109 110 (-788.000000 576.000000 0.000000) (-788.000000 512.000000 0.000000) (-788.000000 512.000000 96.000000) (-788.000000 576.000000 96.000000) 
4 110 116 (-800.000000 580.000000 0.000000) (-800.000000 508.000000 0.000000) (-800.000000 508.000000 100.000000) (-800.000000 580.000000 100.000000) 
4 111 114 (-1024.000000 732.000000 112.000000) (-1024.000000 804.000000 112.000000) (-1024.000000 804.000000 12.000000) (-1024.000000 732.000000 12.000000) 
4 111 112 (-1024.000000 960.000000 0.000000) (-1024.000000 832.000000 0.000000) (-1024.000000 832.000000 128.000000) (-1024.000000 960.000000 128.000000) 
4 112 122 (-1280.000000 832.000000 128.000000) (-1280.000000 960.000000 128.000000) (-1280.000000 960.000000 0.000000) (-1280.000000 832.000000 0.000000) 
4 112 113 (-1248.000000 832.000000 24.000000) (-1056.000000 832.000000 24.000000) (-1056.000000 832.000000 120.000000) (-1248.000000 832.000000 120.000000) 
4 113 115 (-1056.000000 824.000000 120.000000) (-1248.000000 824.000000 120.000000) (-1248.000000 824.000000 24.000000) (-1056.000000 824.000000 24.000000) 
4 114 115 (-1032.000000 732.000000 112.000000) (-1032.000000 804.000000 112.000000) (-1032.000000 804.000000 12.000000) (-1032.000000 732.000000 12.000000) 
4 116 369 (-1264.000000 448.000000 128.000000) (-1280.000000 448.000000 128.000000) (-1280.000000 448.000000 -0.000000) (-1264.000000 448.000000 0.000000) 
4 116 368 (-1248.000000 448.000000 128.000000) (-1264.000000 448.000000 128.000000) (-1264.000000 448.000000 0.000000) (-1248.000000 448.000000 0.000000) 
4 116 128 (-1280.000000 448.000000 -0.000000) (-1280.000000 448.000000 128.000000) (-1280.000000 640.000000 128.000000) (-1280.000000 640.000000 0.000000) 
4 117 122 (-1280.000000 1088.000000 -0.000000) (-1280.000000 1088.000000 192.000000) (-1536.000000 1088.000000 192.000000) (-1536.000000 1088.000000 -0.000000) 
4 117 119 (-1536.000000 1120.000000 120.000000) (-1536.000000 1216.000000 120.000000) (-1536.000000 1216.000000 24.000000) (-1536.000000 1120.000000 24.000000) 
4 117 118 (-1536.000000 1136.000000 176.000000) (-1536.000000 1200.000000 176.000000) (-1536.000000 1200.000000 128.000000) (-1536.000000 1136.000000 128.000000) 
4 118 121 (-1568.000000 1136.000000 176.000000) (-1568.000000 1200.000000 176.000000) (-1568.000000 1200.000000 128.000000) (-1568.000000 1136.000000 128.000000) 
4 119 121 (-1568.000000 1120.000000 120.000000) (-1568.000000 1216.000000 120.000000) (-1568.000000 1216.000000 24.000000) (-1568.000000 1120.000000 24.000000) 
4 120 121 (-1600.000000 1208.000000 192.000000) (-1664.000000 1208.000000 192.000000) (-1664.000000 1264.000000 192.000000) (-1600.000000 1264.000000 192.000000) 
4 121 124 (-1568.000000 1088.000000 -0.000000) (-1568.000000 1088.000000 192.000000) (-1696.000000 1088.000000 192.000000) (-1696.000000 1088.000000 -0.000000) 
4 122 126 (-1472.000000 768.000000 0.000000) (-1344.000000 768.000000 0.000000) (-1344.000000 768.000000 128.000000) (-1472.000000 768.000000 128.000000) 
4 122 123 (-1536.000000 1088.000000 0.000000) (-1536.000000 960.000000 0.000000) (-1536.000000 960.000000 128.000000) (-1536.000000 1088.000000 128.000000) 
4 123 124 (-1568.000000 1088.000000 0.000000) (-1568.000000 960.000000 0.000000) (-1568.000000 960.000000 128.000000) (-1568.000000 1088.000000 128.000000) 
4 125 129 (-1536.000000 448.000000 128.000000) (-1856.000000 448.000000 128.000000) (-1856.000000 640.000000 128.000000) (-1536.000000 640.000000 128.000000) 
4 125 128 (-1280.000000 448.000000 128.000000) (-1536.000000 448.000000 128.000000) (-1536.000000 640.000000 128.000000) (-1280.000000 640.000000 128.000000) 
4 126 127 (-1440.000000 712.000000 0.000000) (-1376.000000 712.000000 0.000000) (-1376.000000 712.000000 96.000000) (-1440.000000 712.000000 96.000000) 
4 127 128 (-1440.000000 696.000000 0.000000) (-1376.000000 696.000000 0.000000) (-1376.000000 696.000000 96.000000) (-1440.000000 696.000000 96.000000) 
4 128 374 (-1482.000000 448.000000 128.000000) (-1536.000000 448.000000 128.000000) (-1536.000000 448.000000 0.000000) (-1482.000000 448.000000 0.000000) 
4 128 372 (-1418.000000 448.000000 96.000000) (-1482.000000 448.000000 96.000000) (-1482.000000 448.000000 0.000000) (-1418.000000 448.000000 0.000000) 
4 128 371 (-1280.000000 448.000000 -0.000000) (-1280.000000 448.000000 96.000000) (-1418.000000 448.000000 96.000000) (-1418.000000 448.000000 0.000000) 
4 128 370 (-1280.000000 448.000000 96.000000) (-1280.000000 448.000000 128.000000) (-1482.000000 448.000000 128.000000) (-1482.000000 448.000000 96.000000) 
4 128 129 (-1536.000000 640.000000 0.000000) (-1536.000000 448.000000 -0.000000) (-1536.000000 448.000000 128.000000) (-1536.000000 640.000000 128.000000) 
4 129 374 (-1536.000000 448.000000 128.000000) (-1552.000000 448.000000 128.000000) (-1552.000000 448.000000 0.000000) (-1536.000000 448.000000 0.000000) 
4 129 376 (-1552.000000 448.000000 128.000000) (-1568.000000 448.000000 128.000000) (-1568.000000 448.000000 0.000000) (-1552.000000 448.000000 0.000000) 
4 129 130 (-1856.000000 448.000000 -0.000000) (-1856.000000 448.000000 128.000000) (-1856.000000 640.000000 128.000000) (-1856.000000 640.000000 0.000000) 
4 130 131 (-1896.000000 588.000000 0.000000) (-1896.000000 500.000000 0.000000) (-1896.000000 500.000000 108.000000) (-1896.000000 588.000000 108.000000) 
4 131 132 (-1920.000000 500.000000 108.000000) (-1920.000000 588.000000 108.000000) (-1920.000000 588.000000 0.000000) (-1920.000000 500.000000 0.000000) 
4 132 377 (-2176.000000 448.000000 192.000000) (-2176.000000 448.000000 0.000000) (-1920.000000 448.000000 0.000000) (-1920.000000 448.000000 192.000000) 
4 133 140 (1120.000000 224.000000 864.000000) (928.000000 224.000000 864.000000) (928.000000 224.000000 672.000000) (1120.000000 224.000000 672.000000) 
4 133 138 (928.000000 448.000000 672.000000) (1120.000000 448.000000 672.000000) (1120.000000 224.000000 672.000000) (928.000000 224.000000 672.000000) 
4 133 135 (928.000000 224.000000 672.000000) (928.000000 224.000000 808.000000) (928.000000 448.000000 808.000000) (928.000000 448.000000 672.000000) 
4 134 136 (736.000000 448.000000 864.000000) (736.000000 448.000000 808.000000) (736.000000 256.000000 808.000000) (736.000000 256.000000 864.000000) 
4 134 135 (736.000000 448.000000 808.000000) (864.000000 448.000000 808.000000) (864.000000 256.000000 808.000000) (736.000000 256.000000 808.000000) 
4 135 140 (736.000000 224.000000 808.000000) (736.000000 224.000000 672.000000) (928.000000 224.000000 672.000000) (928.000000 224.000000 808.000000) 
4 135 136 (736.000000 448.000000 808.000000) (736.000000 448.000000 672.000000) (736.000000 256.000000 672.000000) (736.000000 256.000000 808.000000) 
4 136 143 (512.000000 448.000000 864.000000) (512.000000 448.000000 672.000000) (512.000000 424.000000 672.000000) (512.000000 424.000000 864.000000) 
4 136 144 (512.000000 424.000000 672.000000) (512.000000 256.000000 672.000000) (512.000000 256.000000 864.000000) (512.000000 424.000000 864.000000) 
4 136 137 (544.000000 256.000000 772.000000) (544.000000 256.000000 672.000000) (672.000000 256.000000 672.000000) (672.000000 256.000000 772.000000) 
4 137 141 (544.000000 224.000000 772.000000) (544.000000 224.000000 672.000000) (672.000000 224.000000 672.000000) (672.000000 224.000000 772.000000) 
4 138 140 (1120.000000 224.000000 576.000000) (1120.000000 224.000000 672.000000) (928.000000 224.000000 672.000000) (928.000000 224.000000 576.000000) 
4 139 163 (512.000000 448.000000 640.000000) (512.000000 448.000000 448.000000) (512.000000 256.000000 448.000000) (512.000000 256.000000 640.000000) 
4 140 141 (720.000000 224.000000 864.000000) (720.000000 224.000000 672.000000) (720.000000 32.000000 672.000000) (720.000000 32.000000 864.000000) 
4 142 261 (800.000000 -576.000000 800.000000) (640.000000 -576.000000 800.000000) (640.000000 -576.000000 672.000000) (800.000000 -576.000000 672.000000) 
4 143 144 (392.000000 424.000000 672.000000) (512.000000 424.000000 672.000000) (512.000000 424.000000 864.000000) (392.000000 424.000000 864.000000) 
4 144 148 (352.000000 256.000000 672.000000) (448.000000 256.000000 672.000000) (448.000000 256.000000 800.000000) (352.000000 256.000000 800.000000) 
4 144 147 (352.000000 424.000000 672.000000) (352.000000 256.000000 672.000000) (352.000000 256.000000 864.000000) (352.000000 424.000000 864.000000) 
4 145 170 (-128.000000 440.000000 864.000000) (-128.000000 448.000000 864.000000) (-128.000000 448.000000 672.000000) (-128.000000 440.000000 672.000000) 
4 145 162 (-128.000000 440.000000 672.000000) (-128.000000 448.000000 672.000000) (352.000000 448.000000 672.000000) (352.000000 440.000000 672.000000) 
4 145 146 (352.000000 440.000000 712.000000) (352.000000 440.000000 824.000000) (-128.000000 440.000000 824.000000) (-128.000000 440.000000 712.000000) 
4 146 171 (-128.000000 440.000000 824.000000) (-128.000000 440.000000 712.000000) (-128.000000 432.000000 712.000000) (-128.000000 432.000000 824.000000) 
4 146 147 (-128.000000 432.000000 824.000000) (-128.000000 432.000000 712.000000) (352.000000 432.000000 712.000000) (352.000000 432.000000 824.000000) 
4 147 172 (-128.000000 256.000000 864.000000) (-128.000000 432.000000 864.000000) (-128.000000 432.000000 672.000000) (-128.000000 256.000000 672.000000) 
4 147 151 (-128.000000 256.000000 672.000000) (-124.000000 256.000000 672.000000) (-124.000000 256.000000 772.000000) (-128.000000 256.000000 772.000000) 
4 147 148 (224.000000 256.000000 672.000000) (352.000000 256.000000 672.000000) (352.000000 256.000000 800.000000) (224.000000 256.000000 800.000000) 
4 147 149 (-56.000000 256.000000 672.000000) (168.000000 256.000000 672.000000) (168.000000 256.000000 800.000000) (-56.000000 256.000000 800.000000) 
4 148 150 (224.000000 224.000000 672.000000) (448.000000 224.000000 672.000000) (448.000000 224.000000 800.000000) (224.000000 224.000000 800.000000) 
4 149 150 (-56.000000 224.000000 672.000000) (168.000000 224.000000 672.000000) (168.000000 224.000000 800.000000) (-56.000000 224.000000 800.000000) 
4 150 155 (12.000000 32.000000 672.000000) (84.000000 32.000000 672.000000) (84.000000 32.000000 772.000000) (12.000000 32.000000 772.000000) 
4 150 152 (-56.000000 120.000000 672.000000) (-56.000000 56.000000 672.000000) (-56.000000 56.000000 720.000000) (-56.000000 120.000000 720.000000) 
4 151 181 (-128.000000 256.000000 772.000000) (-128.000000 256.000000 672.000000) (-128.000000 248.000000 672.000000) (-128.000000 248.000000 772.000000) 
4 151 154 (-128.000000 248.000000 772.000000) (-128.000000 248.000000 672.000000) (-124.000000 248.000000 672.000000) (-124.000000 248.000000 772.000000) 
4 152 153 (-64.000000 120.000000 672.000000) (-64.000000 56.000000 672.000000) (-64.000000 56.000000 720.000000) (-64.000000 120.000000 720.000000) 
4 153 154 (-112.000000 224.000000 672.000000) (-112.000000 32.000000 672.000000) (-112.000000 32.000000 800.000000) (-112.000000 224.000000 800.000000) 
4 154 183 (-128.000000 32.000000 800.000000) (-128.000000 248.000000 800.000000) (-128.000000 248.000000 672.000000) (-128.000000 32.000000 672.000000) 
4 155 156 (12.000000 0.000000 672.000000) (84.000000 0.000000 672.000000) (84.000000 0.000000 772.000000) (12.000000 0.000000 772.000000) 
4 156 161 (-32.000000 -192.000000 672.000000) (0.000000 -192.000000 672.000000) (0.000000 -192.000000 800.000000) (-32.000000 -192.000000 800.000000) 
4 156 160 (0.000000 -192.000000 672.000000) (128.000000 -192.000000 672.000000) (128.000000 -192.000000 800.000000) (0.000000 -192.000000 800.000000) 
4 157 263 (176.000000 -576.000000 672.000000) (416.000000 -576.000000 672.000000) (416.000000 -576.000000 800.000000) (176.000000 -576.000000 800.000000) 
4 157 159 (176.000000 -492.000000 672.000000) (176.000000 -564.000000 672.000000) (176.000000 -564.000000 772.000000) (176.000000 -492.000000 772.000000) 
4 157 158 (176.000000 -224.000000 672.000000) (176.000000 -448.000000 672.000000) (176.000000 -448.000000 800.000000) (176.000000 -224.000000 800.000000) 
4 158 160 (160.000000 -224.000000 672.000000) (160.000000 -448.000000 672.000000) (160.000000 -448.000000 800.000000) (160.000000 -224.000000 800.000000) 
4 159 160 (160.000000 -492.000000 672.000000) (160.000000 -564.000000 672.000000) (160.000000 -564.000000 772.000000) (160.000000 -492.000000 772.000000) 
4 160 268 (0.000000 -576.000000 672.000000) (160.000000 -576.000000 672.000000) (160.000000 -576.000000 800.000000) (0.000000 -576.000000 800.000000) 
4 160 161 (0.000000 -192.000000 672.000000) (0.000000 -352.000000 672.000000) (0.000000 -352.000000 800.000000) (0.000000 -192.000000 800.000000) 
4 161 204 (-128.000000 -352.000000 800.000000) (-128.000000 -224.000000 800.000000) (-128.000000 -224.000000 672.000000) (-128.000000 -352.000000 672.000000) 
4 161 193 (-128.000000 -224.000000 800.000000) (-128.000000 -192.000000 800.000000) (-128.000000 -192.000000 672.000000) (-128.000000 -224.000000 672.000000) 
4 162 213 (-128.000000 440.000000 672.000000) (-128.000000 448.000000 672.000000) (-128.000000 448.000000 640.000000) (-128.000000 440.000000 640.000000) 
4 162 165 (-128.000000 440.000000 640.000000) (-128.000000 448.000000 640.000000) (352.000000 448.000000 640.000000) (352.000000 440.000000 640.000000) 
4 163 168 (392.000000 256.000000 448.000000) (448.000000 256.000000 448.000000) (448.000000 256.000000 584.000000) (392.000000 256.000000 584.000000) 
4 163 164 (392.000000 424.000000 448.000000) (392.000000 256.000000 448.000000) (392.000000 256.000000 640.000000) (392.000000 424.000000 640.000000) 
4 164 168 (352.000000 256.000000 448.000000) (392.000000 256.000000 448.000000) (392.000000 256.000000 584.000000) (352.000000 256.000000 584.000000) 
4 164 167 (352.000000 256.000000 640.000000) (352.000000 424.000000 640.000000) (352.000000 424.000000 448.000000) (352.000000 256.000000 448.000000) 
4 165 358 (-128.000000 448.000000 448.000000) (352.000000 448.000000 448.000000) (352.000000 440.000000 448.000000) (-128.000000 440.000000 448.000000) 
4 165 214 (-128.000000 440.000000 640.000000) (-128.000000 448.000000 640.000000) (-128.000000 448.000000 448.000000) (-128.000000 440.000000 448.000000) 
4 165 166 (-128.000000 440.000000 600.000000) (-128.000000 440.000000 488.000000) (352.000000 440.000000 488.000000) (352.000000 440.000000 600.000000) 
4 166 215 (-128.000000 440.000000 600.000000) (-128.000000 440.000000 488.000000) (-128.000000 432.000000 488.000000) (-128.000000 432.000000 600.000000) 
4 166 167 (-128.000000 432.000000 600.000000) (-128.000000 432.000000 488.000000) (352.000000 432.000000 488.000000) (352.000000 432.000000 600.000000) 
4 167 216 (-128.000000 256.000000 640.000000) (-128.000000 432.000000 640.000000) (-128.000000 432.000000 584.000000) (-128.000000 256.000000 584.000000) 
4 167 217 (-128.000000 432.000000 584.000000) (-128.000000 432.000000 448.000000) (-128.000000 256.000000 448.000000) (-128.000000 256.000000 584.000000) 
4 167 168 (-128.000000 256.000000 584.000000) (-128.000000 256.000000 448.000000) (352.000000 256.000000 448.000000) (352.000000 256.000000 584.000000) 
4 168 217 (-128.000000 256.000000 584.000000) (-128.000000 256.000000 448.000000) (-128.000000 224.000000 448.000000) (-128.000000 224.000000 584.000000) 
4 168 169 (-128.000000 224.000000 584.000000) (-128.000000 224.000000 448.000000) (448.000000 224.000000 448.000000) (448.000000 224.000000 584.000000) 
4 169 366 (128.000000 32.000000 448.000000) (-128.000000 32.000000 448.000000) (-128.000000 224.000000 448.000000) (128.000000 224.000000 448.000000) 
4 169 365 (512.000000 224.000000 448.000000) (512.000000 32.000000 448.000000) (128.000000 32.000000 448.000000) (128.000000 224.000000 448.000000) 
4 169 224 (-128.000000 32.000000 640.000000) (-128.000000 224.000000 640.000000) (-128.000000 224.000000 448.000000) (-128.000000 32.000000 448.000000) 
4 170 213 (-240.000000 448.000000 672.000000) (-128.000000 448.000000 672.000000) (-128.000000 440.000000 672.000000) (-240.000000 440.000000 672.000000) 
4 170 171 (-128.000000 440.000000 712.000000) (-128.000000 440.000000 824.000000) (-240.000000 440.000000 824.000000) (-240.000000 440.000000 712.000000) 
4 171 172 (-240.000000 432.000000 824.000000) (-240.000000 432.000000 712.000000) (-128.000000 432.000000 712.000000) (-128.000000 432.000000 824.000000) 
4 172 181 (-196.000000 256.000000 672.000000) (-128.000000 256.000000 672.000000) (-128.000000 256.000000 772.000000) (-196.000000 256.000000 772.000000) 
4 172 182 (-240.000000 256.000000 672.000000) (-208.000000 256.000000 672.000000) (-208.000000 256.000000 800.000000) (-240.000000 256.000000 800.000000) 
4 172 173 (-240.000000 424.000000 672.000000) (-240.000000 256.000000 672.000000) (-240.000000 256.000000 864.000000) (-240.000000 424.000000 864.000000) 
4 173 182 (-280.000000 256.000000 672.000000) (-240.000000 256.000000 672.000000) (-240.000000 256.000000 800.000000) (-280.000000 256.000000 800.000000) 
4 173 174 (-280.000000 424.000000 672.000000) (-280.000000 256.000000 672.000000) (-280.000000 256.000000 864.000000) (-280.000000 424.000000 864.000000) 
4 174 187 (-704.000000 256.000000 672.000000) (-480.000000 256.000000 672.000000) (-480.000000 256.000000 800.000000) (-704.000000 256.000000 800.000000) 
4 174 182 (-432.000000 256.000000 672.000000) (-280.000000 256.000000 672.000000) (-280.000000 256.000000 800.000000) (-432.000000 256.000000 800.000000) 
4 175 225 (-1024.000000 448.000000 800.000000) (-1024.000000 448.000000 672.000000) (-1024.000000 384.000000 672.000000) (-1024.000000 384.000000 800.000000) 
4 175 178 (-1000.000000 384.000000 672.000000) (-932.000000 384.000000 672.000000) (-932.000000 384.000000 768.000000) (-1000.000000 384.000000 768.000000) 
4 175 177 (-932.000000 384.000000 768.000000) (-932.000000 384.000000 780.000000) (-1000.000000 384.000000 780.000000) (-1000.000000 384.000000 768.000000) 
4 175 176 (-932.000000 384.000000 672.000000) (-860.000000 384.000000 672.000000) (-860.000000 384.000000 780.000000) (-932.000000 384.000000 780.000000) 
4 176 179 (-932.000000 356.000000 672.000000) (-932.000000 352.000000 672.000000) (-932.000000 352.000000 768.000000) (-932.000000 356.000000 768.000000) 
4 176 178 (-932.000000 384.000000 768.000000) (-932.000000 384.000000 672.000000) (-932.000000 380.000000 672.000000) (-932.000000 380.000000 768.000000) 
4 176 177 (-932.000000 352.000000 780.000000) (-932.000000 384.000000 780.000000) (-932.000000 384.000000 768.000000) (-932.000000 352.000000 768.000000) 
4 177 179 (-932.000000 356.000000 768.000000) (-932.000000 352.000000 768.000000) (-996.000000 352.000000 768.000000) (-996.000000 356.000000 768.000000) 
4 177 180 (-996.000000 352.000000 768.000000) (-1000.000000 352.000000 768.000000) (-1000.000000 380.000000 768.000000) (-996.000000 380.000000 768.000000) 
4 177 178 (-932.000000 384.000000 768.000000) (-932.000000 380.000000 768.000000) (-1000.000000 380.000000 768.000000) (-1000.000000 384.000000 768.000000) 
4 178 180 (-1000.000000 380.000000 768.000000) (-1000.000000 380.000000 672.000000) (-996.000000 380.000000 672.000000) (-996.000000 380.000000 768.000000) 
4 179 180 (-996.000000 356.000000 672.000000) (-996.000000 352.000000 672.000000) (-996.000000 352.000000 768.000000) (-996.000000 356.000000 768.000000) 
4 181 183 (-196.000000 248.000000 672.000000) (-128.000000 248.000000 672.000000) (-128.000000 248.000000 772.000000) (-196.000000 248.000000 772.000000) 
4 182 183 (-432.000000 248.000000 672.000000) (-208.000000 248.000000 672.000000) (-208.000000 248.000000 800.000000) (-432.000000 248.000000 800.000000) 
4 183 192 (-244.000000 32.000000 672.000000) (-172.000000 32.000000 672.000000) (-172.000000 32.000000 772.000000) (-244.000000 32.000000 772.000000) 
4 183 184 (-432.000000 160.000000 672.000000) (-432.000000 88.000000 672.000000) (-432.000000 88.000000 772.000000) (-432.000000 160.000000 772.000000) 
4 184 185 (-436.000000 156.000000 672.000000) (-436.000000 92.000000 672.000000) (-436.000000 92.000000 768.000000) (-436.000000 156.000000 768.000000) 
4 185 186 (-444.000000 156.000000 672.000000) (-444.000000 92.000000 672.000000) (-444.000000 92.000000 768.000000) (-444.000000 156.000000 768.000000) 
4 186 188 (-448.000000 160.000000 672.000000) (-448.000000 88.000000 672.000000) (-448.000000 88.000000 772.000000) (-448.000000 160.000000 772.000000) 
4 187 188 (-704.000000 224.000000 672.000000) (-480.000000 224.000000 672.000000) (-480.000000 224.000000 800.000000) (-704.000000 224.000000 800.000000) 
4 188 189 (-1008.000000 164.000000 672.000000) (-1008.000000 92.000000 672.000000) (-1008.000000 92.000000 772.000000) (-1008.000000 164.000000 772.000000) 
4 189 190 (-1012.000000 160.000000 672.000000) (-1012.000000 96.000000 672.000000) (-1012.000000 96.000000 768.000000) (-1012.000000 160.000000 768.000000) 
4 190 191 (-1020.000000 160.000000 672.000000) (-1020.000000 96.000000 672.000000) (-1020.000000 96.000000 768.000000) (-1020.000000 160.000000 768.000000) 
4 191 225 (-1024.000000 164.000000 672.000000) (-1024.000000 92.000000 672.000000) (-1024.000000 92.000000 772.000000) (-1024.000000 164.000000 772.000000) 
4 192 193 (-244.000000 0.000000 672.000000) (-172.000000 0.000000 672.000000) (-172.000000 0.000000 772.000000) (-244.000000 0.000000 772.000000) 
4 193 204 (-288.000000 -224.000000 672.000000) (-128.000000 -224.000000 672.000000) (-128.000000 -224.000000 800.000000) (-288.000000 -224.000000 800.000000) 
4 193 194 (-288.000000 -32.000000 672.000000) (-288.000000 -104.000000 672.000000) (-288.000000 -104.000000 772.000000) (-288.000000 -32.000000 772.000000) 
4 194 195 (-292.000000 -36.000000 672.000000) (-292.000000 -100.000000 672.000000) (-292.000000 -100.000000 768.000000) (-292.000000 -36.000000 768.000000) 
4 195 196 (-300.000000 -36.000000 672.000000) (-300.000000 -100.000000 672.000000) (-300.000000 -100.000000 768.000000) (-300.000000 -36.000000 768.000000) 
4 196 197 (-304.000000 -32.000000 672.000000) (-304.000000 -104.000000 672.000000) (-304.000000 -104.000000 772.000000) (-304.000000 -32.000000 772.000000) 
4 197 202 (-576.000000 -208.000000 672.000000) (-352.000000 -208.000000 672.000000) (-352.000000 -208.000000 800.000000) (-576.000000 -208.000000 800.000000) 
4 198 203 (-960.000000 -208.000000 672.000000) (-736.000000 -208.000000 672.000000) (-736.000000 -208.000000 800.000000) (-960.000000 -208.000000 800.000000) 
4 198 199 (-1008.000000 -32.000000 672.000000) (-1008.000000 -104.000000 672.000000) (-1008.000000 -104.000000 772.000000) (-1008.000000 -32.000000 772.000000) 
4 199 200 (-1012.000000 -36.000000 672.000000) (-1012.000000 -100.000000 672.000000) (-1012.000000 -100.000000 768.000000) (-1012.000000 -36.000000 768.000000) 
4 200 201 (-1020.000000 -36.000000 672.000000) (-1020.000000 -100.000000 672.000000) (-1020.000000 -100.000000 768.000000) (-1020.000000 -36.000000 768.000000) 
4 201 225 (-1024.000000 -32.000000 672.000000) (-1024.000000 -104.000000 672.000000) (-1024.000000 -104.000000 772.000000) (-1024.000000 -32.000000 772.000000) 
4 202 204 (-576.000000 -224.000000 672.000000) (-352.000000 -224.000000 672.000000) (-352.000000 -224.000000 800.000000) (-576.000000 -224.000000 800.000000) 
4 203 204 (-960.000000 -224.000000 672.000000) (-736.000000 -224.000000 672.000000) (-736.000000 -224.000000 800.000000) (-960.000000 -224.000000 800.000000) 
4 204 225 (-1024.000000 -224.000000 672.000000) (-1024.000000 -384.000000 672.000000) (-1024.000000 -384.000000 800.000000) (-1024.000000 -224.000000 800.000000) 
4 204 207 (-736.000000 -384.000000 800.000000) (-960.000000 -384.000000 800.000000) (-960.000000 -384.000000 672.000000) (-736.000000 -384.000000 672.000000) 
4 204 206 (-352.000000 -384.000000 800.000000) (-576.000000 -384.000000 800.000000) (-576.000000 -384.000000 672.000000) (-352.000000 -384.000000 672.000000) 
4 204 205 (-252.000000 -384.000000 772.000000) (-252.000000 -384.000000 672.000000) (-180.000000 -384.000000 672.000000) (-180.000000 -384.000000 772.000000) 
4 205 208 (-252.000000 -400.000000 772.000000) (-252.000000 -400.000000 672.000000) (-180.000000 -400.000000 672.000000) (-180.000000 -400.000000 772.000000) 
4 206 208 (-352.000000 -400.000000 800.000000) (-576.000000 -400.000000 800.000000) (-576.000000 -400.000000 672.000000) (-352.000000 -400.000000 672.000000) 
4 207 209 (-736.000000 -400.000000 800.000000) (-960.000000 -400.000000 800.000000) (-960.000000 -400.000000 672.000000) (-736.000000 -400.000000 672.000000) 
4 209 210 (-1008.000000 -444.000000 672.000000) (-1008.000000 -516.000000 672.000000) (-1008.000000 -516.000000 772.000000) (-1008.000000 -444.000000 772.000000) 
4 210 211 (-1012.000000 -448.000000 672.000000) (-1012.000000 -512.000000 672.000000) (-1012.000000 -512.000000 768.000000) (-1012.000000 -448.000000 768.000000) 
4 211 212 (-1020.000000 -448.000000 672.000000) (-1020.000000 -512.000000 672.000000) (-1020.000000 -512.000000 768.000000) (-1020.000000 -448.000000 768.000000) 
4 212 225 (-1024.000000 -444.000000 672.000000) (-1024.000000 -516.000000 672.000000) (-1024.000000 -516.000000 772.000000) (-1024.000000 -444.000000 772.000000) 
4 213 214 (-240.000000 448.000000 640.000000) (-128.000000 448.000000 640.000000) (-128.000000 440.000000 640.000000) (-240.000000 440.000000 640.000000) 
4 214 358 (-240.000000 448.000000 448.000000) (-128.000000 448.000000 448.000000) (-128.000000 440.000000 448.000000) (-240.000000 440.000000 448.000000) 
4 214 215 (-128.000000 440.000000 488.000000) (-128.000000 440.000000 600.000000) (-240.000000 440.000000 600.000000) (-240.000000 440.000000 488.000000) 
4 215 216 (-240.000000 432.000000 600.000000) (-240.000000 432.000000 584.000000) (-128.000000 432.000000 584.000000) (-128.000000 432.000000 600.000000) 
4 215 217 (-240.000000 432.000000 584.000000) (-240.000000 432.000000 488.000000) (-128.000000 432.000000 488.000000) (-128.000000 432.000000 584.000000) 
4 216 219 (-240.000000 256.000000 640.000000) (-240.000000 424.000000 640.000000) (-240.000000 424.000000 584.000000) (-240.000000 256.000000 584.000000) 
4 216 217 (-240.000000 432.000000 584.000000) (-128.000000 432.000000 584.000000) (-128.000000 256.000000 584.000000) (-240.000000 256.000000 584.000000) 
4 217 224 (-240.000000 224.000000 448.000000) (-128.000000 224.000000 448.000000) (-128.000000 224.000000 584.000000) (-240.000000 224.000000 584.000000) 
4 217 221 (-240.000000 256.000000 448.000000) (-240.000000 224.000000 448.000000) (-240.000000 224.000000 584.000000) (-240.000000 256.000000 584.000000) 
4 217 220 (-240.000000 424.000000 448.000000) (-240.000000 256.000000 448.000000) (-240.000000 256.000000 584.000000) (-240.000000 424.000000 584.000000) 
4 218 222 (-384.000000 448.000000 448.000000) (-384.000000 424.000000 448.000000) (-384.000000 424.000000 640.000000) (-384.000000 448.000000 640.000000) 
4 218 220 (-384.000000 424.000000 584.000000) (-384.000000 424.000000 448.000000) (-280.000000 424.000000 448.000000) (-280.000000 424.000000 584.000000) 
4 218 219 (-384.000000 424.000000 640.000000) (-384.000000 424.000000 584.000000) (-280.000000 424.000000 584.000000) (-280.000000 424.000000 640.000000) 
4 219 222 (-384.000000 256.000000 640.000000) (-384.000000 424.000000 640.000000) (-384.000000 424.000000 584.000000) (-384.000000 256.000000 584.000000) 
4 219 220 (-384.000000 256.000000 584.000000) (-384.000000 424.000000 584.000000) (-240.000000 424.000000 584.000000) (-240.000000 256.000000 584.000000) 
4 220 222 (-384.000000 424.000000 448.000000) (-384.000000 256.000000 448.000000) (-384.000000 256.000000 584.000000) (-384.000000 424.000000 584.000000) 
4 220 221 (-240.000000 256.000000 448.000000) (-240.000000 256.000000 584.000000) (-320.000000 256.000000 584.000000) (-320.000000 256.000000 448.000000) 
4 221 224 (-320.000000 224.000000 448.000000) (-240.000000 224.000000 448.000000) (-240.000000 224.000000 584.000000) (-320.000000 224.000000 584.000000) 
4 222 223 (-512.000000 256.000000 448.000000) (-384.000000 256.000000 448.000000) (-384.000000 256.000000 548.000000) (-512.000000 256.000000 548.000000) 
4 223 224 (-512.000000 224.000000 448.000000) (-384.000000 224.000000 448.000000) (-384.000000 224.000000 548.000000) (-512.000000 224.000000 548.000000) 
4 224 366 (-128.000000 224.000000 448.000000) (-128.000000 32.000000 448.000000) (-320.000000 32.000000 448.000000) (-320.000000 224.000000 448.000000) 
4 225 313 (-1152.000000 -576.000000 672.000000) (-1080.000000 -576.000000 672.000000) (-1080.000000 -576.000000 772.000000) (-1152.000000 -576.000000 772.000000) 
4 225 236 (-1216.000000 -444.000000 672.000000) (-1216.000000 -516.000000 672.000000) (-1216.000000 -516.000000 772.000000) (-1216.000000 -444.000000 772.000000) 
4 225 235 (-1216.000000 -224.000000 672.000000) (-1216.000000 -384.000000 672.000000) (-1216.000000 -384.000000 800.000000) (-1216.000000 -224.000000 800.000000) 
4 225 229 (-1216.000000 -128.000000 704.000000) (-1216.000000 -128.000000 774.000000) (-1216.000000 0.000000 774.000000) (-1216.000000 0.000000 704.000000) 
4 225 226 (-1216.000000 164.000000 672.000000) (-1216.000000 92.000000 672.000000) (-1216.000000 92.000000 772.000000) (-1216.000000 164.000000 772.000000) 
4 226 227 (-1220.000000 160.000000 672.000000) (-1220.000000 96.000000 672.000000) (-1220.000000 96.000000 768.000000) (-1220.000000 160.000000 768.000000) 
4 227 228 (-1228.000000 160.000000 672.000000) (-1228.000000 96.000000 672.000000) (-1228.000000 96.000000 768.000000) (-1228.000000 160.000000 768.000000) 
4 228 230 (-1232.000000 164.000000 672.000000) (-1232.000000 92.000000 672.000000) (-1232.000000 92.000000 772.000000) (-1232.000000 164.000000 772.000000) 
4 229 230 (-1232.000000 -128.000000 704.000000) (-1232.000000 -128.000000 774.000000) (-1232.000000 0.000000 774.000000) (-1232.000000 0.000000 704.000000) 
4 230 233 (-1512.000000 -208.000000 672.000000) (-1432.000000 -208.000000 672.000000) (-1432.000000 -208.000000 800.000000) (-1512.000000 -208.000000 800.000000) 
4 230 231 (-1376.000000 -208.000000 672.000000) (-1296.000000 -208.000000 672.000000) (-1296.000000 -208.000000 800.000000) (-1376.000000 -208.000000 800.000000) 
4 231 232 (-1296.000000 -216.000000 704.000000) (-1296.000000 -216.000000 774.000000) (-1376.000000 -216.000000 774.000000) (-1376.000000 -216.000000 704.000000) 
4 232 235 (-1296.000000 -224.000000 704.000000) (-1296.000000 -224.000000 774.000000) (-1376.000000 -224.000000 774.000000) (-1376.000000 -224.000000 704.000000) 
4 233 234 (-1432.000000 -216.000000 704.000000) (-1432.000000 -216.000000 774.000000) (-1512.000000 -216.000000 774.000000) (-1512.000000 -216.000000 704.000000) 
4 234 243 (-1432.000000 -224.000000 704.000000) (-1432.000000 -224.000000 774.000000) (-1512.000000 -224.000000 774.000000) (-1512.000000 -224.000000 704.000000) 
4 235 241 (-1376.000000 -224.000000 800.000000) (-1376.000000 -224.000000 672.000000) (-1376.000000 -384.000000 672.000000) (-1376.000000 -384.000000 800.000000) 
4 235 239 (-1376.000000 -384.000000 672.000000) (-1242.000000 -384.000000 672.000000) (-1242.000000 -384.000000 800.000000) (-1376.000000 -384.000000 800.000000) 
4 236 237 (-1220.000000 -448.000000 672.000000) (-1220.000000 -512.000000 672.000000) (-1220.000000 -512.000000 768.000000) (-1220.000000 -448.000000 768.000000) 
4 237 238 (-1228.000000 -448.000000 672.000000) (-1228.000000 -512.000000 672.000000) (-1228.000000 -512.000000 768.000000) (-1228.000000 -448.000000 768.000000) 
4 238 240 (-1232.000000 -444.000000 672.000000) (-1232.000000 -516.000000 672.000000) (-1232.000000 -516.000000 772.000000) (-1232.000000 -444.000000 772.000000) 
4 239 240 (-1376.000000 -400.000000 672.000000) (-1242.000000 -400.000000 672.000000) (-1242.000000 -400.000000 800.000000) (-1376.000000 -400.000000 800.000000) 
4 240 245 (-1376.000000 -400.000000 672.000000) (-1376.000000 -576.000000 672.000000) (-1376.000000 -576.000000 800.000000) (-1376.000000 -400.000000 800.000000) 
4 241 242 (-1400.000000 -272.000000 672.000000) (-1400.000000 -336.000000 672.000000) (-1400.000000 -336.000000 768.000000) (-1400.000000 -272.000000 768.000000) 
4 242 243 (-1408.000000 -272.000000 672.000000) (-1408.000000 -336.000000 672.000000) (-1408.000000 -336.000000 768.000000) (-1408.000000 -272.000000 768.000000) 
4 243 253 (-1664.000000 -384.000000 800.000000) (-1664.000000 -224.000000 800.000000) (-1664.000000 -224.000000 672.000000) (-1664.000000 -384.000000 672.000000) 
4 243 244 (-1566.000000 -384.000000 672.000000) (-1432.000000 -384.000000 672.000000) (-1432.000000 -384.000000 800.000000) (-1566.000000 -384.000000 800.000000) 
4 244 245 (-1566.000000 -400.000000 672.000000) (-1432.000000 -400.000000 672.000000) (-1432.000000 -400.000000 800.000000) (-1566.000000 -400.000000 800.000000) 
4 245 246 (-1648.000000 -444.000000 672.000000) (-1648.000000 -516.000000 672.000000) (-1648.000000 -516.000000 772.000000) (-1648.000000 -444.000000 772.000000) 
4 246 247 (-1652.000000 -448.000000 672.000000) (-1652.000000 -512.000000 672.000000) (-1652.000000 -512.000000 768.000000) (-1652.000000 -448.000000 768.000000) 
4 247 248 (-1660.000000 -448.000000 672.000000) (-1660.000000 -512.000000 672.000000) (-1660.000000 -512.000000 768.000000) (-1660.000000 -448.000000 768.000000) 
4 248 253 (-1664.000000 -516.000000 772.000000) (-1664.000000 -444.000000 772.000000) (-1664.000000 -444.000000 672.000000) (-1664.000000 -516.000000 672.000000) 
4 249 250 (-1896.000000 -180.000000 672.000000) (-1832.000000 -180.000000 672.000000) (-1832.000000 -180.000000 768.000000) (-1896.000000 -180.000000 768.000000) 
4 250 251 (-1896.000000 -188.000000 672.000000) (-1832.000000 -188.000000 672.000000) (-1832.000000 -188.000000 768.000000) (-1896.000000 -188.000000 768.000000) 
4 251 252 (-1900.000000 -192.000000 672.000000) (-1828.000000 -192.000000 672.000000) (-1828.000000 -192.000000 772.000000) (-1900.000000 -192.000000 772.000000) 
4 252 254 (-1792.000000 -224.000000 800.000000) (-1936.000000 -224.000000 800.000000) (-1936.000000 -224.000000 672.000000) (-1792.000000 -224.000000 672.000000) 
4 253 255 (-1792.000000 -448.000000 672.000000) (-1792.000000 -512.000000 672.000000) (-1792.000000 -512.000000 768.000000) (-1792.000000 -448.000000 768.000000) 
4 253 254 (-1792.000000 -384.000000 800.000000) (-1792.000000 -224.000000 800.000000) (-1792.000000 -224.000000 672.000000) (-1792.000000 -384.000000 672.000000) 
4 254 257 (-1936.000000 -224.000000 800.000000) (-1936.000000 -224.000000 672.000000) (-1936.000000 -384.000000 672.000000) (-1936.000000 -384.000000 800.000000) 
4 255 256 (-1800.000000 -448.000000 672.000000) (-1800.000000 -512.000000 672.000000) (-1800.000000 -512.000000 768.000000) (-1800.000000 -448.000000 768.000000) 
4 257 339 (-2080.000000 -576.000000 672.000000) (-1936.000000 -576.000000 672.000000) (-1936.000000 -576.000000 800.000000) (-2080.000000 -576.000000 800.000000) 
4 257 258 (-2080.000000 -272.000000 672.000000) (-2080.000000 -576.000000 672.000000) (-2080.000000 -576.000000 800.000000) (-2080.000000 -272.000000 800.000000) 
4 258 346 (-2096.000000 -576.000000 672.000000) (-2080.000000 -576.000000 672.000000) (-2080.000000 -576.000000 800.000000) (-2096.000000 -576.000000 800.000000) 
4 259 260 (808.000000 -1080.000000 672.000000) (808.000000 -1144.000000 672.000000) (808.000000 -1144.000000 768.000000) (808.000000 -1080.000000 768.000000) 
4 260 261 (800.000000 -1080.000000 672.000000) (800.000000 -1104.000000 672.000000) (800.000000 -1104.000000 768.000000) (800.000000 -1080.000000 768.000000) 
4 260 262 (800.000000 -1104.000000 672.000000) (800.000000 -1144.000000 672.000000) (800.000000 -1144.000000 768.000000) (800.000000 -1104.000000 768.000000) 
4 261 262 (640.000000 -1104.000000 672.000000) (800.000000 -1104.000000 672.000000) (800.000000 -1104.000000 800.000000) (640.000000 -1104.000000 800.000000) 
4 262 273 (800.000000 -1264.000000 800.000000) (640.000000 -1264.000000 800.000000) (640.000000 -1264.000000 672.000000) (800.000000 -1264.000000 672.000000) 
4 262 271 (616.000000 -1116.000000 772.000000) (616.000000 -1116.000000 672.000000) (616.000000 -1252.000000 672.000000) (616.000000 -1252.000000 772.000000) 
4 264 267 (176.000000 -764.000000 672.000000) (176.000000 -912.000000 672.000000) (176.000000 -912.000000 800.000000) (176.000000 -764.000000 800.000000) 
4 264 266 (176.000000 -656.000000 672.000000) (176.000000 -728.000000 672.000000) (176.000000 -728.000000 772.000000) (176.000000 -656.000000 772.000000) 
4 265 272 (234.000000 -1104.000000 672.000000) (592.000000 -1104.000000 672.000000) (592.000000 -1104.000000 800.000000) (234.000000 -1104.000000 800.000000) 
4 266 268 (160.000000 -656.000000 672.000000) (160.000000 -728.000000 672.000000) (160.000000 -728.000000 772.000000) (160.000000 -656.000000 772.000000) 
4 267 268 (160.000000 -764.000000 672.000000) (160.000000 -912.000000 672.000000) (160.000000 -912.000000 800.000000) (160.000000 -764.000000 800.000000) 
4 268 289 (0.000000 -912.000000 800.000000) (0.000000 -712.000000 800.000000) (0.000000 -712.000000 672.000000) (0.000000 -912.000000 672.000000) 
4 268 269 (44.000000 -944.000000 672.000000) (116.000000 -944.000000 672.000000) (116.000000 -944.000000 772.000000) (44.000000 -944.000000 772.000000) 
4 269 270 (44.000000 -960.000000 672.000000) (116.000000 -960.000000 672.000000) (116.000000 -960.000000 772.000000) (44.000000 -960.000000 772.000000) 
4 270 290 (0.000000 -1004.000000 772.000000) (0.000000 -1004.000000 672.000000) (0.000000 -1076.000000 672.000000) (0.000000 -1076.000000 772.000000) 
4 270 272 (0.000000 -1104.000000 800.000000) (0.000000 -1104.000000 672.000000) (160.000000 -1104.000000 672.000000) (160.000000 -1104.000000 800.000000) 
4 271 272 (600.000000 -1116.000000 672.000000) (600.000000 -1252.000000 672.000000) (600.000000 -1252.000000 772.000000) (600.000000 -1116.000000 772.000000) 
4 272 299 (0.000000 -1264.000000 672.000000) (0.000000 -1264.000000 800.000000) (0.000000 -1104.000000 800.000000) (0.000000 -1104.000000 672.000000) 
4 272 281 (160.000000 -1264.000000 800.000000) (0.000000 -1264.000000 800.000000) (0.000000 -1264.000000 672.000000) (160.000000 -1264.000000 672.000000) 
4 272 274 (592.000000 -1264.000000 800.000000) (234.000000 -1264.000000 800.000000) (234.000000 -1264.000000 672.000000) (592.000000 -1264.000000 672.000000) 
4 274 279 (234.000000 -1280.000000 672.000000) (592.000000 -1280.000000 672.000000) (592.000000 -1280.000000 800.000000) (234.000000 -1280.000000 800.000000) 
4 275 277 (621.000000 -1360.000000 696.000000) (621.000000 -1360.000000 672.000000) (624.000000 -1360.000000 672.000000) (624.000000 -1360.000000 696.000000) 
4 275 276 (621.000000 -1360.000000 832.000000) (621.000000 -1360.000000 808.000000) (624.000000 -1360.000000 808.000000) (624.000000 -1360.000000 832.000000) 
4 275 279 (621.000000 -1280.000000 832.000000) (621.000000 -1280.000000 672.000000) (621.000000 -1360.000000 672.000000) (621.000000 -1360.000000 832.000000) 
4 276 279 (621.000000 -1568.000000 808.000000) (621.000000 -1568.000000 832.000000) (621.000000 -1360.000000 832.000000) (621.000000 -1360.000000 808.000000) 
4 276 278 (624.000000 -1568.000000 808.000000) (624.000000 -1568.000000 832.000000) (621.000000 -1568.000000 832.000000) (621.000000 -1568.000000 808.000000) 
4 277 278 (621.000000 -1568.000000 672.000000) (624.000000 -1568.000000 672.000000) (624.000000 -1568.000000 696.000000) (621.000000 -1568.000000 696.000000) 
4 277 279 (621.000000 -1360.000000 672.000000) (621.000000 -1568.000000 672.000000) (621.000000 -1568.000000 696.000000) (621.000000 -1360.000000 696.000000) 
4 278 279 (621.000000 -1568.000000 672.000000) (621.000000 -1664.000000 672.000000) (621.000000 -1664.000000 832.000000) (621.000000 -1568.000000 832.000000) 
4 279 280 (176.000000 -1396.000000 672.000000) (176.000000 -1532.000000 672.000000) (176.000000 -1532.000000 772.000000) (176.000000 -1396.000000 772.000000) 
4 280 281 (160.000000 -1396.000000 672.000000) (160.000000 -1532.000000 672.000000) (160.000000 -1532.000000 772.000000) (160.000000 -1396.000000 772.000000) 
4 281 300 (0.000000 -1404.000000 672.000000) (0.000000 -1540.000000 672.000000) (0.000000 -1540.000000 772.000000) (0.000000 -1404.000000 772.000000) 
4 281 282 (48.000000 -1664.000000 672.000000) (112.000000 -1664.000000 672.000000) (112.000000 -1664.000000 768.000000) (48.000000 -1664.000000 768.000000) 
4 282 283 (48.000000 -1672.000000 672.000000) (112.000000 -1672.000000 672.000000) (112.000000 -1672.000000 768.000000) (48.000000 -1672.000000 768.000000) 
4 283 286 (44.000000 -1696.000000 672.000000) (116.000000 -1696.000000 672.000000) (116.000000 -1696.000000 772.000000) (44.000000 -1696.000000 772.000000) 
4 284 288 (256.000000 -2176.000000 672.000000) (256.000000 -2304.000000 672.000000) (256.000000 -2304.000000 800.000000) (256.000000 -2176.000000 800.000000) 
4 284 285 (256.000000 -1760.000000 672.000000) (256.000000 -1888.000000 672.000000) (256.000000 -1888.000000 800.000000) (256.000000 -1760.000000 800.000000) 
4 285 286 (160.000000 -1760.000000 672.000000) (160.000000 -1888.000000 672.000000) (160.000000 -1888.000000 800.000000) (160.000000 -1760.000000 800.000000) 
4 286 312 (0.000000 -1728.000000 720.000000) (0.000000 -1728.000000 672.000000) (0.000000 -1792.000000 672.000000) (0.000000 -1792.000000 720.000000) 
4 286 287 (160.000000 -1888.000000 800.000000) (0.000000 -1888.000000 800.000000) (0.000000 -1888.000000 672.000000) (160.000000 -1888.000000 672.000000) 
4 289 293 (-16.000000 -712.000000 672.000000) (-16.000000 -912.000000 672.000000) (-16.000000 -912.000000 800.000000) (-16.000000 -712.000000 800.000000) 
4 290 291 (-3.000000 -1008.000000 672.000000) (-3.000000 -1072.000000 672.000000) (-3.000000 -1072.000000 768.000000) (-3.000000 -1008.000000 768.000000) 
4 291 292 (-11.000000 -1008.000000 672.000000) (-11.000000 -1072.000000 672.000000) (-11.000000 -1072.000000 768.000000) (-11.000000 -1008.000000 768.000000) 
4 292 293 (-16.000000 -1004.000000 672.000000) (-16.000000 -1008.000000 672.000000) (-16.000000 -1008.000000 772.000000) (-16.000000 -1004.000000 772.000000) 
4 292 297 (-16.000000 -1008.000000 672.000000) (-16.000000 -1076.000000 672.000000) (-16.000000 -1076.000000 772.000000) (-16.000000 -1008.000000 772.000000) 
4 293 296 (-589.000000 -800.000000 672.000000) (-589.000000 -1008.000000 672.000000) (-589.000000 -1008.000000 696.000000) (-589.000000 -800.000000 696.000000) 
4 293 295 (-589.000000 -1008.000000 808.000000) (-589.000000 -1008.000000 832.000000) (-589.000000 -800.000000 832.000000) (-589.000000 -800.000000 808.000000) 
4 293 294 (-589.000000 -704.000000 832.000000) (-589.000000 -704.000000 672.000000) (-589.000000 -800.000000 672.000000) (-589.000000 -800.000000 832.000000) 
4 293 297 (-589.000000 -1008.000000 672.000000) (-16.000000 -1008.000000 672.000000) (-16.000000 -1008.000000 832.000000) (-589.000000 -1008.000000 832.000000) 
4 294 296 (-592.000000 -800.000000 672.000000) (-589.000000 -800.000000 672.000000) (-589.000000 -800.000000 696.000000) (-592.000000 -800.000000 696.000000) 
4 294 295 (-589.000000 -800.000000 808.000000) (-589.000000 -800.000000 832.000000) (-592.000000 -800.000000 832.000000) (-592.000000 -800.000000 808.000000) 
4 295 297 (-589.000000 -1008.000000 808.000000) (-589.000000 -1008.000000 832.000000) (-592.000000 -1008.000000 832.000000) (-592.000000 -1008.000000 808.000000) 
4 296 297 (-592.000000 -1008.000000 672.000000) (-589.000000 -1008.000000 672.000000) (-589.000000 -1008.000000 696.000000) (-592.000000 -1008.000000 696.000000) 
4 297 298 (-520.000000 -1088.000000 672.000000) (-72.000000 -1088.000000 672.000000) (-72.000000 -1088.000000 800.000000) (-520.000000 -1088.000000 800.000000) 
4 298 299 (-520.000000 -1104.000000 672.000000) (-72.000000 -1104.000000 672.000000) (-72.000000 -1104.000000 800.000000) (-520.000000 -1104.000000 800.000000) 
4 299 322 (-608.000000 -1104.000000 800.000000) (-608.000000 -1104.000000 672.000000) (-608.000000 -1264.000000 672.000000) (-608.000000 -1264.000000 800.000000) 
4 299 301 (-520.000000 -1264.000000 672.000000) (-72.000000 -1264.000000 672.000000) (-72.000000 -1264.000000 800.000000) (-520.000000 -1264.000000 800.000000) 
4 300 303 (-16.000000 -1404.000000 672.000000) (-16.000000 -1540.000000 672.000000) (-16.000000 -1540.000000 772.000000) (-16.000000 -1404.000000 772.000000) 
4 301 302 (-520.000000 -1280.000000 672.000000) (-72.000000 -1280.000000 672.000000) (-72.000000 -1280.000000 800.000000) (-520.000000 -1280.000000 800.000000) 
4 302 304 (-592.000000 -1360.000000 832.000000) (-592.000000 -1360.000000 808.000000) (-589.000000 -1360.000000 808.000000) (-589.000000 -1360.000000 832.000000) 
4 302 305 (-592.000000 -1360.000000 696.000000) (-592.000000 -1360.000000 672.000000) (-589.000000 -1360.000000 672.000000) (-589.000000 -1360.000000 696.000000) 
4 302 303 (-589.000000 -1360.000000 672.000000) (-16.000000 -1360.000000 672.000000) (-16.000000 -1360.000000 832.000000) (-589.000000 -1360.000000 832.000000) 
4 303 307 (-408.000000 -1568.000000 672.000000) (-200.000000 -1568.000000 672.000000) (-200.000000 -1568.000000 832.000000) (-408.000000 -1568.000000 832.000000) 
4 303 306 (-200.000000 -1568.000000 672.000000) (-16.000000 -1568.000000 672.000000) (-16.000000 -1568.000000 832.000000) (-200.000000 -1568.000000 832.000000) 
4 303 310 (-589.000000 -1568.000000 672.000000) (-408.000000 -1568.000000 672.000000) (-408.000000 -1568.000000 832.000000) (-589.000000 -1568.000000 832.000000) 
4 303 304 (-589.000000 -1568.000000 808.000000) (-589.000000 -1568.000000 832.000000) (-589.000000 -1360.000000 832.000000) (-589.000000 -1360.000000 808.000000) 
4 303 305 (-589.000000 -1360.000000 672.000000) (-589.000000 -1568.000000 672.000000) (-589.000000 -1568.000000 696.000000) (-589.000000 -1360.000000 696.000000) 
4 304 310 (-589.000000 -1568.000000 808.000000) (-589.000000 -1568.000000 832.000000) (-592.000000 -1568.000000 832.000000) (-592.000000 -1568.000000 808.000000) 
4 305 310 (-592.000000 -1568.000000 672.000000) (-589.000000 -1568.000000 672.000000) (-589.000000 -1568.000000 696.000000) (-592.000000 -1568.000000 696.000000) 
4 306 309 (-200.000000 -1661.000000 672.000000) (-200.000000 -1664.000000 672.000000) (-200.000000 -1664.000000 696.000000) (-200.000000 -1661.000000 696.000000) 
4 306 308 (-200.000000 -1664.000000 808.000000) (-200.000000 -1664.000000 832.000000) (-200.000000 -1661.000000 832.000000) (-200.000000 -1661.000000 808.000000) 
4 306 307 (-200.000000 -1568.000000 672.000000) (-200.000000 -1661.000000 672.000000) (-200.000000 -1661.000000 832.000000) (-200.000000 -1568.000000 832.000000) 
4 307 309 (-408.000000 -1661.000000 696.000000) (-408.000000 -1661.000000 672.000000) (-200.000000 -1661.000000 672.000000) (-200.000000 -1661.000000 696.000000) 
4 307 308 (-408.000000 -1661.000000 832.000000) (-408.000000 -1661.000000 808.000000) (-200.000000 -1661.000000 808.000000) (-200.000000 -1661.000000 832.000000) 
4 307 310 (-408.000000 -1568.000000 832.000000) (-408.000000 -1568.000000 672.000000) (-408.000000 -1661.000000 672.000000) (-408.000000 -1661.000000 832.000000) 
4 308 310 (-408.000000 -1664.000000 808.000000) (-408.000000 -1664.000000 832.000000) (-408.000000 -1661.000000 832.000000) (-408.000000 -1661.000000 808.000000) 
4 309 310 (-408.000000 -1661.000000 672.000000) (-408.000000 -1664.000000 672.000000) (-408.000000 -1664.000000 696.000000) (-408.000000 -1661.000000 696.000000) 
4 310 311 (-512.000000 -1664.000000 672.000000) (-448.000000 -1664.000000 672.000000) (-448.000000 -1664.000000 720.000000) (-512.000000 -1664.000000 720.000000) 
4 311 312 (-512.000000 -1728.000000 672.000000) (-448.000000 -1728.000000 672.000000) (-448.000000 -1728.000000 720.000000) (-512.000000 -1728.000000 720.000000) 
4 312 330 (-608.000000 -1728.000000 720.000000) (-608.000000 -1728.000000 672.000000) (-608.000000 -1792.000000 672.000000) (-608.000000 -1792.000000 720.000000) 
4 313 314 (-1148.000000 -581.000000 672.000000) (-1084.000000 -581.000000 672.000000) (-1084.000000 -581.000000 768.000000) (-1148.000000 -581.000000 768.000000) 
4 314 315 (-1148.000000 -589.000000 672.000000) (-1084.000000 -589.000000 672.000000) (-1084.000000 -589.000000 768.000000) (-1148.000000 -589.000000 768.000000) 
4 315 317 (-1152.000000 -592.000000 672.000000) (-1080.000000 -592.000000 672.000000) (-1080.000000 -592.000000 772.000000) (-1152.000000 -592.000000 772.000000) 
4 316 320 (-1024.000000 -864.000000 672.000000) (-960.000000 -864.000000 672.000000) (-960.000000 -864.000000 800.000000) (-1024.000000 -864.000000 800.000000) 
4 316 319 (-872.000000 -864.000000 672.000000) (-800.000000 -864.000000 672.000000) (-800.000000 -864.000000 772.000000) (-872.000000 -864.000000 772.000000) 
4 316 318 (-768.000000 -864.000000 672.000000) (-608.000000 -864.000000 672.000000) (-608.000000 -864.000000 800.000000) (-768.000000 -864.000000 800.000000) 
4 316 317 (-1024.000000 -704.000000 672.000000) (-1024.000000 -864.000000 672.000000) (-1024.000000 -864.000000 800.000000) (-1024.000000 -704.000000 800.000000) 
4 317 335 (-1216.000000 -864.000000 800.000000) (-1216.000000 -704.000000 800.000000) (-1216.000000 -704.000000 672.000000) (-1216.000000 -864.000000 672.000000) 
4 317 320 (-1184.000000 -864.000000 672.000000) (-1024.000000 -864.000000 672.000000) (-1024.000000 -864.000000 800.000000) (-1184.000000 -864.000000 800.000000) 
4 318 322 (-768.000000 -1104.000000 672.000000) (-608.000000 -1104.000000 672.000000) (-608.000000 -1104.000000 800.000000) (-768.000000 -1104.000000 800.000000) 
4 319 321 (-872.000000 -880.000000 672.000000) (-800.000000 -880.000000 672.000000) (-800.000000 -880.000000 772.000000) (-872.000000 -880.000000 772.000000) 
4 320 321 (-1184.000000 -880.000000 672.000000) (-960.000000 -880.000000 672.000000) (-960.000000 -880.000000 800.000000) (-1184.000000 -880.000000 800.000000) 
4 322 326 (-608.000000 -1264.000000 672.000000) (-608.000000 -1264.000000 800.000000) (-768.000000 -1264.000000 800.000000) (-768.000000 -1264.000000 672.000000) 
4 322 323 (-928.000000 -1156.000000 672.000000) (-928.000000 -1220.000000 672.000000) (-928.000000 -1220.000000 768.000000) (-928.000000 -1156.000000 768.000000) 
4 323 324 (-936.000000 -1156.000000 672.000000) (-936.000000 -1220.000000 672.000000) (-936.000000 -1220.000000 768.000000) (-936.000000 -1156.000000 768.000000) 
4 324 325 (-976.000000 -1152.000000 672.000000) (-976.000000 -1224.000000 672.000000) (-976.000000 -1224.000000 800.000000) (-976.000000 -1152.000000 800.000000) 
4 325 331 (-976.000000 -1264.000000 800.000000) (-1216.000000 -1264.000000 800.000000) (-1216.000000 -1264.000000 672.000000) (-976.000000 -1264.000000 672.000000) 
4 326 327 (-724.000000 -1344.000000 672.000000) (-652.000000 -1344.000000 672.000000) (-652.000000 -1344.000000 772.000000) (-724.000000 -1344.000000 772.000000) 
4 327 328 (-720.000000 -1349.000000 672.000000) (-656.000000 -1349.000000 672.000000) (-656.000000 -1349.000000 768.000000) (-720.000000 -1349.000000 768.000000) 
4 328 329 (-720.000000 -1357.000000 672.000000) (-656.000000 -1357.000000 672.000000) (-656.000000 -1357.000000 768.000000) (-720.000000 -1357.000000 768.000000) 
4 329 330 (-724.000000 -1360.000000 672.000000) (-652.000000 -1360.000000 672.000000) (-652.000000 -1360.000000 772.000000) (-724.000000 -1360.000000 772.000000) 
4 330 332 (-768.000000 -1824.000000 672.000000) (-608.000000 -1824.000000 672.000000) (-608.000000 -1824.000000 800.000000) (-768.000000 -1824.000000 800.000000) 
4 333 334 (-1612.000000 -688.000000 672.000000) (-1548.000000 -688.000000 672.000000) (-1548.000000 -688.000000 768.000000) (-1612.000000 -688.000000 768.000000) 
4 334 338 (-1612.000000 -704.000000 672.000000) (-1548.000000 -704.000000 672.000000) (-1548.000000 -704.000000 768.000000) (-1612.000000 -704.000000 768.000000) 
4 335 341 (-1408.000000 -864.000000 672.000000) (-1376.000000 -864.000000 672.000000) (-1376.000000 -864.000000 800.000000) (-1408.000000 -864.000000 800.000000) 
4 335 340 (-1356.000000 -864.000000 672.000000) (-1284.000000 -864.000000 672.000000) (-1284.000000 -864.000000 772.000000) (-1356.000000 -864.000000 772.000000) 
4 335 337 (-1408.000000 -782.000000 672.000000) (-1408.000000 -864.000000 672.000000) (-1408.000000 -864.000000 800.000000) (-1408.000000 -782.000000 800.000000) 
4 335 336 (-1408.000000 -704.000000 672.000000) (-1408.000000 -782.000000 672.000000) (-1408.000000 -782.000000 800.000000) (-1408.000000 -704.000000 800.000000) 
4 336 338 (-1472.000000 -704.000000 800.000000) (-1472.000000 -704.000000 672.000000) (-1472.000000 -782.000000 672.000000) (-1472.000000 -782.000000 800.000000) 
4 336 337 (-1472.000000 -782.000000 800.000000) (-1472.000000 -782.000000 672.000000) (-1408.000000 -782.000000 672.000000) (-1408.000000 -782.000000 800.000000) 
4 337 341 (-1472.000000 -864.000000 672.000000) (-1408.000000 -864.000000 672.000000) (-1408.000000 -864.000000 800.000000) (-1472.000000 -864.000000 800.000000) 
4 337 338 (-1472.000000 -782.000000 672.000000) (-1472.000000 -864.000000 672.000000) (-1472.000000 -864.000000 800.000000) (-1472.000000 -782.000000 800.000000) 
4 338 342 (-1920.000000 -864.000000 672.000000) (-1696.000000 -864.000000 672.000000) (-1696.000000 -864.000000 800.000000) (-1920.000000 -864.000000 800.000000) 
4 338 341 (-1600.000000 -864.000000 672.000000) (-1472.000000 -864.000000 672.000000) (-1472.000000 -864.000000 800.000000) (-1600.000000 -864.000000 800.000000) 
4 338 339 (-1936.000000 -864.000000 672.000000) (-1936.000000 -864.000000 800.000000) (-1936.000000 -704.000000 800.000000) (-1936.000000 -704.000000 672.000000) 
4 339 346 (-2080.000000 -576.000000 800.000000) (-2080.000000 -576.000000 672.000000) (-2080.000000 -808.000000 672.000000) (-2080.000000 -808.000000 800.000000) 
4 339 343 (-2036.000000 -864.000000 672.000000) (-1964.000000 -864.000000 672.000000) (-1964.000000 -864.000000 772.000000) (-2036.000000 -864.000000 772.000000) 
4 340 344 (-1356.000000 -880.000000 672.000000) (-1284.000000 -880.000000 672.000000) (-1284.000000 -880.000000 772.000000) (-1356.000000 -880.000000 772.000000) 
4 341 344 (-1600.000000 -880.000000 672.000000) (-1376.000000 -880.000000 672.000000) (-1376.000000 -880.000000 800.000000) (-1600.000000 -880.000000 800.000000) 
4 342 345 (-1920.000000 -880.000000 672.000000) (-1696.000000 -880.000000 672.000000) (-1696.000000 -880.000000 800.000000) (-1920.000000 -880.000000 800.000000) 
4 343 345 (-2036.000000 -880.000000 672.000000) (-1964.000000 -880.000000 672.000000) (-1964.000000 -880.000000 772.000000) (-2036.000000 -880.000000 772.000000) 
4 347 353 (1120.000000 224.000000 224.000000) (1120.000000 224.000000 416.000000) (928.000000 224.000000 416.000000) (928.000000 224.000000 224.000000) 
4 347 352 (928.000000 448.000000 224.000000) (1120.000000 448.000000 224.000000) (1120.000000 224.000000 224.000000) (928.000000 224.000000 224.000000) 
4 347 349 (928.000000 224.000000 224.000000) (928.000000 224.000000 360.000000) (928.000000 448.000000 360.000000) (928.000000 448.000000 224.000000) 
4 348 350 (736.000000 448.000000 416.000000) (736.000000 448.000000 360.000000) (736.000000 256.000000 360.000000) (736.000000 256.000000 416.000000) 
4 348 349 (736.000000 448.000000 360.000000) (896.000000 448.000000 360.000000) (896.000000 256.000000 360.000000) (736.000000 256.000000 360.000000) 
4 349 353 (736.000000 224.000000 360.000000) (736.000000 224.000000 224.000000) (928.000000 224.000000 224.000000) (928.000000 224.000000 360.000000) 
4 349 350 (736.000000 448.000000 360.000000) (736.000000 448.000000 224.000000) (736.000000 256.000000 224.000000) (736.000000 256.000000 360.000000) 
4 350 364 (512.000000 424.000000 224.000000) (512.000000 256.000000 224.000000) (512.000000 256.000000 416.000000) (512.000000 424.000000 416.000000) 
4 350 359 (512.000000 448.000000 416.000000) (512.000000 448.000000 224.000000) (512.000000 424.000000 224.000000) (512.000000 424.000000 416.000000) 
4 350 351 (544.000000 256.000000 324.000000) (544.000000 256.000000 224.000000) (672.000000 256.000000 224.000000) (672.000000 256.000000 324.000000) 
4 351 354 (544.000000 224.000000 324.000000) (544.000000 224.000000 224.000000) (672.000000 224.000000 224.000000) (672.000000 224.000000 324.000000) 
4 352 353 (1120.000000 224.000000 128.000000) (1120.000000 224.000000 224.000000) (928.000000 224.000000 224.000000) (928.000000 224.000000 128.000000) 
4 353 354 (720.000000 224.000000 416.000000) (720.000000 224.000000 224.000000) (720.000000 32.000000 224.000000) (720.000000 32.000000 416.000000) 
4 354 355 (528.000000 164.000000 224.000000) (528.000000 92.000000 224.000000) (528.000000 92.000000 324.000000) (528.000000 164.000000 324.000000) 
4 355 356 (524.000000 160.000000 224.000000) (524.000000 96.000000 224.000000) (524.000000 96.000000 320.000000) (524.000000 160.000000 320.000000) 
4 356 357 (516.000000 160.000000 224.000000) (516.000000 96.000000 224.000000) (516.000000 96.000000 320.000000) (516.000000 160.000000 320.000000) 
4 357 365 (512.000000 164.000000 324.000000) (512.000000 164.000000 224.000000) (512.000000 92.000000 224.000000) (512.000000 92.000000 324.000000) 
4 358 360 (-240.000000 448.000000 416.000000) (352.000000 448.000000 416.000000) (352.000000 440.000000 416.000000) (-240.000000 440.000000 416.000000) 
4 359 364 (512.000000 424.000000 224.000000) (512.000000 424.000000 416.000000) (392.000000 424.000000 416.000000) (392.000000 424.000000 224.000000) 
4 360 361 (-240.000000 440.000000 376.000000) (-240.000000 440.000000 264.000000) (352.000000 440.000000 264.000000) (352.000000 440.000000 376.000000) 
4 361 362 (352.000000 432.000000 264.000000) (352.000000 432.000000 376.000000) (-240.000000 432.000000 376.000000) (-240.000000 432.000000 264.000000) 
4 362 364 (352.000000 424.000000 416.000000) (-240.000000 424.000000 416.000000) (-240.000000 424.000000 224.000000) (352.000000 424.000000 224.000000) 
4 363 367 (-320.000000 448.000000 416.000000) (-320.000000 448.000000 224.000000) (-320.000000 424.000000 224.000000) (-320.000000 424.000000 416.000000) 
4 363 364 (-280.000000 424.000000 416.000000) (-320.000000 424.000000 416.000000) (-320.000000 424.000000 224.000000) (-280.000000 424.000000 224.000000) 
4 364 367 (-320.000000 424.000000 416.000000) (-320.000000 424.000000 224.000000) (-320.000000 256.000000 224.000000) (-320.000000 256.000000 416.000000) 
4 365 366 (128.000000 32.000000 352.000000) (128.000000 32.000000 448.000000) (128.000000 224.000000 448.000000) (128.000000 224.000000 352.000000) 
4 368 369 (-1264.000000 424.000000 128.000000) (-1264.000000 448.000000 128.000000) (-1264.000000 448.000000 -0.000000) (-1264.000000 424.000000 0.000000) 
4 369 371 (-1280.000000 448.000000 96.000000) (-1280.000000 448.000000 0.000000) (-1280.000000 424.000000 0.000000) (-1280.000000 424.000000 96.000000) 
4 369 370 (-1280.000000 448.000000 128.000000) (-1280.000000 448.000000 96.000000) (-1280.000000 424.000000 96.000000) (-1280.000000 424.000000 128.000000) 
4 370 375 (-1482.000000 396.000000 128.000000) (-1482.000000 424.000000 128.000000) (-1482.000000 424.000000 96.000000) (-1482.000000 396.000000 96.000000) 
4 370 374 (-1482.000000 424.000000 128.000000) (-1482.000000 448.000000 128.000000) (-1482.000000 448.000000 96.000000) (-1482.000000 424.000000 96.000000) 
4 370 372 (-1482.000000 420.000000 96.000000) (-1482.000000 448.000000 96.000000) (-1418.000000 448.000000 96.000000) (-1418.000000 420.000000 96.000000) 
4 370 371 (-1418.000000 448.000000 96.000000) (-1280.000000 448.000000 96.000000) (-1280.000000 396.000000 96.000000) (-1418.000000 396.000000 96.000000) 
4 370 373 (-1482.000000 396.000000 128.000000) (-1482.000000 396.000000 96.000000) (-1280.000000 396.000000 96.000000) (-1280.000000 396.000000 128.000000) 
4 371 372 (-1418.000000 448.000000 96.000000) (-1418.000000 448.000000 -0.000000) (-1418.000000 420.000000 0.000000) (-1418.000000 420.000000 96.000000) 
4 371 373 (-1418.000000 396.000000 0.000000) (-1280.000000 396.000000 -0.000000) (-1280.000000 396.000000 96.000000) (-1418.000000 396.000000 96.000000) 
4 372 375 (-1482.000000 424.000000 0.000000) (-1482.000000 420.000000 0.000000) (-1482.000000 420.000000 96.000000) (-1482.000000 424.000000 96.000000) 
4 372 374 (-1482.000000 448.000000 96.000000) (-1482.000000 448.000000 -0.000000) (-1482.000000 424.000000 0.000000) (-1482.000000 424.000000 96.000000) 
4 373 375 (-1482.000000 392.000000 -0.000000) (-1482.000000 392.000000 128.000000) (-1482.000000 396.000000 128.000000) (-1482.000000 396.000000 0.000000) 
4 374 375 (-1536.000000 424.000000 0.000000) (-1482.000000 424.000000 0.000000) (-1482.000000 424.000000 128.000000) (-1536.000000 424.000000 128.000000) 
4 374 376 (-1552.000000 448.000000 128.000000) (-1552.000000 448.000000 0.000000) (-1552.000000 424.000000 0.000000) (-1552.000000 424.000000 128.000000) 
