376
604
42
1
2
1623
1
2
1834
42
1276
2
418
1
2
1832
1
1
1
1
4
1
4
1
25
1
1
21
4
1
4
1
44
1
4
1892
4
1832
4
1674
4
1
1809
15
2
5
7
1
35
9
15
1
1
3
5
1
9
1
1
15
1
67
32
1
1
1
1
5
2
2
1
1
10
9
13
1
2
1
38
1
1
1
1
1
3
3
33
12
8
7
1
19
1
5
1
2
1
35
2
64
1
1
2
1
2
3
1
1
25
4
4
3
3
1
0
1
1
1
2
8
1
8
2
1
2
3
1
1
5
4
1
4
1
1
1
12
1
6
3
2
1
1
2
1
1
1
1
2
1
1
1
1
3
1
2
15
1
1
1
89
90
3
2
1
0
3
2
1
3
1
1
146
1
1
105
5
2
2
1
1
1
1
1
6
1
4
5
1
1
1
86
3
1
1
1
1
1
1
37
1
1
1
1
1
5
1
1
1
1
1
1
1
1
1
1
1
8
1
1
1
1
1
7
1
1
4
4
3
3
4
23
3
7
1
3
3
1
1
3
4
2
1
1
1
239
3
19
5
7
3
1
1
1
3
3
1
223
1
1
1
2
5
5
3
5
2
27
1
1
2
1
1
1
2
3
3
1
82
1
1
1
13
1
1
1
1
7
5
1
5
9
1
1
1
1
2
2
123
1
1
1
54
60
1
6
18
1
8
12
6
5
1
5
1
1
6
1
5
1
1
1
1
3
3
1
62
1
1
148
3
3
3
1
1
3
1
19
1
5
1
1
35
2
62
1
2
0
1
2
3
2
1
1
1
4
4
1
1
1
2
1
1
1
1
65
49
2
1
1
8
1
2
2
2
1
1
1
1
4 0 95 (928.000000 640.000000 576.000000) (928.000000 640.000000 448.000000) (1120.000000 640.000000 448.000000) (1120.000000 640.000000 576.000000) 
4 0 94 (928.000000 640.000000 672.000000) (928.000000 640.000000 576.000000) (1120.000000 640.000000 576.000000) (1120.000000 640.000000 672.000000) 
4 0 89 (928.000000 640.000000 864.000000) (928.000000 640.000000 672.000000) (1120.000000 640.000000 672.000000) (1120.000000 640.000000 864.000000) 
4 0 4 (928.000000 960.000000 448.000000) (928.000000 800.000000 448.000000) (928.000000 800.000000 560.000000) (928.000000 960.000000 560.000000) 
4 0 2 (928.000000 640.000000 672.000000) (928.000000 640.000000 808.000000) (928.000000 800.000000 808.000000) (928.000000 800.000000 672.000000) 
4 1 99 (376.000000 640.000000 904.000000) (376.000000 640.000000 896.000000) (384.000000 640.000000 896.000000) (384.000000 640.000000 904.000000) 
4 1 14 (376.000000 1536.000000 896.000000) (376.000000 640.000000 896.000000) (376.000000 640.000000 904.000000) (376.000000 1536.000000 904.000000) 
4 2 91 (864.000000 640.000000 672.000000) (928.000000 640.000000 672.000000) (928.000000 640.000000 808.000000) (864.000000 640.000000 808.000000) 
4 2 3 (864.000000 800.000000 672.000000) (864.000000 640.000000 672.000000) (864.000000 640.000000 808.000000) (864.000000 800.000000 808.000000) 
4 3 101 (376.000000 640.000000 864.000000) (376.000000 640.000000 672.000000) (512.000000 640.000000 672.000000) (512.000000 640.000000 864.000000) 
4 3 92 (512.000000 640.000000 672.000000) (736.000000 640.000000 672.000000) (736.000000 640.000000 864.000000) (512.000000 640.000000 864.000000) 
4 3 90 (864.000000 640.000000 808.000000) (864.000000 640.000000 864.000000) (736.000000 640.000000 864.000000) (736.000000 640.000000 808.000000) 
4 3 91 (736.000000 640.000000 672.000000) (864.000000 640.000000 672.000000) (864.000000 640.000000 808.000000) (736.000000 640.000000 808.000000) 
4 3 18 (376.000000 640.000000 716.000000) (376.000000 640.000000 820.000000) (376.000000 1464.000000 820.000000) (376.000000 1464.000000 716.000000) 
4 4 5 (912.000000 916.000000 448.000000) (912.000000 844.000000 448.000000) (912.000000 844.000000 548.000000) (912.000000 916.000000 548.000000) 
4 5 6 (864.000000 916.000000 448.000000) (864.000000 844.000000 448.000000) (864.000000 844.000000 548.000000) (864.000000 916.000000 548.000000) 
4 6 121 (376.000000 640.000000 640.000000) (376.000000 640.000000 448.000000) (512.000000 640.000000 448.000000) (512.000000 640.000000 640.000000) 
4 6 96 (512.000000 640.000000 448.000000) (864.000000 640.000000 448.000000) (864.000000 640.000000 640.000000) (512.000000 640.000000 640.000000) 
4 6 20 (376.000000 640.000000 492.000000) (376.000000 640.000000 596.000000) (376.000000 1464.000000 596.000000) (376.000000 1464.000000 492.000000) 
4 7 339 (928.000000 640.000000 128.000000) (928.000000 640.000000 0.000000) (1120.000000 640.000000 0.000000) (1120.000000 640.000000 128.000000) 
4 7 338 (928.000000 640.000000 224.000000) (928.000000 640.000000 128.000000) (1120.000000 640.000000 128.000000) (1120.000000 640.000000 224.000000) 
4 7 334 (928.000000 640.000000 416.000000) (928.000000 640.000000 224.000000) (1120.000000 640.000000 224.000000) (1120.000000 640.000000 416.000000) 
4 7 11 (928.000000 960.000000 0.000000) (928.000000 800.000000 0.000000) (928.000000 800.000000 128.000000) (928.000000 960.000000 128.000000) 
4 7 9 (928.000000 640.000000 224.000000) (928.000000 640.000000 360.000000) (928.000000 800.000000 360.000000) (928.000000 800.000000 224.000000) 
4 8 26 (376.000000 800.000000 268.000000) (376.000000 800.000000 372.000000) (376.000000 1464.000000 372.000000) (376.000000 1464.000000 268.000000) 
4 8 10 (864.000000 800.000000 416.000000) (376.000000 800.000000 416.000000) (376.000000 800.000000 224.000000) (864.000000 800.000000 224.000000) 
4 9 336 (896.000000 640.000000 224.000000) (928.000000 640.000000 224.000000) (928.000000 640.000000 360.000000) (896.000000 640.000000 360.000000) 
4 9 10 (896.000000 800.000000 360.000000) (896.000000 800.000000 224.000000) (896.000000 640.000000 224.000000) (896.000000 640.000000 360.000000) 
4 10 345 (376.000000 640.000000 416.000000) (376.000000 640.000000 224.000000) (672.000000 640.000000 224.000000) (672.000000 640.000000 416.000000) 
4 10 337 (672.000000 640.000000 224.000000) (736.000000 640.000000 224.000000) (736.000000 640.000000 360.000000) (672.000000 640.000000 360.000000) 
4 10 336 (736.000000 640.000000 224.000000) (896.000000 640.000000 224.000000) (896.000000 640.000000 360.000000) (736.000000 640.000000 360.000000) 
4 10 335 (896.000000 640.000000 360.000000) (896.000000 640.000000 416.000000) (672.000000 640.000000 416.000000) (672.000000 640.000000 360.000000) 
4 10 26 (376.000000 640.000000 268.000000) (376.000000 640.000000 372.000000) (376.000000 800.000000 372.000000) (376.000000 800.000000 268.000000) 
4 11 12 (912.000000 916.000000 0.000000) (912.000000 844.000000 0.000000) (912.000000 844.000000 100.000000) (912.000000 916.000000 100.000000) 
4 12 13 (864.000000 916.000000 0.000000) (864.000000 844.000000 0.000000) (864.000000 844.000000 100.000000) (864.000000 916.000000 100.000000) 
4 13 364 (376.000000 640.000000 192.000000) (376.000000 640.000000 -0.000000) (672.000000 640.000000 0.000000) (672.000000 640.000000 192.000000) 
4 13 340 (672.000000 640.000000 0.000000) (864.000000 640.000000 0.000000) (864.000000 640.000000 192.000000) (672.000000 640.000000 192.000000) 
4 13 29 (376.000000 656.000000 0.000000) (376.000000 640.000000 -0.000000) (376.000000 640.000000 96.000000) (376.000000 656.000000 96.000000) 
4 13 28 (376.000000 704.000000 44.000000) (376.000000 704.000000 148.000000) (376.000000 1464.000000 148.000000) (376.000000 1464.000000 44.000000) 
4 14 131 (-128.000000 640.000000 904.000000) (-256.000000 640.000000 904.000000) (-256.000000 640.000000 896.000000) (-128.000000 640.000000 896.000000) 
4 14 99 (376.000000 640.000000 896.000000) (376.000000 640.000000 904.000000) (-128.000000 640.000000 904.000000) (-128.000000 640.000000 896.000000) 
4 14 31 (-256.000000 1536.000000 896.000000) (-256.000000 640.000000 896.000000) (-256.000000 640.000000 904.000000) (-256.000000 1536.000000 904.000000) 
4 15 23 (336.000000 1536.000000 416.000000) (-224.000000 1536.000000 416.000000) (-224.000000 1600.000000 416.000000) (336.000000 1600.000000 416.000000) 
4 16 24 (336.000000 1464.000000 416.000000) (-224.000000 1464.000000 416.000000) (-224.000000 1536.000000 416.000000) (336.000000 1536.000000 416.000000) 
4 16 22 (-224.000000 1464.000000 416.000000) (336.000000 1464.000000 416.000000) (336.000000 1464.000000 896.000000) (-224.000000 1464.000000 896.000000) 
4 17 100 (376.000000 640.000000 864.000000) (376.000000 640.000000 896.000000) (368.000000 640.000000 896.000000) (368.000000 640.000000 864.000000) 
4 17 22 (368.000000 1464.000000 896.000000) (368.000000 1464.000000 864.000000) (368.000000 640.000000 864.000000) (368.000000 640.000000 896.000000) 
4 18 102 (376.000000 640.000000 716.000000) (376.000000 640.000000 820.000000) (368.000000 640.000000 820.000000) (368.000000 640.000000 716.000000) 
4 18 22 (368.000000 1464.000000 820.000000) (368.000000 1464.000000 716.000000) (368.000000 640.000000 716.000000) (368.000000 640.000000 820.000000) 
4 19 120 (376.000000 640.000000 640.000000) (376.000000 640.000000 672.000000) (368.000000 640.000000 672.000000) (368.000000 640.000000 640.000000) 
4 19 22 (368.000000 1464.000000 672.000000) (368.000000 1464.000000 640.000000) (368.000000 640.000000 640.000000) (368.000000 640.000000 672.000000) 
4 20 122 (376.000000 640.000000 492.000000) (376.000000 640.000000 596.000000) (368.000000 640.000000 596.000000) (368.000000 640.000000 492.000000) 
4 20 22 (368.000000 1464.000000 596.000000) (368.000000 1464.000000 492.000000) (368.000000 640.000000 492.000000) (368.000000 640.000000 596.000000) 
4 21 343 (376.000000 640.000000 416.000000) (376.000000 640.000000 448.000000) (368.000000 640.000000 448.000000) (368.000000 640.000000 416.000000) 
4 21 22 (368.000000 1464.000000 448.000000) (368.000000 1464.000000 416.000000) (368.000000 640.000000 416.000000) (368.000000 640.000000 448.000000) 
4 22 343 (-256.000000 640.000000 448.000000) (-256.000000 640.000000 416.000000) (368.000000 640.000000 416.000000) (368.000000 640.000000 448.000000) 
4 22 163 (-256.000000 640.000000 640.000000) (-256.000000 640.000000 448.000000) (-128.000000 640.000000 448.000000) (-128.000000 640.000000 640.000000) 
4 22 161 (-256.000000 640.000000 672.000000) (-256.000000 640.000000 640.000000) (-128.000000 640.000000 640.000000) (-128.000000 640.000000 672.000000) 
4 22 136 (-256.000000 640.000000 864.000000) (-256.000000 640.000000 672.000000) (-240.000000 640.000000 672.000000) (-240.000000 640.000000 864.000000) 
4 22 133 (-240.000000 640.000000 672.000000) (-128.000000 640.000000 672.000000) (-128.000000 640.000000 864.000000) (-240.000000 640.000000 864.000000) 
4 22 132 (-128.000000 640.000000 896.000000) (-256.000000 640.000000 896.000000) (-256.000000 640.000000 864.000000) (-128.000000 640.000000 864.000000) 
4 22 123 (-128.000000 640.000000 640.000000) (-128.000000 640.000000 448.000000) (368.000000 640.000000 448.000000) (368.000000 640.000000 640.000000) 
4 22 120 (-128.000000 640.000000 672.000000) (-128.000000 640.000000 640.000000) (368.000000 640.000000 640.000000) (368.000000 640.000000 672.000000) 
4 22 106 (-128.000000 640.000000 864.000000) (-128.000000 640.000000 672.000000) (352.000000 640.000000 672.000000) (352.000000 640.000000 864.000000) 
4 22 103 (352.000000 640.000000 672.000000) (368.000000 640.000000 672.000000) (368.000000 640.000000 864.000000) (352.000000 640.000000 864.000000) 
4 22 100 (368.000000 640.000000 896.000000) (-128.000000 640.000000 896.000000) (-128.000000 640.000000 864.000000) (368.000000 640.000000 864.000000) 
4 22 34 (-256.000000 640.000000 492.000000) (-256.000000 640.000000 596.000000) (-256.000000 1464.000000 596.000000) (-256.000000 1464.000000 492.000000) 
4 22 32 (-256.000000 640.000000 716.000000) (-256.000000 640.000000 820.000000) (-256.000000 1464.000000 820.000000) (-256.000000 1464.000000 716.000000) 
4 22 30 (368.000000 640.000000 416.000000) (-256.000000 640.000000 416.000000) (-256.000000 1464.000000 416.000000) (368.000000 1464.000000 416.000000) 
4 24 30 (-224.000000 1464.000000 256.000000) (336.000000 1464.000000 256.000000) (336.000000 1464.000000 416.000000) (-224.000000 1464.000000 416.000000) 
4 24 25 (336.000000 1464.000000 256.000000) (-224.000000 1464.000000 256.000000) (-224.000000 1512.000000 256.000000) (336.000000 1512.000000 256.000000) 
4 25 30 (-224.000000 1464.000000 0.000000) (336.000000 1464.000000 0.000000) (336.000000 1464.000000 256.000000) (-224.000000 1464.000000 256.000000) 
4 26 346 (376.000000 640.000000 268.000000) (376.000000 640.000000 372.000000) (368.000000 640.000000 372.000000) (368.000000 640.000000 268.000000) 
4 26 30 (368.000000 1464.000000 372.000000) (368.000000 1464.000000 268.000000) (368.000000 640.000000 268.000000) (368.000000 640.000000 372.000000) 
4 27 365 (376.000000 640.000000 192.000000) (376.000000 640.000000 224.000000) (368.000000 640.000000 224.000000) (368.000000 640.000000 192.000000) 
4 27 30 (368.000000 1464.000000 224.000000) (368.000000 1464.000000 192.000000) (368.000000 640.000000 192.000000) (368.000000 640.000000 224.000000) 
4 28 30 (368.000000 1464.000000 148.000000) (368.000000 1464.000000 44.000000) (368.000000 704.000000 44.000000) (368.000000 704.000000 148.000000) 
4 29 366 (376.000000 640.000000 -0.000000) (376.000000 640.000000 96.000000) (368.000000 640.000000 96.000000) (368.000000 640.000000 0.000000) 
4 29 30 (368.000000 656.000000 0.000000) (368.000000 640.000000 0.000000) (368.000000 640.000000 96.000000) (368.000000 656.000000 96.000000) 
4 30 367 (-256.000000 640.000000 224.000000) (-256.000000 640.000000 -0.000000) (368.000000 640.000000 0.000000) (368.000000 640.000000 224.000000) 
4 30 347 (368.000000 640.000000 416.000000) (-256.000000 640.000000 416.000000) (-256.000000 640.000000 224.000000) (368.000000 640.000000 224.000000) 
4 30 39 (-256.000000 656.000000 0.000000) (-256.000000 640.000000 -0.000000) (-256.000000 640.000000 96.000000) (-256.000000 656.000000 96.000000) 
4 30 38 (-256.000000 704.000000 44.000000) (-256.000000 704.000000 148.000000) (-256.000000 1464.000000 148.000000) (-256.000000 1464.000000 44.000000) 
4 30 36 (-256.000000 640.000000 268.000000) (-256.000000 640.000000 372.000000) (-256.000000 1464.000000 372.000000) (-256.000000 1464.000000 268.000000) 
4 31 131 (-256.000000 640.000000 896.000000) (-256.000000 640.000000 904.000000) (-264.000000 640.000000 904.000000) (-264.000000 640.000000 896.000000) 
4 32 137 (-256.000000 640.000000 716.000000) (-256.000000 640.000000 820.000000) (-264.000000 640.000000 820.000000) (-264.000000 640.000000 716.000000) 
4 32 33 (-264.000000 1464.000000 820.000000) (-264.000000 1464.000000 716.000000) (-264.000000 640.000000 716.000000) (-264.000000 640.000000 820.000000) 
4 33 138 (-264.000000 640.000000 864.000000) (-768.000000 640.000000 864.000000) (-768.000000 640.000000 672.000000) (-264.000000 640.000000 672.000000) 
4 33 41 (-768.000000 1344.000000 800.000000) (-768.000000 1344.000000 672.000000) (-768.000000 1216.000000 672.000000) (-768.000000 1216.000000 800.000000) 
4 34 164 (-256.000000 640.000000 492.000000) (-256.000000 640.000000 596.000000) (-264.000000 640.000000 596.000000) (-264.000000 640.000000 492.000000) 
4 34 35 (-264.000000 1464.000000 596.000000) (-264.000000 1464.000000 492.000000) (-264.000000 640.000000 492.000000) (-264.000000 640.000000 596.000000) 
4 35 165 (-264.000000 640.000000 640.000000) (-768.000000 640.000000 640.000000) (-768.000000 640.000000 448.000000) (-264.000000 640.000000 448.000000) 
4 35 43 (-768.000000 1344.000000 576.000000) (-768.000000 1344.000000 448.000000) (-768.000000 1216.000000 448.000000) (-768.000000 1216.000000 576.000000) 
4 36 348 (-256.000000 640.000000 268.000000) (-256.000000 640.000000 372.000000) (-264.000000 640.000000 372.000000) (-264.000000 640.000000 268.000000) 
4 36 37 (-264.000000 1464.000000 372.000000) (-264.000000 1464.000000 268.000000) (-264.000000 640.000000 268.000000) (-264.000000 640.000000 372.000000) 
4 37 370 (-320.000000 640.000000 416.000000) (-768.000000 640.000000 416.000000) (-768.000000 640.000000 224.000000) (-320.000000 640.000000 224.000000) 
4 37 349 (-264.000000 640.000000 416.000000) (-320.000000 640.000000 416.000000) (-320.000000 640.000000 224.000000) (-264.000000 640.000000 224.000000) 
4 37 56 (-768.000000 1344.000000 352.000000) (-768.000000 1344.000000 224.000000) (-768.000000 1216.000000 224.000000) (-768.000000 1216.000000 352.000000) 
4 38 40 (-264.000000 1464.000000 148.000000) (-264.000000 1464.000000 44.000000) (-264.000000 704.000000 44.000000) (-264.000000 704.000000 148.000000) 
4 39 368 (-256.000000 640.000000 -0.000000) (-256.000000 640.000000 96.000000) (-264.000000 640.000000 96.000000) (-264.000000 640.000000 0.000000) 
4 39 40 (-264.000000 656.000000 0.000000) (-264.000000 640.000000 0.000000) (-264.000000 640.000000 96.000000) (-264.000000 656.000000 96.000000) 
4 40 371 (-320.000000 640.000000 192.000000) (-768.000000 640.000000 192.000000) (-768.000000 640.000000 -0.000000) (-320.000000 640.000000 0.000000) 
4 40 369 (-264.000000 640.000000 192.000000) (-320.000000 640.000000 192.000000) (-320.000000 640.000000 0.000000) (-264.000000 640.000000 0.000000) 
4 40 57 (-768.000000 1344.000000 128.000000) (-768.000000 1344.000000 0.000000) (-768.000000 1216.000000 0.000000) (-768.000000 1216.000000 128.000000) 
4 42 44 (-800.000000 1216.000000 672.000000) (-800.000000 1216.000000 800.000000) (-800.000000 1344.000000 800.000000) (-800.000000 1344.000000 672.000000) 
4 43 44 (-800.000000 1344.000000 448.000000) (-800.000000 1216.000000 448.000000) (-800.000000 1216.000000 576.000000) (-800.000000 1344.000000 576.000000) 
4 44 59 (-800.000000 1472.000000 448.000000) (-800.000000 1088.000000 448.000000) (-844.000000 1088.000000 448.000000) (-844.000000 1472.000000 448.000000) 
4 44 47 (-844.000000 1260.000000 448.000000) (-844.000000 1088.000000 448.000000) (-844.000000 1088.000000 896.000000) (-844.000000 1260.000000 896.000000) 
4 44 46 (-844.000000 1320.000000 448.000000) (-844.000000 1260.000000 448.000000) (-844.000000 1260.000000 896.000000) (-844.000000 1320.000000 896.000000) 
4 44 45 (-844.000000 1472.000000 448.000000) (-844.000000 1320.000000 448.000000) (-844.000000 1320.000000 896.000000) (-844.000000 1472.000000 896.000000) 
4 45 59 (-904.000000 1320.000000 448.000000) (-904.000000 1472.000000 448.000000) (-844.000000 1472.000000 448.000000) (-844.000000 1320.000000 448.000000) 
4 45 48 (-904.000000 1472.000000 896.000000) (-904.000000 1472.000000 448.000000) (-904.000000 1320.000000 448.000000) (-904.000000 1320.000000 896.000000) 
4 45 46 (-904.000000 1320.000000 896.000000) (-904.000000 1320.000000 448.000000) (-844.000000 1320.000000 448.000000) (-844.000000 1320.000000 896.000000) 
4 46 59 (-904.000000 1260.000000 448.000000) (-904.000000 1320.000000 448.000000) (-844.000000 1320.000000 448.000000) (-844.000000 1260.000000 448.000000) 
4 46 48 (-904.000000 1320.000000 448.000000) (-904.000000 1260.000000 448.000000) (-904.000000 1260.000000 896.000000) (-904.000000 1320.000000 896.000000) 
4 46 47 (-904.000000 1260.000000 448.000000) (-844.000000 1260.000000 448.000000) (-844.000000 1260.000000 896.000000) (-904.000000 1260.000000 896.000000) 
4 47 59 (-844.000000 1088.000000 448.000000) (-904.000000 1088.000000 448.000000) (-904.000000 1260.000000 448.000000) (-844.000000 1260.000000 448.000000) 
4 47 48 (-904.000000 1260.000000 448.000000) (-904.000000 1088.000000 448.000000) (-904.000000 1088.000000 896.000000) (-904.000000 1260.000000 896.000000) 
4 48 60 (-1024.000000 1088.000000 448.000000) (-1088.000000 1088.000000 448.000000) (-1088.000000 1472.000000 448.000000) (-1024.000000 1472.000000 448.000000) 
4 48 59 (-904.000000 1088.000000 448.000000) (-1024.000000 1088.000000 448.000000) (-1024.000000 1472.000000 448.000000) (-904.000000 1472.000000 448.000000) 
4 48 49 (-908.000000 1088.000000 560.000000) (-980.000000 1088.000000 560.000000) (-980.000000 1088.000000 460.000000) (-908.000000 1088.000000 460.000000) 
4 49 50 (-980.000000 1072.000000 460.000000) (-908.000000 1072.000000 460.000000) (-908.000000 1072.000000 560.000000) (-980.000000 1072.000000 560.000000) 
4 50 54 (-992.000000 1024.000000 448.000000) (-896.000000 1024.000000 448.000000) (-896.000000 1024.000000 576.000000) (-992.000000 1024.000000 576.000000) 
4 51 53 (-1192.000000 864.000000 672.000000) (-1258.000000 864.000000 672.000000) (-1258.000000 928.000000 672.000000) (-1192.000000 928.000000 672.000000) 
4 51 52 (-1216.000000 832.000000 672.000000) (-1024.000000 832.000000 672.000000) (-1024.000000 832.000000 800.000000) (-1216.000000 832.000000 800.000000) 
4 52 177 (-1216.000000 640.000000 672.000000) (-1024.000000 640.000000 672.000000) (-1024.000000 640.000000 800.000000) (-1216.000000 640.000000 800.000000) 
4 53 55 (-1192.000000 864.000000 640.000000) (-1258.000000 864.000000 640.000000) (-1258.000000 928.000000 640.000000) (-1192.000000 928.000000 640.000000) 
4 54 70 (-832.000000 824.000000 448.000000) (-832.000000 704.000000 448.000000) (-1024.000000 704.000000 448.000000) (-1024.000000 824.000000 448.000000) 
4 54 67 (-832.000000 832.000000 448.000000) (-832.000000 824.000000 448.000000) (-1024.000000 824.000000 448.000000) (-1024.000000 832.000000 448.000000) 
4 54 65 (-1024.000000 1024.000000 448.000000) (-832.000000 1024.000000 448.000000) (-832.000000 832.000000 448.000000) (-1024.000000 832.000000 448.000000) 
4 54 55 (-1024.000000 960.000000 448.000000) (-1024.000000 832.000000 448.000000) (-1024.000000 832.000000 640.000000) (-1024.000000 960.000000 640.000000) 
4 55 66 (-1280.000000 832.000000 448.000000) (-1280.000000 960.000000 448.000000) (-1024.000000 960.000000 448.000000) (-1024.000000 832.000000 448.000000) 
4 56 59 (-800.000000 1216.000000 224.000000) (-800.000000 1216.000000 352.000000) (-800.000000 1344.000000 352.000000) (-800.000000 1344.000000 224.000000) 
4 58 59 (-800.000000 1216.000000 -0.000000) (-800.000000 1216.000000 128.000000) (-800.000000 1344.000000 128.000000) (-800.000000 1344.000000 -0.000000) 
3 59 61 (-1024.000000 1472.000000 56.000000) (-1024.000000 1472.000000 -0.000000) (-1024.000000 1360.000000 -0.000000) 
5 59 60 (-1024.000000 1472.000000 448.000000) (-1024.000000 1472.000000 56.000000) (-1024.000000 1232.000000 -64.000000) (-1024.000000 1088.000000 -64.000000) (-1024.000000 1088.000000 448.000000) 
5 60 62 (-1088.000000 1452.000000 112.000000) (-1088.000000 1452.000000 46.000000) (-1088.000000 1384.000000 12.000000) (-1088.000000 1380.000000 12.000000) (-1088.000000 1380.000000 112.000000) 
4 60 61 (-1088.000000 1360.000000 -0.000000) (-1088.000000 1472.000000 56.000000) (-1024.000000 1472.000000 56.000000) (-1024.000000 1360.000000 -0.000000) 
3 61 62 (-1088.000000 1384.000000 12.000000) (-1088.000000 1452.000000 46.000000) (-1088.000000 1452.000000 12.000000) 
4 62 63 (-1104.000000 1380.000000 12.000000) (-1104.000000 1380.000000 112.000000) (-1104.000000 1452.000000 112.000000) (-1104.000000 1452.000000 12.000000) 
4 63 64 (-1152.000000 1368.000000 -0.000000) (-1152.000000 1368.000000 128.000000) (-1152.000000 1464.000000 128.000000) (-1152.000000 1464.000000 0.000000) 
4 64 77 (-1280.000000 1472.000000 0.000000) (-1280.000000 1368.000000 -0.000000) (-1280.000000 1368.000000 192.000000) (-1280.000000 1472.000000 192.000000) 
4 65 72 (-1024.000000 1024.000000 128.000000) (-832.000000 1024.000000 128.000000) (-832.000000 832.000000 128.000000) (-1024.000000 832.000000 128.000000) 
4 65 67 (-1024.000000 832.000000 128.000000) (-832.000000 832.000000 128.000000) (-832.000000 832.000000 448.000000) (-1024.000000 832.000000 448.000000) 
4 65 66 (-1024.000000 832.000000 448.000000) (-1024.000000 960.000000 448.000000) (-1024.000000 960.000000 128.000000) (-1024.000000 832.000000 128.000000) 
4 66 77 (-1280.000000 960.000000 192.000000) (-1280.000000 960.000000 128.000000) (-1280.000000 832.000000 128.000000) (-1280.000000 832.000000 192.000000) 
4 66 73 (-1280.000000 832.000000 128.000000) (-1280.000000 960.000000 128.000000) (-1024.000000 960.000000 128.000000) (-1024.000000 832.000000 128.000000) 
4 66 69 (-1232.000000 832.000000 128.000000) (-1168.000000 832.000000 128.000000) (-1168.000000 832.000000 176.000000) (-1232.000000 832.000000 176.000000) 
4 66 68 (-1136.000000 832.000000 128.000000) (-1072.000000 832.000000 128.000000) (-1072.000000 832.000000 176.000000) (-1136.000000 832.000000 176.000000) 
4 67 72 (-1024.000000 832.000000 128.000000) (-832.000000 832.000000 128.000000) (-832.000000 824.000000 128.000000) (-1024.000000 824.000000 128.000000) 
4 67 70 (-1024.000000 824.000000 128.000000) (-832.000000 824.000000 128.000000) (-832.000000 824.000000 448.000000) (-1024.000000 824.000000 448.000000) 
4 68 71 (-1136.000000 824.000000 128.000000) (-1072.000000 824.000000 128.000000) (-1072.000000 824.000000 176.000000) (-1136.000000 824.000000 176.000000) 
4 69 71 (-1232.000000 824.000000 128.000000) (-1168.000000 824.000000 128.000000) (-1168.000000 824.000000 176.000000) (-1232.000000 824.000000 176.000000) 
4 70 72 (-832.000000 704.000000 128.000000) (-1024.000000 704.000000 128.000000) (-1024.000000 824.000000 128.000000) (-832.000000 824.000000 128.000000) 
4 71 76 (-1272.000000 712.000000 128.000000) (-1272.000000 824.000000 128.000000) (-1032.000000 824.000000 128.000000) (-1032.000000 712.000000 128.000000) 
4 72 75 (-1024.000000 732.000000 112.000000) (-1024.000000 804.000000 112.000000) (-1024.000000 804.000000 12.000000) (-1024.000000 732.000000 12.000000) 
4 72 73 (-1024.000000 832.000000 128.000000) (-1024.000000 960.000000 128.000000) (-1024.000000 960.000000 0.000000) (-1024.000000 832.000000 0.000000) 
4 73 77 (-1280.000000 832.000000 128.000000) (-1280.000000 960.000000 128.000000) (-1280.000000 960.000000 0.000000) (-1280.000000 832.000000 0.000000) 
4 73 74 (-1056.000000 832.000000 120.000000) (-1248.000000 832.000000 120.000000) (-1248.000000 832.000000 24.000000) (-1056.000000 832.000000 24.000000) 
4 74 76 (-1248.000000 824.000000 24.000000) (-1056.000000 824.000000 24.000000) (-1056.000000 824.000000 120.000000) (-1248.000000 824.000000 120.000000) 
4 75 76 (-1032.000000 732.000000 112.000000) (-1032.000000 804.000000 112.000000) (-1032.000000 804.000000 12.000000) (-1032.000000 732.000000 12.000000) 
4 77 86 (-1536.000000 1088.000000 0.000000) (-1536.000000 960.000000 0.000000) (-1536.000000 960.000000 128.000000) (-1536.000000 1088.000000 128.000000) 
4 77 83 (-1536.000000 1120.000000 24.000000) (-1536.000000 1120.000000 120.000000) (-1536.000000 1216.000000 120.000000) (-1536.000000 1216.000000 24.000000) 
4 77 82 (-1536.000000 1136.000000 176.000000) (-1536.000000 1200.000000 176.000000) (-1536.000000 1200.000000 128.000000) (-1536.000000 1136.000000 128.000000) 
4 77 78 (-1472.000000 768.000000 0.000000) (-1344.000000 768.000000 0.000000) (-1344.000000 768.000000 128.000000) (-1472.000000 768.000000 128.000000) 
4 78 79 (-1440.000000 712.000000 0.000000) (-1376.000000 712.000000 0.000000) (-1376.000000 712.000000 96.000000) (-1440.000000 712.000000 96.000000) 
4 79 80 (-1440.000000 696.000000 0.000000) (-1376.000000 696.000000 0.000000) (-1376.000000 696.000000 96.000000) (-1440.000000 696.000000 96.000000) 
4 80 375 (-1344.000000 640.000000 128.000000) (-1472.000000 640.000000 128.000000) (-1472.000000 640.000000 0.000000) (-1344.000000 640.000000 0.000000) 
4 81 84 (-1696.000000 1216.000000 0.000000) (-1568.000000 1216.000000 0.000000) (-1568.000000 1216.000000 192.000000) (-1696.000000 1216.000000 192.000000) 
4 82 84 (-1568.000000 1136.000000 176.000000) (-1568.000000 1200.000000 176.000000) (-1568.000000 1200.000000 128.000000) (-1568.000000 1136.000000 128.000000) 
4 83 84 (-1568.000000 1120.000000 24.000000) (-1568.000000 1120.000000 120.000000) (-1568.000000 1216.000000 120.000000) (-1568.000000 1216.000000 24.000000) 
4 84 87 (-1696.000000 1120.000000 128.000000) (-1696.000000 1120.000000 -0.000000) (-1568.000000 1120.000000 0.000000) (-1568.000000 1120.000000 128.000000) 
4 84 85 (-1696.000000 1120.000000 192.000000) (-1696.000000 1120.000000 128.000000) (-1568.000000 1120.000000 128.000000) (-1568.000000 1120.000000 192.000000) 
4 85 88 (-1568.000000 960.000000 128.000000) (-1568.000000 928.000000 128.000000) (-1696.000000 928.000000 128.000000) (-1696.000000 960.000000 128.000000) 
4 85 87 (-1696.000000 1120.000000 128.000000) (-1568.000000 1120.000000 128.000000) (-1568.000000 960.000000 128.000000) (-1696.000000 960.000000 128.000000) 
4 86 87 (-1568.000000 1088.000000 0.000000) (-1568.000000 960.000000 0.000000) (-1568.000000 960.000000 128.000000) (-1568.000000 1088.000000 128.000000) 
4 87 88 (-1568.000000 960.000000 128.000000) (-1696.000000 960.000000 128.000000) (-1696.000000 960.000000 -0.000000) (-1568.000000 960.000000 0.000000) 
4 89 97 (1120.000000 224.000000 672.000000) (1120.000000 224.000000 864.000000) (928.000000 224.000000 864.000000) (928.000000 224.000000 672.000000) 
4 89 94 (928.000000 640.000000 672.000000) (1120.000000 640.000000 672.000000) (1120.000000 224.000000 672.000000) (928.000000 224.000000 672.000000) 
4 89 91 (928.000000 224.000000 672.000000) (928.000000 224.000000 808.000000) (928.000000 640.000000 808.000000) (928.000000 640.000000 672.000000) 
4 90 92 (736.000000 640.000000 864.000000) (736.000000 640.000000 808.000000) (736.000000 256.000000 808.000000) (736.000000 256.000000 864.000000) 
4 90 91 (736.000000 640.000000 808.000000) (864.000000 640.000000 808.000000) (864.000000 256.000000 808.000000) (736.000000 256.000000 808.000000) 
4 91 97 (736.000000 224.000000 808.000000) (736.000000 224.000000 672.000000) (928.000000 224.000000 672.000000) (928.000000 224.000000 808.000000) 
4 91 92 (736.000000 640.000000 808.000000) (736.000000 640.000000 672.000000) (736.000000 256.000000 672.000000) (736.000000 256.000000 808.000000) 
4 92 104 (512.000000 448.000000 672.000000) (512.000000 256.000000 672.000000) (512.000000 256.000000 864.000000) (512.000000 448.000000 864.000000) 
4 92 101 (512.000000 640.000000 864.000000) (512.000000 640.000000 672.000000) (512.000000 448.000000 672.000000) (512.000000 448.000000 864.000000) 
4 92 93 (544.000000 256.000000 772.000000) (544.000000 256.000000 672.000000) (672.000000 256.000000 672.000000) (672.000000 256.000000 772.000000) 
4 93 98 (544.000000 224.000000 772.000000) (544.000000 224.000000 672.000000) (672.000000 224.000000 672.000000) (672.000000 224.000000 772.000000) 
4 94 97 (1120.000000 224.000000 576.000000) (1120.000000 224.000000 672.000000) (928.000000 224.000000 672.000000) (928.000000 224.000000 576.000000) 
4 94 95 (928.000000 640.000000 576.000000) (1120.000000 640.000000 576.000000) (1120.000000 512.000000 576.000000) (928.000000 512.000000 576.000000) 
4 96 124 (512.000000 448.000000 448.000000) (512.000000 424.000000 448.000000) (512.000000 424.000000 640.000000) (512.000000 448.000000 640.000000) 
4 96 125 (512.000000 424.000000 448.000000) (512.000000 256.000000 448.000000) (512.000000 256.000000 640.000000) (512.000000 424.000000 640.000000) 
4 96 121 (512.000000 640.000000 640.000000) (512.000000 640.000000 448.000000) (512.000000 448.000000 448.000000) (512.000000 448.000000 640.000000) 
4 97 98 (720.000000 224.000000 864.000000) (720.000000 224.000000 672.000000) (720.000000 32.000000 672.000000) (720.000000 32.000000 864.000000) 
4 99 131 (-128.000000 640.000000 904.000000) (-128.000000 640.000000 896.000000) (-128.000000 448.000000 896.000000) (-128.000000 448.000000 904.000000) 
4 100 132 (-128.000000 448.000000 896.000000) (-128.000000 640.000000 896.000000) (-128.000000 640.000000 864.000000) (-128.000000 448.000000 864.000000) 
4 100 106 (-128.000000 448.000000 864.000000) (-128.000000 640.000000 864.000000) (352.000000 640.000000 864.000000) (352.000000 448.000000 864.000000) 
4 100 103 (352.000000 640.000000 864.000000) (368.000000 640.000000 864.000000) (368.000000 448.000000 864.000000) (352.000000 448.000000 864.000000) 
4 101 104 (392.000000 448.000000 672.000000) (512.000000 448.000000 672.000000) (512.000000 448.000000 864.000000) (392.000000 448.000000 864.000000) 
4 101 102 (376.000000 448.000000 716.000000) (376.000000 448.000000 820.000000) (376.000000 640.000000 820.000000) (376.000000 640.000000 716.000000) 
4 102 103 (368.000000 640.000000 820.000000) (368.000000 640.000000 716.000000) (368.000000 448.000000 716.000000) (368.000000 448.000000 820.000000) 
4 103 120 (352.000000 640.000000 672.000000) (368.000000 640.000000 672.000000) (368.000000 448.000000 672.000000) (352.000000 448.000000 672.000000) 
4 103 106 (352.000000 640.000000 864.000000) (352.000000 640.000000 672.000000) (352.000000 448.000000 672.000000) (352.000000 448.000000 864.000000) 
4 104 109 (392.000000 256.000000 672.000000) (448.000000 256.000000 672.000000) (448.000000 256.000000 800.000000) (392.000000 256.000000 800.000000) 
4 104 105 (392.000000 424.000000 672.000000) (392.000000 256.000000 672.000000) (392.000000 256.000000 864.000000) (392.000000 424.000000 864.000000) 
4 105 109 (352.000000 256.000000 672.000000) (392.000000 256.000000 672.000000) (392.000000 256.000000 800.000000) (352.000000 256.000000 800.000000) 
4 105 108 (352.000000 424.000000 672.000000) (352.000000 256.000000 672.000000) (352.000000 256.000000 864.000000) (352.000000 424.000000 864.000000) 
4 106 133 (-128.000000 440.000000 864.000000) (-128.000000 640.000000 864.000000) (-128.000000 640.000000 672.000000) (-128.000000 440.000000 672.000000) 
4 106 120 (-128.000000 440.000000 672.000000) (-128.000000 640.000000 672.000000) (352.000000 640.000000 672.000000) (352.000000 440.000000 672.000000) 
4 106 107 (352.000000 440.000000 712.000000) (352.000000 440.000000 824.000000) (-128.000000 440.000000 824.000000) (-128.000000 440.000000 712.000000) 
4 107 134 (-128.000000 440.000000 824.000000) (-128.000000 440.000000 712.000000) (-128.000000 432.000000 712.000000) (-128.000000 432.000000 824.000000) 
4 107 108 (-128.000000 432.000000 824.000000) (-128.000000 432.000000 712.000000) (352.000000 432.000000 712.000000) (352.000000 432.000000 824.000000) 
4 108 135 (-128.000000 256.000000 864.000000) (-128.000000 432.000000 864.000000) (-128.000000 432.000000 672.000000) (-128.000000 256.000000 672.000000) 
4 108 112 (-128.000000 256.000000 672.000000) (-124.000000 256.000000 672.000000) (-124.000000 256.000000 772.000000) (-128.000000 256.000000 772.000000) 
4 108 109 (224.000000 256.000000 672.000000) (352.000000 256.000000 672.000000) (352.000000 256.000000 800.000000) (224.000000 256.000000 800.000000) 
4 108 110 (-56.000000 256.000000 672.000000) (168.000000 256.000000 672.000000) (168.000000 256.000000 800.000000) (-56.000000 256.000000 800.000000) 
4 109 111 (224.000000 224.000000 672.000000) (448.000000 224.000000 672.000000) (448.000000 224.000000 800.000000) (224.000000 224.000000 800.000000) 
4 110 111 (-56.000000 224.000000 672.000000) (168.000000 224.000000 672.000000) (168.000000 224.000000 800.000000) (-56.000000 224.000000 800.000000) 
4 111 116 (12.000000 32.000000 672.000000) (84.000000 32.000000 672.000000) (84.000000 32.000000 772.000000) (12.000000 32.000000 772.000000) 
4 111 113 (-56.000000 120.000000 672.000000) (-56.000000 56.000000 672.000000) (-56.000000 56.000000 720.000000) (-56.000000 120.000000 720.000000) 
4 112 144 (-128.000000 256.000000 772.000000) (-128.000000 256.000000 672.000000) (-128.000000 248.000000 672.000000) (-128.000000 248.000000 772.000000) 
4 112 115 (-128.000000 248.000000 772.000000) (-128.000000 248.000000 672.000000) (-124.000000 248.000000 672.000000) (-124.000000 248.000000 772.000000) 
4 113 114 (-64.000000 120.000000 672.000000) (-64.000000 56.000000 672.000000) (-64.000000 56.000000 720.000000) (-64.000000 120.000000 720.000000) 
4 114 115 (-112.000000 224.000000 672.000000) (-112.000000 32.000000 672.000000) (-112.000000 32.000000 800.000000) (-112.000000 224.000000 800.000000) 
4 115 146 (-128.000000 32.000000 800.000000) (-128.000000 248.000000 800.000000) (-128.000000 248.000000 672.000000) (-128.000000 32.000000 672.000000) 
4 116 117 (12.000000 0.000000 672.000000) (84.000000 0.000000 672.000000) (84.000000 0.000000 772.000000) (12.000000 0.000000 772.000000) 
4 117 119 (-32.000000 -192.000000 672.000000) (128.000000 -192.000000 672.000000) (128.000000 -192.000000 800.000000) (-32.000000 -192.000000 800.000000) 
4 118 221 (176.000000 -224.000000 672.000000) (416.000000 -224.000000 672.000000) (416.000000 -224.000000 800.000000) (176.000000 -224.000000 800.000000) 
4 119 245 (-128.000000 -224.000000 800.000000) (-128.000000 -224.000000 672.000000) (0.000000 -224.000000 672.000000) (0.000000 -224.000000 800.000000) 
4 119 228 (0.000000 -224.000000 672.000000) (160.000000 -224.000000 672.000000) (160.000000 -224.000000 800.000000) (0.000000 -224.000000 800.000000) 
4 119 153 (-128.000000 -224.000000 672.000000) (-128.000000 -224.000000 800.000000) (-128.000000 -192.000000 800.000000) (-128.000000 -192.000000 672.000000) 
4 120 162 (-128.000000 440.000000 672.000000) (-128.000000 448.000000 672.000000) (-128.000000 448.000000 640.000000) (-128.000000 440.000000 640.000000) 
4 120 161 (-128.000000 448.000000 672.000000) (-128.000000 640.000000 672.000000) (-128.000000 640.000000 640.000000) (-128.000000 448.000000 640.000000) 
4 120 126 (-128.000000 440.000000 640.000000) (-128.000000 448.000000 640.000000) (352.000000 448.000000 640.000000) (352.000000 440.000000 640.000000) 
4 120 123 (-128.000000 448.000000 640.000000) (-128.000000 640.000000 640.000000) (368.000000 640.000000 640.000000) (368.000000 448.000000 640.000000) 
4 121 124 (392.000000 448.000000 448.000000) (512.000000 448.000000 448.000000) (512.000000 448.000000 640.000000) (392.000000 448.000000 640.000000) 
4 121 122 (376.000000 640.000000 596.000000) (376.000000 640.000000 492.000000) (376.000000 448.000000 492.000000) (376.000000 448.000000 596.000000) 
4 122 123 (368.000000 640.000000 596.000000) (368.000000 640.000000 492.000000) (368.000000 448.000000 492.000000) (368.000000 448.000000 596.000000) 
4 123 343 (-128.000000 640.000000 448.000000) (368.000000 640.000000 448.000000) (368.000000 448.000000 448.000000) (-128.000000 448.000000 448.000000) 
4 123 163 (-128.000000 448.000000 640.000000) (-128.000000 640.000000 640.000000) (-128.000000 640.000000 448.000000) (-128.000000 448.000000 448.000000) 
4 123 126 (-128.000000 448.000000 640.000000) (-128.000000 448.000000 448.000000) (352.000000 448.000000 448.000000) (352.000000 448.000000 640.000000) 
4 124 125 (392.000000 424.000000 448.000000) (512.000000 424.000000 448.000000) (512.000000 424.000000 640.000000) (392.000000 424.000000 640.000000) 
4 125 129 (352.000000 256.000000 584.000000) (352.000000 256.000000 448.000000) (448.000000 256.000000 448.000000) (448.000000 256.000000 584.000000) 
4 125 128 (352.000000 424.000000 448.000000) (352.000000 256.000000 448.000000) (352.000000 256.000000 640.000000) (352.000000 424.000000 640.000000) 
4 126 344 (-128.000000 440.000000 448.000000) (-128.000000 448.000000 448.000000) (352.000000 448.000000 448.000000) (352.000000 440.000000 448.000000) 
4 126 166 (-128.000000 440.000000 640.000000) (-128.000000 448.000000 640.000000) (-128.000000 448.000000 448.000000) (-128.000000 440.000000 448.000000) 
4 126 127 (352.000000 440.000000 488.000000) (352.000000 440.000000 600.000000) (-128.000000 440.000000 600.000000) (-128.000000 440.000000 488.000000) 
4 127 167 (-128.000000 440.000000 600.000000) (-128.000000 440.000000 488.000000) (-128.000000 432.000000 488.000000) (-128.000000 432.000000 600.000000) 
4 127 128 (-128.000000 432.000000 600.000000) (-128.000000 432.000000 488.000000) (352.000000 432.000000 488.000000) (352.000000 432.000000 600.000000) 
4 128 168 (-128.000000 256.000000 640.000000) (-128.000000 432.000000 640.000000) (-128.000000 432.000000 584.000000) (-128.000000 256.000000 584.000000) 
4 128 169 (-128.000000 432.000000 584.000000) (-128.000000 432.000000 448.000000) (-128.000000 256.000000 448.000000) (-128.000000 256.000000 584.000000) 
4 128 129 (-128.000000 256.000000 584.000000) (-128.000000 256.000000 448.000000) (352.000000 256.000000 448.000000) (352.000000 256.000000 584.000000) 
4 129 169 (-128.000000 256.000000 584.000000) (-128.000000 256.000000 448.000000) (-128.000000 224.000000 448.000000) (-128.000000 224.000000 584.000000) 
4 129 130 (-128.000000 224.000000 584.000000) (-128.000000 224.000000 448.000000) (448.000000 224.000000 448.000000) (448.000000 224.000000 584.000000) 
4 130 363 (128.000000 32.000000 448.000000) (-128.000000 32.000000 448.000000) (-128.000000 224.000000 448.000000) (128.000000 224.000000 448.000000) 
4 130 362 (512.000000 224.000000 448.000000) (512.000000 32.000000 448.000000) (128.000000 32.000000 448.000000) (128.000000 224.000000 448.000000) 
4 130 176 (-128.000000 32.000000 640.000000) (-128.000000 224.000000 640.000000) (-128.000000 224.000000 448.000000) (-128.000000 32.000000 448.000000) 
4 132 136 (-256.000000 640.000000 864.000000) (-240.000000 640.000000 864.000000) (-240.000000 448.000000 864.000000) (-256.000000 448.000000 864.000000) 
4 132 133 (-240.000000 640.000000 864.000000) (-128.000000 640.000000 864.000000) (-128.000000 448.000000 864.000000) (-240.000000 448.000000 864.000000) 
4 133 162 (-128.000000 448.000000 672.000000) (-128.000000 440.000000 672.000000) (-240.000000 440.000000 672.000000) (-240.000000 448.000000 672.000000) 
4 133 161 (-240.000000 640.000000 672.000000) (-128.000000 640.000000 672.000000) (-128.000000 448.000000 672.000000) (-240.000000 448.000000 672.000000) 
4 133 136 (-240.000000 640.000000 864.000000) (-240.000000 640.000000 672.000000) (-240.000000 448.000000 672.000000) (-240.000000 448.000000 864.000000) 
4 133 134 (-128.000000 440.000000 712.000000) (-128.000000 440.000000 824.000000) (-240.000000 440.000000 824.000000) (-240.000000 440.000000 712.000000) 
4 134 135 (-240.000000 432.000000 824.000000) (-240.000000 432.000000 712.000000) (-128.000000 432.000000 712.000000) (-128.000000 432.000000 824.000000) 
4 135 144 (-196.000000 256.000000 672.000000) (-128.000000 256.000000 672.000000) (-128.000000 256.000000 772.000000) (-196.000000 256.000000 772.000000) 
4 135 145 (-240.000000 256.000000 672.000000) (-208.000000 256.000000 672.000000) (-208.000000 256.000000 800.000000) (-240.000000 256.000000 800.000000) 
4 135 140 (-240.000000 424.000000 672.000000) (-240.000000 256.000000 672.000000) (-240.000000 256.000000 864.000000) (-240.000000 424.000000 864.000000) 
4 136 161 (-256.000000 640.000000 672.000000) (-240.000000 640.000000 672.000000) (-240.000000 448.000000 672.000000) (-256.000000 448.000000 672.000000) 
4 136 137 (-256.000000 640.000000 820.000000) (-256.000000 640.000000 716.000000) (-256.000000 448.000000 716.000000) (-256.000000 448.000000 820.000000) 
4 137 138 (-264.000000 448.000000 716.000000) (-264.000000 448.000000 820.000000) (-264.000000 640.000000 820.000000) (-264.000000 640.000000 716.000000) 
4 138 141 (-768.000000 520.000000 672.000000) (-768.000000 448.000000 672.000000) (-768.000000 448.000000 772.000000) (-768.000000 520.000000 772.000000) 
4 138 139 (-768.000000 448.000000 864.000000) (-768.000000 448.000000 672.000000) (-280.000000 448.000000 672.000000) (-280.000000 448.000000 864.000000) 
4 139 140 (-768.000000 424.000000 672.000000) (-280.000000 424.000000 672.000000) (-280.000000 424.000000 864.000000) (-768.000000 424.000000 864.000000) 
4 140 150 (-704.000000 256.000000 672.000000) (-480.000000 256.000000 672.000000) (-480.000000 256.000000 800.000000) (-704.000000 256.000000 800.000000) 
4 140 145 (-432.000000 256.000000 672.000000) (-240.000000 256.000000 672.000000) (-240.000000 256.000000 800.000000) (-432.000000 256.000000 800.000000) 
4 141 142 (-780.000000 516.000000 672.000000) (-780.000000 452.000000 672.000000) (-780.000000 452.000000 768.000000) (-780.000000 516.000000 768.000000) 
4 142 143 (-788.000000 516.000000 672.000000) (-788.000000 452.000000 672.000000) (-788.000000 452.000000 768.000000) (-788.000000 516.000000 768.000000) 
4 143 181 (-800.000000 520.000000 672.000000) (-800.000000 448.000000 672.000000) (-800.000000 448.000000 772.000000) (-800.000000 520.000000 772.000000) 
4 144 146 (-196.000000 248.000000 672.000000) (-128.000000 248.000000 672.000000) (-128.000000 248.000000 772.000000) (-196.000000 248.000000 772.000000) 
4 145 146 (-432.000000 248.000000 672.000000) (-208.000000 248.000000 672.000000) (-208.000000 248.000000 800.000000) (-432.000000 248.000000 800.000000) 
4 146 152 (-244.000000 32.000000 672.000000) (-172.000000 32.000000 672.000000) (-172.000000 32.000000 772.000000) (-244.000000 32.000000 772.000000) 
4 146 147 (-432.000000 160.000000 672.000000) (-432.000000 88.000000 672.000000) (-432.000000 88.000000 772.000000) (-432.000000 160.000000 772.000000) 
4 147 148 (-436.000000 156.000000 672.000000) (-436.000000 92.000000 672.000000) (-436.000000 92.000000 768.000000) (-436.000000 156.000000 768.000000) 
4 148 149 (-444.000000 156.000000 672.000000) (-444.000000 92.000000 672.000000) (-444.000000 92.000000 768.000000) (-444.000000 156.000000 768.000000) 
4 149 151 (-448.000000 160.000000 672.000000) (-448.000000 88.000000 672.000000) (-448.000000 88.000000 772.000000) (-448.000000 160.000000 772.000000) 
4 150 151 (-704.000000 224.000000 672.000000) (-480.000000 224.000000 672.000000) (-480.000000 224.000000 800.000000) (-704.000000 224.000000 800.000000) 
4 151 187 (-800.000000 224.000000 672.000000) (-800.000000 32.000000 672.000000) (-800.000000 32.000000 800.000000) (-800.000000 224.000000 800.000000) 
4 152 153 (-172.000000 0.000000 772.000000) (-244.000000 0.000000 772.000000) (-244.000000 0.000000 672.000000) (-172.000000 0.000000 672.000000) 
4 153 245 (-288.000000 -224.000000 672.000000) (-128.000000 -224.000000 672.000000) (-128.000000 -224.000000 800.000000) (-288.000000 -224.000000 800.000000) 
4 153 154 (-288.000000 -32.000000 672.000000) (-288.000000 -104.000000 672.000000) (-288.000000 -104.000000 772.000000) (-288.000000 -32.000000 772.000000) 
4 154 155 (-292.000000 -36.000000 672.000000) (-292.000000 -100.000000 672.000000) (-292.000000 -100.000000 768.000000) (-292.000000 -36.000000 768.000000) 
4 155 156 (-300.000000 -36.000000 672.000000) (-300.000000 -100.000000 672.000000) (-300.000000 -100.000000 768.000000) (-300.000000 -36.000000 768.000000) 
4 156 157 (-304.000000 -32.000000 672.000000) (-304.000000 -104.000000 672.000000) (-304.000000 -104.000000 772.000000) (-304.000000 -32.000000 772.000000) 
4 157 159 (-352.000000 -208.000000 800.000000) (-576.000000 -208.000000 800.000000) (-576.000000 -208.000000 672.000000) (-352.000000 -208.000000 672.000000) 
4 158 188 (-800.000000 -0.000000 672.000000) (-800.000000 -208.000000 672.000000) (-800.000000 -208.000000 800.000000) (-800.000000 0.000000 800.000000) 
4 158 160 (-736.000000 -208.000000 800.000000) (-800.000000 -208.000000 800.000000) (-800.000000 -208.000000 672.000000) (-736.000000 -208.000000 672.000000) 
4 159 245 (-576.000000 -224.000000 672.000000) (-352.000000 -224.000000 672.000000) (-352.000000 -224.000000 800.000000) (-576.000000 -224.000000 800.000000) 
4 160 272 (-800.000000 -224.000000 800.000000) (-800.000000 -224.000000 672.000000) (-736.000000 -224.000000 672.000000) (-736.000000 -224.000000 800.000000) 
4 160 189 (-800.000000 -208.000000 672.000000) (-800.000000 -224.000000 672.000000) (-800.000000 -224.000000 800.000000) (-800.000000 -208.000000 800.000000) 
4 161 163 (-256.000000 640.000000 640.000000) (-128.000000 640.000000 640.000000) (-128.000000 448.000000 640.000000) (-256.000000 448.000000 640.000000) 
4 161 162 (-256.000000 448.000000 640.000000) (-128.000000 448.000000 640.000000) (-128.000000 448.000000 672.000000) (-256.000000 448.000000 672.000000) 
4 162 166 (-240.000000 448.000000 640.000000) (-128.000000 448.000000 640.000000) (-128.000000 440.000000 640.000000) (-240.000000 440.000000 640.000000) 
4 163 343 (-256.000000 640.000000 448.000000) (-128.000000 640.000000 448.000000) (-128.000000 448.000000 448.000000) (-256.000000 448.000000 448.000000) 
4 163 166 (-128.000000 448.000000 448.000000) (-128.000000 448.000000 640.000000) (-240.000000 448.000000 640.000000) (-240.000000 448.000000 448.000000) 
4 163 164 (-256.000000 640.000000 596.000000) (-256.000000 640.000000 492.000000) (-256.000000 448.000000 492.000000) (-256.000000 448.000000 596.000000) 
4 164 165 (-264.000000 448.000000 492.000000) (-264.000000 448.000000 596.000000) (-264.000000 640.000000 596.000000) (-264.000000 640.000000 492.000000) 
4 165 174 (-384.000000 448.000000 640.000000) (-768.000000 448.000000 640.000000) (-768.000000 448.000000 448.000000) (-384.000000 448.000000 448.000000) 
4 165 170 (-280.000000 448.000000 640.000000) (-384.000000 448.000000 640.000000) (-384.000000 448.000000 448.000000) (-280.000000 448.000000 448.000000) 
4 166 344 (-128.000000 448.000000 448.000000) (-128.000000 440.000000 448.000000) (-240.000000 440.000000 448.000000) (-240.000000 448.000000 448.000000) 
4 166 167 (-128.000000 440.000000 488.000000) (-128.000000 440.000000 600.000000) (-240.000000 440.000000 600.000000) (-240.000000 440.000000 488.000000) 
4 167 168 (-240.000000 432.000000 600.000000) (-240.000000 432.000000 584.000000) (-128.000000 432.000000 584.000000) (-128.000000 432.000000 600.000000) 
4 167 169 (-240.000000 432.000000 584.000000) (-240.000000 432.000000 488.000000) (-128.000000 432.000000 488.000000) (-128.000000 432.000000 584.000000) 
4 168 171 (-240.000000 256.000000 640.000000) (-240.000000 424.000000 640.000000) (-240.000000 424.000000 584.000000) (-240.000000 256.000000 584.000000) 
4 168 169 (-240.000000 256.000000 584.000000) (-240.000000 432.000000 584.000000) (-128.000000 432.000000 584.000000) (-128.000000 256.000000 584.000000) 
4 169 176 (-240.000000 224.000000 448.000000) (-128.000000 224.000000 448.000000) (-128.000000 224.000000 584.000000) (-240.000000 224.000000 584.000000) 
4 169 173 (-240.000000 256.000000 448.000000) (-240.000000 224.000000 448.000000) (-240.000000 224.000000 584.000000) (-240.000000 256.000000 584.000000) 
4 169 172 (-240.000000 424.000000 448.000000) (-240.000000 256.000000 448.000000) (-240.000000 256.000000 584.000000) (-240.000000 424.000000 584.000000) 
4 170 174 (-384.000000 448.000000 640.000000) (-384.000000 448.000000 448.000000) (-384.000000 424.000000 448.000000) (-384.000000 424.000000 640.000000) 
4 170 172 (-384.000000 424.000000 584.000000) (-384.000000 424.000000 448.000000) (-280.000000 424.000000 448.000000) (-280.000000 424.000000 584.000000) 
4 170 171 (-384.000000 424.000000 640.000000) (-384.000000 424.000000 584.000000) (-280.000000 424.000000 584.000000) (-280.000000 424.000000 640.000000) 
4 171 174 (-384.000000 256.000000 640.000000) (-384.000000 424.000000 640.000000) (-384.000000 424.000000 584.000000) (-384.000000 256.000000 584.000000) 
4 171 172 (-384.000000 256.000000 584.000000) (-384.000000 424.000000 584.000000) (-240.000000 424.000000 584.000000) (-240.000000 256.000000 584.000000) 
4 172 174 (-384.000000 424.000000 448.000000) (-384.000000 256.000000 448.000000) (-384.000000 256.000000 584.000000) (-384.000000 424.000000 584.000000) 
4 172 173 (-240.000000 256.000000 448.000000) (-240.000000 256.000000 584.000000) (-320.000000 256.000000 584.000000) (-320.000000 256.000000 448.000000) 
4 173 176 (-320.000000 224.000000 448.000000) (-240.000000 224.000000 448.000000) (-240.000000 224.000000 584.000000) (-320.000000 224.000000 584.000000) 
4 174 175 (-384.000000 256.000000 448.000000) (-384.000000 256.000000 548.000000) (-512.000000 256.000000 548.000000) (-512.000000 256.000000 448.000000) 
4 175 176 (-512.000000 224.000000 448.000000) (-384.000000 224.000000 448.000000) (-384.000000 224.000000 548.000000) (-512.000000 224.000000 548.000000) 
4 176 363 (-128.000000 224.000000 448.000000) (-128.000000 32.000000 448.000000) (-320.000000 32.000000 448.000000) (-320.000000 224.000000 448.000000) 
4 177 178 (-1152.000000 608.000000 672.000000) (-1080.000000 608.000000 672.000000) (-1080.000000 608.000000 772.000000) (-1152.000000 608.000000 772.000000) 
4 178 179 (-1148.000000 600.000000 672.000000) (-1084.000000 600.000000 672.000000) (-1084.000000 600.000000 768.000000) (-1148.000000 600.000000 768.000000) 
4 179 180 (-1148.000000 584.000000 672.000000) (-1084.000000 584.000000 672.000000) (-1084.000000 584.000000 768.000000) (-1148.000000 584.000000 768.000000) 
4 180 196 (-1152.000000 576.000000 672.000000) (-1080.000000 576.000000 672.000000) (-1080.000000 576.000000 772.000000) (-1152.000000 576.000000 772.000000) 
4 181 183 (-1000.000000 384.000000 672.000000) (-860.000000 384.000000 672.000000) (-860.000000 384.000000 768.000000) (-1000.000000 384.000000 768.000000) 
4 181 182 (-860.000000 384.000000 768.000000) (-860.000000 384.000000 780.000000) (-1000.000000 384.000000 780.000000) (-1000.000000 384.000000 768.000000) 
4 181 196 (-1024.000000 576.000000 800.000000) (-1024.000000 576.000000 672.000000) (-1024.000000 384.000000 672.000000) (-1024.000000 384.000000 800.000000) 
4 182 186 (-1000.000000 356.000000 780.000000) (-1000.000000 356.000000 768.000000) (-860.000000 356.000000 768.000000) (-860.000000 356.000000 780.000000) 
4 182 185 (-1000.000000 356.000000 768.000000) (-1000.000000 380.000000 768.000000) (-996.000000 380.000000 768.000000) (-996.000000 356.000000 768.000000) 
4 182 184 (-932.000000 380.000000 768.000000) (-860.000000 380.000000 768.000000) (-860.000000 356.000000 768.000000) (-932.000000 356.000000 768.000000) 
4 182 183 (-1000.000000 380.000000 768.000000) (-1000.000000 384.000000 768.000000) (-860.000000 384.000000 768.000000) (-860.000000 380.000000 768.000000) 
4 183 185 (-1000.000000 380.000000 768.000000) (-1000.000000 380.000000 672.000000) (-996.000000 380.000000 672.000000) (-996.000000 380.000000 768.000000) 
4 183 184 (-932.000000 380.000000 672.000000) (-860.000000 380.000000 672.000000) (-860.000000 380.000000 768.000000) (-932.000000 380.000000 768.000000) 
4 184 186 (-932.000000 356.000000 672.000000) (-860.000000 356.000000 672.000000) (-860.000000 356.000000 768.000000) (-932.000000 356.000000 768.000000) 
4 185 186 (-1000.000000 356.000000 768.000000) (-1000.000000 356.000000 672.000000) (-996.000000 356.000000 672.000000) (-996.000000 356.000000 768.000000) 
4 187 190 (-1008.000000 164.000000 672.000000) (-1008.000000 92.000000 672.000000) (-1008.000000 92.000000 772.000000) (-1008.000000 164.000000 772.000000) 
4 188 191 (-1008.000000 -32.000000 672.000000) (-1008.000000 -104.000000 672.000000) (-1008.000000 -104.000000 772.000000) (-1008.000000 -32.000000 772.000000) 
4 188 189 (-960.000000 -208.000000 672.000000) (-800.000000 -208.000000 672.000000) (-800.000000 -208.000000 800.000000) (-960.000000 -208.000000 800.000000) 
4 189 272 (-960.000000 -224.000000 672.000000) (-800.000000 -224.000000 672.000000) (-800.000000 -224.000000 800.000000) (-960.000000 -224.000000 800.000000) 
4 190 192 (-1012.000000 160.000000 672.000000) (-1012.000000 96.000000 672.000000) (-1012.000000 96.000000 768.000000) (-1012.000000 160.000000 768.000000) 
4 191 193 (-1012.000000 -36.000000 672.000000) (-1012.000000 -100.000000 672.000000) (-1012.000000 -100.000000 768.000000) (-1012.000000 -36.000000 768.000000) 
4 192 194 (-1020.000000 160.000000 672.000000) (-1020.000000 96.000000 672.000000) (-1020.000000 96.000000 768.000000) (-1020.000000 160.000000 768.000000) 
4 193 195 (-1020.000000 -36.000000 672.000000) (-1020.000000 -100.000000 672.000000) (-1020.000000 -100.000000 768.000000) (-1020.000000 -36.000000 768.000000) 
4 194 196 (-1024.000000 164.000000 672.000000) (-1024.000000 92.000000 672.000000) (-1024.000000 92.000000 772.000000) (-1024.000000 164.000000 772.000000) 
4 195 196 (-1024.000000 -32.000000 672.000000) (-1024.000000 -104.000000 672.000000) (-1024.000000 -104.000000 772.000000) (-1024.000000 -32.000000 772.000000) 
4 196 285 (-1216.000000 -224.000000 672.000000) (-1152.000000 -224.000000 672.000000) (-1152.000000 -224.000000 800.000000) (-1216.000000 -224.000000 800.000000) 
4 196 272 (-1152.000000 -224.000000 672.000000) (-1024.000000 -224.000000 672.000000) (-1024.000000 -224.000000 800.000000) (-1152.000000 -224.000000 800.000000) 
4 196 202 (-1216.000000 -128.000000 704.000000) (-1216.000000 -128.000000 774.000000) (-1216.000000 0.000000 774.000000) (-1216.000000 0.000000 704.000000) 
4 196 198 (-1216.000000 164.000000 672.000000) (-1216.000000 92.000000 672.000000) (-1216.000000 92.000000 772.000000) (-1216.000000 164.000000 772.000000) 
4 197 206 (-1376.000000 164.000000 800.000000) (-1376.000000 384.000000 800.000000) (-1376.000000 384.000000 672.000000) (-1376.000000 164.000000 672.000000) 
4 197 200 (-1232.000000 164.000000 772.000000) (-1232.000000 164.000000 800.000000) (-1376.000000 164.000000 800.000000) (-1376.000000 164.000000 772.000000) 
4 197 201 (-1376.000000 164.000000 672.000000) (-1232.000000 164.000000 672.000000) (-1232.000000 164.000000 772.000000) (-1376.000000 164.000000 772.000000) 
4 198 199 (-1220.000000 160.000000 672.000000) (-1220.000000 96.000000 672.000000) (-1220.000000 96.000000 768.000000) (-1220.000000 160.000000 768.000000) 
4 199 201 (-1228.000000 160.000000 672.000000) (-1228.000000 96.000000 672.000000) (-1228.000000 96.000000 768.000000) (-1228.000000 160.000000 768.000000) 
4 200 206 (-1376.000000 92.000000 800.000000) (-1376.000000 164.000000 800.000000) (-1376.000000 164.000000 772.000000) (-1376.000000 92.000000 772.000000) 
4 200 204 (-1376.000000 92.000000 800.000000) (-1376.000000 92.000000 772.000000) (-1296.000000 92.000000 772.000000) (-1296.000000 92.000000 800.000000) 
4 200 203 (-1296.000000 92.000000 772.000000) (-1232.000000 92.000000 772.000000) (-1232.000000 92.000000 800.000000) (-1296.000000 92.000000 800.000000) 
4 200 201 (-1376.000000 164.000000 772.000000) (-1232.000000 164.000000 772.000000) (-1232.000000 92.000000 772.000000) (-1376.000000 92.000000 772.000000) 
4 201 206 (-1376.000000 164.000000 772.000000) (-1376.000000 164.000000 672.000000) (-1376.000000 92.000000 672.000000) (-1376.000000 92.000000 772.000000) 
4 201 204 (-1376.000000 92.000000 772.000000) (-1376.000000 92.000000 672.000000) (-1296.000000 92.000000 672.000000) (-1296.000000 92.000000 772.000000) 
4 201 203 (-1296.000000 92.000000 672.000000) (-1232.000000 92.000000 672.000000) (-1232.000000 92.000000 772.000000) (-1296.000000 92.000000 772.000000) 
4 202 203 (-1232.000000 -128.000000 704.000000) (-1232.000000 -128.000000 774.000000) (-1232.000000 0.000000 774.000000) (-1232.000000 0.000000 704.000000) 
4 203 204 (-1296.000000 92.000000 672.000000) (-1296.000000 -208.000000 672.000000) (-1296.000000 -208.000000 800.000000) (-1296.000000 92.000000 800.000000) 
4 204 206 (-1376.000000 -208.000000 800.000000) (-1376.000000 92.000000 800.000000) (-1376.000000 92.000000 672.000000) (-1376.000000 -208.000000 672.000000) 
4 204 205 (-1296.000000 -216.000000 704.000000) (-1296.000000 -216.000000 774.000000) (-1376.000000 -216.000000 774.000000) (-1376.000000 -216.000000 704.000000) 
4 205 285 (-1376.000000 -224.000000 774.000000) (-1376.000000 -224.000000 704.000000) (-1296.000000 -224.000000 704.000000) (-1296.000000 -224.000000 774.000000) 
4 206 207 (-1432.000000 384.000000 800.000000) (-1432.000000 384.000000 672.000000) (-1432.000000 -208.000000 672.000000) (-1432.000000 -208.000000 800.000000) 
4 207 209 (-1512.000000 384.000000 672.000000) (-1512.000000 -208.000000 672.000000) (-1512.000000 -208.000000 800.000000) (-1512.000000 384.000000 800.000000) 
4 207 208 (-1432.000000 -216.000000 704.000000) (-1432.000000 -216.000000 774.000000) (-1512.000000 -216.000000 774.000000) (-1512.000000 -216.000000 704.000000) 
4 208 287 (-1432.000000 -224.000000 704.000000) (-1432.000000 -224.000000 774.000000) (-1512.000000 -224.000000 774.000000) (-1512.000000 -224.000000 704.000000) 
4 210 215 (-1920.000000 32.000000 672.000000) (-1920.000000 -96.000000 672.000000) (-1920.000000 -96.000000 800.000000) (-1920.000000 32.000000 800.000000) 
4 210 211 (-1900.000000 -176.000000 672.000000) (-1828.000000 -176.000000 672.000000) (-1828.000000 -176.000000 772.000000) (-1900.000000 -176.000000 772.000000) 
4 211 212 (-1896.000000 -180.000000 672.000000) (-1832.000000 -180.000000 672.000000) (-1832.000000 -180.000000 768.000000) (-1896.000000 -180.000000 768.000000) 
4 212 213 (-1896.000000 -188.000000 672.000000) (-1832.000000 -188.000000 672.000000) (-1832.000000 -188.000000 768.000000) (-1896.000000 -188.000000 768.000000) 
4 213 214 (-1900.000000 -192.000000 672.000000) (-1828.000000 -192.000000 672.000000) (-1828.000000 -192.000000 772.000000) (-1900.000000 -192.000000 772.000000) 
4 214 308 (-1920.000000 -224.000000 800.000000) (-1920.000000 -224.000000 672.000000) (-1792.000000 -224.000000 672.000000) (-1792.000000 -224.000000 800.000000) 
4 214 216 (-1920.000000 -192.000000 672.000000) (-1920.000000 -224.000000 672.000000) (-1920.000000 -224.000000 800.000000) (-1920.000000 -192.000000 800.000000) 
4 215 217 (-2304.000000 -96.000000 800.000000) (-2304.000000 -96.000000 672.000000) (-2176.000000 -96.000000 672.000000) (-2176.000000 -96.000000 800.000000) 
4 216 308 (-1936.000000 -224.000000 672.000000) (-1920.000000 -224.000000 672.000000) (-1920.000000 -224.000000 800.000000) (-1936.000000 -224.000000 800.000000) 
4 217 314 (-2304.000000 -224.000000 672.000000) (-2176.000000 -224.000000 672.000000) (-2176.000000 -224.000000 800.000000) (-2304.000000 -224.000000 800.000000) 
4 218 219 (808.000000 -1080.000000 672.000000) (808.000000 -1144.000000 672.000000) (808.000000 -1144.000000 768.000000) (808.000000 -1080.000000 768.000000) 
4 219 220 (800.000000 -1080.000000 672.000000) (800.000000 -1144.000000 672.000000) (800.000000 -1144.000000 768.000000) (800.000000 -1080.000000 768.000000) 
4 220 234 (800.000000 -1252.000000 800.000000) (640.000000 -1252.000000 800.000000) (640.000000 -1252.000000 672.000000) (800.000000 -1252.000000 672.000000) 
4 220 231 (640.000000 -1252.000000 672.000000) (640.000000 -1252.000000 800.000000) (640.000000 -1104.000000 800.000000) (640.000000 -1104.000000 672.000000) 
4 221 225 (176.000000 -492.000000 672.000000) (176.000000 -564.000000 672.000000) (176.000000 -564.000000 772.000000) (176.000000 -492.000000 772.000000) 
4 221 224 (176.000000 -224.000000 672.000000) (176.000000 -448.000000 672.000000) (176.000000 -448.000000 800.000000) (176.000000 -224.000000 800.000000) 
4 222 227 (176.000000 -764.000000 672.000000) (176.000000 -912.000000 672.000000) (176.000000 -912.000000 800.000000) (176.000000 -764.000000 800.000000) 
4 222 226 (176.000000 -656.000000 672.000000) (176.000000 -728.000000 672.000000) (176.000000 -728.000000 772.000000) (176.000000 -656.000000 772.000000) 
4 223 233 (234.000000 -1104.000000 672.000000) (592.000000 -1104.000000 672.000000) (592.000000 -1104.000000 800.000000) (234.000000 -1104.000000 800.000000) 
4 224 228 (160.000000 -224.000000 800.000000) (160.000000 -224.000000 672.000000) (160.000000 -448.000000 672.000000) (160.000000 -448.000000 800.000000) 
4 225 228 (160.000000 -492.000000 672.000000) (160.000000 -564.000000 672.000000) (160.000000 -564.000000 772.000000) (160.000000 -492.000000 772.000000) 
4 226 228 (160.000000 -656.000000 672.000000) (160.000000 -728.000000 672.000000) (160.000000 -728.000000 772.000000) (160.000000 -656.000000 772.000000) 
4 227 228 (160.000000 -764.000000 672.000000) (160.000000 -912.000000 672.000000) (160.000000 -912.000000 800.000000) (160.000000 -764.000000 800.000000) 
4 228 247 (0.000000 -912.000000 800.000000) (0.000000 -712.000000 800.000000) (0.000000 -712.000000 672.000000) (0.000000 -912.000000 672.000000) 
4 228 245 (0.000000 -352.000000 800.000000) (0.000000 -224.000000 800.000000) (0.000000 -224.000000 672.000000) (0.000000 -352.000000 672.000000) 
4 228 229 (44.000000 -944.000000 672.000000) (116.000000 -944.000000 672.000000) (116.000000 -944.000000 772.000000) (44.000000 -944.000000 772.000000) 
4 229 230 (44.000000 -960.000000 672.000000) (116.000000 -960.000000 672.000000) (116.000000 -960.000000 772.000000) (44.000000 -960.000000 772.000000) 
4 230 248 (0.000000 -1004.000000 772.000000) (0.000000 -1004.000000 672.000000) (0.000000 -1076.000000 672.000000) (0.000000 -1076.000000 772.000000) 
4 230 233 (0.000000 -1104.000000 800.000000) (0.000000 -1104.000000 672.000000) (160.000000 -1104.000000 672.000000) (160.000000 -1104.000000 800.000000) 
4 231 235 (640.000000 -1252.000000 672.000000) (640.000000 -1252.000000 800.000000) (616.000000 -1252.000000 800.000000) (616.000000 -1252.000000 672.000000) 
4 231 232 (616.000000 -1116.000000 672.000000) (616.000000 -1252.000000 672.000000) (616.000000 -1252.000000 772.000000) (616.000000 -1116.000000 772.000000) 
4 232 233 (600.000000 -1116.000000 672.000000) (600.000000 -1252.000000 672.000000) (600.000000 -1252.000000 772.000000) (600.000000 -1116.000000 772.000000) 
4 233 260 (0.000000 -1252.000000 672.000000) (0.000000 -1252.000000 800.000000) (0.000000 -1104.000000 800.000000) (0.000000 -1104.000000 672.000000) 
4 233 244 (160.000000 -1252.000000 800.000000) (0.000000 -1252.000000 800.000000) (0.000000 -1252.000000 672.000000) (160.000000 -1252.000000 672.000000) 
4 233 236 (600.000000 -1252.000000 800.000000) (160.000000 -1252.000000 800.000000) (160.000000 -1252.000000 672.000000) (600.000000 -1252.000000 672.000000) 
4 234 235 (640.000000 -1252.000000 800.000000) (640.000000 -1252.000000 672.000000) (640.000000 -1264.000000 672.000000) (640.000000 -1264.000000 800.000000) 
4 236 244 (160.000000 -1252.000000 800.000000) (160.000000 -1252.000000 672.000000) (160.000000 -1264.000000 672.000000) (160.000000 -1264.000000 800.000000) 
4 236 237 (234.000000 -1264.000000 672.000000) (592.000000 -1264.000000 672.000000) (592.000000 -1264.000000 800.000000) (234.000000 -1264.000000 800.000000) 
4 237 238 (234.000000 -1280.000000 672.000000) (592.000000 -1280.000000 672.000000) (592.000000 -1280.000000 800.000000) (234.000000 -1280.000000 800.000000) 
4 238 239 (624.000000 -1360.000000 808.000000) (624.000000 -1360.000000 832.000000) (621.000000 -1360.000000 832.000000) (621.000000 -1360.000000 808.000000) 
4 238 240 (621.000000 -1360.000000 672.000000) (624.000000 -1360.000000 672.000000) (624.000000 -1360.000000 696.000000) (621.000000 -1360.000000 696.000000) 
4 238 242 (176.000000 -1360.000000 832.000000) (176.000000 -1360.000000 672.000000) (621.000000 -1360.000000 672.000000) (621.000000 -1360.000000 832.000000) 
4 239 242 (621.000000 -1568.000000 808.000000) (621.000000 -1568.000000 832.000000) (621.000000 -1360.000000 832.000000) (621.000000 -1360.000000 808.000000) 
4 239 241 (624.000000 -1568.000000 808.000000) (624.000000 -1568.000000 832.000000) (621.000000 -1568.000000 832.000000) (621.000000 -1568.000000 808.000000) 
4 240 241 (621.000000 -1568.000000 672.000000) (624.000000 -1568.000000 672.000000) (624.000000 -1568.000000 696.000000) (621.000000 -1568.000000 696.000000) 
4 240 242 (621.000000 -1360.000000 672.000000) (621.000000 -1568.000000 672.000000) (621.000000 -1568.000000 696.000000) (621.000000 -1360.000000 696.000000) 
4 241 242 (621.000000 -1568.000000 672.000000) (621.000000 -1664.000000 672.000000) (621.000000 -1664.000000 832.000000) (621.000000 -1568.000000 832.000000) 
4 242 243 (176.000000 -1396.000000 672.000000) (176.000000 -1532.000000 672.000000) (176.000000 -1532.000000 772.000000) (176.000000 -1396.000000 772.000000) 
4 243 244 (160.000000 -1396.000000 672.000000) (160.000000 -1532.000000 672.000000) (160.000000 -1532.000000 772.000000) (160.000000 -1396.000000 772.000000) 
4 244 261 (0.000000 -1404.000000 672.000000) (0.000000 -1540.000000 672.000000) (0.000000 -1540.000000 772.000000) (0.000000 -1404.000000 772.000000) 
4 244 260 (0.000000 -1252.000000 800.000000) (0.000000 -1252.000000 672.000000) (0.000000 -1264.000000 672.000000) (0.000000 -1264.000000 800.000000) 
4 245 272 (-608.000000 -224.000000 800.000000) (-608.000000 -224.000000 672.000000) (-608.000000 -352.000000 672.000000) (-608.000000 -352.000000 800.000000) 
4 245 246 (-608.000000 -352.000000 672.000000) (-128.000000 -352.000000 672.000000) (-128.000000 -352.000000 800.000000) (-608.000000 -352.000000 800.000000) 
4 246 272 (-608.000000 -352.000000 672.000000) (-608.000000 -384.000000 672.000000) (-608.000000 -384.000000 800.000000) (-608.000000 -352.000000 800.000000) 
4 246 252 (-576.000000 -384.000000 672.000000) (-352.000000 -384.000000 672.000000) (-352.000000 -384.000000 800.000000) (-576.000000 -384.000000 800.000000) 
4 246 251 (-252.000000 -384.000000 672.000000) (-180.000000 -384.000000 672.000000) (-180.000000 -384.000000 772.000000) (-252.000000 -384.000000 772.000000) 
4 247 254 (-16.000000 -712.000000 672.000000) (-16.000000 -912.000000 672.000000) (-16.000000 -912.000000 800.000000) (-16.000000 -712.000000 800.000000) 
4 248 249 (-3.000000 -1008.000000 672.000000) (-3.000000 -1072.000000 672.000000) (-3.000000 -1072.000000 768.000000) (-3.000000 -1008.000000 768.000000) 
4 249 250 (-11.000000 -1008.000000 672.000000) (-11.000000 -1072.000000 672.000000) (-11.000000 -1072.000000 768.000000) (-11.000000 -1008.000000 768.000000) 
4 250 254 (-16.000000 -1004.000000 672.000000) (-16.000000 -1008.000000 672.000000) (-16.000000 -1008.000000 772.000000) (-16.000000 -1004.000000 772.000000) 
4 250 258 (-16.000000 -1008.000000 672.000000) (-16.000000 -1076.000000 672.000000) (-16.000000 -1076.000000 772.000000) (-16.000000 -1008.000000 772.000000) 
4 251 253 (-252.000000 -400.000000 672.000000) (-180.000000 -400.000000 672.000000) (-180.000000 -400.000000 772.000000) (-252.000000 -400.000000 772.000000) 
4 252 253 (-576.000000 -400.000000 672.000000) (-352.000000 -400.000000 672.000000) (-352.000000 -400.000000 800.000000) (-576.000000 -400.000000 800.000000) 
4 253 274 (-608.000000 -400.000000 672.000000) (-608.000000 -576.000000 672.000000) (-608.000000 -576.000000 800.000000) (-608.000000 -400.000000 800.000000) 
4 254 256 (-589.000000 -1008.000000 808.000000) (-589.000000 -1008.000000 832.000000) (-589.000000 -800.000000 832.000000) (-589.000000 -800.000000 808.000000) 
4 254 257 (-589.000000 -800.000000 672.000000) (-589.000000 -1008.000000 672.000000) (-589.000000 -1008.000000 696.000000) (-589.000000 -800.000000 696.000000) 
4 254 255 (-589.000000 -704.000000 832.000000) (-589.000000 -704.000000 672.000000) (-589.000000 -800.000000 672.000000) (-589.000000 -800.000000 832.000000) 
4 254 258 (-589.000000 -1008.000000 672.000000) (-16.000000 -1008.000000 672.000000) (-16.000000 -1008.000000 832.000000) (-589.000000 -1008.000000 832.000000) 
4 255 256 (-589.000000 -800.000000 808.000000) (-589.000000 -800.000000 832.000000) (-592.000000 -800.000000 832.000000) (-592.000000 -800.000000 808.000000) 
4 255 257 (-592.000000 -800.000000 672.000000) (-589.000000 -800.000000 672.000000) (-589.000000 -800.000000 696.000000) (-592.000000 -800.000000 696.000000) 
4 256 258 (-589.000000 -1008.000000 808.000000) (-589.000000 -1008.000000 832.000000) (-592.000000 -1008.000000 832.000000) (-592.000000 -1008.000000 808.000000) 
4 257 258 (-592.000000 -1008.000000 672.000000) (-589.000000 -1008.000000 672.000000) (-589.000000 -1008.000000 696.000000) (-592.000000 -1008.000000 696.000000) 
4 258 259 (-520.000000 -1088.000000 672.000000) (-72.000000 -1088.000000 672.000000) (-72.000000 -1088.000000 800.000000) (-520.000000 -1088.000000 800.000000) 
4 259 260 (-520.000000 -1104.000000 672.000000) (-72.000000 -1104.000000 672.000000) (-72.000000 -1104.000000 800.000000) (-520.000000 -1104.000000 800.000000) 
4 260 315 (-608.000000 -1104.000000 672.000000) (-608.000000 -1264.000000 672.000000) (-608.000000 -1264.000000 800.000000) (-608.000000 -1104.000000 800.000000) 
4 260 262 (-520.000000 -1264.000000 672.000000) (-72.000000 -1264.000000 672.000000) (-72.000000 -1264.000000 800.000000) (-520.000000 -1264.000000 800.000000) 
4 261 264 (-16.000000 -1404.000000 672.000000) (-16.000000 -1540.000000 672.000000) (-16.000000 -1540.000000 772.000000) (-16.000000 -1404.000000 772.000000) 
4 262 263 (-520.000000 -1280.000000 672.000000) (-72.000000 -1280.000000 672.000000) (-72.000000 -1280.000000 800.000000) (-520.000000 -1280.000000 800.000000) 
4 263 265 (-589.000000 -1360.000000 808.000000) (-589.000000 -1360.000000 832.000000) (-592.000000 -1360.000000 832.000000) (-592.000000 -1360.000000 808.000000) 
4 263 266 (-592.000000 -1360.000000 672.000000) (-589.000000 -1360.000000 672.000000) (-589.000000 -1360.000000 696.000000) (-592.000000 -1360.000000 696.000000) 
4 263 264 (-589.000000 -1360.000000 672.000000) (-16.000000 -1360.000000 672.000000) (-16.000000 -1360.000000 832.000000) (-589.000000 -1360.000000 832.000000) 
4 264 268 (-408.000000 -1568.000000 672.000000) (-200.000000 -1568.000000 672.000000) (-200.000000 -1568.000000 832.000000) (-408.000000 -1568.000000 832.000000) 
4 264 267 (-200.000000 -1568.000000 672.000000) (-16.000000 -1568.000000 672.000000) (-16.000000 -1568.000000 832.000000) (-200.000000 -1568.000000 832.000000) 
4 264 271 (-589.000000 -1568.000000 672.000000) (-408.000000 -1568.000000 672.000000) (-408.000000 -1568.000000 832.000000) (-589.000000 -1568.000000 832.000000) 
4 264 265 (-589.000000 -1568.000000 808.000000) (-589.000000 -1568.000000 832.000000) (-589.000000 -1360.000000 832.000000) (-589.000000 -1360.000000 808.000000) 
4 264 266 (-589.000000 -1360.000000 672.000000) (-589.000000 -1568.000000 672.000000) (-589.000000 -1568.000000 696.000000) (-589.000000 -1360.000000 696.000000) 
4 265 271 (-592.000000 -1568.000000 832.000000) (-592.000000 -1568.000000 808.000000) (-589.000000 -1568.000000 808.000000) (-589.000000 -1568.000000 832.000000) 
4 266 271 (-592.000000 -1568.000000 696.000000) (-592.000000 -1568.000000 672.000000) (-589.000000 -1568.000000 672.000000) (-589.000000 -1568.000000 696.000000) 
4 267 270 (-200.000000 -1661.000000 672.000000) (-200.000000 -1664.000000 672.000000) (-200.000000 -1664.000000 696.000000) (-200.000000 -1661.000000 696.000000) 
4 267 269 (-200.000000 -1664.000000 808.000000) (-200.000000 -1664.000000 832.000000) (-200.000000 -1661.000000 832.000000) (-200.000000 -1661.000000 808.000000) 
4 267 268 (-200.000000 -1568.000000 672.000000) (-200.000000 -1661.000000 672.000000) (-200.000000 -1661.000000 832.000000) (-200.000000 -1568.000000 832.000000) 
4 268 270 (-408.000000 -1661.000000 696.000000) (-408.000000 -1661.000000 672.000000) (-200.000000 -1661.000000 672.000000) (-200.000000 -1661.000000 696.000000) 
4 268 269 (-408.000000 -1661.000000 832.000000) (-408.000000 -1661.000000 808.000000) (-200.000000 -1661.000000 808.000000) (-200.000000 -1661.000000 832.000000) 
4 268 271 (-408.000000 -1568.000000 832.000000) (-408.000000 -1568.000000 672.000000) (-408.000000 -1661.000000 672.000000) (-408.000000 -1661.000000 832.000000) 
4 269 271 (-408.000000 -1664.000000 808.000000) (-408.000000 -1664.000000 832.000000) (-408.000000 -1661.000000 832.000000) (-408.000000 -1661.000000 808.000000) 
4 270 271 (-408.000000 -1661.000000 672.000000) (-408.000000 -1664.000000 672.000000) (-408.000000 -1664.000000 696.000000) (-408.000000 -1661.000000 696.000000) 
4 272 285 (-1152.000000 -384.000000 800.000000) (-1152.000000 -224.000000 800.000000) (-1152.000000 -224.000000 672.000000) (-1152.000000 -384.000000 672.000000) 
4 272 273 (-960.000000 -384.000000 672.000000) (-736.000000 -384.000000 672.000000) (-736.000000 -384.000000 800.000000) (-960.000000 -384.000000 800.000000) 
4 272 279 (-1152.000000 -384.000000 800.000000) (-1152.000000 -384.000000 672.000000) (-1024.000000 -384.000000 672.000000) (-1024.000000 -384.000000 800.000000) 
4 273 275 (-960.000000 -400.000000 672.000000) (-736.000000 -400.000000 672.000000) (-736.000000 -400.000000 800.000000) (-960.000000 -400.000000 800.000000) 
4 275 276 (-1008.000000 -444.000000 672.000000) (-1008.000000 -516.000000 672.000000) (-1008.000000 -516.000000 772.000000) (-1008.000000 -444.000000 772.000000) 
4 276 277 (-1012.000000 -448.000000 672.000000) (-1012.000000 -512.000000 672.000000) (-1012.000000 -512.000000 768.000000) (-1012.000000 -448.000000 768.000000) 
4 277 278 (-1020.000000 -448.000000 672.000000) (-1020.000000 -512.000000 672.000000) (-1020.000000 -512.000000 768.000000) (-1020.000000 -448.000000 768.000000) 
4 278 279 (-1024.000000 -444.000000 672.000000) (-1024.000000 -516.000000 672.000000) (-1024.000000 -516.000000 772.000000) (-1024.000000 -444.000000 772.000000) 
4 279 288 (-1152.000000 -576.000000 800.000000) (-1152.000000 -384.000000 800.000000) (-1152.000000 -384.000000 672.000000) (-1152.000000 -576.000000 672.000000) 
4 279 280 (-1152.000000 -576.000000 672.000000) (-1080.000000 -576.000000 672.000000) (-1080.000000 -576.000000 772.000000) (-1152.000000 -576.000000 772.000000) 
4 280 281 (-1148.000000 -581.000000 672.000000) (-1084.000000 -581.000000 672.000000) (-1084.000000 -581.000000 768.000000) (-1148.000000 -581.000000 768.000000) 
4 281 282 (-1148.000000 -589.000000 672.000000) (-1084.000000 -589.000000 672.000000) (-1084.000000 -589.000000 768.000000) (-1148.000000 -589.000000 768.000000) 
4 282 283 (-1152.000000 -592.000000 772.000000) (-1152.000000 -592.000000 672.000000) (-1080.000000 -592.000000 672.000000) (-1080.000000 -592.000000 772.000000) 
4 283 289 (-1152.000000 -704.000000 800.000000) (-1152.000000 -592.000000 800.000000) (-1152.000000 -592.000000 672.000000) (-1152.000000 -704.000000 672.000000) 
4 283 284 (-1152.000000 -704.000000 672.000000) (-1024.000000 -704.000000 672.000000) (-1024.000000 -704.000000 800.000000) (-1152.000000 -704.000000 800.000000) 
4 284 321 (-960.000000 -864.000000 800.000000) (-1152.000000 -864.000000 800.000000) (-1152.000000 -864.000000 672.000000) (-960.000000 -864.000000 672.000000) 
4 284 320 (-872.000000 -864.000000 772.000000) (-872.000000 -864.000000 672.000000) (-800.000000 -864.000000 672.000000) (-800.000000 -864.000000 772.000000) 
4 284 315 (-608.000000 -864.000000 672.000000) (-608.000000 -864.000000 800.000000) (-768.000000 -864.000000 800.000000) (-768.000000 -864.000000 672.000000) 
4 284 302 (-1152.000000 -864.000000 672.000000) (-1152.000000 -864.000000 800.000000) (-1152.000000 -704.000000 800.000000) (-1152.000000 -704.000000 672.000000) 
4 285 293 (-1242.000000 -384.000000 800.000000) (-1376.000000 -384.000000 800.000000) (-1376.000000 -384.000000 672.000000) (-1242.000000 -384.000000 672.000000) 
4 285 288 (-1152.000000 -384.000000 672.000000) (-1152.000000 -384.000000 800.000000) (-1216.000000 -384.000000 800.000000) (-1216.000000 -384.000000 672.000000) 
4 285 286 (-1400.000000 -272.000000 672.000000) (-1400.000000 -336.000000 672.000000) (-1400.000000 -336.000000 768.000000) (-1400.000000 -272.000000 768.000000) 
4 286 287 (-1408.000000 -272.000000 672.000000) (-1408.000000 -336.000000 672.000000) (-1408.000000 -336.000000 768.000000) (-1408.000000 -272.000000 768.000000) 
4 287 306 (-1664.000000 -224.000000 800.000000) (-1664.000000 -224.000000 672.000000) (-1664.000000 -384.000000 672.000000) (-1664.000000 -384.000000 800.000000) 
4 287 294 (-1432.000000 -384.000000 800.000000) (-1566.000000 -384.000000 800.000000) (-1566.000000 -384.000000 672.000000) (-1432.000000 -384.000000 672.000000) 
4 288 290 (-1216.000000 -444.000000 772.000000) (-1216.000000 -444.000000 672.000000) (-1216.000000 -516.000000 672.000000) (-1216.000000 -516.000000 772.000000) 
4 289 302 (-1216.000000 -704.000000 672.000000) (-1152.000000 -704.000000 672.000000) (-1152.000000 -704.000000 800.000000) (-1216.000000 -704.000000 800.000000) 
4 290 291 (-1220.000000 -448.000000 672.000000) (-1220.000000 -512.000000 672.000000) (-1220.000000 -512.000000 768.000000) (-1220.000000 -448.000000 768.000000) 
4 291 292 (-1228.000000 -448.000000 672.000000) (-1228.000000 -512.000000 672.000000) (-1228.000000 -512.000000 768.000000) (-1228.000000 -448.000000 768.000000) 
4 292 295 (-1232.000000 -444.000000 772.000000) (-1232.000000 -444.000000 672.000000) (-1232.000000 -516.000000 672.000000) (-1232.000000 -516.000000 772.000000) 
4 293 295 (-1376.000000 -400.000000 672.000000) (-1242.000000 -400.000000 672.000000) (-1242.000000 -400.000000 800.000000) (-1376.000000 -400.000000 800.000000) 
4 294 295 (-1566.000000 -400.000000 672.000000) (-1432.000000 -400.000000 672.000000) (-1432.000000 -400.000000 800.000000) (-1566.000000 -400.000000 800.000000) 
4 295 299 (-1648.000000 -516.000000 672.000000) (-1232.000000 -516.000000 672.000000) (-1232.000000 -516.000000 800.000000) (-1648.000000 -516.000000 800.000000) 
4 295 296 (-1648.000000 -444.000000 672.000000) (-1648.000000 -516.000000 672.000000) (-1648.000000 -516.000000 772.000000) (-1648.000000 -444.000000 772.000000) 
4 296 297 (-1652.000000 -448.000000 672.000000) (-1652.000000 -512.000000 672.000000) (-1652.000000 -512.000000 768.000000) (-1652.000000 -448.000000 768.000000) 
4 297 298 (-1660.000000 -448.000000 672.000000) (-1660.000000 -512.000000 672.000000) (-1660.000000 -512.000000 768.000000) (-1660.000000 -448.000000 768.000000) 
4 298 306 (-1664.000000 -444.000000 672.000000) (-1664.000000 -516.000000 672.000000) (-1664.000000 -516.000000 772.000000) (-1664.000000 -444.000000 772.000000) 
4 300 301 (-1612.000000 -688.000000 672.000000) (-1548.000000 -688.000000 672.000000) (-1548.000000 -688.000000 768.000000) (-1612.000000 -688.000000 768.000000) 
4 301 305 (-1612.000000 -704.000000 672.000000) (-1548.000000 -704.000000 672.000000) (-1548.000000 -704.000000 768.000000) (-1612.000000 -704.000000 768.000000) 
4 302 328 (-1408.000000 -864.000000 672.000000) (-1376.000000 -864.000000 672.000000) (-1376.000000 -864.000000 800.000000) (-1408.000000 -864.000000 800.000000) 
4 302 327 (-1356.000000 -864.000000 672.000000) (-1284.000000 -864.000000 672.000000) (-1284.000000 -864.000000 772.000000) (-1356.000000 -864.000000 772.000000) 
4 302 321 (-1184.000000 -864.000000 672.000000) (-1152.000000 -864.000000 672.000000) (-1152.000000 -864.000000 800.000000) (-1184.000000 -864.000000 800.000000) 
4 302 304 (-1408.000000 -782.000000 672.000000) (-1408.000000 -864.000000 672.000000) (-1408.000000 -864.000000 800.000000) (-1408.000000 -782.000000 800.000000) 
4 302 303 (-1408.000000 -704.000000 800.000000) (-1408.000000 -704.000000 672.000000) (-1408.000000 -782.000000 672.000000) (-1408.000000 -782.000000 800.000000) 
4 303 305 (-1472.000000 -704.000000 672.000000) (-1472.000000 -782.000000 672.000000) (-1472.000000 -782.000000 800.000000) (-1472.000000 -704.000000 800.000000) 
4 303 304 (-1472.000000 -782.000000 800.000000) (-1472.000000 -782.000000 672.000000) (-1408.000000 -782.000000 672.000000) (-1408.000000 -782.000000 800.000000) 
4 304 328 (-1472.000000 -864.000000 672.000000) (-1408.000000 -864.000000 672.000000) (-1408.000000 -864.000000 800.000000) (-1472.000000 -864.000000 800.000000) 
4 304 305 (-1472.000000 -782.000000 672.000000) (-1472.000000 -864.000000 672.000000) (-1472.000000 -864.000000 800.000000) (-1472.000000 -782.000000 800.000000) 
4 305 328 (-1600.000000 -864.000000 672.000000) (-1472.000000 -864.000000 672.000000) (-1472.000000 -864.000000 800.000000) (-1600.000000 -864.000000 800.000000) 
4 305 307 (-1664.000000 -704.000000 672.000000) (-1664.000000 -864.000000 672.000000) (-1664.000000 -864.000000 800.000000) (-1664.000000 -704.000000 800.000000) 
4 306 309 (-1792.000000 -448.000000 672.000000) (-1792.000000 -512.000000 672.000000) (-1792.000000 -512.000000 768.000000) (-1792.000000 -448.000000 768.000000) 
4 306 308 (-1792.000000 -224.000000 672.000000) (-1792.000000 -384.000000 672.000000) (-1792.000000 -384.000000 800.000000) (-1792.000000 -224.000000 800.000000) 
4 307 329 (-1792.000000 -864.000000 672.000000) (-1696.000000 -864.000000 672.000000) (-1696.000000 -864.000000 800.000000) (-1792.000000 -864.000000 800.000000) 
4 307 312 (-1792.000000 -704.000000 672.000000) (-1792.000000 -864.000000 672.000000) (-1792.000000 -864.000000 800.000000) (-1792.000000 -704.000000 800.000000) 
4 308 311 (-1936.000000 -224.000000 672.000000) (-1936.000000 -384.000000 672.000000) (-1936.000000 -384.000000 800.000000) (-1936.000000 -224.000000 800.000000) 
4 309 310 (-1800.000000 -448.000000 672.000000) (-1800.000000 -512.000000 672.000000) (-1800.000000 -512.000000 768.000000) (-1800.000000 -448.000000 768.000000) 
4 311 313 (-2080.000000 -272.000000 672.000000) (-2080.000000 -704.000000 672.000000) (-2080.000000 -704.000000 800.000000) (-2080.000000 -272.000000 800.000000) 
4 311 312 (-2080.000000 -704.000000 800.000000) (-2080.000000 -704.000000 672.000000) (-1936.000000 -704.000000 672.000000) (-1936.000000 -704.000000 800.000000) 
4 312 332 (-2036.000000 -864.000000 672.000000) (-1964.000000 -864.000000 672.000000) (-1964.000000 -864.000000 772.000000) (-2036.000000 -864.000000 772.000000) 
4 312 329 (-1920.000000 -864.000000 672.000000) (-1792.000000 -864.000000 672.000000) (-1792.000000 -864.000000 800.000000) (-1920.000000 -864.000000 800.000000) 
4 312 313 (-2080.000000 -704.000000 672.000000) (-2080.000000 -808.000000 672.000000) (-2080.000000 -808.000000 800.000000) (-2080.000000 -704.000000 800.000000) 
4 313 314 (-2096.000000 -272.000000 672.000000) (-2096.000000 -808.000000 672.000000) (-2096.000000 -808.000000 800.000000) (-2096.000000 -272.000000 800.000000) 
4 315 323 (-768.000000 -1104.000000 672.000000) (-768.000000 -1264.000000 672.000000) (-768.000000 -1264.000000 800.000000) (-768.000000 -1104.000000 800.000000) 
4 315 316 (-724.000000 -1344.000000 672.000000) (-652.000000 -1344.000000 672.000000) (-652.000000 -1344.000000 772.000000) (-724.000000 -1344.000000 772.000000) 
4 316 317 (-720.000000 -1349.000000 672.000000) (-656.000000 -1349.000000 672.000000) (-656.000000 -1349.000000 768.000000) (-720.000000 -1349.000000 768.000000) 
4 317 318 (-720.000000 -1357.000000 672.000000) (-656.000000 -1357.000000 672.000000) (-656.000000 -1357.000000 768.000000) (-720.000000 -1357.000000 768.000000) 
4 318 319 (-724.000000 -1360.000000 672.000000) (-652.000000 -1360.000000 672.000000) (-652.000000 -1360.000000 772.000000) (-724.000000 -1360.000000 772.000000) 
4 320 322 (-872.000000 -880.000000 672.000000) (-800.000000 -880.000000 672.000000) (-800.000000 -880.000000 772.000000) (-872.000000 -880.000000 772.000000) 
4 321 322 (-1184.000000 -880.000000 672.000000) (-960.000000 -880.000000 672.000000) (-960.000000 -880.000000 800.000000) (-1184.000000 -880.000000 800.000000) 
4 323 324 (-928.000000 -1156.000000 672.000000) (-928.000000 -1220.000000 672.000000) (-928.000000 -1220.000000 768.000000) (-928.000000 -1156.000000 768.000000) 
4 324 325 (-936.000000 -1156.000000 672.000000) (-936.000000 -1220.000000 672.000000) (-936.000000 -1220.000000 768.000000) (-936.000000 -1156.000000 768.000000) 
4 325 326 (-976.000000 -1152.000000 672.000000) (-976.000000 -1224.000000 672.000000) (-976.000000 -1224.000000 800.000000) (-976.000000 -1152.000000 800.000000) 
4 327 330 (-1356.000000 -880.000000 672.000000) (-1284.000000 -880.000000 672.000000) (-1284.000000 -880.000000 772.000000) (-1356.000000 -880.000000 772.000000) 
4 328 330 (-1600.000000 -880.000000 672.000000) (-1376.000000 -880.000000 672.000000) (-1376.000000 -880.000000 800.000000) (-1600.000000 -880.000000 800.000000) 
4 329 331 (-1920.000000 -880.000000 672.000000) (-1696.000000 -880.000000 672.000000) (-1696.000000 -880.000000 800.000000) (-1920.000000 -880.000000 800.000000) 
4 331 333 (-1920.000000 -1056.000000 800.000000) (-1920.000000 -880.000000 800.000000) (-1920.000000 -880.000000 672.000000) (-1920.000000 -1056.000000 672.000000) 
4 332 333 (-2036.000000 -880.000000 672.000000) (-1964.000000 -880.000000 672.000000) (-1964.000000 -880.000000 772.000000) (-2036.000000 -880.000000 772.000000) 
4 334 341 (928.000000 224.000000 224.000000) (1120.000000 224.000000 224.000000) (1120.000000 224.000000 416.000000) (928.000000 224.000000 416.000000) 
4 334 338 (928.000000 640.000000 224.000000) (1120.000000 640.000000 224.000000) (1120.000000 224.000000 224.000000) (928.000000 224.000000 224.000000) 
4 334 336 (928.000000 640.000000 360.000000) (928.000000 640.000000 224.000000) (928.000000 224.000000 224.000000) (928.000000 224.000000 360.000000) 
4 335 350 (672.000000 256.000000 416.000000) (672.000000 448.000000 416.000000) (672.000000 448.000000 360.000000) (672.000000 256.000000 360.000000) 
4 335 345 (672.000000 448.000000 416.000000) (672.000000 640.000000 416.000000) (672.000000 640.000000 360.000000) (672.000000 448.000000 360.000000) 
4 335 337 (672.000000 256.000000 360.000000) (672.000000 640.000000 360.000000) (736.000000 640.000000 360.000000) (736.000000 256.000000 360.000000) 
4 335 336 (736.000000 640.000000 360.000000) (896.000000 640.000000 360.000000) (896.000000 256.000000 360.000000) (736.000000 256.000000 360.000000) 
4 336 341 (736.000000 224.000000 224.000000) (928.000000 224.000000 224.000000) (928.000000 224.000000 360.000000) (736.000000 224.000000 360.000000) 
4 336 337 (736.000000 256.000000 360.000000) (736.000000 640.000000 360.000000) (736.000000 640.000000 224.000000) (736.000000 256.000000 224.000000) 
4 337 350 (672.000000 448.000000 224.000000) (672.000000 256.000000 224.000000) (672.000000 256.000000 360.000000) (672.000000 448.000000 360.000000) 
4 337 345 (672.000000 640.000000 360.000000) (672.000000 640.000000 224.000000) (672.000000 448.000000 224.000000) (672.000000 448.000000 360.000000) 
4 338 341 (1120.000000 224.000000 128.000000) (1120.000000 224.000000 224.000000) (928.000000 224.000000 224.000000) (928.000000 224.000000 128.000000) 
4 338 339 (928.000000 640.000000 128.000000) (1120.000000 640.000000 128.000000) (1120.000000 512.000000 128.000000) (928.000000 512.000000 128.000000) 
4 340 364 (672.000000 640.000000 192.000000) (672.000000 640.000000 -0.000000) (672.000000 448.000000 0.000000) (672.000000 448.000000 192.000000) 
4 341 342 (720.000000 224.000000 416.000000) (720.000000 224.000000 224.000000) (720.000000 32.000000 224.000000) (720.000000 32.000000 416.000000) 
4 342 358 (672.000000 32.000000 224.000000) (672.000000 32.000000 416.000000) (672.000000 224.000000 416.000000) (672.000000 224.000000 224.000000) 
4 343 347 (-256.000000 640.000000 416.000000) (368.000000 640.000000 416.000000) (368.000000 448.000000 416.000000) (-256.000000 448.000000 416.000000) 
4 343 344 (376.000000 448.000000 448.000000) (-256.000000 448.000000 448.000000) (-256.000000 448.000000 416.000000) (376.000000 448.000000 416.000000) 
4 344 352 (-240.000000 448.000000 416.000000) (352.000000 448.000000 416.000000) (352.000000 440.000000 416.000000) (-240.000000 440.000000 416.000000) 
4 345 350 (672.000000 448.000000 224.000000) (672.000000 448.000000 416.000000) (392.000000 448.000000 416.000000) (392.000000 448.000000 224.000000) 
4 345 346 (376.000000 640.000000 372.000000) (376.000000 640.000000 268.000000) (376.000000 448.000000 268.000000) (376.000000 448.000000 372.000000) 
4 346 347 (368.000000 448.000000 268.000000) (368.000000 448.000000 372.000000) (368.000000 640.000000 372.000000) (368.000000 640.000000 268.000000) 
4 347 367 (-256.000000 640.000000 224.000000) (368.000000 640.000000 224.000000) (368.000000 448.000000 224.000000) (-256.000000 448.000000 224.000000) 
4 347 352 (352.000000 448.000000 416.000000) (-240.000000 448.000000 416.000000) (-240.000000 448.000000 224.000000) (352.000000 448.000000 224.000000) 
4 347 348 (-256.000000 640.000000 372.000000) (-256.000000 640.000000 268.000000) (-256.000000 448.000000 268.000000) (-256.000000 448.000000 372.000000) 
4 348 349 (-264.000000 448.000000 268.000000) (-264.000000 448.000000 372.000000) (-264.000000 640.000000 372.000000) (-264.000000 640.000000 268.000000) 
4 349 370 (-320.000000 640.000000 416.000000) (-320.000000 640.000000 224.000000) (-320.000000 448.000000 224.000000) (-320.000000 448.000000 416.000000) 
4 349 355 (-280.000000 448.000000 416.000000) (-320.000000 448.000000 416.000000) (-320.000000 448.000000 224.000000) (-280.000000 448.000000 224.000000) 
4 350 357 (544.000000 256.000000 224.000000) (672.000000 256.000000 224.000000) (672.000000 256.000000 324.000000) (544.000000 256.000000 324.000000) 
4 350 351 (392.000000 424.000000 224.000000) (392.000000 256.000000 224.000000) (392.000000 256.000000 416.000000) (392.000000 424.000000 416.000000) 
4 351 354 (352.000000 424.000000 224.000000) (352.000000 256.000000 224.000000) (352.000000 256.000000 416.000000) (352.000000 424.000000 416.000000) 
4 352 353 (352.000000 440.000000 264.000000) (352.000000 440.000000 376.000000) (-240.000000 440.000000 376.000000) (-240.000000 440.000000 264.000000) 
4 353 354 (-240.000000 432.000000 376.000000) (-240.000000 432.000000 264.000000) (352.000000 432.000000 264.000000) (352.000000 432.000000 376.000000) 
4 354 356 (-240.000000 424.000000 224.000000) (-240.000000 256.000000 224.000000) (-240.000000 256.000000 416.000000) (-240.000000 424.000000 416.000000) 
4 355 370 (-320.000000 448.000000 224.000000) (-320.000000 424.000000 224.000000) (-320.000000 424.000000 416.000000) (-320.000000 448.000000 416.000000) 
4 355 356 (-280.000000 424.000000 416.000000) (-320.000000 424.000000 416.000000) (-320.000000 424.000000 224.000000) (-280.000000 424.000000 224.000000) 
4 356 370 (-320.000000 424.000000 224.000000) (-320.000000 256.000000 224.000000) (-320.000000 256.000000 416.000000) (-320.000000 424.000000 416.000000) 
4 357 358 (672.000000 224.000000 224.000000) (672.000000 224.000000 324.000000) (544.000000 224.000000 324.000000) (544.000000 224.000000 224.000000) 
4 358 359 (528.000000 164.000000 224.000000) (528.000000 92.000000 224.000000) (528.000000 92.000000 324.000000) (528.000000 164.000000 324.000000) 
4 359 360 (524.000000 160.000000 224.000000) (524.000000 96.000000 224.000000) (524.000000 96.000000 320.000000) (524.000000 160.000000 320.000000) 
4 360 361 (516.000000 160.000000 224.000000) (516.000000 96.000000 224.000000) (516.000000 96.000000 320.000000) (516.000000 160.000000 320.000000) 
4 361 362 (512.000000 164.000000 224.000000) (512.000000 92.000000 224.000000) (512.000000 92.000000 324.000000) (512.000000 164.000000 324.000000) 
4 362 363 (128.000000 32.000000 352.000000) (128.000000 32.000000 448.000000) (128.000000 224.000000 448.000000) (128.000000 224.000000 352.000000) 
4 364 366 (376.000000 640.000000 96.000000) (376.000000 640.000000 -0.000000) (376.000000 592.000000 0.000000) (376.000000 592.000000 96.000000) 
4 365 367 (368.000000 448.000000 192.000000) (368.000000 448.000000 224.000000) (368.000000 640.000000 224.000000) (368.000000 640.000000 192.000000) 
4 366 367 (368.000000 640.000000 0.000000) (368.000000 592.000000 0.000000) (368.000000 592.000000 96.000000) (368.000000 640.000000 96.000000) 
4 367 368 (-256.000000 640.000000 96.000000) (-256.000000 640.000000 -0.000000) (-256.000000 592.000000 0.000000) (-256.000000 592.000000 96.000000) 
4 368 369 (-264.000000 640.000000 0.000000) (-264.000000 592.000000 0.000000) (-264.000000 592.000000 96.000000) (-264.000000 640.000000 96.000000) 
4 369 371 (-320.000000 640.000000 192.000000) (-320.000000 640.000000 -0.000000) (-320.000000 448.000000 0.000000) (-320.000000 448.000000 192.000000) 
4 371 372 (-768.000000 580.000000 0.000000) (-768.000000 508.000000 0.000000) (-768.000000 508.000000 100.000000) (-768.000000 580.000000 100.000000) 
4 372 373 (-780.000000 512.000000 96.000000) (-780.000000 576.000000 96.000000) (-780.000000 576.000000 0.000000) (-780.000000 512.000000 0.000000) 
4 373 374 (-788.000000 576.000000 0.000000) (-788.000000 512.000000 0.000000) (-788.000000 512.000000 96.000000) (-788.000000 576.000000 96.000000) 
4 374 375 (-800.000000 580.000000 0.000000) (-800.000000 508.000000 0.000000) (-800.000000 508.000000 100.000000) (-800.000000 580.000000 100.000000) 
