hlcsg v3.4 VL33 (Feb  2 2014)
Zoner's Half-Life Compilation Tools -- Custom Build
Based on code modifications by Sean 'Zoner' Cavanaugh
Based on Valve's version, modified with permission.
Submit detailed bug reports to (vluzacn@163.com)
-----  BEGIN  hlcsg -----
Command line: "C:\Users\Ezry.000\Desktop\HALF LIFE 1 MAPPING\COMPILE TOOLS\hlcsg.exe" "C:\Program Files (x86)\Steam\steamapps\common\Half-Life\KEA1989\maps\accounting" 
Arguments: "C:\Program Files (x86)\Steam\steamapps\common\Half-Life\KEA1989\maps\accounting" -low -wadautodetect 
Entering C:\Program Files (x86)\Steam\steamapps\common\Half-Life\KEA1989\maps\accounting.map

Current hlcsg Settings
Name                 |  Setting  |  Default
---------------------|-----------|-------------------------
threads               [       6 ] [  Varies ]
verbose               [     off ] [     off ]
log                   [      on ] [      on ]
reset logfile         [      on ] [      on ]
developer             [       0 ] [       0 ]
chart                 [     off ] [     off ]
estimate              [     off ] [     off ]
max texture memory    [ 33554432 ] [ 33554432 ]
max lighting memory   [ 50331648 ] [ 50331648 ]
priority              [     Low ] [  Normal ]

noclip                [     off ] [     off ]
null texture stripping[      on ] [      on ]
clipnode economy mode [     off ] [     off ]
clip hull type        [  simple ] [  simple ]
onlyents              [     off ] [     off ]
wadtextures           [      on ] [      on ]
skyclip               [      on ] [      on ]
hullfile              [    None ] [    None ]
wad configuration file[    None ] [    None ]
wad.cfg group name    [    None ] [    None ]
nullfile              [    None ] [    None ]
nullify trigger       [      on ] [      on ]
min surface area      [   0.000 ] [   0.000 ]
brush union threshold [   0.000 ] [   0.000 ]
map scaling           [    None ] [    None ]
light name optimize   [      on ] [      on ]
UTF8 game_text        [      on ] [      on ]

Using mapfile wad configuration
Wadfiles not in use by the map will be excluded
Wadinclude list :
[zhlt.wad]

CreateBrush:
 (7.54 seconds)
CSGBrush:
 (3.01 seconds)

added 37 additional animating textures.
Including Wadfile: \Program Files (x86)\Steam\steamapps\common\Half-Life\KEA1989\zhlt.wad
 - Contains 3 used textures, 1.09 percent of map (12 textures in wad)
Using Wadfile: \Program Files (x86)\Steam\steamapps\common\Half-Life\KEA1989\winfades.wad
 - Contains 2 used textures, 0.73 percent of map (18 textures in wad)
Using Wadfile: \Program Files (x86)\Steam\steamapps\common\Half-Life\valve\halflife.wad
 - Contains 167 used textures, 60.73 percent of map (3113 textures in wad)
Using Wadfile: \Program Files (x86)\Steam\steamapps\common\Half-Life\KEA1989\czde_fastline.wad
 - Contains 10 used textures, 3.64 percent of map (158 textures in wad)
Using Wadfile: \Program Files (x86)\Steam\steamapps\common\Half-Life\KEA1989\czcs_office.wad
 - Contains 34 used textures, 12.36 percent of map (305 textures in wad)
Using Wadfile: \Program Files (x86)\Steam\steamapps\common\Half-Life\KEA1989\deepmind2_ny.wad
 - Contains 59 used textures, 21.45 percent of map (89 textures in wad)

Wad files required to run the map: "winfades.wad;halflife.wad;czde_fastline.wad;czcs_office.wad;deepmind2_ny.wad;"
Texture usage is at 8.25 mb (of 32.00 mb MAX)
11.19 seconds elapsed

-----   END   hlcsg -----



hlvis v3.4 VL33 (Feb  2 2014)
Zoner's Half-Life Compilation Tools -- Custom Build
Based on code modifications by Sean 'Zoner' Cavanaugh
Based on Valve's version, modified with permission.
Submit detailed bug reports to (vluzacn@163.com)
-----  BEGIN  hlvis -----
Command line: "C:\Users\Ezry.000\Desktop\HALF LIFE 1 MAPPING\COMPILE TOOLS\hlvis.exe" "C:\Program Files (x86)\Steam\steamapps\common\Half-Life\KEA1989\maps\accounting" 
Arguments: "C:\Program Files (x86)\Steam\steamapps\common\Half-Life\KEA1989\maps\accounting" -low 
 376 portalleafs
 604 numportals
Error: Corrupted leaf mapping (g_leafcount_all(17391) != g_dmodels[0].visleafs(0)).

-----   END   hlvis -----



