36
49
1
1
20
4
49
1
3
10
10
1
1
14
36
1
9
9
10
2
2
1
11
4
6
1
1
1
1
2
1
2
1
1
1
1
1
1
4 0 9 (896.000000 -224.000000 448.000000) (832.000000 -224.000000 448.000000) (832.000000 -224.000000 -128.000000) (896.000000 -224.000000 -128.000000) 
4 0 1 (832.000000 576.000000 448.000000) (832.000000 576.000000 384.000000) (832.000000 -224.000000 384.000000) (832.000000 -224.000000 448.000000) 
4 1 10 (832.000000 -224.000000 448.000000) (0.000000 -224.000000 448.000000) (0.000000 -224.000000 384.000000) (832.000000 -224.000000 384.000000) 
4 2 11 (512.000000 -224.000000 -128.000000) (832.000000 -224.000000 -128.000000) (832.000000 -224.000000 384.000000) (512.000000 -224.000000 384.000000) 
4 2 4 (512.000000 512.000000 304.000000) (512.000000 512.000000 64.000000) (512.000000 -224.000000 64.000000) (512.000000 -224.000000 304.000000) 
4 2 3 (512.000000 512.000000 384.000000) (512.000000 512.000000 304.000000) (512.000000 -224.000000 304.000000) (512.000000 -224.000000 384.000000) 
4 3 12 (512.000000 -224.000000 304.000000) (512.000000 -224.000000 384.000000) (8.000000 -224.000000 384.000000) (8.000000 -224.000000 304.000000) 
4 3 6 (8.000000 -224.000000 304.000000) (8.000000 -224.000000 384.000000) (8.000000 512.000000 384.000000) (8.000000 512.000000 304.000000) 
4 3 5 (96.000000 -0.000000 304.000000) (96.000000 -224.000000 304.000000) (8.000000 -224.000000 304.000000) (8.000000 -0.000000 304.000000) 
4 3 4 (96.000000 512.000000 304.000000) (512.000000 512.000000 304.000000) (512.000000 -224.000000 304.000000) (96.000000 -224.000000 304.000000) 
4 4 12 (512.000000 -224.000000 64.000000) (512.000000 -224.000000 304.000000) (96.000000 -224.000000 304.000000) (96.000000 -224.000000 64.000000) 
4 4 5 (96.000000 -0.000000 64.000000) (96.000000 -224.000000 64.000000) (96.000000 -224.000000 304.000000) (96.000000 -0.000000 304.000000) 
4 5 12 (96.000000 -224.000000 304.000000) (8.000000 -224.000000 304.000000) (8.000000 -224.000000 64.000000) (96.000000 -224.000000 64.000000) 
4 5 8 (8.000000 -224.000000 144.000000) (8.000000 -224.000000 240.000000) (8.000000 -160.000000 240.000000) (8.000000 -160.000000 144.000000) 
4 5 7 (8.000000 -96.000000 240.000000) (8.000000 -32.000000 240.000000) (8.000000 -32.000000 144.000000) (8.000000 -96.000000 144.000000) 
4 6 13 (0.000000 -224.000000 384.000000) (0.000000 -224.000000 304.000000) (8.000000 -224.000000 304.000000) (8.000000 -224.000000 384.000000) 
4 7 20 (0.000000 -96.000000 240.000000) (0.000000 -32.000000 240.000000) (0.000000 -32.000000 144.000000) (0.000000 -96.000000 144.000000) 
4 8 20 (0.000000 -224.000000 144.000000) (0.000000 -224.000000 240.000000) (0.000000 -160.000000 240.000000) (0.000000 -160.000000 144.000000) 
4 9 10 (832.000000 -224.000000 448.000000) (832.000000 -224.000000 384.000000) (832.000000 -1024.000000 384.000000) (832.000000 -1024.000000 448.000000) 
4 11 12 (512.000000 -224.000000 384.000000) (512.000000 -224.000000 64.000000) (512.000000 -768.000000 64.000000) (512.000000 -768.000000 384.000000) 
4 11 18 (512.000000 -768.000000 -128.000000) (832.000000 -768.000000 -128.000000) (832.000000 -768.000000 384.000000) (512.000000 -768.000000 384.000000) 
4 12 17 (8.000000 -544.000000 64.000000) (8.000000 -768.000000 64.000000) (8.000000 -768.000000 128.000000) (8.000000 -544.000000 128.000000) 
4 12 16 (8.000000 -768.000000 384.000000) (8.000000 -512.000000 384.000000) (8.000000 -512.000000 128.000000) (8.000000 -768.000000 128.000000) 
4 12 15 (8.000000 -416.000000 144.000000) (8.000000 -480.000000 144.000000) (8.000000 -480.000000 240.000000) (8.000000 -416.000000 240.000000) 
4 12 14 (8.000000 -288.000000 144.000000) (8.000000 -352.000000 144.000000) (8.000000 -352.000000 240.000000) (8.000000 -288.000000 240.000000) 
4 12 13 (8.000000 -512.000000 384.000000) (8.000000 -224.000000 384.000000) (8.000000 -224.000000 304.000000) (8.000000 -512.000000 304.000000) 
4 12 18 (512.000000 -768.000000 64.000000) (512.000000 -768.000000 384.000000) (8.000000 -768.000000 384.000000) (8.000000 -768.000000 64.000000) 
4 13 16 (0.000000 -512.000000 384.000000) (0.000000 -512.000000 304.000000) (8.000000 -512.000000 304.000000) (8.000000 -512.000000 384.000000) 
4 14 20 (0.000000 -288.000000 144.000000) (0.000000 -352.000000 144.000000) (0.000000 -352.000000 240.000000) (0.000000 -288.000000 240.000000) 
4 15 20 (0.000000 -416.000000 144.000000) (0.000000 -480.000000 144.000000) (0.000000 -480.000000 240.000000) (0.000000 -416.000000 240.000000) 
4 16 17 (8.000000 -544.000000 128.000000) (8.000000 -768.000000 128.000000) (0.000000 -768.000000 128.000000) (0.000000 -544.000000 128.000000) 
4 16 18 (0.000000 -768.000000 384.000000) (0.000000 -768.000000 128.000000) (8.000000 -768.000000 128.000000) (8.000000 -768.000000 384.000000) 
4 17 18 (0.000000 -768.000000 128.000000) (0.000000 -768.000000 64.000000) (8.000000 -768.000000 64.000000) (8.000000 -768.000000 128.000000) 
4 20 29 (-256.000000 -412.000000 128.000000) (-256.000000 -476.000000 128.000000) (-256.000000 -476.000000 232.000000) (-256.000000 -412.000000 232.000000) 
4 20 27 (-256.000000 -262.000000 128.000000) (-256.000000 -326.000000 128.000000) (-256.000000 -326.000000 232.000000) (-256.000000 -262.000000 232.000000) 
4 20 21 (-256.000000 -32.000000 128.000000) (-256.000000 -128.000000 128.000000) (-256.000000 -128.000000 256.000000) (-256.000000 -32.000000 256.000000) 
4 21 32 (-504.000000 -48.000000 128.000000) (-504.000000 -112.000000 128.000000) (-504.000000 -112.000000 232.000000) (-504.000000 -48.000000 232.000000) 
4 21 22 (-448.000000 -128.000000 128.000000) (-336.000000 -128.000000 128.000000) (-336.000000 -128.000000 232.000000) (-448.000000 -128.000000 232.000000) 
4 22 24 (-352.000000 -192.000000 208.000000) (-336.000000 -192.000000 208.000000) (-336.000000 -184.000000 224.000000) (-352.000000 -184.000000 224.000000) 
4 22 25 (-448.000000 -184.000000 224.000000) (-448.000000 -192.000000 208.000000) (-376.000000 -192.000000 208.000000) (-376.000000 -184.000000 224.000000) 
4 22 23 (-336.000000 -180.000000 232.000000) (-448.000000 -180.000000 232.000000) (-448.000000 -184.000000 224.000000) (-336.000000 -184.000000 224.000000) 
4 23 24 (-336.000000 -184.000000 224.000000) (-336.000000 -192.000000 224.000000) (-352.000000 -192.000000 224.000000) (-352.000000 -184.000000 224.000000) 
4 23 25 (-376.000000 -192.000000 224.000000) (-448.000000 -192.000000 224.000000) (-448.000000 -184.000000 224.000000) (-376.000000 -184.000000 224.000000) 
4 26 28 (-504.000000 -262.000000 256.000000) (-504.000000 -262.000000 128.000000) (-272.000000 -262.000000 128.000000) (-272.000000 -262.000000 256.000000) 
4 27 28 (-272.000000 -262.000000 128.000000) (-272.000000 -326.000000 128.000000) (-272.000000 -326.000000 232.000000) (-272.000000 -262.000000 232.000000) 
4 29 30 (-288.000000 -412.000000 128.000000) (-288.000000 -476.000000 128.000000) (-288.000000 -476.000000 232.000000) (-288.000000 -412.000000 232.000000) 
4 30 31 (-504.000000 -476.000000 256.000000) (-504.000000 -476.000000 128.000000) (-288.000000 -476.000000 128.000000) (-288.000000 -476.000000 256.000000) 
4 32 33 (-512.000000 -48.000000 128.000000) (-512.000000 -112.000000 128.000000) (-512.000000 -112.000000 232.000000) (-512.000000 -48.000000 232.000000) 
4 33 35 (-640.000000 -512.000000 128.000000) (-512.000000 -512.000000 128.000000) (-512.000000 -512.000000 256.000000) (-640.000000 -512.000000 256.000000) 
