19
44
1
1
1
1
1
1
1
1
1
1
1
1
1
1
1
1
1
1
24
4 0 5 (120.000000 256.000000 128.000000) (120.000000 256.000000 127.000000) (120.000000 248.000000 127.000000) (120.000000 248.000000 128.000000) 
4 0 2 (136.000000 248.000000 127.000000) (184.000000 248.000000 127.000000) (184.000000 248.000000 128.000000) (136.000000 248.000000 128.000000) 
4 0 1 (200.000000 248.000000 127.000000) (224.000000 248.000000 127.000000) (224.000000 248.000000 128.000000) (200.000000 248.000000 128.000000) 
4 0 4 (120.000000 248.000000 127.000000) (120.000000 256.000000 127.000000) (224.000000 256.000000 127.000000) (224.000000 248.000000 127.000000) 
4 1 4 (200.000000 248.000000 127.000000) (224.000000 248.000000 127.000000) (224.000000 232.000000 127.000000) (200.000000 232.000000 127.000000) 
4 1 3 (224.000000 232.000000 127.000000) (224.000000 232.000000 128.000000) (200.000000 232.000000 128.000000) (200.000000 232.000000 127.000000) 
4 2 4 (136.000000 248.000000 127.000000) (184.000000 248.000000 127.000000) (184.000000 232.000000 127.000000) (136.000000 232.000000 127.000000) 
4 2 3 (184.000000 232.000000 128.000000) (136.000000 232.000000 128.000000) (136.000000 232.000000 127.000000) (184.000000 232.000000 127.000000) 
4 3 18 (224.000000 224.000000 127.000000) (224.000000 224.000000 128.000000) (120.000000 224.000000 128.000000) (120.000000 224.000000 127.000000) 
4 3 5 (120.000000 232.000000 127.000000) (120.000000 224.000000 127.000000) (120.000000 224.000000 128.000000) (120.000000 232.000000 128.000000) 
4 3 4 (224.000000 224.000000 127.000000) (120.000000 224.000000 127.000000) (120.000000 232.000000 127.000000) (224.000000 232.000000 127.000000) 
4 4 18 (120.000000 224.000000 0.000000) (224.000000 224.000000 0.000000) (224.000000 224.000000 127.000000) (120.000000 224.000000 127.000000) 
4 4 9 (120.000000 256.000000 127.000000) (120.000000 256.000000 0.000000) (120.000000 224.000000 -0.000000) (120.000000 224.000000 127.000000) 
4 5 18 (120.000000 224.000000 127.000000) (120.000000 224.000000 128.000000) (72.000000 224.000000 128.000000) (72.000000 224.000000 127.000000) 
4 5 7 (72.000000 224.000000 127.000000) (72.000000 224.000000 128.000000) (72.000000 232.000000 128.000000) (72.000000 232.000000 127.000000) 
4 5 6 (72.000000 248.000000 128.000000) (72.000000 256.000000 128.000000) (72.000000 256.000000 127.000000) (72.000000 248.000000 127.000000) 
4 5 9 (120.000000 224.000000 127.000000) (72.000000 224.000000 127.000000) (72.000000 256.000000 127.000000) (120.000000 256.000000 127.000000) 
4 6 8 (32.000000 248.000000 127.000000) (56.000000 248.000000 127.000000) (56.000000 248.000000 128.000000) (32.000000 248.000000 128.000000) 
4 6 9 (32.000000 248.000000 127.000000) (32.000000 256.000000 127.000000) (72.000000 256.000000 127.000000) (72.000000 248.000000 127.000000) 
4 7 18 (72.000000 224.000000 128.000000) (56.000000 224.000000 128.000000) (56.000000 224.000000 127.000000) (72.000000 224.000000 127.000000) 
4 7 8 (56.000000 232.000000 127.000000) (56.000000 224.000000 127.000000) (56.000000 224.000000 128.000000) (56.000000 232.000000 128.000000) 
4 7 9 (72.000000 224.000000 127.000000) (56.000000 224.000000 127.000000) (56.000000 232.000000 127.000000) (72.000000 232.000000 127.000000) 
4 8 18 (56.000000 224.000000 128.000000) (32.000000 224.000000 128.000000) (32.000000 224.000000 127.000000) (56.000000 224.000000 127.000000) 
4 8 9 (56.000000 224.000000 127.000000) (32.000000 224.000000 127.000000) (32.000000 248.000000 127.000000) (56.000000 248.000000 127.000000) 
4 9 18 (32.000000 224.000000 0.000000) (120.000000 224.000000 0.000000) (120.000000 224.000000 127.000000) (32.000000 224.000000 127.000000) 
4 10 13 (96.000000 8.000000 132.000000) (96.000000 136.000000 132.000000) (160.000000 136.000000 132.000000) (160.000000 8.000000 132.000000) 
4 10 14 (160.000000 -256.000000 132.000000) (96.000000 -256.000000 132.000000) (96.000000 -8.000000 132.000000) (160.000000 -8.000000 132.000000) 
4 10 12 (96.000000 152.000000 132.000000) (96.000000 224.000000 132.000000) (160.000000 224.000000 132.000000) (160.000000 152.000000 132.000000) 
4 10 15 (96.000000 -256.000000 132.000000) (-0.000000 -256.000000 132.000000) (0.000000 224.000000 132.000000) (96.000000 224.000000 132.000000) 
4 10 11 (256.000000 -256.000000 132.000000) (160.000000 -256.000000 132.000000) (160.000000 224.000000 132.000000) (256.000000 224.000000 132.000000) 
3 11 16 (256.000000 -224.000000 128.000000) (256.000000 -256.000000 128.000000) (224.000000 -256.000000 128.000000) 
5 11 18 (160.000000 224.000000 128.000000) (256.000000 224.000000 128.000000) (256.000000 -224.000000 128.000000) (224.000000 -256.000000 128.000000) (160.000000 -256.000000 128.000000) 
4 11 13 (160.000000 136.000000 128.000000) (160.000000 8.000000 128.000000) (160.000000 8.000000 132.000000) (160.000000 136.000000 132.000000) 
4 11 14 (160.000000 -8.000000 128.000000) (160.000000 -256.000000 128.000000) (160.000000 -256.000000 132.000000) (160.000000 -8.000000 132.000000) 
4 11 12 (160.000000 224.000000 132.000000) (160.000000 224.000000 128.000000) (160.000000 152.000000 128.000000) (160.000000 152.000000 132.000000) 
4 12 18 (96.000000 224.000000 128.000000) (160.000000 224.000000 128.000000) (160.000000 152.000000 128.000000) (96.000000 152.000000 128.000000) 
4 12 15 (96.000000 152.000000 132.000000) (96.000000 224.000000 132.000000) (96.000000 224.000000 128.000000) (96.000000 152.000000 128.000000) 
4 13 18 (160.000000 136.000000 128.000000) (160.000000 8.000000 128.000000) (96.000000 8.000000 128.000000) (96.000000 136.000000 128.000000) 
4 13 15 (96.000000 8.000000 132.000000) (96.000000 136.000000 132.000000) (96.000000 136.000000 128.000000) (96.000000 8.000000 128.000000) 
4 14 18 (160.000000 -8.000000 128.000000) (160.000000 -256.000000 128.000000) (96.000000 -256.000000 128.000000) (96.000000 -8.000000 128.000000) 
4 14 15 (96.000000 -256.000000 128.000000) (96.000000 -256.000000 132.000000) (96.000000 -8.000000 132.000000) (96.000000 -8.000000 128.000000) 
4 15 18 (0.000000 -256.000000 128.000000) (-0.000000 224.000000 128.000000) (96.000000 224.000000 128.000000) (96.000000 -256.000000 128.000000) 
4 16 18 (224.000000 -256.000000 96.000000) (224.000000 -256.000000 128.000000) (256.000000 -224.000000 128.000000) (256.000000 -224.000000 96.000000) 
4 17 18 (256.000000 -224.000000 0.000000) (224.000000 -256.000000 0.000000) (224.000000 -256.000000 80.000000) (256.000000 -224.000000 80.000000) 
