277
512
5
7
11
6
3
1
1
6
40
1
8
1
1
1
2
1
1
1
1
1
1
1
1
1
1
1
1
1
1
1
1
1
1
1
1
1
1
1
1
1
1
1
1
1
1
1
1
1
1
0
1
1
1
11
26
24
40
52
4
52
14
8
1
2
1
1
1
1
1
1
1
1
8
1
10
1
1
1
1
1
14
23
38
202
1
1
1
1
1
1
1
1
1
1
1
1
1
1
1
1
1
1
1
1
1
1
1
3
1
1
1
1
13
1
1
25
4
5
1
1
1
1
1
1
1
15
1
1
1
1
1
1
1
1
1
1
1
1
1
1
1
1
1
23
1
6
4
1
1
1
1
1
139
29
3
1
1
1
1
13
1
1
1
43
45
1
1
1
1
1
25
1
1
1
1
1
1
1
1
1
1
3
1
1
1
1
1
1
1
9
1
1
1
1
1
1
1
1
1
1
1
1
1
1
1
1
1
1
1
1
1
1
1
1
1
12
1
1
1
1
1
1
1
1
1
1
1
1
1
2
1
6
1
1
1
1
1
1
1
6
1
2
1
1
37
8
1
1
1
9
1
1
1
1
2
1
1
1
1
1
1
1
1
1
1
51
1
1
21
2
1
4
15
1
1
1
6
4 1 112 (1440.000000 992.000000 608.000000) (1408.000000 992.000000 608.000000) (1408.000000 1056.000000 608.000000) (1440.000000 1056.000000 608.000000) 
4 1 111 (1600.000000 992.000000 608.000000) (1440.000000 992.000000 608.000000) (1440.000000 1056.000000 608.000000) (1600.000000 1056.000000 608.000000) 
4 1 99 (1984.000000 992.000000 608.000000) (1600.000000 992.000000 608.000000) (1600.000000 1056.000000 608.000000) (1984.000000 1056.000000 608.000000) 
4 1 53 (1408.000000 992.000000 608.000000) (1440.000000 992.000000 608.000000) (1440.000000 992.000000 704.000000) (1408.000000 992.000000 704.000000) 
4 1 52 (1440.000000 992.000000 608.000000) (1984.000000 992.000000 608.000000) (1984.000000 992.000000 704.000000) (1440.000000 992.000000 704.000000) 
4 1 14 (1408.000000 1056.000000 608.000000) (1408.000000 992.000000 608.000000) (1408.000000 992.000000 704.000000) (1408.000000 1056.000000 640.000000) 
4 2 4 (-768.000000 1184.000000 896.000000) (-768.000000 1824.000000 896.000000) (-512.000000 1824.000000 896.000000) (-512.000000 1184.000000 896.000000) 
4 2 3 (-512.000000 1824.000000 896.000000) (1408.000000 1824.000000 896.000000) (1408.000000 1184.000000 896.000000) (-512.000000 1184.000000 896.000000) 
4 3 55 (1408.000000 992.000000 832.000000) (1408.000000 992.000000 896.000000) (-512.000000 992.000000 896.000000) (-512.000000 992.000000 832.000000) 
3 3 12 (-512.000000 1568.000000 832.000000) (-512.000000 1648.000000 832.000000) (-432.000000 1648.000000 832.000000) 
5 3 11 (-512.000000 1504.000000 832.000000) (-512.000000 1568.000000 832.000000) (-432.000000 1648.000000 832.000000) (1408.000000 1648.000000 832.000000) (1408.000000 1504.000000 832.000000) 
4 3 14 (1408.000000 992.000000 832.000000) (-512.000000 992.000000 832.000000) (-512.000000 1504.000000 832.000000) (1408.000000 1504.000000 832.000000) 
4 3 8 (-512.000000 1648.000000 832.000000) (-512.000000 1824.000000 832.000000) (1408.000000 1824.000000 832.000000) (1408.000000 1648.000000 832.000000) 
4 3 5 (-512.000000 1568.000000 832.000000) (-512.000000 992.000000 832.000000) (-512.000000 992.000000 864.000000) (-512.000000 1568.000000 864.000000) 
4 3 4 (-512.000000 992.000000 864.000000) (-512.000000 992.000000 896.000000) (-512.000000 1824.000000 896.000000) (-512.000000 1824.000000 864.000000) 
4 4 55 (-512.000000 992.000000 896.000000) (-768.000000 992.000000 896.000000) (-768.000000 992.000000 864.000000) (-512.000000 992.000000 864.000000) 
3 4 6 (-768.000000 1312.000000 864.000000) (-768.000000 1504.000000 864.000000) (-576.000000 1504.000000 864.000000) 
4 4 5 (-512.000000 992.000000 864.000000) (-768.000000 992.000000 864.000000) (-768.000000 1312.000000 864.000000) (-512.000000 1568.000000 864.000000) 
4 5 55 (-768.000000 992.000000 864.000000) (-768.000000 992.000000 832.000000) (-512.000000 992.000000 832.000000) (-512.000000 992.000000 864.000000) 
3 5 11 (-576.000000 1504.000000 832.000000) (-512.000000 1568.000000 832.000000) (-512.000000 1504.000000 832.000000) 
5 5 14 (-512.000000 992.000000 832.000000) (-768.000000 992.000000 832.000000) (-768.000000 1312.000000 832.000000) (-576.000000 1504.000000 832.000000) (-512.000000 1504.000000 832.000000) 
4 5 6 (-576.000000 1504.000000 832.000000) (-768.000000 1312.000000 832.000000) (-768.000000 1312.000000 864.000000) (-576.000000 1504.000000 864.000000) 
3 6 14 (-768.000000 1312.000000 832.000000) (-768.000000 1504.000000 832.000000) (-576.000000 1504.000000 832.000000) 
4 7 8 (-448.000000 1824.000000 608.000000) (1344.000000 1824.000000 608.000000) (1344.000000 1824.000000 736.000000) (-448.000000 1824.000000 736.000000) 
4 8 72 (-512.000000 1824.000000 608.000000) (1408.000000 1824.000000 608.000000) (1408.000000 1648.000000 608.000000) (-512.000000 1648.000000 608.000000) 
4 8 12 (-432.000000 1648.000000 832.000000) (-512.000000 1648.000000 832.000000) (-512.000000 1648.000000 608.000000) (-432.000000 1648.000000 608.000000) 
4 8 11 (1408.000000 1648.000000 608.000000) (1408.000000 1648.000000 832.000000) (-432.000000 1648.000000 832.000000) (-432.000000 1648.000000 608.000000) 
4 8 9 (-512.000000 1744.000000 608.000000) (-512.000000 1648.000000 608.000000) (-512.000000 1648.000000 672.000000) (-512.000000 1744.000000 672.000000) 
4 9 85 (-512.000000 1744.000000 608.000000) (-512.000000 1648.000000 608.000000) (-528.000000 1648.000000 608.000000) (-528.000000 1744.000000 608.000000) 
4 9 10 (-528.000000 1744.000000 608.000000) (-528.000000 1648.000000 608.000000) (-528.000000 1648.000000 672.000000) (-528.000000 1744.000000 672.000000) 
4 10 86 (-768.000000 1648.000000 608.000000) (-768.000000 1824.000000 608.000000) (-528.000000 1824.000000 608.000000) (-528.000000 1648.000000 608.000000) 
4 10 13 (-528.000000 1648.000000 832.000000) (-768.000000 1648.000000 832.000000) (-768.000000 1648.000000 608.000000) (-528.000000 1648.000000 608.000000) 
3 11 87 (-512.000000 1504.000000 608.000000) (-576.000000 1504.000000 608.000000) (-512.000000 1568.000000 608.000000) 
5 11 72 (-432.000000 1648.000000 608.000000) (1408.000000 1648.000000 608.000000) (1408.000000 1504.000000 608.000000) (-512.000000 1504.000000 608.000000) (-512.000000 1568.000000 608.000000) 
4 11 12 (-512.000000 1568.000000 832.000000) (-432.000000 1648.000000 832.000000) (-432.000000 1648.000000 608.000000) (-512.000000 1568.000000 608.000000) 
4 11 14 (-576.000000 1504.000000 608.000000) (1408.000000 1504.000000 608.000000) (1408.000000 1504.000000 832.000000) (-576.000000 1504.000000 832.000000) 
3 12 72 (-512.000000 1648.000000 608.000000) (-432.000000 1648.000000 608.000000) (-512.000000 1568.000000 608.000000) 
5 13 88 (-768.000000 1520.000000 608.000000) (-768.000000 1648.000000 608.000000) (-528.000000 1648.000000 608.000000) (-528.000000 1576.000000 608.000000) (-584.000000 1520.000000 608.000000) 
4 14 164 (-0.000000 992.000000 608.000000) (-768.000000 992.000000 608.000000) (-768.000000 1056.000000 608.000000) (-0.000000 1056.000000 608.000000) 
4 14 152 (1056.000000 992.000000 608.000000) (-0.000000 992.000000 608.000000) (-0.000000 1056.000000 608.000000) (1056.000000 1056.000000 608.000000) 
4 14 151 (1360.000000 992.000000 608.000000) (1056.000000 992.000000 608.000000) (1056.000000 1056.000000 608.000000) (1360.000000 1056.000000 608.000000) 
4 14 113 (1408.000000 992.000000 608.000000) (1360.000000 992.000000 608.000000) (1360.000000 1056.000000 608.000000) (1408.000000 1056.000000 608.000000) 
4 14 95 (-768.000000 1056.000000 608.000000) (-768.000000 1504.000000 608.000000) (-512.000000 1504.000000 608.000000) (-512.000000 1056.000000 608.000000) 
4 14 72 (-512.000000 1504.000000 608.000000) (1408.000000 1504.000000 608.000000) (1408.000000 1056.000000 608.000000) (-512.000000 1056.000000 608.000000) 
4 14 56 (-768.000000 992.000000 608.000000) (1408.000000 992.000000 608.000000) (1408.000000 992.000000 800.000000) (-768.000000 992.000000 800.000000) 
4 14 55 (1408.000000 992.000000 800.000000) (1408.000000 992.000000 832.000000) (-768.000000 992.000000 832.000000) (-768.000000 992.000000 800.000000) 
8 15 33 (-1176.000000 1888.000000 1224.000000) (-1304.000000 1888.000000 1224.000000) (-1368.000000 1952.000000 1224.000000) (-1368.000000 2080.000000 1224.000000) (-1304.000000 2144.000000 1224.000000) (-1176.000000 2144.000000 1224.000000) (-1112.000000 2080.000000 1224.000000) (-1112.000000 1952.000000 1224.000000) 
4 15 16 (-1368.000000 1968.000000 1408.000000) (-1368.000000 1968.000000 1488.000000) (-1368.000000 2064.000000 1488.000000) (-1368.000000 2064.000000 1408.000000) 
4 16 17 (-1376.000000 1968.000000 1408.000000) (-1376.000000 1968.000000 1488.000000) (-1376.000000 2064.000000 1488.000000) (-1376.000000 2064.000000 1408.000000) 
4 17 20 (-1464.000000 1968.000000 1488.000000) (-1464.000000 2064.000000 1488.000000) (-1464.000000 2064.000000 1408.000000) (-1464.000000 1968.000000 1408.000000) 
4 18 21 (-1464.000000 2064.000000 1224.000000) (-1464.000000 1968.000000 1224.000000) (-1464.000000 1968.000000 1272.000000) (-1464.000000 2064.000000 1272.000000) 
4 18 19 (-1464.000000 1864.000000 1224.000000) (-1400.000000 1864.000000 1224.000000) (-1400.000000 1864.000000 1272.000000) (-1464.000000 1864.000000 1272.000000) 
4 19 28 (-960.000000 1864.000000 1224.000000) (-960.000000 1800.000000 1224.000000) (-1056.000000 1800.000000 1224.000000) (-1056.000000 1864.000000 1224.000000) 
4 20 34 (-1640.000000 2064.000000 1488.000000) (-1640.000000 2064.000000 1408.000000) (-1640.000000 1968.000000 1408.000000) (-1640.000000 1968.000000 1488.000000) 
4 20 22 (-1472.000000 1968.000000 1408.000000) (-1584.000000 1968.000000 1408.000000) (-1584.000000 2064.000000 1408.000000) (-1472.000000 2064.000000 1408.000000) 
4 21 22 (-1472.000000 2064.000000 1272.000000) (-1472.000000 2064.000000 1224.000000) (-1472.000000 1968.000000 1224.000000) (-1472.000000 1968.000000 1272.000000) 
4 23 31 (-1056.000000 2080.000000 720.000000) (-1056.000000 2080.000000 688.000000) (-1056.000000 2000.000000 768.000000) (-1056.000000 2032.000000 768.000000) 
4 23 24 (-896.000000 2080.000000 688.000000) (-896.000000 2000.000000 768.000000) (-960.000000 2000.000000 768.000000) (-960.000000 2080.000000 688.000000) 
4 23 25 (-960.000000 2000.000000 768.000000) (-1056.000000 2000.000000 768.000000) (-1056.000000 2080.000000 688.000000) (-960.000000 2080.000000 688.000000) 
4 24 29 (-904.000000 2048.000000 640.000000) (-904.000000 2032.000000 640.000000) (-960.000000 2032.000000 640.000000) (-960.000000 2048.000000 640.000000) 
4 24 26 (-896.000000 2032.000000 640.000000) (-896.000000 1952.000000 720.000000) (-960.000000 1952.000000 720.000000) (-960.000000 2032.000000 640.000000) 
5 24 25 (-960.000000 2000.000000 768.000000) (-960.000000 2080.000000 688.000000) (-960.000000 2080.000000 640.000000) (-960.000000 2032.000000 640.000000) (-960.000000 1952.000000 720.000000) 
5 25 31 (-1056.000000 2080.000000 640.000000) (-1056.000000 2032.000000 640.000000) (-1056.000000 1952.000000 720.000000) (-1056.000000 2000.000000 768.000000) (-1056.000000 2080.000000 688.000000) 
4 25 29 (-968.000000 2048.000000 640.000000) (-960.000000 2048.000000 640.000000) (-960.000000 2032.000000 640.000000) (-968.000000 2032.000000 640.000000) 
4 25 27 (-960.000000 1996.000000 772.000000) (-1056.000000 1996.000000 772.000000) (-1056.000000 1948.000000 724.000000) (-960.000000 1948.000000 724.000000) 
4 25 26 (-1056.000000 1952.000000 720.000000) (-1056.000000 2032.000000 640.000000) (-960.000000 2032.000000 640.000000) (-960.000000 1952.000000 720.000000) 
3 26 31 (-1056.000000 2032.000000 640.000000) (-1056.000000 1952.000000 640.000000) (-1056.000000 1952.000000 720.000000) 
4 26 29 (-968.000000 2032.000000 640.000000) (-904.000000 2032.000000 640.000000) (-904.000000 1984.000000 640.000000) (-968.000000 1984.000000 640.000000) 
4 27 28 (-1056.000000 1864.000000 904.000000) (-1056.000000 1864.000000 808.000000) (-960.000000 1864.000000 808.000000) (-960.000000 1864.000000 904.000000) 
4 29 30 (-968.000000 2048.000000 632.000000) (-904.000000 2048.000000 632.000000) (-904.000000 1984.000000 632.000000) (-968.000000 1984.000000 632.000000) 
4 30 173 (-904.000000 1984.000000 608.000000) (-968.000000 1984.000000 608.000000) (-968.000000 2048.000000 608.000000) (-904.000000 2048.000000 608.000000) 
6 31 32 (-1104.000000 2000.000000 768.000000) (-1104.000000 2032.000000 768.000000) (-1104.000000 2080.000000 720.000000) (-1104.000000 2080.000000 640.000000) (-1104.000000 1952.000000 640.000000) (-1104.000000 1952.000000 720.000000) 
6 32 33 (-1112.000000 1952.000000 640.000000) (-1112.000000 1952.000000 720.000000) (-1112.000000 2000.000000 768.000000) (-1112.000000 2032.000000 768.000000) (-1112.000000 2080.000000 720.000000) (-1112.000000 2080.000000 640.000000) 
4 33 177 (-1144.000000 1920.000000 608.000000) (-1176.000000 1888.000000 608.000000) (-1304.000000 1888.000000 608.000000) (-1336.000000 1920.000000 608.000000) 
8 33 175 (-1112.000000 2080.000000 608.000000) (-1112.000000 1952.000000 608.000000) (-1144.000000 1920.000000 608.000000) (-1336.000000 1920.000000 608.000000) (-1368.000000 1952.000000 608.000000) (-1368.000000 2080.000000 608.000000) (-1304.000000 2144.000000 608.000000) (-1176.000000 2144.000000 608.000000) 
8 34 185 (-1640.000000 2080.000000 608.000000) (-1640.000000 1952.000000 608.000000) (-1704.000000 1888.000000 608.000000) (-1832.000000 1888.000000 608.000000) (-1896.000000 1952.000000 608.000000) (-1896.000000 2080.000000 608.000000) (-1832.000000 2144.000000 608.000000) (-1704.000000 2144.000000 608.000000) 
4 34 35 (-1896.000000 1968.000000 896.000000) (-1896.000000 1968.000000 1008.000000) (-1896.000000 2064.000000 1008.000000) (-1896.000000 2064.000000 896.000000) 
4 35 36 (-1904.000000 1968.000000 896.000000) (-1904.000000 1968.000000 1008.000000) (-1904.000000 2064.000000 1008.000000) (-1904.000000 2064.000000 896.000000) 
4 36 37 (-2040.000000 1968.000000 1008.000000) (-2040.000000 2064.000000 1008.000000) (-2040.000000 2064.000000 896.000000) (-2040.000000 1968.000000 896.000000) 
8 37 218 (-2040.000000 2080.000000 608.000000) (-2040.000000 1952.000000 608.000000) (-2104.000000 1888.000000 608.000000) (-2232.000000 1888.000000 608.000000) (-2296.000000 1952.000000 608.000000) (-2296.000000 2080.000000 608.000000) (-2232.000000 2144.000000 608.000000) (-2104.000000 2144.000000 608.000000) 
4 38 186 (-1504.000000 1664.000000 608.000000) (-1480.000000 1664.000000 608.000000) (-1480.000000 1600.000000 608.000000) (-1504.000000 1600.000000 608.000000) 
5 38 40 (-1544.000000 1600.000000 618.000000) (-1504.000000 1600.000000 608.000000) (-1480.000000 1600.000000 608.000000) (-1480.000000 1600.000000 624.000000) (-1544.000000 1600.000000 624.000000) 
4 38 39 (-1504.000000 1600.000000 608.000000) (-1568.000000 1600.000000 624.000000) (-1568.000000 1664.000000 624.000000) (-1504.000000 1664.000000 608.000000) 
4 39 186 (-1696.000000 1664.000000 608.000000) (-1504.000000 1664.000000 608.000000) (-1504.000000 1600.000000 608.000000) (-1696.000000 1600.000000 608.000000) 
4 39 41 (-1856.000000 1664.000000 696.000000) (-1856.000000 1664.000000 648.000000) (-1856.000000 1600.000000 648.000000) (-1856.000000 1600.000000 696.000000) 
3 39 40 (-1544.000000 1600.000000 608.000000) (-1504.000000 1600.000000 608.000000) (-1544.000000 1600.000000 618.000000) 
4 40 187 (-1480.000000 1552.000000 608.000000) (-1544.000000 1552.000000 608.000000) (-1544.000000 1600.000000 608.000000) (-1480.000000 1600.000000 608.000000) 
4 40 42 (-1544.000000 1552.000000 608.000000) (-1480.000000 1552.000000 608.000000) (-1480.000000 1552.000000 624.000000) (-1544.000000 1552.000000 624.000000) 
4 41 43 (-1920.000000 1552.000000 696.000000) (-1920.000000 1552.000000 648.000000) (-1856.000000 1552.000000 648.000000) (-1856.000000 1552.000000 696.000000) 
4 42 188 (-1480.000000 1536.000000 608.000000) (-1544.000000 1536.000000 608.000000) (-1544.000000 1552.000000 608.000000) (-1480.000000 1552.000000 608.000000) 
4 42 51 (-1544.000000 1536.000000 608.000000) (-1480.000000 1536.000000 608.000000) (-1480.000000 1536.000000 624.000000) (-1544.000000 1536.000000 624.000000) 
4 43 47 (-1856.000000 1536.000000 648.000000) (-1856.000000 1536.000000 696.000000) (-1920.000000 1536.000000 696.000000) (-1920.000000 1536.000000 648.000000) 
4 44 47 (-1664.000000 1536.000000 672.000000) (-1664.000000 1536.000000 644.000000) (-1664.000000 1456.000000 644.000000) (-1664.000000 1456.000000 672.000000) 
4 45 48 (-1664.000000 1296.000000 644.000000) (-1664.000000 1376.000000 644.000000) (-1600.000000 1376.000000 644.000000) (-1600.000000 1296.000000 644.000000) 
4 45 47 (-1664.000000 1376.000000 644.000000) (-1664.000000 1296.000000 644.000000) (-1664.000000 1296.000000 688.000000) (-1664.000000 1376.000000 688.000000) 
4 45 46 (-1664.000000 1296.000000 688.000000) (-1664.000000 1296.000000 644.000000) (-1600.000000 1296.000000 644.000000) (-1600.000000 1296.000000 688.000000) 
4 46 47 (-1664.000000 1296.000000 644.000000) (-1664.000000 1216.000000 644.000000) (-1664.000000 1216.000000 688.000000) (-1664.000000 1296.000000 688.000000) 
4 47 50 (-1664.000000 1216.000000 644.000000) (-1920.000000 1216.000000 644.000000) (-1920.000000 1296.000000 644.000000) (-1664.000000 1296.000000 644.000000) 
4 47 49 (-1920.000000 1296.000000 644.000000) (-1920.000000 1456.000000 644.000000) (-1792.000000 1456.000000 644.000000) (-1792.000000 1296.000000 644.000000) 
4 48 51 (-1600.000000 1296.000000 640.000000) (-1664.000000 1296.000000 640.000000) (-1664.000000 1376.000000 640.000000) (-1600.000000 1376.000000 640.000000) 
4 49 50 (-1920.000000 1296.000000 640.000000) (-1792.000000 1296.000000 640.000000) (-1792.000000 1296.000000 644.000000) (-1920.000000 1296.000000 644.000000) 
4 49 51 (-1920.000000 1296.000000 640.000000) (-1920.000000 1456.000000 640.000000) (-1792.000000 1456.000000 640.000000) (-1792.000000 1296.000000 640.000000) 
4 50 51 (-1920.000000 1216.000000 640.000000) (-1920.000000 1296.000000 640.000000) (-1664.000000 1296.000000 640.000000) (-1664.000000 1216.000000 640.000000) 
4 51 209 (-1472.000000 1408.000000 608.000000) (-1472.000000 1216.000000 608.000000) (-1920.000000 1216.000000 608.000000) (-1920.000000 1408.000000 608.000000) 
4 51 189 (-1472.000000 1536.000000 608.000000) (-1472.000000 1408.000000 608.000000) (-1920.000000 1408.000000 608.000000) (-1920.000000 1536.000000 608.000000) 
4 52 111 (1440.000000 992.000000 608.000000) (1600.000000 992.000000 608.000000) (1600.000000 800.000000 608.000000) (1440.000000 800.000000 608.000000) 
4 52 99 (1600.000000 992.000000 608.000000) (1984.000000 992.000000 608.000000) (1984.000000 800.000000 608.000000) (1600.000000 800.000000 608.000000) 
5 52 53 (1440.000000 992.000000 704.000000) (1440.000000 992.000000 608.000000) (1440.000000 800.000000 608.000000) (1440.000000 800.000000 640.000000) (1440.000000 864.000000 704.000000) 
4 53 112 (1408.000000 992.000000 608.000000) (1440.000000 992.000000 608.000000) (1440.000000 800.000000 608.000000) (1408.000000 800.000000 608.000000) 
5 53 56 (1408.000000 992.000000 704.000000) (1408.000000 992.000000 608.000000) (1408.000000 800.000000 608.000000) (1408.000000 800.000000 640.000000) (1408.000000 864.000000 704.000000) 
4 54 55 (-768.000000 32.000000 896.000000) (-768.000000 672.000000 896.000000) (1408.000000 672.000000 896.000000) (1408.000000 32.000000 896.000000) 
4 55 56 (-768.000000 32.000000 800.000000) (-768.000000 992.000000 800.000000) (1408.000000 992.000000 800.000000) (1408.000000 32.000000 800.000000) 
4 56 164 (-768.000000 992.000000 608.000000) (-0.000000 992.000000 608.000000) (-0.000000 32.000000 608.000000) (-768.000000 32.000000 608.000000) 
4 56 152 (-0.000000 992.000000 608.000000) (1056.000000 992.000000 608.000000) (1056.000000 32.000000 608.000000) (-0.000000 32.000000 608.000000) 
6 56 130 (1360.000000 576.000000 608.000000) (1360.000000 256.000000 608.000000) (1136.000000 256.000000 608.000000) (1056.000000 336.000000 608.000000) (1056.000000 496.000000 608.000000) (1136.000000 576.000000 608.000000) 
3 56 142 (1136.000000 256.000000 608.000000) (1056.000000 256.000000 608.000000) (1056.000000 336.000000 608.000000) 
4 56 143 (1360.000000 256.000000 608.000000) (1360.000000 32.000000 608.000000) (1056.000000 32.000000 608.000000) (1056.000000 256.000000 608.000000) 
3 56 129 (1360.000000 800.000000 608.000000) (1360.000000 576.000000 608.000000) (1136.000000 576.000000 608.000000) 
4 56 151 (1056.000000 992.000000 608.000000) (1360.000000 992.000000 608.000000) (1360.000000 800.000000 608.000000) (1056.000000 496.000000 608.000000) 
4 56 114 (1408.000000 800.000000 608.000000) (1408.000000 32.000000 608.000000) (1360.000000 32.000000 608.000000) (1360.000000 800.000000 608.000000) 
4 56 113 (1360.000000 992.000000 608.000000) (1408.000000 992.000000 608.000000) (1408.000000 800.000000 608.000000) (1360.000000 800.000000 608.000000) 
4 56 57 (-704.000000 32.000000 608.000000) (1344.000000 32.000000 608.000000) (1344.000000 32.000000 800.000000) (-704.000000 32.000000 800.000000) 
4 58 215 (-1344.000000 976.000000 608.000000) (-1344.000000 400.000000 608.000000) (-1728.000000 400.000000 608.000000) (-1728.000000 976.000000 608.000000) 
4 59 81 (1216.000000 1856.000000 400.000000) (1216.000000 1856.000000 512.000000) (-448.000000 1856.000000 512.000000) (-448.000000 1856.000000 400.000000) 
4 59 61 (-448.000000 1856.000000 400.000000) (-448.000000 2048.000000 400.000000) (1216.000000 2048.000000 400.000000) (1216.000000 1856.000000 400.000000) 
4 60 61 (-384.000000 2048.000000 320.000000) (1152.000000 2048.000000 320.000000) (1152.000000 2048.000000 400.000000) (-384.000000 2048.000000 400.000000) 
4 61 81 (1216.000000 1856.000000 320.000000) (1216.000000 1856.000000 400.000000) (-448.000000 1856.000000 400.000000) (-448.000000 1856.000000 320.000000) 
4 61 63 (-448.000000 2000.000000 320.000000) (-448.000000 1904.000000 320.000000) (-448.000000 1904.000000 384.000000) (-448.000000 2000.000000 384.000000) 
4 61 62 (1216.000000 1856.000000 320.000000) (-448.000000 1856.000000 320.000000) (-448.000000 2048.000000 320.000000) (1216.000000 2048.000000 320.000000) 
4 62 81 (1216.000000 1856.000000 288.000000) (1216.000000 1856.000000 320.000000) (-448.000000 1856.000000 320.000000) (-448.000000 1856.000000 288.000000) 
4 62 63 (-448.000000 1904.000000 320.000000) (-448.000000 2000.000000 320.000000) (-448.000000 2000.000000 288.000000) (-448.000000 1904.000000 288.000000) 
4 63 64 (-480.000000 2000.000000 288.000000) (-480.000000 1904.000000 288.000000) (-480.000000 1904.000000 384.000000) (-480.000000 2000.000000 384.000000) 
4 64 176 (-768.000000 1920.000000 456.000000) (-768.000000 1920.000000 376.000000) (-768.000000 1912.000000 376.000000) (-768.000000 1912.000000 456.000000) 
4 64 171 (-768.000000 1992.000000 376.000000) (-768.000000 1920.000000 376.000000) (-768.000000 1920.000000 456.000000) (-768.000000 1992.000000 456.000000) 
4 64 84 (-640.000000 1856.000000 288.000000) (-576.000000 1856.000000 288.000000) (-576.000000 1856.000000 384.000000) (-640.000000 1856.000000 384.000000) 
4 65 70 (1472.000000 1216.000000 256.000000) (1519.000000 1216.000000 256.000000) (1519.000000 1216.000000 416.000000) (1472.000000 1216.000000 416.000000) 
4 65 69 (1519.000000 1216.000000 256.000000) (1566.000000 1216.000000 256.000000) (1566.000000 1216.000000 416.000000) (1519.000000 1216.000000 416.000000) 
4 65 68 (1566.000000 1216.000000 256.000000) (1600.000000 1216.000000 256.000000) (1600.000000 1216.000000 416.000000) (1566.000000 1216.000000 416.000000) 
4 65 67 (1600.000000 1216.000000 256.000000) (1694.000000 1216.000000 256.000000) (1694.000000 1216.000000 416.000000) (1600.000000 1216.000000 416.000000) 
4 65 66 (1440.000000 1344.000000 384.000000) (1440.000000 1344.000000 256.000000) (1440.000000 1216.000000 256.000000) (1440.000000 1216.000000 384.000000) 
4 66 71 (1424.000000 1328.000000 256.000000) (1424.000000 1232.000000 256.000000) (1424.000000 1232.000000 368.000000) (1424.000000 1328.000000 368.000000) 
4 67 106 (1728.000000 1056.000000 416.000000) (1600.000000 1056.000000 416.000000) (1600.000000 1056.000000 256.000000) (1728.000000 1056.000000 256.000000) 
4 67 68 (1600.000000 1216.000000 256.000000) (1600.000000 1088.000000 256.000000) (1600.000000 1088.000000 416.000000) (1600.000000 1216.000000 416.000000) 
4 68 69 (1566.000000 1216.000000 416.000000) (1566.000000 1216.000000 256.000000) (1583.000000 1152.000000 256.000000) (1583.000000 1152.000000 416.000000) 
4 69 70 (1519.000000 1216.000000 416.000000) (1519.000000 1216.000000 256.000000) (1536.000000 1199.000000 256.000000) (1536.000000 1199.000000 416.000000) 
4 71 74 (1408.000000 1328.000000 256.000000) (1408.000000 1232.000000 256.000000) (1408.000000 1232.000000 368.000000) (1408.000000 1328.000000 368.000000) 
4 72 164 (-0.000000 1056.000000 608.000000) (-512.000000 1056.000000 608.000000) (-512.000000 1056.000000 576.000000) (-0.000000 1056.000000 576.000000) 
4 72 152 (1056.000000 1056.000000 608.000000) (-0.000000 1056.000000 608.000000) (-0.000000 1056.000000 576.000000) (1056.000000 1056.000000 576.000000) 
4 72 151 (1360.000000 1056.000000 608.000000) (1056.000000 1056.000000 608.000000) (1056.000000 1056.000000 576.000000) (1360.000000 1056.000000 576.000000) 
4 72 113 (1408.000000 1056.000000 576.000000) (1408.000000 1056.000000 608.000000) (1360.000000 1056.000000 608.000000) (1360.000000 1056.000000 576.000000) 
4 72 95 (-512.000000 1504.000000 576.000000) (-512.000000 1056.000000 576.000000) (-512.000000 1056.000000 608.000000) (-512.000000 1504.000000 608.000000) 
4 72 87 (-512.000000 1568.000000 576.000000) (-512.000000 1504.000000 576.000000) (-512.000000 1504.000000 608.000000) (-512.000000 1568.000000 608.000000) 
4 72 85 (-512.000000 1744.000000 576.000000) (-512.000000 1648.000000 576.000000) (-512.000000 1648.000000 608.000000) (-512.000000 1744.000000 608.000000) 
4 72 73 (1408.000000 1600.000000 576.000000) (1408.000000 1056.000000 576.000000) (-512.000000 1056.000000 576.000000) (-512.000000 1600.000000 576.000000) 
4 73 164 (-0.000000 1056.000000 576.000000) (-512.000000 1056.000000 576.000000) (-512.000000 1056.000000 568.000000) (-0.000000 1056.000000 568.000000) 
4 73 152 (1056.000000 1056.000000 576.000000) (-0.000000 1056.000000 576.000000) (-0.000000 1056.000000 568.000000) (1056.000000 1056.000000 568.000000) 
4 73 151 (1360.000000 1056.000000 576.000000) (1056.000000 1056.000000 576.000000) (1056.000000 1056.000000 568.000000) (1360.000000 1056.000000 568.000000) 
4 73 113 (1408.000000 1056.000000 568.000000) (1408.000000 1056.000000 576.000000) (1360.000000 1056.000000 576.000000) (1360.000000 1056.000000 568.000000) 
4 73 95 (-512.000000 1504.000000 568.000000) (-512.000000 1056.000000 568.000000) (-512.000000 1056.000000 576.000000) (-512.000000 1504.000000 576.000000) 
4 73 89 (-512.000000 1568.000000 568.000000) (-512.000000 1504.000000 568.000000) (-512.000000 1504.000000 576.000000) (-512.000000 1568.000000 576.000000) 
5 73 82 (768.000000 1056.000000 568.000000) (-512.000000 1056.000000 568.000000) (-512.000000 1600.000000 568.000000) (1216.000000 1600.000000 568.000000) (1216.000000 1504.000000 568.000000) 
3 73 80 (1216.000000 1600.000000 568.000000) (1312.000000 1600.000000 568.000000) (1216.000000 1504.000000 568.000000) 
6 73 74 (1408.000000 1056.000000 568.000000) (1344.000000 1056.000000 568.000000) (1184.000000 1216.000000 568.000000) (1184.000000 1472.000000 568.000000) (1312.000000 1600.000000 568.000000) (1408.000000 1600.000000 568.000000) 
3 73 78 (1344.000000 1056.000000 568.000000) (1184.000000 1056.000000 568.000000) (1184.000000 1216.000000 568.000000) 
3 73 79 (1184.000000 1056.000000 568.000000) (768.000000 1056.000000 568.000000) (1184.000000 1472.000000 568.000000) 
4 74 151 (1360.000000 1056.000000 568.000000) (1344.000000 1056.000000 568.000000) (1344.000000 1056.000000 256.000000) (1360.000000 1056.000000 256.000000) 
4 74 122 (1408.000000 1056.000000 256.000000) (1408.000000 1056.000000 400.000000) (1360.000000 1056.000000 400.000000) (1360.000000 1056.000000 256.000000) 
4 74 113 (1408.000000 1056.000000 400.000000) (1408.000000 1056.000000 568.000000) (1360.000000 1056.000000 568.000000) (1360.000000 1056.000000 400.000000) 
4 74 83 (1184.000000 1472.000000 256.000000) (1184.000000 1472.000000 288.000000) (1408.000000 1696.000000 288.000000) (1408.000000 1696.000000 256.000000) 
4 74 82 (1184.000000 1472.000000 288.000000) (1184.000000 1472.000000 568.000000) (1216.000000 1504.000000 568.000000) (1216.000000 1504.000000 288.000000) 
4 74 80 (1216.000000 1504.000000 568.000000) (1408.000000 1696.000000 568.000000) (1408.000000 1696.000000 288.000000) (1216.000000 1504.000000 288.000000) 
3 74 75 (1248.000000 1536.000000 256.000000) (1408.000000 1696.000000 256.000000) (1408.000000 1536.000000 256.000000) 
4 74 76 (1408.000000 1056.000000 256.000000) (1344.000000 1056.000000 256.000000) (1248.000000 1152.000000 256.000000) (1408.000000 1152.000000 256.000000) 
4 74 78 (1344.000000 1056.000000 256.000000) (1344.000000 1056.000000 568.000000) (1184.000000 1216.000000 568.000000) (1184.000000 1216.000000 256.000000) 
4 74 79 (1184.000000 1216.000000 256.000000) (1184.000000 1216.000000 568.000000) (1184.000000 1472.000000 568.000000) (1184.000000 1472.000000 256.000000) 
4 75 83 (1248.000000 1536.000000 256.000000) (1408.000000 1696.000000 256.000000) (1408.000000 1696.000000 248.000000) (1248.000000 1536.000000 248.000000) 
3 75 77 (1248.000000 1536.000000 248.000000) (1408.000000 1696.000000 248.000000) (1408.000000 1536.000000 248.000000) 
4 76 151 (1360.000000 1056.000000 256.000000) (1344.000000 1056.000000 256.000000) (1344.000000 1056.000000 248.000000) (1360.000000 1056.000000 248.000000) 
4 76 126 (1408.000000 1056.000000 248.000000) (1408.000000 1056.000000 256.000000) (1360.000000 1056.000000 256.000000) (1360.000000 1056.000000 248.000000) 
4 76 77 (1344.000000 1056.000000 248.000000) (1248.000000 1152.000000 248.000000) (1408.000000 1152.000000 248.000000) (1408.000000 1056.000000 248.000000) 
4 76 78 (1344.000000 1056.000000 248.000000) (1344.000000 1056.000000 256.000000) (1248.000000 1152.000000 256.000000) (1248.000000 1152.000000 248.000000) 
4 77 151 (1360.000000 1056.000000 248.000000) (1344.000000 1056.000000 248.000000) (1344.000000 1056.000000 0.000000) (1360.000000 1056.000000 0.000000) 
4 77 126 (1408.000000 1056.000000 -0.000000) (1408.000000 1056.000000 248.000000) (1360.000000 1056.000000 248.000000) (1360.000000 1056.000000 0.000000) 
4 77 83 (1408.000000 1696.000000 0.000000) (1184.000000 1472.000000 0.000000) (1184.000000 1472.000000 248.000000) (1408.000000 1696.000000 248.000000) 
4 77 79 (1184.000000 1472.000000 0.000000) (1184.000000 1216.000000 0.000000) (1184.000000 1216.000000 248.000000) (1184.000000 1472.000000 248.000000) 
4 77 78 (1184.000000 1216.000000 0.000000) (1344.000000 1056.000000 0.000000) (1344.000000 1056.000000 248.000000) (1184.000000 1216.000000 248.000000) 
4 78 151 (1344.000000 1056.000000 568.000000) (1184.000000 1056.000000 568.000000) (1184.000000 1056.000000 0.000000) (1344.000000 1056.000000 0.000000) 
4 78 79 (1184.000000 1216.000000 0.000000) (1184.000000 1056.000000 -0.000000) (1184.000000 1056.000000 568.000000) (1184.000000 1216.000000 568.000000) 
4 79 153 (768.000000 1056.000000 196.000000) (768.000000 1056.000000 0.000000) (1056.000000 1056.000000 0.000000) (1056.000000 1056.000000 196.000000) 
4 79 152 (1056.000000 1056.000000 568.000000) (768.000000 1056.000000 568.000000) (768.000000 1056.000000 196.000000) (1056.000000 1056.000000 196.000000) 
4 79 151 (1184.000000 1056.000000 568.000000) (1056.000000 1056.000000 568.000000) (1056.000000 1056.000000 0.000000) (1184.000000 1056.000000 0.000000) 
4 79 83 (1184.000000 1472.000000 0.000000) (768.000000 1056.000000 0.000000) (768.000000 1056.000000 288.000000) (1184.000000 1472.000000 288.000000) 
4 79 82 (768.000000 1056.000000 288.000000) (768.000000 1056.000000 568.000000) (1184.000000 1472.000000 568.000000) (1184.000000 1472.000000 288.000000) 
4 80 83 (1408.000000 1696.000000 288.000000) (1216.000000 1504.000000 288.000000) (1216.000000 1824.000000 288.000000) (1408.000000 1824.000000 288.000000) 
4 80 82 (1216.000000 1504.000000 288.000000) (1216.000000 1504.000000 568.000000) (1216.000000 1824.000000 568.000000) (1216.000000 1824.000000 288.000000) 
4 81 82 (-448.000000 1824.000000 288.000000) (1216.000000 1824.000000 288.000000) (1216.000000 1824.000000 512.000000) (-448.000000 1824.000000 512.000000) 
4 82 164 (-0.000000 1056.000000 568.000000) (-512.000000 1056.000000 568.000000) (-512.000000 1056.000000 288.000000) (-0.000000 1056.000000 288.000000) 
4 82 152 (768.000000 1056.000000 568.000000) (-0.000000 1056.000000 568.000000) (-0.000000 1056.000000 288.000000) (768.000000 1056.000000 288.000000) 
4 82 95 (-512.000000 1504.000000 288.000000) (-512.000000 1056.000000 288.000000) (-512.000000 1056.000000 568.000000) (-512.000000 1504.000000 568.000000) 
4 82 89 (-512.000000 1568.000000 288.000000) (-512.000000 1504.000000 288.000000) (-512.000000 1504.000000 568.000000) (-512.000000 1568.000000 568.000000) 
5 82 83 (1216.000000 1504.000000 288.000000) (768.000000 1056.000000 288.000000) (-512.000000 1056.000000 288.000000) (-512.000000 1824.000000 288.000000) (1216.000000 1824.000000 288.000000) 
4 83 165 (-24.000000 1056.000000 0.000000) (-0.000000 1056.000000 0.000000) (0.000000 1056.000000 196.000000) (-24.000000 1056.000000 196.000000) 
4 83 170 (-512.000000 1056.000000 196.000000) (-512.000000 1056.000000 0.000000) (-24.000000 1056.000000 0.000000) (-24.000000 1056.000000 196.000000) 
4 83 164 (-512.000000 1056.000000 288.000000) (-512.000000 1056.000000 196.000000) (0.000000 1056.000000 196.000000) (-0.000000 1056.000000 288.000000) 
4 83 153 (-0.000000 1056.000000 0.000000) (768.000000 1056.000000 0.000000) (768.000000 1056.000000 196.000000) (0.000000 1056.000000 196.000000) 
4 83 152 (768.000000 1056.000000 196.000000) (768.000000 1056.000000 288.000000) (-0.000000 1056.000000 288.000000) (0.000000 1056.000000 196.000000) 
4 83 96 (-512.000000 1152.000000 256.000000) (-512.000000 1504.000000 256.000000) (-512.000000 1504.000000 248.000000) (-512.000000 1152.000000 248.000000) 
4 83 97 (-512.000000 1056.000000 248.000000) (-512.000000 1056.000000 256.000000) (-512.000000 1152.000000 256.000000) (-512.000000 1152.000000 248.000000) 
4 83 98 (-512.000000 1504.000000 0.000000) (-512.000000 1056.000000 -0.000000) (-512.000000 1056.000000 248.000000) (-512.000000 1504.000000 248.000000) 
4 83 95 (-512.000000 1056.000000 256.000000) (-512.000000 1056.000000 288.000000) (-512.000000 1504.000000 288.000000) (-512.000000 1504.000000 256.000000) 
4 83 94 (-512.000000 1568.000000 0.000000) (-512.000000 1504.000000 0.000000) (-512.000000 1504.000000 256.000000) (-512.000000 1568.000000 256.000000) 
4 83 89 (-512.000000 1504.000000 256.000000) (-512.000000 1504.000000 288.000000) (-512.000000 1568.000000 288.000000) (-512.000000 1568.000000 256.000000) 
4 84 90 (-640.000000 1824.000000 384.000000) (-640.000000 1824.000000 288.000000) (-576.000000 1824.000000 288.000000) (-576.000000 1824.000000 384.000000) 
4 85 86 (-528.000000 1744.000000 576.000000) (-528.000000 1648.000000 576.000000) (-528.000000 1648.000000 608.000000) (-528.000000 1744.000000 608.000000) 
4 86 88 (-768.000000 1648.000000 608.000000) (-768.000000 1648.000000 576.000000) (-528.000000 1648.000000 576.000000) (-528.000000 1648.000000 608.000000) 
4 87 95 (-576.000000 1504.000000 576.000000) (-512.000000 1504.000000 576.000000) (-512.000000 1504.000000 608.000000) (-576.000000 1504.000000 608.000000) 
3 87 89 (-512.000000 1568.000000 576.000000) (-512.000000 1504.000000 576.000000) (-576.000000 1504.000000 576.000000) 
4 89 95 (-576.000000 1504.000000 256.000000) (-512.000000 1504.000000 256.000000) (-512.000000 1504.000000 576.000000) (-576.000000 1504.000000 576.000000) 
3 89 94 (-512.000000 1504.000000 256.000000) (-576.000000 1504.000000 256.000000) (-512.000000 1568.000000 256.000000) 
4 90 178 (-768.000000 1696.000000 256.000000) (-768.000000 1536.000000 256.000000) (-768.000000 1536.000000 384.000000) (-768.000000 1696.000000 384.000000) 
4 90 93 (-720.000000 1520.000000 256.000000) (-624.000000 1520.000000 256.000000) (-624.000000 1520.000000 352.000000) (-720.000000 1520.000000 352.000000) 
4 90 92 (-768.000000 1824.000000 288.000000) (-672.000000 1824.000000 288.000000) (-672.000000 1760.000000 256.000000) (-768.000000 1760.000000 256.000000) 
4 90 91 (-544.000000 1824.000000 288.000000) (-528.000000 1824.000000 288.000000) (-528.000000 1760.000000 256.000000) (-544.000000 1760.000000 256.000000) 
4 93 95 (-720.000000 1504.000000 256.000000) (-624.000000 1504.000000 256.000000) (-624.000000 1504.000000 352.000000) (-720.000000 1504.000000 352.000000) 
4 94 96 (-512.000000 1504.000000 248.000000) (-512.000000 1504.000000 256.000000) (-544.000000 1504.000000 256.000000) (-544.000000 1504.000000 248.000000) 
4 94 98 (-576.000000 1504.000000 0.000000) (-512.000000 1504.000000 -0.000000) (-512.000000 1504.000000 248.000000) (-576.000000 1504.000000 248.000000) 
4 95 193 (-768.000000 1056.000000 352.000000) (-768.000000 1056.000000 416.000000) (-768.000000 1200.000000 416.000000) (-768.000000 1200.000000 352.000000) 
4 95 164 (-512.000000 1056.000000 608.000000) (-768.000000 1056.000000 608.000000) (-768.000000 1056.000000 256.000000) (-512.000000 1056.000000 256.000000) 
4 95 96 (-544.000000 1504.000000 256.000000) (-512.000000 1504.000000 256.000000) (-512.000000 1152.000000 256.000000) (-544.000000 1152.000000 256.000000) 
4 95 97 (-512.000000 1056.000000 256.000000) (-768.000000 1056.000000 256.000000) (-768.000000 1152.000000 256.000000) (-512.000000 1152.000000 256.000000) 
4 96 97 (-512.000000 1152.000000 248.000000) (-512.000000 1152.000000 256.000000) (-544.000000 1152.000000 256.000000) (-544.000000 1152.000000 248.000000) 
4 96 98 (-544.000000 1504.000000 248.000000) (-512.000000 1504.000000 248.000000) (-512.000000 1152.000000 248.000000) (-544.000000 1152.000000 248.000000) 
4 97 164 (-768.000000 1056.000000 256.000000) (-768.000000 1056.000000 248.000000) (-512.000000 1056.000000 248.000000) (-512.000000 1056.000000 256.000000) 
4 97 98 (-768.000000 1056.000000 248.000000) (-768.000000 1152.000000 248.000000) (-512.000000 1152.000000 248.000000) (-512.000000 1056.000000 248.000000) 
4 98 170 (-768.000000 1056.000000 196.000000) (-768.000000 1056.000000 -0.000000) (-512.000000 1056.000000 0.000000) (-512.000000 1056.000000 196.000000) 
4 98 164 (-768.000000 1056.000000 248.000000) (-768.000000 1056.000000 196.000000) (-512.000000 1056.000000 196.000000) (-512.000000 1056.000000 248.000000) 
6 99 111 (1600.000000 800.000000 608.000000) (1600.000000 1056.000000 608.000000) (1600.000000 1056.000000 512.000000) (1600.000000 992.000000 448.000000) (1600.000000 864.000000 448.000000) (1600.000000 800.000000 512.000000) 
4 100 105 (1744.000000 640.000000 320.000000) (1744.000000 704.000000 320.000000) (1744.000000 704.000000 256.000000) (1744.000000 640.000000 256.000000) 
4 100 101 (2048.000000 640.000000 256.000000) (2112.000000 640.000000 256.000000) (2112.000000 640.000000 320.000000) (2048.000000 640.000000 320.000000) 
4 101 102 (2112.000000 624.000000 256.000000) (2112.000000 624.000000 320.000000) (2048.000000 624.000000 320.000000) (2048.000000 624.000000 256.000000) 
4 102 103 (2112.000000 312.000000 256.000000) (2112.000000 312.000000 320.000000) (2048.000000 312.000000 320.000000) (2048.000000 312.000000 256.000000) 
4 103 104 (1960.000000 248.000000 256.000000) (1800.000000 248.000000 256.000000) (1800.000000 312.000000 256.000000) (1960.000000 312.000000 256.000000) 
4 104 110 (1744.000000 248.000000 148.000000) (1744.000000 248.000000 228.000000) (1744.000000 312.000000 228.000000) (1744.000000 312.000000 148.000000) 
4 105 106 (1728.000000 704.000000 256.000000) (1728.000000 640.000000 256.000000) (1728.000000 640.000000 320.000000) (1728.000000 704.000000 320.000000) 
4 106 107 (1636.000000 592.000000 256.000000) (1692.000000 592.000000 256.000000) (1692.000000 592.000000 356.000000) (1636.000000 592.000000 356.000000) 
4 107 108 (1636.000000 576.000000 256.000000) (1692.000000 576.000000 256.000000) (1692.000000 576.000000 356.000000) (1636.000000 576.000000 356.000000) 
4 108 119 (1600.000000 312.000000 256.000000) (1600.000000 248.000000 256.000000) (1600.000000 248.000000 320.000000) (1600.000000 312.000000 320.000000) 
4 108 118 (1600.000000 480.000000 384.000000) (1600.000000 480.000000 256.000000) (1600.000000 352.000000 256.000000) (1600.000000 352.000000 384.000000) 
4 109 121 (1600.000000 312.000000 192.000000) (1600.000000 312.000000 156.000000) (1600.000000 248.000000 156.000000) (1600.000000 248.000000 192.000000) 
4 109 110 (1672.000000 248.000000 192.000000) (1600.000000 248.000000 156.000000) (1600.000000 312.000000 156.000000) (1672.000000 312.000000 192.000000) 
4 110 121 (1600.000000 312.000000 156.000000) (1600.000000 312.000000 128.000000) (1600.000000 248.000000 128.000000) (1600.000000 248.000000 156.000000) 
6 111 112 (1440.000000 800.000000 608.000000) (1440.000000 1056.000000 608.000000) (1440.000000 1056.000000 512.000000) (1440.000000 992.000000 448.000000) (1440.000000 864.000000 448.000000) (1440.000000 800.000000 512.000000) 
6 112 113 (1408.000000 800.000000 608.000000) (1408.000000 1056.000000 608.000000) (1408.000000 1056.000000 512.000000) (1408.000000 992.000000 448.000000) (1408.000000 864.000000 448.000000) (1408.000000 800.000000 512.000000) 
4 113 151 (1360.000000 800.000000 608.000000) (1360.000000 1056.000000 608.000000) (1360.000000 1056.000000 400.000000) (1360.000000 800.000000 400.000000) 
4 113 122 (1360.000000 1056.000000 400.000000) (1408.000000 1056.000000 400.000000) (1408.000000 800.000000 400.000000) (1360.000000 800.000000 400.000000) 
4 113 116 (1360.000000 800.000000 400.000000) (1408.000000 800.000000 400.000000) (1408.000000 800.000000 416.000000) (1360.000000 800.000000 416.000000) 
4 113 115 (1408.000000 800.000000 416.000000) (1408.000000 800.000000 496.000000) (1360.000000 800.000000 496.000000) (1360.000000 800.000000 416.000000) 
4 113 114 (1408.000000 800.000000 496.000000) (1408.000000 800.000000 608.000000) (1360.000000 800.000000 608.000000) (1360.000000 800.000000 496.000000) 
4 114 130 (1360.000000 256.000000 608.000000) (1360.000000 576.000000 608.000000) (1360.000000 576.000000 496.000000) (1360.000000 256.000000 496.000000) 
4 114 143 (1360.000000 32.000000 496.000000) (1360.000000 32.000000 608.000000) (1360.000000 256.000000 608.000000) (1360.000000 256.000000 496.000000) 
4 114 129 (1360.000000 576.000000 608.000000) (1360.000000 800.000000 608.000000) (1360.000000 800.000000 496.000000) (1360.000000 576.000000 496.000000) 
4 114 115 (1408.000000 32.000000 496.000000) (1360.000000 32.000000 496.000000) (1360.000000 800.000000 496.000000) (1408.000000 800.000000 496.000000) 
4 115 130 (1360.000000 256.000000 496.000000) (1360.000000 576.000000 496.000000) (1360.000000 576.000000 416.000000) (1360.000000 256.000000 416.000000) 
4 115 143 (1360.000000 32.000000 416.000000) (1360.000000 32.000000 496.000000) (1360.000000 256.000000 496.000000) (1360.000000 256.000000 416.000000) 
4 115 129 (1360.000000 576.000000 496.000000) (1360.000000 800.000000 496.000000) (1360.000000 800.000000 416.000000) (1360.000000 576.000000 416.000000) 
4 115 116 (1440.000000 800.000000 416.000000) (1440.000000 576.000000 416.000000) (1360.000000 576.000000 416.000000) (1360.000000 800.000000 416.000000) 
4 115 117 (1440.000000 256.000000 416.000000) (1440.000000 32.000000 416.000000) (1360.000000 32.000000 416.000000) (1360.000000 256.000000 416.000000) 
4 116 129 (1360.000000 576.000000 416.000000) (1360.000000 800.000000 416.000000) (1360.000000 800.000000 400.000000) (1360.000000 576.000000 400.000000) 
4 116 122 (1408.000000 576.000000 400.000000) (1360.000000 576.000000 400.000000) (1360.000000 800.000000 400.000000) (1408.000000 800.000000 400.000000) 
4 117 143 (1360.000000 32.000000 400.000000) (1360.000000 32.000000 416.000000) (1360.000000 256.000000 416.000000) (1360.000000 256.000000 400.000000) 
4 117 125 (1408.000000 32.000000 400.000000) (1360.000000 32.000000 400.000000) (1360.000000 256.000000 400.000000) (1408.000000 256.000000 400.000000) 
4 118 123 (1408.000000 452.000000 256.000000) (1408.000000 380.000000 256.000000) (1408.000000 380.000000 356.000000) (1408.000000 452.000000 356.000000) 
4 119 120 (1584.000000 312.000000 256.000000) (1584.000000 248.000000 256.000000) (1584.000000 248.000000 320.000000) (1584.000000 312.000000 320.000000) 
4 120 121 (1520.000000 248.000000 192.000000) (1520.000000 312.000000 192.000000) (1584.000000 312.000000 192.000000) (1584.000000 248.000000 192.000000) 
4 122 129 (1360.000000 576.000000 400.000000) (1360.000000 800.000000 400.000000) (1360.000000 800.000000 256.000000) (1360.000000 576.000000 256.000000) 
4 122 151 (1360.000000 800.000000 400.000000) (1360.000000 1056.000000 400.000000) (1360.000000 1056.000000 256.000000) (1360.000000 800.000000 256.000000) 
4 122 126 (1360.000000 1056.000000 256.000000) (1408.000000 1056.000000 256.000000) (1408.000000 576.000000 256.000000) (1360.000000 576.000000 256.000000) 
4 123 124 (1392.000000 452.000000 256.000000) (1392.000000 380.000000 256.000000) (1392.000000 380.000000 356.000000) (1392.000000 452.000000 356.000000) 
4 124 132 (1360.000000 272.000000 400.000000) (1360.000000 560.000000 400.000000) (1360.000000 560.000000 256.000000) (1360.000000 272.000000 256.000000) 
4 125 143 (1360.000000 32.000000 256.000000) (1360.000000 32.000000 400.000000) (1360.000000 256.000000 400.000000) (1360.000000 256.000000 256.000000) 
4 125 128 (1408.000000 256.000000 256.000000) (1408.000000 32.000000 256.000000) (1360.000000 32.000000 256.000000) (1360.000000 256.000000 256.000000) 
4 126 144 (1360.000000 576.000000 256.000000) (1360.000000 800.000000 256.000000) (1360.000000 800.000000 0.000000) (1360.000000 576.000000 0.000000) 
4 126 151 (1360.000000 800.000000 256.000000) (1360.000000 1056.000000 256.000000) (1360.000000 1056.000000 -0.000000) (1360.000000 800.000000 0.000000) 
4 127 146 (1360.000000 544.000000 240.000000) (1360.000000 544.000000 16.000000) (1360.000000 288.000000 16.000000) (1360.000000 288.000000 240.000000) 
4 128 149 (1360.000000 32.000000 -0.000000) (1360.000000 32.000000 256.000000) (1360.000000 256.000000 256.000000) (1360.000000 256.000000 0.000000) 
3 129 144 (1136.000000 576.000000 256.000000) (1360.000000 800.000000 256.000000) (1360.000000 576.000000 256.000000) 
4 129 131 (1360.000000 576.000000 300.000000) (1360.000000 576.000000 352.000000) (1152.000000 576.000000 352.000000) (1152.000000 576.000000 300.000000) 
4 129 130 (1136.000000 576.000000 608.000000) (1136.000000 576.000000 416.000000) (1360.000000 576.000000 416.000000) (1360.000000 576.000000 608.000000) 
4 129 151 (1360.000000 800.000000 608.000000) (1360.000000 800.000000 256.000000) (1136.000000 576.000000 256.000000) (1136.000000 576.000000 608.000000) 
4 130 152 (1056.000000 336.000000 608.000000) (1056.000000 496.000000 608.000000) (1056.000000 496.000000 416.000000) (1056.000000 336.000000 416.000000) 
4 130 142 (1056.000000 336.000000 608.000000) (1056.000000 336.000000 416.000000) (1136.000000 256.000000 416.000000) (1136.000000 256.000000 608.000000) 
4 130 151 (1056.000000 496.000000 416.000000) (1056.000000 496.000000 608.000000) (1136.000000 576.000000 608.000000) (1136.000000 576.000000 416.000000) 
4 130 143 (1360.000000 256.000000 416.000000) (1360.000000 256.000000 608.000000) (1136.000000 256.000000 608.000000) (1136.000000 256.000000 416.000000) 
4 131 132 (1360.000000 560.000000 300.000000) (1360.000000 560.000000 352.000000) (1152.000000 560.000000 352.000000) (1152.000000 560.000000 300.000000) 
4 132 145 (1344.000000 288.000000 256.000000) (1152.000000 288.000000 256.000000) (1152.000000 544.000000 256.000000) (1344.000000 544.000000 256.000000) 
4 132 139 (1152.000000 480.000000 256.000000) (1152.000000 408.000000 256.000000) (1152.000000 408.000000 400.000000) (1152.000000 480.000000 400.000000) 
4 132 137 (1152.000000 536.000000 256.000000) (1152.000000 480.000000 256.000000) (1152.000000 480.000000 400.000000) (1152.000000 536.000000 400.000000) 
4 132 136 (1152.000000 560.000000 256.000000) (1152.000000 536.000000 256.000000) (1152.000000 536.000000 400.000000) (1152.000000 560.000000 400.000000) 
4 132 134 (1152.000000 408.000000 256.000000) (1152.000000 272.000000 256.000000) (1152.000000 272.000000 400.000000) (1152.000000 408.000000 400.000000) 
4 132 133 (1152.000000 272.000000 352.000000) (1152.000000 272.000000 300.000000) (1360.000000 272.000000 300.000000) (1360.000000 272.000000 352.000000) 
4 133 143 (1360.000000 256.000000 300.000000) (1360.000000 256.000000 352.000000) (1152.000000 256.000000 352.000000) (1152.000000 256.000000 300.000000) 
3 134 145 (1152.000000 408.000000 256.000000) (1152.000000 288.000000 256.000000) (1092.000000 348.000000 256.000000) 
4 134 141 (1096.000000 352.000000 256.000000) (1080.000000 336.000000 256.000000) (1080.000000 336.000000 400.000000) (1096.000000 352.000000 400.000000) 
4 134 139 (1152.000000 408.000000 400.000000) (1152.000000 408.000000 256.000000) (1096.000000 352.000000 256.000000) (1096.000000 352.000000 400.000000) 
4 134 135 (1136.000000 280.000000 300.000000) (1136.000000 280.000000 352.000000) (1080.000000 336.000000 352.000000) (1080.000000 336.000000 300.000000) 
4 135 142 (1124.000000 268.000000 300.000000) (1124.000000 268.000000 352.000000) (1068.000000 324.000000 352.000000) (1068.000000 324.000000 300.000000) 
3 136 145 (1152.000000 544.000000 256.000000) (1152.000000 536.000000 256.000000) (1148.000000 540.000000 256.000000) 
4 136 137 (1152.000000 536.000000 256.000000) (1152.000000 536.000000 400.000000) (1136.000000 552.000000 400.000000) (1136.000000 552.000000 256.000000) 
4 137 145 (1148.000000 540.000000 256.000000) (1152.000000 536.000000 256.000000) (1152.000000 480.000000 256.000000) (1088.000000 480.000000 256.000000) 
4 137 139 (1072.000000 480.000000 256.000000) (1152.000000 480.000000 256.000000) (1152.000000 480.000000 400.000000) (1072.000000 480.000000 400.000000) 
4 137 138 (1080.000000 496.000000 300.000000) (1080.000000 496.000000 352.000000) (1136.000000 552.000000 352.000000) (1136.000000 552.000000 300.000000) 
4 138 151 (1068.000000 508.000000 300.000000) (1068.000000 508.000000 352.000000) (1124.000000 564.000000 352.000000) (1124.000000 564.000000 300.000000) 
5 139 145 (1088.000000 480.000000 256.000000) (1152.000000 480.000000 256.000000) (1152.000000 408.000000 256.000000) (1096.000000 352.000000 256.000000) (1088.000000 352.000000 256.000000) 
4 139 141 (1072.000000 352.000000 256.000000) (1096.000000 352.000000 256.000000) (1096.000000 352.000000 400.000000) (1072.000000 352.000000 400.000000) 
4 139 140 (1072.000000 480.000000 352.000000) (1072.000000 480.000000 300.000000) (1072.000000 352.000000 300.000000) (1072.000000 352.000000 352.000000) 
4 140 152 (1056.000000 352.000000 300.000000) (1056.000000 352.000000 352.000000) (1056.000000 480.000000 352.000000) (1056.000000 480.000000 300.000000) 
3 141 145 (1088.000000 352.000000 256.000000) (1096.000000 352.000000 256.000000) (1092.000000 348.000000 256.000000) 
4 142 152 (1056.000000 256.000000 608.000000) (1056.000000 336.000000 608.000000) (1056.000000 336.000000 256.000000) (1056.000000 256.000000 256.000000) 
3 142 150 (1056.000000 256.000000 256.000000) (1056.000000 336.000000 256.000000) (1136.000000 256.000000 256.000000) 
4 142 143 (1056.000000 256.000000 256.000000) (1136.000000 256.000000 256.000000) (1136.000000 256.000000 608.000000) (1056.000000 256.000000 608.000000) 
4 143 231 (1056.000000 32.000000 496.000000) (1056.000000 32.000000 400.000000) (1344.000000 32.000000 400.000000) (1344.000000 32.000000 496.000000) 
4 143 152 (1056.000000 32.000000 256.000000) (1056.000000 32.000000 608.000000) (1056.000000 256.000000 608.000000) (1056.000000 256.000000 256.000000) 
3 143 149 (1360.000000 32.000000 256.000000) (1136.000000 256.000000 256.000000) (1360.000000 256.000000 256.000000) 
4 143 150 (1360.000000 32.000000 256.000000) (1056.000000 32.000000 256.000000) (1056.000000 256.000000 256.000000) (1136.000000 256.000000 256.000000) 
4 144 151 (1360.000000 800.000000 256.000000) (1360.000000 800.000000 -0.000000) (1136.000000 576.000000 0.000000) (1136.000000 576.000000 256.000000) 
6 145 146 (1152.000000 288.000000 240.000000) (1088.000000 352.000000 240.000000) (1088.000000 480.000000 240.000000) (1152.000000 544.000000 240.000000) (1344.000000 544.000000 240.000000) (1344.000000 288.000000 240.000000) 
4 146 148 (1152.000000 288.000000 16.000000) (1152.000000 288.000000 120.000000) (1088.000000 352.000000 120.000000) (1088.000000 352.000000 16.000000) 
4 146 147 (1088.000000 480.000000 16.000000) (1088.000000 480.000000 120.000000) (1152.000000 544.000000 120.000000) (1152.000000 544.000000 16.000000) 
4 147 151 (1128.000000 568.000000 120.000000) (1128.000000 568.000000 16.000000) (1064.000000 504.000000 16.000000) (1064.000000 504.000000 120.000000) 
4 148 150 (1064.000000 328.000000 16.000000) (1128.000000 264.000000 16.000000) (1128.000000 264.000000 120.000000) (1064.000000 328.000000 120.000000) 
4 149 150 (1360.000000 32.000000 -0.000000) (1360.000000 32.000000 256.000000) (1136.000000 256.000000 256.000000) (1136.000000 256.000000 0.000000) 
4 150 159 (1056.000000 256.000000 0.000000) (1056.000000 32.000000 -0.000000) (1056.000000 32.000000 196.000000) (1056.000000 256.000000 196.000000) 
4 150 154 (1056.000000 280.000000 0.000000) (1056.000000 256.000000 0.000000) (1056.000000 256.000000 196.000000) (1056.000000 280.000000 196.000000) 
4 150 153 (1056.000000 336.000000 0.000000) (1056.000000 280.000000 0.000000) (1056.000000 280.000000 196.000000) (1056.000000 336.000000 196.000000) 
4 150 152 (1056.000000 32.000000 196.000000) (1056.000000 32.000000 256.000000) (1056.000000 336.000000 256.000000) (1056.000000 336.000000 196.000000) 
4 151 153 (1056.000000 1056.000000 196.000000) (1056.000000 1056.000000 -0.000000) (1056.000000 496.000000 0.000000) (1056.000000 496.000000 196.000000) 
4 151 152 (1056.000000 1056.000000 608.000000) (1056.000000 1056.000000 196.000000) (1056.000000 496.000000 196.000000) (1056.000000 496.000000 608.000000) 
4 152 241 (136.000000 32.000000 256.000000) (200.000000 32.000000 256.000000) (200.000000 32.000000 352.000000) (136.000000 32.000000 352.000000) 
4 152 239 (0.000000 32.000000 496.000000) (0.000000 32.000000 400.000000) (832.000000 32.000000 400.000000) (832.000000 32.000000 496.000000) 
4 152 231 (832.000000 32.000000 496.000000) (832.000000 32.000000 400.000000) (1056.000000 32.000000 400.000000) (1056.000000 32.000000 496.000000) 
4 152 164 (0.000000 32.000000 196.000000) (0.000000 32.000000 608.000000) (0.000000 1056.000000 608.000000) (0.000000 1056.000000 196.000000) 
4 152 160 (0.000000 128.000000 196.000000) (0.000000 256.000000 196.000000) (408.000000 256.000000 196.000000) (408.000000 128.000000 196.000000) 
4 152 159 (408.000000 256.000000 196.000000) (1056.000000 256.000000 196.000000) (1056.000000 32.000000 196.000000) (408.000000 32.000000 196.000000) 
4 152 155 (0.000000 256.000000 196.000000) (0.000000 280.000000 196.000000) (408.000000 280.000000 196.000000) (408.000000 256.000000 196.000000) 
4 152 154 (408.000000 280.000000 196.000000) (1056.000000 280.000000 196.000000) (1056.000000 256.000000 196.000000) (408.000000 256.000000 196.000000) 
4 152 153 (0.000000 280.000000 196.000000) (0.000000 1056.000000 196.000000) (1056.000000 1056.000000 196.000000) (1056.000000 280.000000 196.000000) 
3 153 167 (0.000000 512.000000 0.000000) (0.000000 280.000000 0.000000) (0.000000 280.000000 116.000000) 
4 153 166 (0.000000 520.000000 0.000000) (0.000000 512.000000 0.000000) (0.000000 280.000000 116.000000) (0.000000 280.000000 120.000000) 
5 153 165 (0.000000 280.000000 196.000000) (0.000000 1056.000000 196.000000) (0.000000 1056.000000 -0.000000) (0.000000 520.000000 0.000000) (0.000000 280.000000 120.000000) 
4 153 156 (0.000000 280.000000 116.000000) (0.000000 280.000000 -0.000000) (408.000000 280.000000 0.000000) (408.000000 280.000000 116.000000) 
4 153 155 (408.000000 280.000000 196.000000) (-0.000000 280.000000 196.000000) (0.000000 280.000000 120.000000) (408.000000 280.000000 120.000000) 
4 153 154 (1056.000000 280.000000 -0.000000) (1056.000000 280.000000 196.000000) (408.000000 280.000000 196.000000) (408.000000 280.000000 0.000000) 
4 154 159 (408.000000 256.000000 0.000000) (1056.000000 256.000000 0.000000) (1056.000000 256.000000 196.000000) (408.000000 256.000000 196.000000) 
4 154 157 (408.000000 264.000000 0.000000) (408.000000 256.000000 -0.000000) (408.000000 256.000000 128.000000) (408.000000 264.000000 124.000000) 
4 154 156 (408.000000 280.000000 0.000000) (408.000000 264.000000 0.000000) (408.000000 264.000000 124.000000) (408.000000 280.000000 116.000000) 
4 154 155 (408.000000 256.000000 132.000000) (408.000000 256.000000 196.000000) (408.000000 280.000000 196.000000) (408.000000 280.000000 120.000000) 
4 155 165 (0.000000 256.000000 196.000000) (0.000000 280.000000 196.000000) (0.000000 280.000000 120.000000) (0.000000 256.000000 132.000000) 
4 155 160 (0.000000 256.000000 196.000000) (0.000000 256.000000 132.000000) (408.000000 256.000000 132.000000) (408.000000 256.000000 196.000000) 
4 156 167 (0.000000 280.000000 116.000000) (0.000000 280.000000 0.000000) (0.000000 264.000000 0.000000) (0.000000 264.000000 124.000000) 
4 156 158 (134.000000 264.000000 88.000000) (134.000000 264.000000 40.000000) (252.000000 264.000000 40.000000) (252.000000 264.000000 88.000000) 
4 156 157 (392.000000 264.000000 0.000000) (408.000000 264.000000 -0.000000) (408.000000 264.000000 124.000000) (392.000000 264.000000 124.000000) 
4 157 161 (392.000000 256.000000 0.000000) (408.000000 256.000000 0.000000) (408.000000 256.000000 128.000000) (392.000000 256.000000 128.000000) 
4 158 163 (134.000000 256.000000 88.000000) (134.000000 256.000000 40.000000) (252.000000 256.000000 40.000000) (252.000000 256.000000 88.000000) 
5 159 161 (408.000000 256.000000 128.000000) (408.000000 256.000000 -0.000000) (408.000000 32.000000 -0.000000) (408.000000 32.000000 192.000000) (408.000000 128.000000 192.000000) 
3 159 160 (408.000000 256.000000 196.000000) (408.000000 256.000000 132.000000) (408.000000 128.000000 196.000000) 
3 160 165 (0.000000 128.000000 196.000000) (0.000000 256.000000 196.000000) (0.000000 256.000000 132.000000) 
4 161 162 (392.000000 164.000000 0.000000) (392.000000 60.000000 0.000000) (392.000000 60.000000 100.000000) (392.000000 164.000000 100.000000) 
4 162 163 (384.000000 164.000000 0.000000) (384.000000 60.000000 0.000000) (384.000000 60.000000 100.000000) (384.000000 164.000000 100.000000) 
4 163 255 (64.000000 32.000000 0.000000) (320.000000 32.000000 0.000000) (320.000000 32.000000 128.000000) (64.000000 32.000000 128.000000) 
4 163 168 (0.000000 164.000000 100.000000) (0.000000 164.000000 0.000000) (0.000000 60.000000 0.000000) (0.000000 60.000000 100.000000) 
4 164 276 (0.000000 32.000000 400.000000) (0.000000 32.000000 496.000000) (-704.000000 32.000000 496.000000) (-704.000000 32.000000 400.000000) 
4 164 202 (-768.000000 400.000000 416.000000) (-768.000000 624.000000 416.000000) (-768.000000 624.000000 352.000000) (-768.000000 400.000000 352.000000) 
4 164 194 (-768.000000 912.000000 352.000000) (-768.000000 688.000000 352.000000) (-768.000000 688.000000 416.000000) (-768.000000 912.000000 416.000000) 
4 164 193 (-768.000000 1056.000000 416.000000) (-768.000000 1056.000000 352.000000) (-768.000000 976.000000 352.000000) (-768.000000 976.000000 416.000000) 
4 164 165 (-24.000000 128.000000 196.000000) (-24.000000 1056.000000 196.000000) (-0.000000 1056.000000 196.000000) (0.000000 128.000000 196.000000) 
4 164 170 (-24.000000 32.000000 196.000000) (-768.000000 32.000000 196.000000) (-768.000000 1056.000000 196.000000) (-24.000000 1056.000000 196.000000) 
4 165 166 (-24.000000 280.000000 120.000000) (-24.000000 520.000000 -0.000000) (-0.000000 520.000000 0.000000) (0.000000 280.000000 120.000000) 
4 165 170 (-24.000000 1056.000000 196.000000) (-24.000000 1056.000000 0.000000) (-24.000000 520.000000 0.000000) (-24.000000 128.000000 196.000000) 
4 166 169 (-24.000000 280.000000 116.000000) (-24.000000 512.000000 0.000000) (-8.000000 512.000000 0.000000) (-8.000000 280.000000 116.000000) 
4 166 167 (-8.000000 512.000000 0.000000) (0.000000 512.000000 -0.000000) (0.000000 280.000000 116.000000) (-8.000000 280.000000 116.000000) 
4 166 170 (-24.000000 520.000000 0.000000) (-24.000000 512.000000 0.000000) (-24.000000 280.000000 116.000000) (-24.000000 280.000000 120.000000) 
3 167 169 (-8.000000 264.000000 124.000000) (-8.000000 512.000000 -0.000000) (-8.000000 264.000000 0.000000) 
4 168 169 (-8.000000 164.000000 100.000000) (-8.000000 164.000000 0.000000) (-8.000000 60.000000 0.000000) (-8.000000 60.000000 100.000000) 
4 169 170 (-24.000000 512.000000 0.000000) (-24.000000 32.000000 0.000000) (-24.000000 32.000000 192.000000) (-24.000000 128.000000 192.000000) 
4 171 176 (-768.000000 1920.000000 376.000000) (-768.000000 1920.000000 456.000000) (-800.000000 1920.000000 456.000000) (-800.000000 1920.000000 376.000000) 
4 171 172 (-800.000000 1920.000000 384.000000) (-800.000000 1920.000000 448.000000) (-800.000000 1984.000000 448.000000) (-800.000000 1984.000000 384.000000) 
4 172 174 (-808.000000 1920.000000 384.000000) (-808.000000 1920.000000 448.000000) (-808.000000 1984.000000 448.000000) (-808.000000 1984.000000 384.000000) 
4 173 174 (-968.000000 1984.000000 448.000000) (-968.000000 1984.000000 384.000000) (-904.000000 1984.000000 384.000000) (-904.000000 1984.000000 448.000000) 
4 175 177 (-1144.000000 1920.000000 608.000000) (-1336.000000 1920.000000 608.000000) (-1336.000000 1920.000000 192.000000) (-1144.000000 1920.000000 192.000000) 
4 178 179 (-784.000000 1664.000000 256.000000) (-784.000000 1568.000000 256.000000) (-784.000000 1568.000000 352.000000) (-784.000000 1664.000000 352.000000) 
4 179 180 (-832.000000 1664.000000 256.000000) (-832.000000 1568.000000 256.000000) (-832.000000 1568.000000 352.000000) (-832.000000 1664.000000 352.000000) 
4 180 182 (-992.000000 1600.000000 256.000000) (-992.000000 1536.000000 256.000000) (-992.000000 1536.000000 448.000000) (-992.000000 1600.000000 448.000000) 
4 180 181 (-992.000000 1824.000000 256.000000) (-992.000000 1600.000000 256.000000) (-992.000000 1600.000000 448.000000) (-992.000000 1824.000000 448.000000) 
4 181 183 (-1184.000000 1728.000000 320.000000) (-1184.000000 1664.000000 320.000000) (-1184.000000 1664.000000 416.000000) (-1184.000000 1728.000000 416.000000) 
4 181 182 (-1056.000000 1600.000000 256.000000) (-992.000000 1600.000000 256.000000) (-992.000000 1600.000000 448.000000) (-1056.000000 1600.000000 448.000000) 
4 183 184 (-1216.000000 1664.000000 416.000000) (-1216.000000 1728.000000 416.000000) (-1216.000000 1728.000000 320.000000) (-1216.000000 1664.000000 320.000000) 
4 184 190 (-1408.000000 1760.000000 448.000000) (-1408.000000 1760.000000 320.000000) (-1408.000000 1568.000000 320.000000) (-1408.000000 1568.000000 448.000000) 
4 186 187 (-1480.000000 1600.000000 576.000000) (-1480.000000 1600.000000 608.000000) (-1544.000000 1600.000000 608.000000) (-1544.000000 1600.000000 576.000000) 
4 187 188 (-1480.000000 1552.000000 608.000000) (-1544.000000 1552.000000 608.000000) (-1544.000000 1552.000000 576.000000) (-1480.000000 1552.000000 576.000000) 
4 188 189 (-1480.000000 1536.000000 608.000000) (-1544.000000 1536.000000 608.000000) (-1544.000000 1536.000000 576.000000) (-1480.000000 1536.000000 576.000000) 
4 189 209 (-1472.000000 1408.000000 608.000000) (-1920.000000 1408.000000 608.000000) (-1920.000000 1408.000000 480.000000) (-1472.000000 1408.000000 480.000000) 
4 190 191 (-1440.000000 1760.000000 320.000000) (-1440.000000 1568.000000 320.000000) (-1440.000000 1568.000000 448.000000) (-1440.000000 1760.000000 448.000000) 
4 191 192 (-1472.000000 1760.000000 448.000000) (-1472.000000 1760.000000 320.000000) (-1472.000000 1536.000000 320.000000) (-1472.000000 1536.000000 448.000000) 
4 192 213 (-1542.000000 1408.000000 448.000000) (-1664.000000 1408.000000 448.000000) (-1664.000000 1408.000000 320.000000) (-1542.000000 1408.000000 320.000000) 
4 192 212 (-1472.000000 1408.000000 448.000000) (-1542.000000 1408.000000 448.000000) (-1542.000000 1408.000000 320.000000) (-1472.000000 1408.000000 320.000000) 
4 193 195 (-784.000000 1200.000000 352.000000) (-784.000000 976.000000 352.000000) (-784.000000 976.000000 416.000000) (-784.000000 1200.000000 416.000000) 
4 194 197 (-784.000000 912.000000 352.000000) (-784.000000 688.000000 352.000000) (-784.000000 688.000000 416.000000) (-784.000000 912.000000 416.000000) 
4 195 198 (-1040.000000 1056.000000 320.000000) (-1040.000000 1008.000000 320.000000) (-1040.000000 1008.000000 416.000000) (-1040.000000 1056.000000 416.000000) 
4 195 196 (-896.000000 960.000000 320.000000) (-832.000000 960.000000 320.000000) (-832.000000 960.000000 368.000000) (-896.000000 960.000000 368.000000) 
4 196 197 (-896.000000 928.000000 320.000000) (-832.000000 928.000000 320.000000) (-832.000000 928.000000 368.000000) (-896.000000 928.000000 368.000000) 
4 197 203 (-944.000000 672.000000 368.000000) (-1008.000000 672.000000 368.000000) (-1008.000000 672.000000 320.000000) (-944.000000 672.000000 320.000000) 
4 197 199 (-1040.000000 768.000000 320.000000) (-1040.000000 720.000000 320.000000) (-1040.000000 720.000000 416.000000) (-1040.000000 768.000000 416.000000) 
4 198 200 (-1056.000000 1056.000000 320.000000) (-1056.000000 1008.000000 320.000000) (-1056.000000 1008.000000 416.000000) (-1056.000000 1056.000000 416.000000) 
4 199 200 (-1056.000000 768.000000 320.000000) (-1056.000000 720.000000 320.000000) (-1056.000000 720.000000 416.000000) (-1056.000000 768.000000 416.000000) 
4 200 206 (-1248.000000 672.000000 544.000000) (-1248.000000 672.000000 320.000000) (-1056.000000 672.000000 320.000000) (-1056.000000 672.000000 544.000000) 
4 200 201 (-1248.000000 1216.000000 320.000000) (-1248.000000 1024.000000 320.000000) (-1248.000000 1024.000000 448.000000) (-1248.000000 1216.000000 448.000000) 
4 201 213 (-1280.000000 1146.000000 320.000000) (-1280.000000 1024.000000 320.000000) (-1280.000000 1024.000000 448.000000) (-1280.000000 1146.000000 448.000000) 
4 201 211 (-1280.000000 1216.000000 320.000000) (-1280.000000 1146.000000 320.000000) (-1280.000000 1146.000000 448.000000) (-1280.000000 1216.000000 448.000000) 
4 202 204 (-784.000000 624.000000 352.000000) (-784.000000 400.000000 352.000000) (-784.000000 400.000000 416.000000) (-784.000000 624.000000 416.000000) 
4 203 204 (-1008.000000 640.000000 320.000000) (-944.000000 640.000000 320.000000) (-944.000000 640.000000 368.000000) (-1008.000000 640.000000 368.000000) 
4 204 205 (-1040.000000 480.000000 320.000000) (-1040.000000 432.000000 320.000000) (-1040.000000 432.000000 416.000000) (-1040.000000 480.000000 416.000000) 
4 205 206 (-1056.000000 480.000000 320.000000) (-1056.000000 432.000000 320.000000) (-1056.000000 432.000000 416.000000) (-1056.000000 480.000000 416.000000) 
4 206 207 (-1248.000000 368.000000 320.000000) (-1248.000000 272.000000 320.000000) (-1248.000000 272.000000 416.000000) (-1248.000000 368.000000 416.000000) 
4 207 208 (-1264.000000 368.000000 320.000000) (-1264.000000 272.000000 320.000000) (-1264.000000 272.000000 416.000000) (-1264.000000 368.000000 416.000000) 
4 208 217 (-1280.000000 384.000000 320.000000) (-1280.000000 256.000000 320.000000) (-1280.000000 256.000000 448.000000) (-1280.000000 384.000000 448.000000) 
4 209 222 (-1920.000000 1344.000000 480.000000) (-1920.000000 1280.000000 480.000000) (-1920.000000 1280.000000 528.000000) (-1920.000000 1344.000000 528.000000) 
4 209 210 (-1696.000000 1216.000000 480.000000) (-1536.000000 1216.000000 480.000000) (-1536.000000 1216.000000 608.000000) (-1696.000000 1216.000000 608.000000) 
4 210 214 (-1632.000000 992.000000 576.000000) (-1632.000000 992.000000 480.000000) (-1568.000000 992.000000 480.000000) (-1568.000000 992.000000 576.000000) 
4 211 213 (-1376.000000 1242.000000 320.000000) (-1280.000000 1146.000000 320.000000) (-1280.000000 1146.000000 448.000000) (-1376.000000 1242.000000 448.000000) 
4 212 213 (-1542.000000 1408.000000 448.000000) (-1542.000000 1408.000000 320.000000) (-1446.000000 1312.000000 320.000000) (-1446.000000 1312.000000 448.000000) 
4 214 215 (-1568.000000 976.000000 576.000000) (-1632.000000 976.000000 576.000000) (-1632.000000 976.000000 480.000000) (-1568.000000 976.000000 480.000000) 
4 215 216 (-1440.000000 400.000000 416.000000) (-1504.000000 400.000000 416.000000) (-1504.000000 400.000000 320.000000) (-1440.000000 400.000000 320.000000) 
4 216 217 (-1440.000000 384.000000 416.000000) (-1504.000000 384.000000 416.000000) (-1504.000000 384.000000 320.000000) (-1440.000000 384.000000 320.000000) 
4 218 219 (-2168.000000 1888.000000 456.000000) (-2232.000000 1888.000000 456.000000) (-2232.000000 1888.000000 408.000000) (-2168.000000 1888.000000 408.000000) 
4 219 220 (-2232.000000 1880.000000 408.000000) (-2168.000000 1880.000000 408.000000) (-2168.000000 1880.000000 456.000000) (-2232.000000 1880.000000 456.000000) 
4 220 221 (-2168.000000 1544.000000 408.000000) (-2168.000000 1544.000000 456.000000) (-2232.000000 1544.000000 456.000000) (-2232.000000 1544.000000 408.000000) 
4 221 226 (-2168.000000 1536.000000 456.000000) (-2232.000000 1536.000000 456.000000) (-2232.000000 1536.000000 408.000000) (-2168.000000 1536.000000 408.000000) 
4 222 223 (-1936.000000 1344.000000 480.000000) (-1936.000000 1280.000000 480.000000) (-1936.000000 1280.000000 528.000000) (-1936.000000 1344.000000 528.000000) 
4 223 225 (-2000.000000 1280.000000 480.000000) (-2000.000000 1280.000000 528.000000) (-2000.000000 1344.000000 528.000000) (-2000.000000 1344.000000 480.000000) 
4 224 226 (-2136.000000 1408.000000 480.000000) (-2136.000000 1408.000000 528.000000) (-2136.000000 1472.000000 528.000000) (-2136.000000 1472.000000 480.000000) 
4 224 225 (-2064.000000 1408.000000 480.000000) (-2000.000000 1408.000000 480.000000) (-2000.000000 1408.000000 528.000000) (-2064.000000 1408.000000 528.000000) 
4 227 260 (1856.000000 -1008.000000 160.000000) (1616.000000 -1008.000000 160.000000) (1616.000000 -1008.000000 0.000000) (1856.000000 -1008.000000 0.000000) 
4 227 229 (1568.000000 -752.000000 0.000000) (1528.000000 -792.000000 0.000000) (1528.000000 -792.000000 96.000000) (1568.000000 -752.000000 96.000000) 
4 227 228 (1568.000000 -960.000000 0.000000) (1616.000000 -1008.000000 0.000000) (1616.000000 -1008.000000 160.000000) (1568.000000 -960.000000 160.000000) 
4 228 260 (1616.000000 -1008.000000 160.000000) (1520.000000 -1008.000000 160.000000) (1520.000000 -1008.000000 0.000000) (1616.000000 -1008.000000 0.000000) 
4 229 230 (1560.000000 -744.000000 0.000000) (1520.000000 -784.000000 0.000000) (1520.000000 -784.000000 96.000000) (1560.000000 -744.000000 96.000000) 
4 230 235 (1408.000000 -896.000000 -0.000000) (1408.000000 -896.000000 128.000000) (1408.000000 -512.000000 128.000000) (1408.000000 -512.000000 -0.000000) 
4 230 234 (1408.000000 -896.000000 128.000000) (1408.000000 -896.000000 192.000000) (1408.000000 -688.000000 192.000000) (1408.000000 -688.000000 128.000000) 
4 230 233 (1408.000000 -688.000000 192.000000) (1408.000000 -512.000000 192.000000) (1408.000000 -512.000000 128.000000) (1408.000000 -688.000000 128.000000) 
4 231 239 (832.000000 32.000000 496.000000) (832.000000 32.000000 400.000000) (832.000000 0.000000 400.000000) (832.000000 0.000000 496.000000) 
4 232 251 (832.000000 -192.000000 0.000000) (832.000000 -352.000000 0.000000) (832.000000 -352.000000 128.000000) (832.000000 -192.000000 128.000000) 
4 232 249 (832.000000 -64.000000 128.000000) (832.000000 -64.000000 0.000000) (832.000000 -192.000000 0.000000) (832.000000 -192.000000 128.000000) 
4 232 246 (832.000000 -352.000000 192.000000) (832.000000 -192.000000 192.000000) (832.000000 -192.000000 128.000000) (832.000000 -352.000000 128.000000) 
4 232 245 (832.000000 -192.000000 192.000000) (832.000000 -64.000000 192.000000) (832.000000 -64.000000 128.000000) (832.000000 -192.000000 128.000000) 
4 233 248 (832.000000 -688.000000 192.000000) (832.000000 -432.000000 192.000000) (832.000000 -432.000000 128.000000) (832.000000 -688.000000 128.000000) 
4 233 237 (832.000000 -688.000000 128.000000) (832.000000 -432.000000 128.000000) (896.000000 -432.000000 128.000000) (896.000000 -688.000000 128.000000) 
4 233 236 (896.000000 -432.000000 128.000000) (944.000000 -432.000000 128.000000) (1200.000000 -688.000000 128.000000) (896.000000 -688.000000 128.000000) 
5 233 235 (944.000000 -432.000000 128.000000) (1328.000000 -432.000000 128.000000) (1408.000000 -512.000000 128.000000) (1408.000000 -688.000000 128.000000) (1200.000000 -688.000000 128.000000) 
4 233 234 (1200.000000 -688.000000 128.000000) (1408.000000 -688.000000 128.000000) (1408.000000 -688.000000 192.000000) (1200.000000 -688.000000 192.000000) 
3 234 235 (1200.000000 -688.000000 128.000000) (1408.000000 -688.000000 128.000000) (1408.000000 -896.000000 128.000000) 
4 235 236 (944.000000 -432.000000 128.000000) (944.000000 -432.000000 -0.000000) (1200.000000 -688.000000 0.000000) (1200.000000 -688.000000 128.000000) 
4 236 237 (896.000000 -432.000000 0.000000) (896.000000 -688.000000 0.000000) (896.000000 -688.000000 128.000000) (896.000000 -432.000000 128.000000) 
4 237 257 (832.000000 -992.000000 128.000000) (832.000000 -688.000000 128.000000) (832.000000 -688.000000 112.000000) (832.000000 -992.000000 112.000000) 
4 237 258 (832.000000 -688.000000 112.000000) (832.000000 -688.000000 0.000000) (832.000000 -992.000000 0.000000) (832.000000 -992.000000 112.000000) 
4 237 256 (832.000000 -688.000000 128.000000) (832.000000 -432.000000 128.000000) (832.000000 -432.000000 0.000000) (832.000000 -688.000000 0.000000) 
4 237 238 (832.000000 -992.000000 0.000000) (856.000000 -992.000000 0.000000) (856.000000 -992.000000 112.000000) (832.000000 -992.000000 112.000000) 
4 238 263 (832.000000 -1008.000000 112.000000) (832.000000 -1008.000000 -0.000000) (856.000000 -1008.000000 0.000000) (856.000000 -1008.000000 112.000000) 
4 238 258 (832.000000 -1008.000000 -0.000000) (832.000000 -1008.000000 112.000000) (832.000000 -992.000000 112.000000) (832.000000 -992.000000 0.000000) 
4 239 276 (0.000000 32.000000 496.000000) (0.000000 32.000000 400.000000) (0.000000 0.000000 400.000000) (0.000000 0.000000 496.000000) 
4 240 242 (832.000000 -64.000000 384.000000) (832.000000 -192.000000 384.000000) (400.000000 -192.000000 384.000000) (400.000000 -64.000000 384.000000) 
4 241 244 (136.000000 -32.000000 256.000000) (200.000000 -32.000000 256.000000) (200.000000 -32.000000 352.000000) (136.000000 -32.000000 352.000000) 
4 242 245 (400.000000 -192.000000 256.000000) (400.000000 -64.000000 256.000000) (832.000000 -64.000000 256.000000) (832.000000 -192.000000 256.000000) 
4 242 243 (400.000000 -64.000000 256.000000) (400.000000 -192.000000 256.000000) (400.000000 -192.000000 384.000000) (400.000000 -64.000000 384.000000) 
4 243 244 (384.000000 -64.000000 256.000000) (384.000000 -192.000000 256.000000) (384.000000 -192.000000 384.000000) (384.000000 -64.000000 384.000000) 
4 245 249 (832.000000 -64.000000 128.000000) (832.000000 -192.000000 128.000000) (528.000000 -192.000000 128.000000) (528.000000 -64.000000 128.000000) 
4 245 246 (528.000000 -192.000000 128.000000) (832.000000 -192.000000 128.000000) (832.000000 -192.000000 256.000000) (528.000000 -192.000000 256.000000) 
4 246 251 (832.000000 -192.000000 128.000000) (832.000000 -352.000000 128.000000) (528.000000 -352.000000 128.000000) (528.000000 -192.000000 128.000000) 
4 246 247 (528.000000 -208.000000 128.000000) (528.000000 -352.000000 128.000000) (528.000000 -352.000000 256.000000) (528.000000 -208.000000 256.000000) 
4 247 252 (528.000000 -352.000000 128.000000) (400.000000 -352.000000 128.000000) (400.000000 -208.000000 128.000000) (528.000000 -208.000000 128.000000) 
4 248 256 (0.000000 -688.000000 128.000000) (0.000000 -432.000000 128.000000) (832.000000 -432.000000 128.000000) (832.000000 -688.000000 128.000000) 
4 249 251 (528.000000 -192.000000 0.000000) (832.000000 -192.000000 -0.000000) (832.000000 -192.000000 128.000000) (528.000000 -192.000000 128.000000) 
4 249 250 (528.000000 -64.000000 0.000000) (528.000000 -192.000000 0.000000) (528.000000 -192.000000 112.000000) (528.000000 -64.000000 112.000000) 
4 251 253 (576.000000 -352.000000 0.000000) (704.000000 -352.000000 0.000000) (704.000000 -352.000000 128.000000) (576.000000 -352.000000 128.000000) 
4 251 252 (528.000000 -208.000000 0.000000) (528.000000 -352.000000 -0.000000) (528.000000 -352.000000 128.000000) (528.000000 -208.000000 128.000000) 
4 253 254 (612.000000 -416.000000 0.000000) (668.000000 -416.000000 0.000000) (668.000000 -416.000000 100.000000) (612.000000 -416.000000 100.000000) 
4 254 256 (668.000000 -432.000000 100.000000) (612.000000 -432.000000 100.000000) (612.000000 -432.000000 0.000000) (668.000000 -432.000000 0.000000) 
4 255 256 (320.000000 -432.000000 128.000000) (64.000000 -432.000000 128.000000) (64.000000 -432.000000 0.000000) (320.000000 -432.000000 0.000000) 
4 256 259 (704.000000 -688.000000 0.000000) (744.000000 -688.000000 0.000000) (744.000000 -688.000000 128.000000) (704.000000 -688.000000 128.000000) 
4 256 257 (832.000000 -688.000000 112.000000) (832.000000 -688.000000 128.000000) (744.000000 -688.000000 128.000000) (744.000000 -688.000000 112.000000) 
4 256 258 (744.000000 -688.000000 0.000000) (832.000000 -688.000000 0.000000) (832.000000 -688.000000 112.000000) (744.000000 -688.000000 112.000000) 
4 257 259 (744.000000 -992.000000 128.000000) (744.000000 -688.000000 128.000000) (744.000000 -688.000000 112.000000) (744.000000 -992.000000 112.000000) 
4 257 258 (744.000000 -688.000000 112.000000) (832.000000 -688.000000 112.000000) (832.000000 -992.000000 112.000000) (744.000000 -992.000000 112.000000) 
4 258 263 (832.000000 -1008.000000 -0.000000) (832.000000 -1008.000000 112.000000) (744.000000 -1008.000000 112.000000) (744.000000 -1008.000000 0.000000) 
4 258 259 (744.000000 -688.000000 0.000000) (744.000000 -992.000000 0.000000) (744.000000 -992.000000 112.000000) (744.000000 -688.000000 112.000000) 
4 260 261 (1392.000000 -1168.000000 0.000000) (1440.000000 -1216.000000 0.000000) (1440.000000 -1216.000000 48.000000) (1392.000000 -1168.000000 48.000000) 
4 261 262 (1440.000000 -1216.000000 -0.000000) (1440.000000 -1216.000000 48.000000) (1344.000000 -1216.000000 48.000000) (1344.000000 -1216.000000 0.000000) 
4 262 264 (1152.000000 -1280.000000 48.000000) (1152.000000 -1216.000000 48.000000) (1152.000000 -1216.000000 0.000000) (1152.000000 -1280.000000 0.000000) 
4 263 265 (856.000000 -1024.000000 112.000000) (744.000000 -1024.000000 112.000000) (744.000000 -1024.000000 0.000000) (856.000000 -1024.000000 0.000000) 
4 264 267 (1152.000000 -1712.000000 -0.000000) (1152.000000 -1712.000000 128.000000) (1136.000000 -1712.000000 128.000000) (1136.000000 -1712.000000 0.000000) 
4 264 265 (1136.000000 -1024.000000 128.000000) (1136.000000 -1024.000000 0.000000) (1136.000000 -1712.000000 0.000000) (1136.000000 -1712.000000 128.000000) 
4 265 267 (464.000000 -1712.000000 128.000000) (464.000000 -1712.000000 0.000000) (1136.000000 -1712.000000 0.000000) (1136.000000 -1712.000000 128.000000) 
4 265 266 (464.000000 -1712.000000 -0.000000) (464.000000 -1712.000000 128.000000) (464.000000 -1024.000000 128.000000) (464.000000 -1024.000000 -0.000000) 
4 266 267 (448.000000 -1712.000000 128.000000) (448.000000 -1712.000000 -0.000000) (464.000000 -1712.000000 0.000000) (464.000000 -1712.000000 128.000000) 
4 267 268 (1056.000000 -1728.000000 128.000000) (768.000000 -1728.000000 128.000000) (768.000000 -1728.000000 0.000000) (1056.000000 -1728.000000 0.000000) 
4 268 269 (904.000000 -1792.000000 0.000000) (1016.000000 -1792.000000 0.000000) (1016.000000 -1792.000000 96.000000) (904.000000 -1792.000000 96.000000) 
4 269 270 (904.000000 -1808.000000 0.000000) (1016.000000 -1808.000000 0.000000) (1016.000000 -1808.000000 96.000000) (904.000000 -1808.000000 96.000000) 
4 270 273 (944.000000 -2192.000000 0.000000) (960.000000 -2192.000000 0.000000) (960.000000 -2192.000000 192.000000) (944.000000 -2192.000000 192.000000) 
4 270 272 (960.000000 -2192.000000 0.000000) (1024.000000 -2192.000000 0.000000) (1024.000000 -2192.000000 192.000000) (960.000000 -2192.000000 192.000000) 
4 270 271 (896.000000 -1808.000000 0.000000) (896.000000 -2192.000000 0.000000) (896.000000 -2192.000000 128.000000) (896.000000 -1808.000000 128.000000) 
4 271 275 (832.000000 -2048.000000 0.000000) (832.000000 -2160.000000 0.000000) (832.000000 -2160.000000 112.000000) (832.000000 -2048.000000 112.000000) 
4 271 274 (832.000000 -1840.000000 0.000000) (832.000000 -1952.000000 0.000000) (832.000000 -1952.000000 112.000000) (832.000000 -1840.000000 112.000000) 
4 272 273 (960.000000 -2192.000000 192.000000) (960.000000 -2192.000000 -0.000000) (960.000000 -2208.000000 0.000000) (960.000000 -2208.000000 192.000000) 
