hlcsg v3.4 VL34 64-bit (Aug 17 2015)
Zoner's Half-Life Compilation Tools -- Custom Build
Based on code modifications by Sean 'Zoner' Cavanaugh
Based on Valve's version, modified with permission.
Submit detailed bug reports to (vluzacn@163.com)
-----  BEGIN  hlcsg -----
Command line: "C:\Program Files\J.A.C.K\halflife\vhlt34\hlcsg_x64.exe" I:\Games\SteamLibrary\steamapps\common\Half-Life\KEA1989\maps\mf01 -cliptype precise -wadautodetect 
Arguments: I:\Games\SteamLibrary\steamapps\common\Half-Life\KEA1989\maps\mf01 -cliptype precise -wadautodetect -low 
Entering I:\Games\SteamLibrary\steamapps\common\Half-Life\KEA1989\maps\mf01.map

Current hlcsg Settings
Name                 |  Setting  |  Default
---------------------|-----------|-------------------------
threads               [       4 ] [  Varies ]
verbose               [     off ] [     off ]
log                   [      on ] [      on ]
reset logfile         [      on ] [      on ]
developer             [       0 ] [       0 ]
chart                 [     off ] [     off ]
estimate              [     off ] [     off ]
max texture memory    [ 33554432 ] [ 33554432 ]
max lighting memory   [ 50331648 ] [ 50331648 ]
priority              [     Low ] [  Normal ]

noclip                [     off ] [     off ]
null texture stripping[      on ] [      on ]
clipnode economy mode [     off ] [     off ]
clip hull type        [ precise ] [  simple ]
onlyents              [     off ] [     off ]
wadtextures           [      on ] [      on ]
skyclip               [      on ] [      on ]
hullfile              [    None ] [    None ]
wad configuration file[    None ] [    None ]
wad.cfg group name    [    None ] [    None ]
nullfile              [    None ] [    None ]
nullify trigger       [      on ] [      on ]
min surface area      [   0.000 ] [   0.000 ]
brush union threshold [   0.000 ] [   0.000 ]
map scaling           [    None ] [    None ]
light name optimize   [      on ] [      on ]
convert game_text     [      on ] [      on ]

Using mapfile wad configuration
Wadfiles not in use by the map will be excluded
Wadinclude list :
[zhlt.wad]

CreateBrush:
 (0.62 seconds)
CSGBrush:
 (1.37 seconds)

added 18 additional animating textures.
Including Wadfile: \Program Files\J.A.C.K\tools\zhlt.wad
 - Contains 2 used textures, 0.70 percent of map (19 textures in wad)
Using Wadfile: \Games\Half-Life\valve\halflife.wad
 - Contains 126 used textures, 44.21 percent of map (3116 textures in wad)
Using Wadfile: \Games\SteamLibrary\steamapps\common\Half-Life\KEA1989\czcs_office.wad
 - Contains 16 used textures, 5.61 percent of map (305 textures in wad)
Using Wadfile: \Games\SteamLibrary\steamapps\common\Half-Life\KEA1989\czde_fastline.wad
 - Contains 17 used textures, 5.96 percent of map (158 textures in wad)
Using Wadfile: \Games\SteamLibrary\steamapps\common\Half-Life\KEA1989\winfades.wad
 - Contains 1 used texture, 0.35 percent of map (18 textures in wad)
Using Wadfile: \Games\SteamLibrary\steamapps\common\Half-Life\KEA1989\deepmind_windawz.wad
 - Contains 99 used textures, 34.74 percent of map (189 textures in wad)
Using Wadfile: \Games\SteamLibrary\steamapps\common\Half-Life\KEA1989\khr_prototype_hl.wad
 - Contains 6 used textures, 2.11 percent of map (205 textures in wad)
Using Wadfile: \Games\SteamLibrary\steamapps\common\Half-Life\KEA1989\deepmind2_ny.wad
 - Contains 18 used textures, 6.32 percent of map (189 textures in wad)

Wad files required to run the map: "halflife.wad;czcs_office.wad;czde_fastline.wad;winfades.wad;deepmind_windawz.wad;khr_prototype_hl.wad;deepmind2_ny.wad;"
Texture usage is at 6.05 mb (of 32.00 mb MAX)
2 redundant named lights optimized.
2.49 seconds elapsed

-----   END   hlcsg -----



hlbsp v3.4 VL34 64-bit (Aug 17 2015)
Zoner's Half-Life Compilation Tools -- Custom Build
Based on code modifications by Sean 'Zoner' Cavanaugh
Based on Valve's version, modified with permission.
Submit detailed bug reports to (vluzacn@163.com)
-----  BEGIN  hlbsp -----
Command line: "C:\Program Files\J.A.C.K\halflife\vhlt34\hlbsp_x64.exe" I:\Games\SteamLibrary\steamapps\common\Half-Life\KEA1989\maps\mf01 
Arguments: I:\Games\SteamLibrary\steamapps\common\Half-Life\KEA1989\maps\mf01 -low -chart 

Current hlbsp Settings
Name               |  Setting  |  Default
-------------------|-----------|-------------------------
threads             [       4 ] [  Varies ]
verbose             [     off ] [     off ]
log                 [      on ] [      on ]
developer           [       0 ] [       0 ]
chart               [      on ] [     off ]
estimate            [     off ] [     off ]
max texture memory  [ 33554432 ] [ 33554432 ]
priority            [     Low ] [  Normal ]

noclip              [     off ] [     off ]
nofill              [     off ] [     off ]
noinsidefill        [     off ] [     off ]
noopt               [     off ] [     off ]
no clipnode merging [     off ] [     off ]
null tex. stripping [      on ] [      on ]
notjunc             [     off ] [     off ]
nobrink             [     off ] [     off ]
subdivide size      [     240 ] [     240 ] (Min 64) (Max 512)
max node size       [    1024 ] [    1024 ] (Min 64) (Max 65536)
remove hull 2       [     off ] [     off ]


SolidBSP [hull 0] 500...1000...1500...2000...2500...3000...3500...4000...4500...5000...5500...6000...6048 (0.85 seconds)
BSP generation successful, writing portal file 'I:\Games\SteamLibrary\steamapps\common\Half-Life\KEA1989\maps\mf01.prt'
SolidBSP [hull 1] 500...1000...1500...2000...2500...3000...3500...4000...4047 (0.72 seconds)
SolidBSP [hull 2] 500...1000...1500...2000...2500...3000...3400 (0.54 seconds)
SolidBSP [hull 3] 500...1000...1500...2000...2500...3000...3500...4000...4199 (0.63 seconds)
Warning: No visible brushes in solid entity: model 115 (entity: classname "func_wall", origin "", targetname "", range (-848,1648,496) - (-752,1744,512))
Warning: No visible brushes in solid entity: model 116 (entity: classname "func_wall", origin "", targetname "", range (-656,1648,496) - (-560,1744,512))
Warning: No visible brushes in solid entity: model 117 (entity: classname "func_wall", origin "", targetname "", range (-848,1872,496) - (-752,1968,512))
Warning: No visible brushes in solid entity: model 118 (entity: classname "func_wall", origin "", targetname "", range (-656,1872,496) - (-560,1968,512))
Reduced 12795 clipnodes to 11918
Reduced 4555 texinfos to 4244
Reduced 285 texdatas to 279 (14768 bytes to 12280)
Reduced 19786 planes to 6158
FixBrinks:
Increased 11918 clipnodes to 12075.

Object names  Objects/Maxobjs  Memory / Maxmem  Fullness
------------  ---------------  ---------------  --------
models            148/512         9472/32768    (28.9%)
planes           6158/32768     123160/655360   (18.8%)
vertexes        13985/65535     167820/786420   (21.3%)
nodes            6429/32767     154296/786408   (19.6%)
texinfos         4244/32767     169760/1310680  (13.0%)
faces            8757/65535     175140/1310700  (13.4%)
* worldfaces     7365/32768          0/0        (22.5%)
clipnodes       12075/32767      96600/262136   (36.9%)
leaves           4390/32760     122920/917280   (13.4%)
* worldleaves    3116/8192           0/0        (38.0%)
marksurfaces    14064/65535      28128/131070   (21.5%)
surfedges       40085/512000    160340/2048000  ( 7.8%)
edges           23177/256000     92708/1024000  ( 9.1%)
texdata          [variable]      12280/33554432 ( 0.0%)
lightdata        [variable]          0/50331648 ( 0.0%)
visdata          [variable]          0/8388608  ( 0.0%)
entdata          [variable]     105605/2097152  ( 5.0%)
* AllocBlock       19/64             0/0        (29.7%)
279 textures referenced
=== Total BSP file data space used: 1418229 bytes ===
Wad files required to run the map: "halflife.wad;czcs_office.wad;czde_fastline.wad;winfades.wad;deepmind_windawz.wad;khr_prototype_hl.wad;deepmind2_ny.wad;"
6.16 seconds elapsed

-----   END   hlbsp -----



hlvis v3.4 VL34 64-bit (Aug 17 2015)
Zoner's Half-Life Compilation Tools -- Custom Build
Based on code modifications by Sean 'Zoner' Cavanaugh
Based on Valve's version, modified with permission.
Submit detailed bug reports to (vluzacn@163.com)
-----  BEGIN  hlvis -----
Command line: "C:\Program Files\J.A.C.K\halflife\vhlt34\hlvis_x64.exe" I:\Games\SteamLibrary\steamapps\common\Half-Life\KEA1989\maps\mf01 
Arguments: I:\Games\SteamLibrary\steamapps\common\Half-Life\KEA1989\maps\mf01 -low 
 423 portalleafs
 888 numportals

-= Current hlvis Settings =-
Name               |  Setting  |  Default
-------------------|-----------|-------------------------
threads             [       4 ] [  Varies ]
verbose             [     off ] [     off ]
log                 [      on ] [      on ]
developer           [       0 ] [       0 ]
chart               [     off ] [     off ]
estimate            [     off ] [     off ]
max texture memory  [ 33554432 ] [ 33554432 ]
max vis distance    [       0 ] [       0 ]
priority            [     Low ] [  Normal ]

fast vis            [     off ] [     off ]
full vis            [     off ] [     off ]


BasePortalVis:
 (0.03 seconds)
LeafThread:
 (0.14 seconds)
average leafs visible: 50
g_visdatasize:34876  compressed from 22419
0.20 seconds elapsed

-----   END   hlvis -----



hlrad v3.4 VL34 64-bit (Aug 17 2015)
Zoner's Half-Life Compilation Tools -- Custom Build
Based on code modifications by Sean 'Zoner' Cavanaugh
Based on Valve's version, modified with permission.
Submit detailed bug reports to (vluzacn@163.com)
-----  BEGIN  hlrad -----
Command line: "C:\Program Files\J.A.C.K\halflife\vhlt34\hlrad_x64.exe" I:\Games\SteamLibrary\steamapps\common\Half-Life\KEA1989\maps\mf01 -texreflectscale 2.0 -smooth 70 -chart 
Arguments: I:\Games\SteamLibrary\steamapps\common\Half-Life\KEA1989\maps\mf01 -texreflectscale 2.0 -smooth 70 -chart -low 

-= Current hlrad Settings =-
Name                | Setting             | Default
--------------------|---------------------|-------------------------
threads              [                 4 ] [            Varies ]
verbose              [               off ] [               off ]
log                  [                on ] [                on ]
developer            [                 0 ] [                 0 ]
chart                [                on ] [               off ]
estimate             [               off ] [               off ]
max texture memory   [          33554432 ] [          33554432 ]
max lighting memory  [          50331648 ] [          50331648 ]
priority             [               Low ] [            Normal ]

fast rad             [               off ] [               off ]
vismatrix algorithm  [            Sparse ] [            Sparse ]
oversampling (-extra)[               off ] [               off ]
bounces              [                 8 ] [                 8 ]
ambient light        [ 0.000 0.000 0.000 ] [ 0.000 0.000 0.000 ]
light limit threshold[           188.000 ] [           188.000 ]
circus mode          [               off ] [               off ]

smoothing threshold  [            70.000 ] [            50.000 ]
smoothing threshold 2[         no change ] [         no change ]
direct threshold     [            10.000 ] [            10.000 ]
direct light scale   [             1.000 ] [             1.000 ]
coring threshold     [             0.010 ] [             0.010 ]
patch interpolation  [                on ] [                on ]

texscale             [                on ] [                on ]
patch subdividing    [                on ] [                on ]
chop value           [            64.000 ] [            64.000 ]
texchop value        [            32.000 ] [            32.000 ]

global fade          [             1.000 ] [             1.000 ]
global texlight gap  [             0.000 ] [             0.000 ]
global light scale   [ 2.000 2.000 2.000 ] [ 2.000 2.000 2.000 ]
global gamma         [ 0.550 0.550 0.550 ] [ 0.550 0.550 0.550 ]
global light scale   [             2.000 ] [             2.000 ]
global sky diffusion [             1.000 ] [             1.000 ]

spread angles        [                on ] [                on ]
opaque entities      [                on ] [                on ]
sky lighting fix     [                on ] [                on ]
incremental          [               off ] [               off ]
dump                 [               off ] [               off ]

colour jitter        [       0.0 0.0 0.0 ] [       0.0 0.0 0.0 ]
monochromatic jitter [       0.0 0.0 0.0 ] [       0.0 0.0 0.0 ]

custom shadows with bounce light
                     [               off ] [               off ]
rgb transfers        [               off ] [               off ]
minimum final light  [                 0 ] [                 0 ]
size of transfer     [         1 (16bit) ] [         1 (16bit) ]
size of rgbtransfer  [         2 (32bit) ] [         2 (32bit) ]
soft sky             [                on ] [                on ]
translucent depth    [             2.000 ] [             2.000 ]
block opaque         [                on ] [                on ]
ignore textures      [               off ] [               off ]
reflectivity gamma   [             1.760 ] [             1.760 ]
reflectivity scale   [             2.000 ] [             0.700 ]
blur size            [             1.500 ] [             1.500 ]
no emitter range     [               off ] [               off ]
wall bleeding fix    [                on ] [                on ]


Load Textures:
Using Wadfile: I:\Games\SteamLibrary\steamapps\common\Half-Life\KEA1989\maps\mf01.wa_
Warning: Texture '+0~drkmtls1': reflectivity (1.496236,0.016136,0.016152) greater than 1.0.
Warning: Texture '+0~fifties_lgt2': reflectivity (1.101954,1.170804,1.181126) greater than 1.0.
Warning: Texture '+0~fifts_lght01': reflectivity (0.977606,1.035660,1.045027) greater than 1.0.
Warning: Texture 'out_qunst11': reflectivity (1.187702,0.829199,0.512470) greater than 1.0.
Warning: Texture 'red': reflectivity (1.104703,0.002723,0.002723) greater than 1.0.
Warning: Texture 'train2': reflectivity (1.131480,0.677349,0.163790) greater than 1.0.
Warning: Texture '~light3b': reflectivity (0.725489,0.819924,1.103899) greater than 1.0.
Warning: Texture '~light3c': reflectivity (1.104319,1.152150,0.696022) greater than 1.0.
Warning: Texture 'lite_flo_01': reflectivity (1.132793,1.113220,1.098953) greater than 1.0.
Warning: Texture 'chrome_trim02': reflectivity (0.937912,1.015479,1.093994) greater than 1.0.
Warning: Texture 'door_elev': reflectivity (0.936554,0.974899,1.009484) greater than 1.0.
Warning: Texture 'lite1_on': reflectivity (1.092734,1.115887,1.109849) greater than 1.0.
Warning: Texture 'lite3_on': reflectivity (1.421950,1.343894,0.514087) greater than 1.0.
Warning: Texture 'pls_wht_small01': reflectivity (1.179382,1.194395,1.096664) greater than 1.0.
Warning: Texture 'pls_wht_small06': reflectivity (1.064208,1.079260,0.983407) greater than 1.0.
Warning: Texture 'y_fade2': reflectivity (1.336119,1.372834,0.523477) greater than 1.0.
Warning: Texture '+0dpkeypad1a': reflectivity (0.377035,0.971190,1.095124) greater than 1.0.
Warning: Texture '+Asew_light1': reflectivity (1.211496,1.186415,1.070626) greater than 1.0.
Warning: Texture 'win_light1': reflectivity (1.299901,1.129462,0.881297) greater than 1.0.
Warning: Texture 'win_light2': reflectivity (0.620148,0.931019,1.204772) greater than 1.0.
Warning: Texture 'win_tile_flr2': reflectivity (1.156858,1.018392,0.922711) greater than 1.0.
Warning: Texture 'deepmind-ad3': reflectivity (1.100391,1.032721,0.885569) greater than 1.0.
Warning: Texture 'desktop2a': reflectivity (0.618906,1.120296,1.878614) greater than 1.0.
Warning: Texture 'desktop2b': reflectivity (0.145547,0.732540,1.899972) greater than 1.0.
Warning: Texture 'desktop2c': reflectivity (0.500358,0.990908,1.771839) greater than 1.0.
Warning: Texture 'desktop2d': reflectivity (0.073513,0.587005,1.760667) greater than 1.0.
Warning: Texture 'offwall_bttm': reflectivity (1.166272,1.163028,1.161763) greater than 1.0.
Warning: Texture 'wall_y': reflectivity (1.330897,1.144687,0.880369) greater than 1.0.
279 textures referenced
Reading texlights from 'C:\Program Files\J.A.C.K\halflife\vhlt34\lights.rad'
0 opaque models
0 opaque faces
8757 faces
Create Patches : Warning: Texture '+0~light6a': reflectivity (2.000000,0.101956,0.101956) greater than 1.0.
Warning: Texture '+0~light6a': reflectivity (2.000000,0.101956,0.101956) greater than 1.0.
Warning: Texture '+0~light6a': reflectivity (2.000000,0.101956,0.101956) greater than 1.0.
Warning: Texture '+0~light6a': reflectivity (2.000000,0.101956,0.101956) greater than 1.0.
Warning: Texture '+0~light6a': reflectivity (2.000000,0.101956,0.101956) greater than 1.0.
Warning: Texture '+0~light6a': reflectivity (2.000000,0.101956,0.101956) greater than 1.0.
Warning: Texture '+0~light6a': reflectivity (2.000000,0.101956,0.101956) greater than 1.0.
Warning: Texture '+0~light6a': reflectivity (2.000000,0.101956,0.101956) greater than 1.0.
Warning: Texture '+0~light6a': reflectivity (2.000000,0.101956,0.101956) greater than 1.0.
Warning: Texture '+0~light6a': reflectivity (2.000000,0.101956,0.101956) greater than 1.0.
Warning: Texture '+0~light6a': reflectivity (2.000000,0.101956,0.101956) greater than 1.0.
Warning: Texture '+0~light6a': reflectivity (2.000000,0.101956,0.101956) greater than 1.0.
Warning: Texture '+0~light6a': reflectivity (2.000000,0.101956,0.101956) greater than 1.0.
Warning: Texture '+0~light6a': reflectivity (2.000000,0.101956,0.101956) greater than 1.0.
Warning: Texture '+0~light6a': reflectivity (2.000000,0.101956,0.101956) greater than 1.0.
Warning: Texture '+0~light6a': reflectivity (2.000000,0.101956,0.101956) greater than 1.0.
Warning: Texture '+0~light6a': reflectivity (2.000000,0.101956,0.101956) greater than 1.0.
Warning: Texture '+0~light6a': reflectivity (2.000000,0.101956,0.101956) greater than 1.0.
Warning: Texture 'win_light1': reflectivity (2.000000,1.592047,0.722621) greater than 1.0.
Warning: Texture '+0~light6a': reflectivity (2.000000,0.101956,0.101956) greater than 1.0.
Warning: Texture '+0~light6a': reflectivity (2.000000,0.101956,0.101956) greater than 1.0.
Warning: Texture '+0~light6a': reflectivity (2.000000,0.101956,0.101956) greater than 1.0.
Warning: Texture '+0~light6a': reflectivity (2.000000,0.101956,0.101956) greater than 1.0.
Warning: Texture '+0~light6a': reflectivity (2.000000,0.101956,0.101956) greater than 1.0.
Warning: Texture '+0~light6a': reflectivity (2.000000,0.101956,0.101956) greater than 1.0.
Warning: Texture '+0~light6a': reflectivity (2.000000,0.101956,0.101956) greater than 1.0.
Warning: Texture '+0~light6a': reflectivity (2.000000,0.101956,0.101956) greater than 1.0.
Warning: Texture '+0~light6a': reflectivity (2.000000,0.101956,0.101956) greater than 1.0.
Warning: Texture '+0~light6a': reflectivity (2.000000,0.101956,0.101956) greater than 1.0.
Warning: Texture '+0~light6a': reflectivity (2.000000,0.101956,0.101956) greater than 1.0.
Warning: Texture '+0~light6a': reflectivity (2.000000,0.101956,0.101956) greater than 1.0.
Warning: Texture '+0~light6a': reflectivity (2.000000,0.101956,0.101956) greater than 1.0.
Warning: Texture '+0~light6a': reflectivity (2.000000,0.101956,0.101956) greater than 1.0.
Warning: Texture '+0~light6a': reflectivity (2.000000,0.101956,0.101956) greater than 1.0.
Warning: Texture '+0~light6a': reflectivity (2.000000,0.101956,0.101956) greater than 1.0.
Warning: Texture '+0~light6a': reflectivity (2.000000,0.101956,0.101956) greater than 1.0.
Warning: Texture '+0~light6a': reflectivity (2.000000,0.101956,0.101956) greater than 1.0.
Warning: Texture '+0~light6a': reflectivity (2.000000,0.101956,0.101956) greater than 1.0.
Warning: Texture '+0~light6a': reflectivity (2.000000,0.101956,0.101956) greater than 1.0.
Warning: Texture '+0~light6a': reflectivity (2.000000,0.101956,0.101956) greater than 1.0.
Warning: Texture '+0~light6a': reflectivity (2.000000,0.101956,0.101956) greater than 1.0.
Warning: Texture '+0~light6a': reflectivity (2.000000,0.101956,0.101956) greater than 1.0.
Warning: Texture '+0~light6a': reflectivity (2.000000,0.101956,0.101956) greater than 1.0.
Warning: Texture '+0~light6a': reflectivity (2.000000,0.101956,0.101956) greater than 1.0.
Warning: Texture '+0~light6a': reflectivity (2.000000,0.101956,0.101956) greater than 1.0.
Warning: Texture '+0~light6a': reflectivity (2.000000,0.101956,0.101956) greater than 1.0.
Warning: Texture 'win_light1': reflectivity (2.000000,1.592047,0.722621) greater than 1.0.
Warning: Texture 'win_light1': reflectivity (2.000000,1.592047,0.722621) greater than 1.0.
Warning: Texture '+0~light6a': reflectivity (2.000000,0.101956,0.101956) greater than 1.0.
Warning: Texture '+0~light6a': reflectivity (2.000000,0.101956,0.101956) greater than 1.0.
Warning: Texture '+0~light6a': reflectivity (2.000000,0.101956,0.101956) greater than 1.0.
Warning: Texture '+0~light6a': reflectivity (2.000000,0.101956,0.101956) greater than 1.0.
Warning: Texture '+0~light6a': reflectivity (2.000000,0.101956,0.101956) greater than 1.0.
Warning: Texture '+0~light6a': reflectivity (2.000000,0.101956,0.101956) greater than 1.0.
Warning: Texture '+0~light6a': reflectivity (2.000000,0.101956,0.101956) greater than 1.0.
Warning: Texture '+0~light6a': reflectivity (2.000000,0.101956,0.101956) greater than 1.0.
Warning: Texture '+0~light6a': reflectivity (2.000000,0.101956,0.101956) greater than 1.0.
Warning: Texture '+0~light6a': reflectivity (2.000000,0.101956,0.101956) greater than 1.0.
Warning: Texture '+0~light6a': reflectivity (2.000000,0.101956,0.101956) greater than 1.0.
Warning: Texture '+0~light6a': reflectivity (2.000000,0.101956,0.101956) greater than 1.0.
Warning: Texture '+0~light6a': reflectivity (2.000000,0.101956,0.101956) greater than 1.0.
Warning: Texture '+0~light6a': reflectivity (2.000000,0.101956,0.101956) greater than 1.0.
Warning: Texture '+0~light6a': reflectivity (2.000000,0.101956,0.101956) greater than 1.0.
Warning: Texture '+0~light6a': reflectivity (2.000000,0.101956,0.101956) greater than 1.0.
Warning: Texture '+0~light6a': reflectivity (2.000000,0.101956,0.101956) greater than 1.0.
Warning: Texture '+0~light6a': reflectivity (2.000000,0.101956,0.101956) greater than 1.0.
Warning: Texture '+0~light6a': reflectivity (2.000000,0.101956,0.101956) greater than 1.0.
Warning: Texture '+0~light6a': reflectivity (2.000000,0.101956,0.101956) greater than 1.0.
Warning: Texture '+0~light6a': reflectivity (2.000000,0.101956,0.101956) greater than 1.0.
Warning: Texture '+0~light6a': reflectivity (2.000000,0.101956,0.101956) greater than 1.0.
Warning: Texture '+0~light6a': reflectivity (2.000000,0.101956,0.101956) greater than 1.0.
Warning: Texture '+0~light6a': reflectivity (2.000000,0.101956,0.101956) greater than 1.0.
Warning: Texture '+0~light6a': reflectivity (2.000000,0.101956,0.101956) greater than 1.0.
Warning: Texture '+0~light6a': reflectivity (2.000000,0.101956,0.101956) greater than 1.0.
Warning: Texture '+0~light6a': reflectivity (2.000000,0.101956,0.101956) greater than 1.0.
Warning: Texture 'vend_orange': reflectivity (2.000000,0.979737,0.000000) greater than 1.0.
Warning: Texture '+Asew_light1': reflectivity (2.000000,1.457026,0.731539) greater than 1.0.
Warning: Texture '+Asew_light1': reflectivity (2.000000,1.457026,0.731539) greater than 1.0.
Warning: Texture '+Asew_light1': reflectivity (2.000000,1.457026,0.731539) greater than 1.0.
Warning: Texture '+Asew_light1': reflectivity (2.000000,1.457026,0.731539) greater than 1.0.
Warning: Texture '+Asew_light1': reflectivity (2.000000,1.457026,0.731539) greater than 1.0.
Warning: Texture '+Asew_light1': reflectivity (2.000000,1.457026,0.731539) greater than 1.0.
Warning: Texture '~spotblue': reflectivity (1.433034,1.972474,2.000000) greater than 1.0.
Warning: Texture '+0~light6a': reflectivity (2.000000,0.101956,0.101956) greater than 1.0.
Warning: Texture '+0~light6a': reflectivity (2.000000,0.101956,0.101956) greater than 1.0.
Warning: Texture '+0~light6a': reflectivity (2.000000,0.101956,0.101956) greater than 1.0.
Warning: Texture '+0~light6a': reflectivity (2.000000,0.101956,0.101956) greater than 1.0.
Warning: Texture '+0~light6a': reflectivity (2.000000,0.101956,0.101956) greater than 1.0.
Warning: Texture '+0~light6a': reflectivity (2.000000,0.101956,0.101956) greater than 1.0.
Warning: Texture '+0~light6a': reflectivity (2.000000,0.101956,0.101956) greater than 1.0.
Warning: Texture '+0~light6a': reflectivity (2.000000,0.101956,0.101956) greater than 1.0.
Warning: Texture '+0~light6a': reflectivity (2.000000,0.101956,0.101956) greater than 1.0.
Warning: Texture '+0~light6a': reflectivity (2.000000,0.101956,0.101956) greater than 1.0.
Warning: Texture '+0~light6a': reflectivity (2.000000,0.101956,0.101956) greater than 1.0.
Warning: Texture '+0~light6a': reflectivity (2.000000,0.101956,0.101956) greater than 1.0.
Warning: Texture '+0~light6a': reflectivity (2.000000,0.101956,0.101956) greater than 1.0.
Warning: Texture '+0~light6a': reflectivity (2.000000,0.101956,0.101956) greater than 1.0.
Warning: Texture '+0~light6a': reflectivity (2.000000,0.101956,0.101956) greater than 1.0.
Warning: Texture '+0~light6a': reflectivity (2.000000,0.101956,0.101956) greater than 1.0.
Warning: Texture '+0~light6a': reflectivity (2.000000,0.101956,0.101956) greater than 1.0.
Warning: Texture '+0~light6a': reflectivity (2.000000,0.101956,0.101956) greater than 1.0.
Warning: Texture '+0~light6a': reflectivity (2.000000,0.101956,0.101956) greater than 1.0.
Warning: Texture '+0~light6a': reflectivity (2.000000,0.101956,0.101956) greater than 1.0.
Warning: Texture '+0~light6a': reflectivity (2.000000,0.101956,0.101956) greater than 1.0.
Warning: Texture '+0~light6a': reflectivity (2.000000,0.101956,0.101956) greater than 1.0.
Warning: Texture '+0~light6a': reflectivity (2.000000,0.101956,0.101956) greater than 1.0.
Warning: Texture '+0~light6a': reflectivity (2.000000,0.101956,0.101956) greater than 1.0.
Warning: Texture '+0~light6a': reflectivity (2.000000,0.101956,0.101956) greater than 1.0.
Warning: Texture '+0~light6a': reflectivity (2.000000,0.101956,0.101956) greater than 1.0.
Warning: Texture '+0~light6a': reflectivity (2.000000,0.101956,0.101956) greater than 1.0.
Warning: Texture '+0~light6a': reflectivity (2.000000,0.101956,0.101956) greater than 1.0.
Warning: Texture '+0~light6a': reflectivity (2.000000,0.101956,0.101956) greater than 1.0.
Warning: Texture 'lite1_on': reflectivity (1.158672,1.642421,2.000000) greater than 1.0.
Warning: Texture '+0~light6a': reflectivity (2.000000,0.101956,0.101956) greater than 1.0.
Warning: Texture '+0~light6a': reflectivity (2.000000,0.101956,0.101956) greater than 1.0.
Warning: Texture '+0~light6a': reflectivity (2.000000,0.101956,0.101956) greater than 1.0.
Warning: Texture '+0~light6a': reflectivity (2.000000,0.101956,0.101956) greater than 1.0.
Warning: Texture '+0~light6a': reflectivity (2.000000,0.101956,0.101956) greater than 1.0.
Warning: Texture '+0~light6a': reflectivity (2.000000,0.101956,0.101956) greater than 1.0.
Warning: Texture '+0~light6a': reflectivity (2.000000,0.101956,0.101956) greater than 1.0.
Warning: Texture '+0~light6a': reflectivity (2.000000,0.101956,0.101956) greater than 1.0.
Warning: Texture '+0~light6a': reflectivity (2.000000,0.101956,0.101956) greater than 1.0.
Warning: Texture '+0~light6a': reflectivity (2.000000,0.101956,0.101956) greater than 1.0.
Warning: Texture '+0~light6a': reflectivity (2.000000,0.101956,0.101956) greater than 1.0.
Warning: Texture '+0~light6a': reflectivity (2.000000,0.101956,0.101956) greater than 1.0.
Warning: Texture '+0~light6a': reflectivity (2.000000,0.101956,0.101956) greater than 1.0.
Warning: Texture '+0~light6a': reflectivity (2.000000,0.101956,0.101956) greater than 1.0.
Warning: Texture '+0~light6a': reflectivity (2.000000,0.101956,0.101956) greater than 1.0.
Warning: Texture '+0~light6a': reflectivity (2.000000,0.101956,0.101956) greater than 1.0.
Warning: Texture '+0~light6a': reflectivity (2.000000,0.101956,0.101956) greater than 1.0.
Warning: Texture '+0~light6a': reflectivity (2.000000,0.101956,0.101956) greater than 1.0.
Warning: Texture '+0~light6a': reflectivity (2.000000,0.101956,0.101956) greater than 1.0.
Warning: Texture '+0~light6a': reflectivity (2.000000,0.101956,0.101956) greater than 1.0.
Warning: Texture '+0~light6a': reflectivity (2.000000,0.101956,0.101956) greater than 1.0.
Warning: Texture '+0~light6a': reflectivity (2.000000,0.101956,0.101956) greater than 1.0.
Warning: Texture '+0~light6a': reflectivity (2.000000,0.101956,0.101956) greater than 1.0.
Warning: Texture '+0~light6a': reflectivity (2.000000,0.101956,0.101956) greater than 1.0.
Warning: Texture '+0~light6a': reflectivity (2.000000,0.101956,0.101956) greater than 1.0.
Warning: Texture '+0~light6a': reflectivity (2.000000,0.101956,0.101956) greater than 1.0.
Warning: Texture '+0~light6a': reflectivity (2.000000,0.101956,0.101956) greater than 1.0.
Warning: Texture '+0~light6a': reflectivity (2.000000,0.101956,0.101956) greater than 1.0.
Warning: Texture '+0~light6a': reflectivity (2.000000,0.101956,0.101956) greater than 1.0.
Warning: Texture '+0~light6a': reflectivity (2.000000,0.101956,0.101956) greater than 1.0.
Warning: Texture '+0~light6a': reflectivity (2.000000,0.101956,0.101956) greater than 1.0.
Warning: Texture '+0~light6a': reflectivity (2.000000,0.101956,0.101956) greater than 1.0.
Warning: Texture '+0~light6a': reflectivity (2.000000,0.101956,0.101956) greater than 1.0.
Warning: Texture '+0~light6a': reflectivity (2.000000,0.101956,0.101956) greater than 1.0.
Warning: Texture '+0~light6a': reflectivity (2.000000,0.101956,0.101956) greater than 1.0.
Warning: Texture '+0~light6a': reflectivity (2.000000,0.101956,0.101956) greater than 1.0.
Warning: Texture '+0~light6a': reflectivity (2.000000,0.101956,0.101956) greater than 1.0.
Warning: Texture '+0~light6a': reflectivity (2.000000,0.101956,0.101956) greater than 1.0.
Warning: Texture '+0~light6a': reflectivity (2.000000,0.101956,0.101956) greater than 1.0.
Warning: Texture '+0~light6a': reflectivity (2.000000,0.101956,0.101956) greater than 1.0.
Warning: Texture '+0~light6a': reflectivity (2.000000,0.101956,0.101956) greater than 1.0.
Warning: Texture '+0~light6a': reflectivity (2.000000,0.101956,0.101956) greater than 1.0.
Warning: Texture '+0~light6a': reflectivity (2.000000,0.101956,0.101956) greater than 1.0.
Warning: Texture '+0~light6a': reflectivity (2.000000,0.101956,0.101956) greater than 1.0.
Warning: Texture '+0~light6a': reflectivity (2.000000,0.101956,0.101956) greater than 1.0.
Warning: Texture '+0~light6a': reflectivity (2.000000,0.101956,0.101956) greater than 1.0.
Warning: Texture '+0~light6a': reflectivity (2.000000,0.101956,0.101956) greater than 1.0.
Warning: Texture '+0~light6a': reflectivity (2.000000,0.101956,0.101956) greater than 1.0.
Warning: Texture '+0~light6a': reflectivity (2.000000,0.101956,0.101956) greater than 1.0.
Warning: Texture '+0~light6a': reflectivity (2.000000,0.101956,0.101956) greater than 1.0.
Warning: Texture '+0~light6a': reflectivity (2.000000,0.101956,0.101956) greater than 1.0.
Warning: Texture '+0~light6a': reflectivity (2.000000,0.101956,0.101956) greater than 1.0.
Warning: Texture '+0~light6a': reflectivity (2.000000,0.101956,0.101956) greater than 1.0.
Warning: Texture '+0~light6a': reflectivity (2.000000,0.101956,0.101956) greater than 1.0.
Warning: Texture '+0~light6a': reflectivity (2.000000,0.101956,0.101956) greater than 1.0.
Warning: Texture '+0~light6a': reflectivity (2.000000,0.101956,0.101956) greater than 1.0.
Warning: Texture '+0~light6a': reflectivity (2.000000,0.101956,0.101956) greater than 1.0.
Warning: Texture '+0~light6a': reflectivity (2.000000,0.101956,0.101956) greater than 1.0.
Warning: Texture '+0~light6a': reflectivity (2.000000,0.101956,0.101956) greater than 1.0.
Warning: Texture '+0~light6a': reflectivity (2.000000,0.101956,0.101956) greater than 1.0.
Warning: Texture '+0~light6a': reflectivity (2.000000,0.101956,0.101956) greater than 1.0.
Warning: Texture '+0~light6a': reflectivity (2.000000,0.101956,0.101956) greater than 1.0.
Warning: Texture '+0~light6a': reflectivity (2.000000,0.101956,0.101956) greater than 1.0.
Warning: Texture '+0~light6a': reflectivity (2.000000,0.101956,0.101956) greater than 1.0.
Warning: Texture '+0~light6a': reflectivity (2.000000,0.101956,0.101956) greater than 1.0.
Warning: Texture '+0~light6a': reflectivity (2.000000,0.101956,0.101956) greater than 1.0.
Warning: Texture '+0~light6a': reflectivity (2.000000,0.101956,0.101956) greater than 1.0.
Warning: Texture '+0~light6a': reflectivity (2.000000,0.101956,0.101956) greater than 1.0.
Warning: Texture '+0~light6a': reflectivity (2.000000,0.101956,0.101956) greater than 1.0.
Warning: Texture '+0~light6a': reflectivity (2.000000,0.101956,0.101956) greater than 1.0.
Warning: Texture '+0~light6a': reflectivity (2.000000,0.101956,0.101956) greater than 1.0.
Warning: Texture '+0~light6a': reflectivity (2.000000,0.101956,0.101956) greater than 1.0.
Warning: Texture '+0~light6a': reflectivity (2.000000,0.101956,0.101956) greater than 1.0.
Warning: Texture '+0~light6a': reflectivity (2.000000,0.101956,0.101956) greater than 1.0.
Warning: Texture '+Asew_light1': reflectivity (2.000000,1.457026,0.731539) greater than 1.0.
Warning: Texture '+Asew_light1': reflectivity (2.000000,1.457026,0.731539) greater than 1.0.
Warning: Texture '+Asew_light1': reflectivity (2.000000,1.457026,0.731539) greater than 1.0.
Warning: Texture '+Asew_light1': reflectivity (2.000000,1.457026,0.731539) greater than 1.0.
Warning: Texture '+Asew_light1': reflectivity (2.000000,1.457026,0.731539) greater than 1.0.
Warning: Texture '+Asew_light1': reflectivity (2.000000,1.457026,0.731539) greater than 1.0.
Warning: Texture '+Asew_light1': reflectivity (2.000000,1.457026,0.731539) greater than 1.0.
Warning: Texture '+Asew_light1': reflectivity (2.000000,1.457026,0.731539) greater than 1.0.
Warning: Texture '+Asew_light1': reflectivity (2.000000,1.457026,0.731539) greater than 1.0.
Warning: Texture '+Asew_light1': reflectivity (2.000000,1.457026,0.731539) greater than 1.0.
Warning: Texture '+Asew_light1': reflectivity (2.000000,1.457026,0.731539) greater than 1.0.
Warning: Texture '+Asew_light1': reflectivity (2.000000,1.457026,0.731539) greater than 1.0.
Warning: Texture '+Asew_light1': reflectivity (2.000000,1.457026,0.731539) greater than 1.0.
Warning: Texture '+Asew_light1': reflectivity (2.000000,1.457026,0.731539) greater than 1.0.
Warning: Texture '+Asew_light1': reflectivity (2.000000,1.457026,0.731539) greater than 1.0.
Warning: Texture '+Asew_light1': reflectivity (2.000000,1.457026,0.731539) greater than 1.0.
Warning: Texture '+Asew_light1': reflectivity (2.000000,1.457026,0.731539) greater than 1.0.
Warning: Texture '+Asew_light1': reflectivity (2.000000,1.457026,0.731539) greater than 1.0.
Warning: Texture '+Asew_light1': reflectivity (2.000000,1.457026,0.731539) greater than 1.0.
Warning: Texture '+Asew_light1': reflectivity (2.000000,1.457026,0.731539) greater than 1.0.
Warning: Texture '+Asew_light1': reflectivity (2.000000,1.457026,0.731539) greater than 1.0.
Warning: Texture '+Asew_light1': reflectivity (2.000000,1.457026,0.731539) greater than 1.0.
Warning: Texture '+Asew_light1': reflectivity (2.000000,1.457026,0.731539) greater than 1.0.
Warning: Texture '+Asew_light1': reflectivity (2.000000,1.457026,0.731539) greater than 1.0.
Warning: Texture '+0~light6a': reflectivity (2.000000,0.101956,0.101956) greater than 1.0.
Warning: Texture '+0~light6a': reflectivity (2.000000,0.101956,0.101956) greater than 1.0.
Warning: Texture '+0~light6a': reflectivity (2.000000,0.101956,0.101956) greater than 1.0.
Warning: Texture '+0~light6a': reflectivity (2.000000,0.101956,0.101956) greater than 1.0.
Warning: Texture '+0~light6a': reflectivity (2.000000,0.101956,0.101956) greater than 1.0.
Warning: Texture '+0~light6a': reflectivity (2.000000,0.101956,0.101956) greater than 1.0.
Warning: Texture '+0~light6a': reflectivity (2.000000,0.101956,0.101956) greater than 1.0.
Warning: Texture '+0~light6a': reflectivity (2.000000,0.101956,0.101956) greater than 1.0.
Warning: Texture '+0~light6a': reflectivity (2.000000,0.101956,0.101956) greater than 1.0.
Warning: Texture '+0~light6a': reflectivity (2.000000,0.101956,0.101956) greater than 1.0.
Warning: Texture '+0~light6a': reflectivity (2.000000,0.101956,0.101956) greater than 1.0.
Warning: Texture '+0~light6a': reflectivity (2.000000,0.101956,0.101956) greater than 1.0.
Warning: Texture '+0~light6a': reflectivity (2.000000,0.101956,0.101956) greater than 1.0.
Warning: Texture '+0~light6a': reflectivity (2.000000,0.101956,0.101956) greater than 1.0.
Warning: Texture '+0~light6a': reflectivity (2.000000,0.101956,0.101956) greater than 1.0.
Warning: Texture '+0~light6a': reflectivity (2.000000,0.101956,0.101956) greater than 1.0.
Warning: Texture '+0~light6a': reflectivity (2.000000,0.101956,0.101956) greater than 1.0.
Warning: Texture '+0~light6a': reflectivity (2.000000,0.101956,0.101956) greater than 1.0.
Warning: Texture '+0~light6a': reflectivity (2.000000,0.101956,0.101956) greater than 1.0.
Warning: Texture '+0~light6a': reflectivity (2.000000,0.101956,0.101956) greater than 1.0.
Warning: Texture '+0~light6a': reflectivity (2.000000,0.101956,0.101956) greater than 1.0.
Warning: Texture '+0~light6a': reflectivity (2.000000,0.101956,0.101956) greater than 1.0.
Warning: Texture '+0~light6a': reflectivity (2.000000,0.101956,0.101956) greater than 1.0.
Warning: Texture '+0~light6a': reflectivity (2.000000,0.101956,0.101956) greater than 1.0.
Warning: Texture '+0~light6a': reflectivity (2.000000,0.101956,0.101956) greater than 1.0.
Warning: Texture '+0~light6a': reflectivity (2.000000,0.101956,0.101956) greater than 1.0.
Warning: Texture '+0~light6a': reflectivity (2.000000,0.101956,0.101956) greater than 1.0.
Warning: Texture '+0~light6a': reflectivity (2.000000,0.101956,0.101956) greater than 1.0.
Warning: Texture '+0~light6a': reflectivity (2.000000,0.101956,0.101956) greater than 1.0.
Warning: Texture '+0~light6a': reflectivity (2.000000,0.101956,0.101956) greater than 1.0.
Warning: Texture '+0~light6a': reflectivity (2.000000,0.101956,0.101956) greater than 1.0.
Warning: Texture '+0~light6a': reflectivity (2.000000,0.101956,0.101956) greater than 1.0.
Warning: Texture '+0~light6a': reflectivity (2.000000,0.101956,0.101956) greater than 1.0.
Warning: Texture '+0~light6a': reflectivity (2.000000,0.101956,0.101956) greater than 1.0.
Warning: Texture '+0~light6a': reflectivity (2.000000,0.101956,0.101956) greater than 1.0.
Warning: Texture '+0~light6a': reflectivity (2.000000,0.101956,0.101956) greater than 1.0.
Warning: Texture 'desktop2d': reflectivity (1.433034,1.972474,2.000000) greater than 1.0.
Warning: Texture 'desktop2d': reflectivity (1.433034,1.972474,2.000000) greater than 1.0.
Warning: Texture 'desktop2d': reflectivity (1.433034,1.972474,2.000000) greater than 1.0.
Warning: Texture 'desktop2d': reflectivity (1.433034,1.972474,2.000000) greater than 1.0.
Warning: Texture 'desktop2d': reflectivity (1.433034,1.972474,2.000000) greater than 1.0.
Warning: Texture 'desktop2d': reflectivity (1.433034,1.972474,2.000000) greater than 1.0.
Warning: Texture 'desktop2b': reflectivity (1.433034,1.972474,2.000000) greater than 1.0.
Warning: Texture 'desktop2b': reflectivity (1.433034,1.972474,2.000000) greater than 1.0.
Warning: Texture 'desktop2b': reflectivity (1.433034,1.972474,2.000000) greater than 1.0.
Warning: Texture 'desktop2b': reflectivity (1.433034,1.972474,2.000000) greater than 1.0.
Warning: Texture 'desktop2b': reflectivity (1.433034,1.972474,2.000000) greater than 1.0.
Warning: Texture 'desktop2b': reflectivity (1.433034,1.972474,2.000000) greater than 1.0.
Warning: Texture 'desktop2a': reflectivity (1.433034,1.972474,2.000000) greater than 1.0.
Warning: Texture 'desktop2a': reflectivity (1.433034,1.972474,2.000000) greater than 1.0.
Warning: Texture 'desktop2a': reflectivity (1.433034,1.972474,2.000000) greater than 1.0.
Warning: Texture 'desktop2a': reflectivity (1.433034,1.972474,2.000000) greater than 1.0.
Warning: Texture 'desktop2a': reflectivity (1.433034,1.972474,2.000000) greater than 1.0.
Warning: Texture 'desktop2a': reflectivity (1.433034,1.972474,2.000000) greater than 1.0.
Warning: Texture 'desktop2c': reflectivity (1.433034,1.972474,2.000000) greater than 1.0.
Warning: Texture 'desktop2c': reflectivity (1.433034,1.972474,2.000000) greater than 1.0.
Warning: Texture 'desktop2c': reflectivity (1.433034,1.972474,2.000000) greater than 1.0.
Warning: Texture 'desktop2c': reflectivity (1.433034,1.972474,2.000000) greater than 1.0.
Warning: Texture 'desktop2c': reflectivity (1.433034,1.972474,2.000000) greater than 1.0.
Warning: Texture 'desktop2c': reflectivity (1.433034,1.972474,2.000000) greater than 1.0.
Warning: Texture '~spotblue': reflectivity (1.433034,1.972474,2.000000) greater than 1.0.
Warning: Texture '+Asew_light1': reflectivity (2.000000,1.457026,0.731539) greater than 1.0.
Warning: Texture 'vend_red': reflectivity (2.000000,0.000000,0.000000) greater than 1.0.
Warning: Texture 'vend_orange': reflectivity (2.000000,0.979737,0.000000) greater than 1.0.
Warning: Texture 'vend_green': reflectivity (0.000000,1.147789,0.049014) greater than 1.0.
Warning: Texture 'vend_blue': reflectivity (0.000000,1.258607,2.000000) greater than 1.0.
Warning: Texture '+0~light6a': reflectivity (2.000000,0.101956,0.101956) greater than 1.0.
Warning: Texture '+0~light6a': reflectivity (2.000000,0.101956,0.101956) greater than 1.0.
Warning: Texture '+0~light6a': reflectivity (2.000000,0.101956,0.101956) greater than 1.0.
Warning: Texture '+0~light6a': reflectivity (2.000000,0.101956,0.101956) greater than 1.0.
Warning: Texture '+0~light6a': reflectivity (2.000000,0.101956,0.101956) greater than 1.0.
Warning: Texture '+0~light6a': reflectivity (2.000000,0.101956,0.101956) greater than 1.0.
Warning: Texture '+0~light6a': reflectivity (2.000000,0.101956,0.101956) greater than 1.0.
Warning: Texture '+0~light6a': reflectivity (2.000000,0.101956,0.101956) greater than 1.0.
Warning: Texture '+0~light6a': reflectivity (2.000000,0.101956,0.101956) greater than 1.0.
Warning: Texture '+0~light6a': reflectivity (2.000000,0.101956,0.101956) greater than 1.0.
Warning: Texture '+0~light6a': reflectivity (2.000000,0.101956,0.101956) greater than 1.0.
Warning: Texture '+0~light6a': reflectivity (2.000000,0.101956,0.101956) greater than 1.0.
Warning: Texture '+0~light6a': reflectivity (2.000000,0.101956,0.101956) greater than 1.0.
Warning: Texture '+0~light6a': reflectivity (2.000000,0.101956,0.101956) greater than 1.0.
Warning: Texture '+0~light6a': reflectivity (2.000000,0.101956,0.101956) greater than 1.0.
Warning: Texture '+0~light6a': reflectivity (2.000000,0.101956,0.101956) greater than 1.0.
Warning: Texture '+0~light6a': reflectivity (2.000000,0.101956,0.101956) greater than 1.0.
Warning: Texture '+0~light6a': reflectivity (2.000000,0.101956,0.101956) greater than 1.0.
Warning: Texture '+0~light6a': reflectivity (2.000000,0.101956,0.101956) greater than 1.0.
Warning: Texture '+0~light6a': reflectivity (2.000000,0.101956,0.101956) greater than 1.0.
Warning: Texture '+0~light6a': reflectivity (2.000000,0.101956,0.101956) greater than 1.0.
Warning: Texture '+0~light6a': reflectivity (2.000000,0.101956,0.101956) greater than 1.0.
Warning: Texture 'desktop2b': reflectivity (1.433034,1.972474,2.000000) greater than 1.0.
Warning: Texture 'desktop2b': reflectivity (1.433034,1.972474,2.000000) greater than 1.0.
Warning: Texture 'desktop2b': reflectivity (1.433034,1.972474,2.000000) greater than 1.0.
Warning: Texture 'desktop2b': reflectivity (1.433034,1.972474,2.000000) greater than 1.0.
Warning: Texture 'desktop2b': reflectivity (1.433034,1.972474,2.000000) greater than 1.0.
Warning: Texture 'desktop2b': reflectivity (1.433034,1.972474,2.000000) greater than 1.0.
Warning: Texture 'desktop2d': reflectivity (1.433034,1.972474,2.000000) greater than 1.0.
Warning: Texture 'desktop2d': reflectivity (1.433034,1.972474,2.000000) greater than 1.0.
Warning: Texture 'desktop2d': reflectivity (1.433034,1.972474,2.000000) greater than 1.0.
Warning: Texture 'desktop2d': reflectivity (1.433034,1.972474,2.000000) greater than 1.0.
Warning: Texture 'desktop2d': reflectivity (1.433034,1.972474,2.000000) greater than 1.0.
Warning: Texture 'desktop2d': reflectivity (1.433034,1.972474,2.000000) greater than 1.0.
Warning: Texture 'desktop2a': reflectivity (1.433034,1.972474,2.000000) greater than 1.0.
Warning: Texture 'desktop2a': reflectivity (1.433034,1.972474,2.000000) greater than 1.0.
Warning: Texture 'desktop2a': reflectivity (1.433034,1.972474,2.000000) greater than 1.0.
Warning: Texture 'desktop2a': reflectivity (1.433034,1.972474,2.000000) greater than 1.0.
Warning: Texture 'desktop2a': reflectivity (1.433034,1.972474,2.000000) greater than 1.0.
Warning: Texture 'desktop2a': reflectivity (1.433034,1.972474,2.000000) greater than 1.0.
Warning: Texture 'desktop2c': reflectivity (1.433034,1.972474,2.000000) greater than 1.0.
Warning: Texture 'desktop2c': reflectivity (1.433034,1.972474,2.000000) greater than 1.0.
Warning: Texture 'desktop2c': reflectivity (1.433034,1.972474,2.000000) greater than 1.0.
Warning: Texture 'desktop2c': reflectivity (1.433034,1.972474,2.000000) greater than 1.0.
Warning: Texture 'desktop2c': reflectivity (1.433034,1.972474,2.000000) greater than 1.0.
Warning: Texture 'desktop2c': reflectivity (1.433034,1.972474,2.000000) greater than 1.0.
Warning: Texture 'win_light1': reflectivity (2.000000,1.592047,0.722621) greater than 1.0.
Warning: Texture 'lite_flo_01': reflectivity (2.000000,2.000000,2.000000) greater than 1.0.
Warning: Texture 'lite1_on': reflectivity (1.158672,1.642421,2.000000) greater than 1.0.
Warning: Texture '+0~light6a': reflectivity (2.000000,0.101956,0.101956) greater than 1.0.
Warning: Texture 'vend_red': reflectivity (2.000000,0.000000,0.000000) greater than 1.0.
Warning: Texture '+0~light6a': reflectivity (2.000000,0.101956,0.101956) greater than 1.0.
Warning: Texture '+0~light6a': reflectivity (2.000000,0.101956,0.101956) greater than 1.0.
Warning: Texture '+0~light6a': reflectivity (2.000000,0.101956,0.101956) greater than 1.0.
Warning: Texture '+0~light6a': reflectivity (2.000000,0.101956,0.101956) greater than 1.0.
Warning: Texture '+0~light6a': reflectivity (2.000000,0.101956,0.101956) greater than 1.0.
Warning: Texture '+0~light6a': reflectivity (2.000000,0.101956,0.101956) greater than 1.0.
Warning: Texture '+0~light6a': reflectivity (2.000000,0.101956,0.101956) greater than 1.0.
Warning: Texture '+0~light6a': reflectivity (2.000000,0.101956,0.101956) greater than 1.0.
Warning: Texture '+0~light6a': reflectivity (2.000000,0.101956,0.101956) greater than 1.0.
Warning: Texture '+0~light6a': reflectivity (2.000000,0.101956,0.101956) greater than 1.0.
Warning: Texture '+0~light6a': reflectivity (2.000000,0.101956,0.101956) greater than 1.0.
Warning: Texture '+0~light6a': reflectivity (2.000000,0.101956,0.101956) greater than 1.0.
Warning: Texture '+0~light6a': reflectivity (2.000000,0.101956,0.101956) greater than 1.0.
Warning: Texture '+0~light6a': reflectivity (2.000000,0.101956,0.101956) greater than 1.0.
Warning: Texture '+0~light6a': reflectivity (2.000000,0.101956,0.101956) greater than 1.0.
Warning: Texture '+0~light6a': reflectivity (2.000000,0.101956,0.101956) greater than 1.0.
Warning: Texture '+0~light6a': reflectivity (2.000000,0.101956,0.101956) greater than 1.0.
Warning: Texture '+0~light6a': reflectivity (2.000000,0.101956,0.101956) greater than 1.0.
Warning: Texture '+Asew_light1': reflectivity (2.000000,1.457026,0.731539) greater than 1.0.
Warning: Texture '+Asew_light1': reflectivity (2.000000,1.457026,0.731539) greater than 1.0.
Warning: Texture '+Asew_light1': reflectivity (2.000000,1.457026,0.731539) greater than 1.0.
Warning: Texture '+Asew_light1': reflectivity (2.000000,1.457026,0.731539) greater than 1.0.
Warning: Texture '+Asew_light1': reflectivity (2.000000,1.457026,0.731539) greater than 1.0.
Warning: Texture '+Asew_light1': reflectivity (2.000000,1.457026,0.731539) greater than 1.0.
Warning: Texture 'lite1_on': reflectivity (1.158672,1.642421,2.000000) greater than 1.0.
Warning: Texture 'lite1_on': reflectivity (1.158672,1.642421,2.000000) greater than 1.0.
Warning: Texture '+Asew_light1': reflectivity (2.000000,1.457026,0.731539) greater than 1.0.
Warning: Texture '+Asew_light1': reflectivity (2.000000,1.457026,0.731539) greater than 1.0.
Warning: Texture '+Asew_light1': reflectivity (2.000000,1.457026,0.731539) greater than 1.0.
Warning: Texture '+Asew_light1': reflectivity (2.000000,1.457026,0.731539) greater than 1.0.
Warning: Texture '+Asew_light1': reflectivity (2.000000,1.457026,0.731539) greater than 1.0.
Warning: Texture '+Asew_light1': reflectivity (2.000000,1.457026,0.731539) greater than 1.0.
Warning: Texture '+Asew_light1': reflectivity (2.000000,1.457026,0.731539) greater than 1.0.
Warning: Texture '+Asew_light1': reflectivity (2.000000,1.457026,0.731539) greater than 1.0.
Warning: Texture '+Asew_light1': reflectivity (2.000000,1.457026,0.731539) greater than 1.0.
Warning: Texture 'lite1_on': reflectivity (1.158672,1.642421,2.000000) greater than 1.0.
Warning: Texture '+Asew_light1': reflectivity (2.000000,1.457026,0.731539) greater than 1.0.
Warning: Texture '+Asew_light1': reflectivity (2.000000,1.457026,0.731539) greater than 1.0.
Warning: Texture '+Asew_light1': reflectivity (2.000000,1.457026,0.731539) greater than 1.0.
Warning: Texture '+Asew_light1': reflectivity (2.000000,1.457026,0.731539) greater than 1.0.
Warning: Texture '+Asew_light1': reflectivity (2.000000,1.457026,0.731539) greater than 1.0.
Warning: Texture '+Asew_light1': reflectivity (2.000000,1.457026,0.731539) greater than 1.0.
Warning: Texture 'lite1_on': reflectivity (1.158672,1.642421,2.000000) greater than 1.0.
Warning: Texture '+Asew_light1': reflectivity (2.000000,1.457026,0.731539) greater than 1.0.
Warning: Texture '+Asew_light1': reflectivity (2.000000,1.457026,0.731539) greater than 1.0.
Warning: Texture '+Asew_light1': reflectivity (2.000000,1.457026,0.731539) greater than 1.0.
Warning: Texture '+Asew_light1': reflectivity (2.000000,1.457026,0.731539) greater than 1.0.
Warning: Texture '+Asew_light1': reflectivity (2.000000,1.457026,0.731539) greater than 1.0.
Warning: Texture '+Asew_light1': reflectivity (2.000000,1.457026,0.731539) greater than 1.0.
Warning: Texture '+Asew_light1': reflectivity (2.000000,1.457026,0.731539) greater than 1.0.
Warning: Texture '+Asew_light1': reflectivity (2.000000,1.457026,0.731539) greater than 1.0.
Warning: Texture '+Asew_light1': reflectivity (2.000000,1.457026,0.731539) greater than 1.0.
Warning: Texture '~spotblue': reflectivity (1.433034,1.972474,2.000000) greater than 1.0.
Warning: Texture '~spotblue': reflectivity (1.433034,1.972474,2.000000) greater than 1.0.
Warning: Texture '+Asew_light1': reflectivity (2.000000,1.457026,0.731539) greater than 1.0.
Warning: Texture '+Asew_light1': reflectivity (2.000000,1.457026,0.731539) greater than 1.0.
Warning: Texture '+Asew_light1': reflectivity (2.000000,1.457026,0.731539) greater than 1.0.
Warning: Texture '+Asew_light1': reflectivity (2.000000,1.457026,0.731539) greater than 1.0.
Warning: Texture '+Asew_light1': reflectivity (2.000000,1.457026,0.731539) greater than 1.0.
Warning: Texture '+Asew_light1': reflectivity (2.000000,1.457026,0.731539) greater than 1.0.
Warning: Texture '+Asew_light1': reflectivity (2.000000,1.457026,0.731539) greater than 1.0.
Warning: Texture '+Asew_light1': reflectivity (2.000000,1.457026,0.731539) greater than 1.0.
Warning: Texture '+Asew_light1': reflectivity (2.000000,1.457026,0.731539) greater than 1.0.
Warning: Texture 'desktop2c': reflectivity (1.433034,1.972474,2.000000) greater than 1.0.
Warning: Texture 'desktop2c': reflectivity (1.433034,1.972474,2.000000) greater than 1.0.
Warning: Texture 'desktop2c': reflectivity (1.433034,1.972474,2.000000) greater than 1.0.
Warning: Texture 'desktop2c': reflectivity (1.433034,1.972474,2.000000) greater than 1.0.
Warning: Texture 'desktop2c': reflectivity (1.433034,1.972474,2.000000) greater than 1.0.
Warning: Texture 'desktop2c': reflectivity (1.433034,1.972474,2.000000) greater than 1.0.
Warning: Texture 'desktop2a': reflectivity (1.433034,1.972474,2.000000) greater than 1.0.
Warning: Texture 'desktop2a': reflectivity (1.433034,1.972474,2.000000) greater than 1.0.
Warning: Texture 'desktop2a': reflectivity (1.433034,1.972474,2.000000) greater than 1.0.
Warning: Texture 'desktop2a': reflectivity (1.433034,1.972474,2.000000) greater than 1.0.
Warning: Texture 'desktop2a': reflectivity (1.433034,1.972474,2.000000) greater than 1.0.
Warning: Texture 'desktop2a': reflectivity (1.433034,1.972474,2.000000) greater than 1.0.
Warning: Texture 'desktop2d': reflectivity (1.433034,1.972474,2.000000) greater than 1.0.
Warning: Texture 'desktop2d': reflectivity (1.433034,1.972474,2.000000) greater than 1.0.
Warning: Texture 'desktop2d': reflectivity (1.433034,1.972474,2.000000) greater than 1.0.
Warning: Texture 'desktop2d': reflectivity (1.433034,1.972474,2.000000) greater than 1.0.
Warning: Texture 'desktop2d': reflectivity (1.433034,1.972474,2.000000) greater than 1.0.
Warning: Texture 'desktop2d': reflectivity (1.433034,1.972474,2.000000) greater than 1.0.
Warning: Texture 'desktop2b': reflectivity (1.433034,1.972474,2.000000) greater than 1.0.
Warning: Texture 'desktop2b': reflectivity (1.433034,1.972474,2.000000) greater than 1.0.
Warning: Texture 'desktop2b': reflectivity (1.433034,1.972474,2.000000) greater than 1.0.
Warning: Texture 'desktop2b': reflectivity (1.433034,1.972474,2.000000) greater than 1.0.
Warning: Texture 'desktop2b': reflectivity (1.433034,1.972474,2.000000) greater than 1.0.
Warning: Texture 'desktop2b': reflectivity (1.433034,1.972474,2.000000) greater than 1.0.
Warning: Texture '+0~light6a': reflectivity (2.000000,0.101956,0.101956) greater than 1.0.
Warning: Texture '+0~light6a': reflectivity (2.000000,0.101956,0.101956) greater than 1.0.
Warning: Texture '+0~light6a': reflectivity (2.000000,0.101956,0.101956) greater than 1.0.
Warning: Texture '+0~light6a': reflectivity (2.000000,0.101956,0.101956) greater than 1.0.
Warning: Texture '+0~light6a': reflectivity (2.000000,0.101956,0.101956) greater than 1.0.
Warning: Texture '+0~light6a': reflectivity (2.000000,0.101956,0.101956) greater than 1.0.
Warning: Texture '+0~light6a': reflectivity (2.000000,0.101956,0.101956) greater than 1.0.
Warning: Texture '+0~light6a': reflectivity (2.000000,0.101956,0.101956) greater than 1.0.
Warning: Texture '+0~light6a': reflectivity (2.000000,0.101956,0.101956) greater than 1.0.
Warning: Texture '+0~light6a': reflectivity (2.000000,0.101956,0.101956) greater than 1.0.
Warning: Texture '+0~light6a': reflectivity (2.000000,0.101956,0.101956) greater than 1.0.
Warning: Texture '+0~light6a': reflectivity (2.000000,0.101956,0.101956) greater than 1.0.
Warning: Texture '+0~light6a': reflectivity (2.000000,0.101956,0.101956) greater than 1.0.
Warning: Texture '+0~light6a': reflectivity (2.000000,0.101956,0.101956) greater than 1.0.
Warning: Texture '+0~light6a': reflectivity (2.000000,0.101956,0.101956) greater than 1.0.
Warning: Texture '+0~light6a': reflectivity (2.000000,0.101956,0.101956) greater than 1.0.
Warning: Texture '+0~light6a': reflectivity (2.000000,0.101956,0.101956) greater than 1.0.
Warning: Texture '+0~light6a': reflectivity (2.000000,0.101956,0.101956) greater than 1.0.
Warning: Texture '+0~light6a': reflectivity (2.000000,0.101956,0.101956) greater than 1.0.
Warning: Texture '+0~light6a': reflectivity (2.000000,0.101956,0.101956) greater than 1.0.
Warning: Texture '+0~light6a': reflectivity (2.000000,0.101956,0.101956) greater than 1.0.
Warning: Texture '+0~light6a': reflectivity (2.000000,0.101956,0.101956) greater than 1.0.
Warning: Texture '+0~light6a': reflectivity (2.000000,0.101956,0.101956) greater than 1.0.
Warning: Texture '+0~light6a': reflectivity (2.000000,0.101956,0.101956) greater than 1.0.
Warning: Texture '+0~light6a': reflectivity (2.000000,0.101956,0.101956) greater than 1.0.
Warning: Texture '+0~light6a': reflectivity (2.000000,0.101956,0.101956) greater than 1.0.
Warning: Texture '+0~light6a': reflectivity (2.000000,0.101956,0.101956) greater than 1.0.
Warning: Texture '+0~light6a': reflectivity (2.000000,0.101956,0.101956) greater than 1.0.
Warning: Texture '+0~light6a': reflectivity (2.000000,0.101956,0.101956) greater than 1.0.
Warning: Texture '+0~light6a': reflectivity (2.000000,0.101956,0.101956) greater than 1.0.
Warning: Texture '+0~light6a': reflectivity (2.000000,0.101956,0.101956) greater than 1.0.
Warning: Texture '+0~light6a': reflectivity (2.000000,0.101956,0.101956) greater than 1.0.
Warning: Texture '+0~light6a': reflectivity (2.000000,0.101956,0.101956) greater than 1.0.
Warning: Texture '+0~light6a': reflectivity (2.000000,0.101956,0.101956) greater than 1.0.
Warning: Texture '+0~light6a': reflectivity (2.000000,0.101956,0.101956) greater than 1.0.
Warning: Texture '+0~light6a': reflectivity (2.000000,0.101956,0.101956) greater than 1.0.
Warning: Texture '+0~light6a': reflectivity (2.000000,0.101956,0.101956) greater than 1.0.
Warning: Texture '+0~light6a': reflectivity (2.000000,0.101956,0.101956) greater than 1.0.
Warning: Texture '+0~light6a': reflectivity (2.000000,0.101956,0.101956) greater than 1.0.
Warning: Texture '+0~light6a': reflectivity (2.000000,0.101956,0.101956) greater than 1.0.
Warning: Texture '+0~light6a': reflectivity (2.000000,0.101956,0.101956) greater than 1.0.
Warning: Texture '+0~light6a': reflectivity (2.000000,0.101956,0.101956) greater than 1.0.
22295 base patches
273554 square feet [39391912.00 square inches]
2466 direct lights and 0 fast direct lights
4 light styles

FindFacePositions:
 (2.49 seconds)
BuildFacelights:
 (32.61 seconds)
BuildVisLeafs:
 (13.98 seconds)
visibility matrix   :   9.1 megs
MakeScales:
 (15.92 seconds)
Transfer Lists :    16237028 :    16.24M transfers
       Indices :    18434220 :    17.58M bytes
          Data :    32539537 :    31.03M bytes
Bounce 1 GatherLight:
 (0.25 seconds)
Bounce 2 GatherLight:
 (0.28 seconds)
Bounce 3 GatherLight:
 (0.32 seconds)
Bounce 4 GatherLight:
 (0.32 seconds)
Bounce 5 GatherLight:
 (0.33 seconds)
Bounce 6 GatherLight:
 (0.33 seconds)
Bounce 7 GatherLight:
 (0.33 seconds)
Bounce 8 GatherLight:
 (0.34 seconds)
CreateTriangulations:
 (0.15 seconds)
AddPatchLights:
 (3.21 seconds)
FinalLightFace:
 (0.03 seconds)

Object names  Objects/Maxobjs  Memory / Maxmem  Fullness
------------  ---------------  ---------------  --------
models            148/512         9472/32768    (28.9%)
planes           6158/32768     123160/655360   (18.8%)
vertexes        13985/65535     167820/786420   (21.3%)
nodes            6429/32767     154296/786408   (19.6%)
texinfos         4244/32767     169760/1310680  (13.0%)
faces            8757/65535     175140/1310700  (13.4%)
* worldfaces     7365/32768          0/0        (22.5%)
clipnodes       12075/32767      96600/262136   (36.9%)
leaves           4390/32760     122920/917280   (13.4%)
* worldleaves    3116/8192           0/0        (38.0%)
marksurfaces    14064/65535      28128/131070   (21.5%)
surfedges       40085/512000    160340/2048000  ( 7.8%)
edges           23177/256000     92708/1024000  ( 9.1%)
texdata          [variable]      12280/33554432 ( 0.0%)
lightdata        [variable]     976995/50331648 ( 1.9%)
visdata          [variable]      34876/8388608  ( 0.4%)
entdata          [variable]     105605/2097152  ( 5.0%)
* AllocBlock       19/64             0/0        (29.7%)
279 textures referenced
=== Total BSP file data space used: 2430100 bytes ===
Wad files required to run the map: "halflife.wad;czcs_office.wad;czde_fastline.wad;winfades.wad;deepmind_windawz.wad;khr_prototype_hl.wad;deepmind2_ny.wad;"
72.73 seconds elapsed [1m 12s]

-----   END   hlrad -----



hlcsg v3.4 VL34 64-bit (Aug 17 2015)
Zoner's Half-Life Compilation Tools -- Custom Build
Based on code modifications by Sean 'Zoner' Cavanaugh
Based on Valve's version, modified with permission.
Submit detailed bug reports to (vluzacn@163.com)
-----  BEGIN  hlcsg -----
Command line: "C:\Program Files\J.A.C.K\halflife\vhlt34\hlcsg_x64.exe" -onlyents I:\Games\SteamLibrary\steamapps\common\Half-Life\KEA1989\maps\mf01 -chart 
Arguments: -onlyents I:\Games\SteamLibrary\steamapps\common\Half-Life\KEA1989\maps\mf01 -chart -low -wadautodetect 
Entering I:\Games\SteamLibrary\steamapps\common\Half-Life\KEA1989\maps\mf01.map

Current hlcsg Settings
Name                 |  Setting  |  Default
---------------------|-----------|-------------------------
threads               [       4 ] [  Varies ]
verbose               [     off ] [     off ]
log                   [      on ] [      on ]
reset logfile         [      on ] [      on ]
developer             [       0 ] [       0 ]
chart                 [      on ] [     off ]
estimate              [     off ] [     off ]
max texture memory    [ 33554432 ] [ 33554432 ]
max lighting memory   [ 50331648 ] [ 50331648 ]
priority              [     Low ] [  Normal ]

noclip                [     off ] [     off ]
null texture stripping[      on ] [      on ]
clipnode economy mode [     off ] [     off ]
clip hull type        [  simple ] [  simple ]
onlyents              [      on ] [     off ]
wadtextures           [      on ] [      on ]
skyclip               [      on ] [      on ]
hullfile              [    None ] [    None ]
wad configuration file[    None ] [    None ]
wad.cfg group name    [    None ] [    None ]
nullfile              [    None ] [    None ]
nullify trigger       [      on ] [      on ]
min surface area      [   0.000 ] [   0.000 ]
brush union threshold [   0.000 ] [   0.000 ]
map scaling           [    None ] [    None ]
light name optimize   [      on ] [      on ]
convert game_text     [      on ] [      on ]

Wad files required to run the map: "halflife.wad;czcs_office.wad;czde_fastline.wad;winfades.wad;deepmind_windawz.wad;khr_prototype_hl.wad;deepmind2_ny.wad;"
2 redundant named lights optimized.

Object names  Objects/Maxobjs  Memory / Maxmem  Fullness
------------  ---------------  ---------------  --------
models            148/512         9472/32768    (28.9%)
planes           6158/32768     123160/655360   (18.8%)
vertexes        13985/65535     167820/786420   (21.3%)
nodes            6429/32767     154296/786408   (19.6%)
texinfos         4244/32767     169760/1310680  (13.0%)
faces            8757/65535     175140/1310700  (13.4%)
* worldfaces     7365/32768          0/0        (22.5%)
clipnodes       12075/32767      96600/262136   (36.9%)
leaves           4390/32760     122920/917280   (13.4%)
* worldleaves    3116/8192           0/0        (38.0%)
marksurfaces    14064/65535      28128/131070   (21.5%)
surfedges       40085/512000    160340/2048000  ( 7.8%)
edges           23177/256000     92708/1024000  ( 9.1%)
texdata          [variable]      12280/33554432 ( 0.0%)
lightdata        [variable]     976995/50331648 ( 1.9%)
visdata          [variable]      34876/8388608  ( 0.4%)
entdata          [variable]     105608/2097152  ( 5.0%)
* AllocBlock       19/64             0/0        (29.7%)
279 textures referenced
=== Total BSP file data space used: 2430103 bytes ===
Wad files required to run the map: "halflife.wad;czcs_office.wad;czde_fastline.wad;winfades.wad;deepmind_windawz.wad;khr_prototype_hl.wad;deepmind2_ny.wad;"
0.21 seconds elapsed

-----   END   hlcsg -----



