180
387
7
1
3
255
76
3
1
89
1
5
78
5
35
2
25
2
25
1
1
1
3
1
14
14
3
2
1
1
31
1
6
1
1
1
1
1
1
1
1
1
36
16
17
1
15
1
17
1
1
1
1
1
1
58
5
2
1
1
3
1
3
1
89
3
41
1
1
4
1
1
1
7
43
1
1
24
1
1
2
9
4
1
2
21
2
1
4
15
1
1
1
1
12
1
1
12
1
118
1
1
1
12
1
1
1
12
1
1
1
6
1
4
0
0
1
0
1
1
8
1
13
1
1
3
1
1
2
29
1
2
29
4
39
1
2
1
1
1
6
1
1
1
1
1
152
1
1
1
1
1
1
1
1
1
1
6
1
4
0
0
1
0
5
1
13
1
1
1
1
1
22
1
1
27
2
1
23
1
1
1
4 1 2 (-768.000000 2880.000000 800.000000) (-768.000000 2880.000000 992.000000) (-768.000000 2944.000000 992.000000) (-768.000000 2944.000000 800.000000) 
4 1 3 (-768.000000 2880.000000 512.000000) (-384.000000 2880.000000 512.000000) (-384.000000 2880.000000 800.000000) (-768.000000 2880.000000 992.000000) 
4 2 4 (-896.000000 2880.000000 800.000000) (-896.000000 2880.000000 1024.000000) (-896.000000 2944.000000 1024.000000) (-896.000000 2944.000000 800.000000) 
5 2 3 (-896.000000 2880.000000 1024.000000) (-896.000000 2880.000000 800.000000) (-768.000000 2880.000000 800.000000) (-768.000000 2880.000000 992.000000) (-832.000000 2880.000000 1024.000000) 
4 3 163 (-896.000000 1344.000000 512.000000) (-896.000000 1504.000000 512.000000) (-890.000000 1504.000000 512.000000) (-890.000000 1344.000000 512.000000) 
4 3 162 (-896.000000 1504.000000 512.000000) (-896.000000 1648.000000 512.000000) (-890.000000 1648.000000 512.000000) (-890.000000 1504.000000 512.000000) 
4 3 156 (-896.000000 1648.000000 512.000000) (-896.000000 1968.000000 512.000000) (-890.000000 1968.000000 512.000000) (-890.000000 1648.000000 512.000000) 
4 3 155 (-896.000000 1968.000000 512.000000) (-896.000000 2128.000000 512.000000) (-890.000000 2128.000000 512.000000) (-890.000000 1968.000000 512.000000) 
4 3 119 (-890.000000 1344.000000 512.000000) (-890.000000 1504.000000 512.000000) (-480.000000 1504.000000 512.000000) (-480.000000 1344.000000 512.000000) 
4 3 118 (-384.000000 2128.000000 512.000000) (-384.000000 1504.000000 512.000000) (-890.000000 1504.000000 512.000000) (-890.000000 2128.000000 512.000000) 
4 3 91 (-384.000000 2720.000000 512.000000) (-384.000000 2656.000000 512.000000) (-832.000000 2656.000000 512.000000) (-768.000000 2720.000000 512.000000) 
4 3 97 (-384.000000 2656.000000 512.000000) (-384.000000 2128.000000 512.000000) (-896.000000 2128.000000 512.000000) (-896.000000 2656.000000 512.000000) 
4 3 7 (-896.000000 2880.000000 512.000000) (-896.000000 1152.000000 512.000000) (-896.000000 1152.000000 800.000000) (-896.000000 2880.000000 800.000000) 
4 3 4 (-896.000000 1152.000000 800.000000) (-896.000000 1152.000000 1024.000000) (-896.000000 2880.000000 1024.000000) (-896.000000 2880.000000 800.000000) 
4 4 6 (-1536.000000 2944.000000 800.000000) (-1152.000000 2944.000000 800.000000) (-1152.000000 2880.000000 800.000000) (-1536.000000 2880.000000 800.000000) 
4 4 5 (-896.000000 2928.000000 800.000000) (-896.000000 2880.000000 800.000000) (-1024.000000 2880.000000 800.000000) (-1024.000000 2928.000000 800.000000) 
4 4 7 (-896.000000 2880.000000 800.000000) (-896.000000 1152.000000 800.000000) (-1536.000000 1152.000000 800.000000) (-1536.000000 2880.000000 800.000000) 
4 5 98 (-896.000000 2928.000000 512.000000) (-896.000000 2880.000000 512.000000) (-1024.000000 2880.000000 512.000000) (-1024.000000 2928.000000 512.000000) 
4 5 7 (-1024.000000 2880.000000 512.000000) (-896.000000 2880.000000 512.000000) (-896.000000 2880.000000 800.000000) (-1024.000000 2880.000000 800.000000) 
4 6 7 (-1536.000000 2880.000000 800.000000) (-1536.000000 2880.000000 512.000000) (-1152.000000 2880.000000 512.000000) (-1152.000000 2880.000000 800.000000) 
4 7 163 (-896.000000 1504.000000 512.000000) (-896.000000 1344.000000 512.000000) (-1536.000000 1344.000000 512.000000) (-1536.000000 1504.000000 512.000000) 
4 7 162 (-896.000000 1648.000000 512.000000) (-896.000000 1504.000000 512.000000) (-1536.000000 1504.000000 512.000000) (-1536.000000 1648.000000 512.000000) 
4 7 156 (-896.000000 1968.000000 512.000000) (-896.000000 1648.000000 512.000000) (-1536.000000 1648.000000 512.000000) (-1536.000000 1968.000000 512.000000) 
4 7 155 (-896.000000 2128.000000 512.000000) (-896.000000 1968.000000 512.000000) (-1536.000000 1968.000000 512.000000) (-1536.000000 2128.000000 512.000000) 
4 7 110 (-896.000000 2448.000000 512.000000) (-896.000000 2128.000000 512.000000) (-1536.000000 2128.000000 512.000000) (-1536.000000 2448.000000 512.000000) 
4 7 108 (-1088.000000 2656.000000 512.000000) (-1536.000000 2656.000000 512.000000) (-1536.000000 2720.000000 512.000000) (-1152.000000 2720.000000 512.000000) 
4 7 99 (-896.000000 2880.000000 512.000000) (-896.000000 2800.000000 512.000000) (-1024.000000 2800.000000 512.000000) (-1024.000000 2880.000000 512.000000) 
4 7 109 (-896.000000 2656.000000 512.000000) (-896.000000 2448.000000 512.000000) (-1536.000000 2448.000000 512.000000) (-1536.000000 2656.000000 512.000000) 
4 8 38 (-336.000000 1552.000000 128.000000) (-176.000000 1552.000000 128.000000) (-176.000000 1552.000000 256.000000) (-336.000000 1552.000000 256.000000) 
4 8 34 (-176.000000 1552.000000 128.000000) (-80.000000 1552.000000 128.000000) (-80.000000 1552.000000 256.000000) (-176.000000 1552.000000 256.000000) 
4 8 31 (-80.000000 1552.000000 128.000000) (80.000000 1552.000000 128.000000) (80.000000 1552.000000 256.000000) (-80.000000 1552.000000 256.000000) 
4 9 23 (544.000000 1136.000000 320.000000) (416.000000 1136.000000 320.000000) (416.000000 1280.000000 320.000000) (544.000000 1280.000000 320.000000) 
4 9 22 (416.000000 1280.000000 320.000000) (416.000000 1328.000000 320.000000) (448.000000 1328.000000 320.000000) (448.000000 1280.000000 320.000000) 
4 9 21 (448.000000 1328.000000 320.000000) (544.000000 1328.000000 320.000000) (544.000000 1280.000000 320.000000) (448.000000 1280.000000 320.000000) 
4 9 16 (608.000000 1328.000000 320.000000) (608.000000 1136.000000 320.000000) (544.000000 1136.000000 320.000000) (544.000000 1328.000000 320.000000) 
4 10 20 (448.000000 1488.000000 128.000000) (544.000000 1488.000000 128.000000) (544.000000 1488.000000 256.000000) (448.000000 1488.000000 256.000000) 
4 10 11 (544.000000 1488.000000 128.000000) (640.000000 1488.000000 128.000000) (640.000000 1488.000000 256.000000) (544.000000 1488.000000 256.000000) 
4 11 20 (544.000000 1488.000000 256.000000) (544.000000 1488.000000 128.000000) (544.000000 1472.000000 128.000000) (544.000000 1472.000000 256.000000) 
4 11 16 (544.000000 1472.000000 128.000000) (640.000000 1472.000000 128.000000) (640.000000 1472.000000 256.000000) (544.000000 1472.000000 256.000000) 
4 12 42 (1008.000000 784.000000 128.000000) (1072.000000 784.000000 128.000000) (1072.000000 784.000000 256.000000) (1008.000000 784.000000 256.000000) 
4 12 15 (780.000000 1180.000000 128.000000) (708.000000 1108.000000 128.000000) (708.000000 1108.000000 232.000000) (780.000000 1180.000000 232.000000) 
4 12 13 (944.000000 848.000000 128.000000) (1008.000000 784.000000 128.000000) (1008.000000 784.000000 256.000000) (944.000000 848.000000 256.000000) 
4 13 42 (944.000000 784.000000 128.000000) (1008.000000 784.000000 128.000000) (1008.000000 784.000000 256.000000) (944.000000 784.000000 256.000000) 
4 14 48 (544.000000 784.000000 160.000000) (544.000000 784.000000 128.000000) (736.000000 784.000000 128.000000) (736.000000 784.000000 160.000000) 
4 14 46 (544.000000 784.000000 288.000000) (544.000000 784.000000 160.000000) (736.000000 784.000000 160.000000) (736.000000 784.000000 288.000000) 
4 14 29 (544.000000 800.000000 128.000000) (544.000000 784.000000 128.000000) (544.000000 784.000000 256.000000) (544.000000 800.000000 256.000000) 
4 14 28 (544.000000 944.000000 128.000000) (544.000000 800.000000 128.000000) (544.000000 800.000000 256.000000) (544.000000 944.000000 256.000000) 
4 14 19 (592.000000 992.000000 128.000000) (544.000000 944.000000 128.000000) (544.000000 944.000000 288.000000) (592.000000 992.000000 288.000000) 
4 15 16 (768.000000 1192.000000 128.000000) (696.000000 1120.000000 128.000000) (696.000000 1120.000000 232.000000) (768.000000 1192.000000 232.000000) 
4 16 23 (544.000000 1280.000000 128.000000) (544.000000 1072.000000 128.000000) (544.000000 1072.000000 320.000000) (544.000000 1280.000000 320.000000) 
4 16 21 (544.000000 1472.000000 128.000000) (544.000000 1280.000000 128.000000) (544.000000 1280.000000 320.000000) (544.000000 1472.000000 320.000000) 
4 16 18 (544.000000 1072.000000 320.000000) (544.000000 1072.000000 128.000000) (592.000000 1072.000000 128.000000) (592.000000 1072.000000 320.000000) 
4 17 27 (544.000000 1008.000000 128.000000) (544.000000 992.000000 128.000000) (544.000000 992.000000 256.000000) (544.000000 1008.000000 256.000000) 
4 17 19 (544.000000 992.000000 128.000000) (560.000000 992.000000 128.000000) (560.000000 992.000000 256.000000) (544.000000 992.000000 256.000000) 
4 18 23 (544.000000 1072.000000 128.000000) (544.000000 1024.000000 128.000000) (544.000000 1024.000000 320.000000) (544.000000 1072.000000 320.000000) 
4 19 28 (544.000000 992.000000 128.000000) (544.000000 944.000000 128.000000) (544.000000 944.000000 256.000000) (544.000000 992.000000 256.000000) 
4 20 21 (448.000000 1472.000000 128.000000) (544.000000 1472.000000 128.000000) (544.000000 1472.000000 256.000000) (448.000000 1472.000000 256.000000) 
4 21 23 (448.000000 1280.000000 128.000000) (544.000000 1280.000000 128.000000) (544.000000 1280.000000 320.000000) (448.000000 1280.000000 320.000000) 
4 21 22 (448.000000 1472.000000 128.000000) (448.000000 1280.000000 128.000000) (448.000000 1280.000000 320.000000) (448.000000 1472.000000 320.000000) 
4 22 25 (256.000000 1280.000000 128.000000) (352.000000 1280.000000 128.000000) (352.000000 1280.000000 320.000000) (256.000000 1280.000000 320.000000) 
4 22 23 (352.000000 1280.000000 128.000000) (448.000000 1280.000000 128.000000) (448.000000 1280.000000 320.000000) (352.000000 1280.000000 320.000000) 
4 23 26 (352.000000 1120.000000 128.000000) (352.000000 1024.000000 128.000000) (352.000000 1024.000000 320.000000) (352.000000 1120.000000 320.000000) 
4 23 25 (352.000000 1280.000000 320.000000) (352.000000 1280.000000 128.000000) (352.000000 1120.000000 128.000000) (352.000000 1120.000000 320.000000) 
4 23 24 (544.000000 1024.000000 166.000000) (544.000000 1024.000000 240.000000) (352.000000 1024.000000 240.000000) (352.000000 1024.000000 166.000000) 
4 24 27 (544.000000 1008.000000 166.000000) (544.000000 1008.000000 240.000000) (352.000000 1008.000000 240.000000) (352.000000 1008.000000 166.000000) 
4 25 33 (224.000000 1280.000000 128.000000) (224.000000 1120.000000 128.000000) (224.000000 1120.000000 256.000000) (224.000000 1280.000000 256.000000) 
4 25 30 (224.000000 1120.000000 256.000000) (224.000000 1120.000000 320.000000) (224.000000 1280.000000 320.000000) (224.000000 1280.000000 256.000000) 
4 25 26 (256.000000 1120.000000 128.000000) (352.000000 1120.000000 128.000000) (352.000000 1120.000000 320.000000) (256.000000 1120.000000 320.000000) 
4 27 28 (336.000000 992.000000 128.000000) (544.000000 992.000000 128.000000) (544.000000 992.000000 256.000000) (336.000000 992.000000 256.000000) 
4 28 29 (528.000000 800.000000 128.000000) (544.000000 800.000000 128.000000) (544.000000 800.000000 256.000000) (528.000000 800.000000 256.000000) 
4 30 36 (-80.000000 1120.000000 256.000000) (-96.000000 1120.000000 256.000000) (-96.000000 1280.000000 256.000000) (-80.000000 1280.000000 256.000000) 
4 30 33 (224.000000 1120.000000 256.000000) (-80.000000 1120.000000 256.000000) (-80.000000 1280.000000 256.000000) (224.000000 1280.000000 256.000000) 
4 31 35 (-80.000000 1536.000000 128.000000) (-80.000000 1504.000000 128.000000) (-80.000000 1504.000000 256.000000) (-80.000000 1536.000000 256.000000) 
4 31 34 (-80.000000 1552.000000 128.000000) (-80.000000 1536.000000 128.000000) (-80.000000 1536.000000 256.000000) (-80.000000 1552.000000 256.000000) 
4 31 32 (-80.000000 1296.000000 128.000000) (16.000000 1296.000000 128.000000) (16.000000 1296.000000 240.000000) (-80.000000 1296.000000 240.000000) 
4 32 33 (-80.000000 1280.000000 240.000000) (-80.000000 1280.000000 128.000000) (16.000000 1280.000000 128.000000) (16.000000 1280.000000 240.000000) 
4 33 40 (96.000000 1120.000000 256.000000) (-32.000000 1120.000000 256.000000) (-32.000000 1120.000000 128.000000) (96.000000 1120.000000 128.000000) 
4 33 36 (-80.000000 1280.000000 128.000000) (-80.000000 1120.000000 128.000000) (-80.000000 1120.000000 256.000000) (-80.000000 1280.000000 256.000000) 
4 34 38 (-176.000000 1552.000000 256.000000) (-176.000000 1552.000000 128.000000) (-176.000000 1536.000000 128.000000) (-176.000000 1536.000000 256.000000) 
4 34 37 (-176.000000 1536.000000 128.000000) (-144.000000 1536.000000 128.000000) (-144.000000 1536.000000 256.000000) (-176.000000 1536.000000 256.000000) 
4 34 35 (-112.000000 1536.000000 128.000000) (-80.000000 1536.000000 128.000000) (-80.000000 1536.000000 256.000000) (-112.000000 1536.000000 256.000000) 
4 37 38 (-176.000000 1536.000000 128.000000) (-176.000000 1504.000000 128.000000) (-176.000000 1504.000000 256.000000) (-176.000000 1536.000000 256.000000) 
4 38 39 (-336.000000 1296.000000 128.000000) (-336.000000 1216.000000 128.000000) (-336.000000 1216.000000 240.000000) (-336.000000 1296.000000 240.000000) 
4 39 117 (-352.000000 1296.000000 128.000000) (-352.000000 1216.000000 128.000000) (-352.000000 1216.000000 240.000000) (-352.000000 1296.000000 240.000000) 
4 40 41 (-32.000000 1120.000000 128.000000) (96.000000 1120.000000 128.000000) (96.000000 784.000000 128.000000) (-32.000000 784.000000 128.000000) 
4 41 70 (-24.000000 784.000000 0.000000) (88.000000 784.000000 0.000000) (88.000000 784.000000 112.000000) (-24.000000 784.000000 112.000000) 
4 42 43 (944.000000 756.000000 128.000000) (944.000000 684.000000 128.000000) (944.000000 684.000000 228.000000) (944.000000 756.000000 228.000000) 
4 43 44 (928.000000 756.000000 128.000000) (928.000000 684.000000 128.000000) (928.000000 684.000000 228.000000) (928.000000 756.000000 228.000000) 
4 44 45 (752.000000 756.000000 160.000000) (752.000000 684.000000 160.000000) (752.000000 684.000000 260.000000) (752.000000 756.000000 260.000000) 
4 45 46 (736.000000 756.000000 260.000000) (736.000000 756.000000 160.000000) (736.000000 684.000000 160.000000) (736.000000 684.000000 260.000000) 
4 46 48 (544.000000 784.000000 160.000000) (736.000000 784.000000 160.000000) (736.000000 672.000000 160.000000) (544.000000 672.000000 160.000000) 
4 46 47 (544.000000 704.000000 256.000000) (544.000000 752.000000 256.000000) (544.000000 752.000000 160.000000) (544.000000 704.000000 160.000000) 
4 49 51 (776.000000 544.000000 0.000000) (832.000000 488.000000 -0.000000) (832.000000 488.000000 128.000000) (776.000000 544.000000 128.000000) 
4 50 51 (832.000000 456.000000 128.000000) (832.000000 456.000000 -0.000000) (776.000000 400.000000 0.000000) (776.000000 400.000000 128.000000) 
4 51 54 (768.000000 552.000000 0.000000) (768.000000 392.000000 0.000000) (768.000000 392.000000 128.000000) (768.000000 552.000000 128.000000) 
3 52 57 (768.000000 352.000000 144.000000) (768.000000 248.000000 144.000000) (664.000000 352.000000 144.000000) 
4 52 53 (664.000000 352.000000 144.000000) (768.000000 248.000000 144.000000) (768.000000 248.000000 208.000000) (664.000000 352.000000 208.000000) 
4 53 65 (608.000000 176.000000 144.000000) (624.000000 176.000000 144.000000) (624.000000 176.000000 208.000000) (608.000000 176.000000 208.000000) 
4 53 64 (624.000000 176.000000 144.000000) (768.000000 176.000000 144.000000) (768.000000 176.000000 208.000000) (624.000000 176.000000 208.000000) 
4 53 61 (576.000000 400.000000 208.000000) (596.000000 420.000000 208.000000) (596.000000 420.000000 144.000000) (576.000000 400.000000 144.000000) 
4 53 62 (400.000000 224.000000 144.000000) (400.000000 224.000000 208.000000) (576.000000 400.000000 208.000000) (576.000000 400.000000 144.000000) 
6 53 57 (768.000000 248.000000 144.000000) (768.000000 176.000000 144.000000) (400.000000 176.000000 144.000000) (400.000000 224.000000 144.000000) (528.000000 352.000000 144.000000) (664.000000 352.000000 144.000000) 
3 53 56 (528.000000 352.000000 144.000000) (596.000000 420.000000 144.000000) (664.000000 352.000000 144.000000) 
4 54 60 (608.000000 432.000000 144.000000) (752.000000 576.000000 144.000000) (752.000000 576.000000 -0.000000) (608.000000 432.000000 0.000000) 
4 54 55 (608.000000 432.000000 96.000000) (608.000000 432.000000 -0.000000) (656.000000 384.000000 0.000000) (656.000000 384.000000 96.000000) 
4 55 56 (596.000000 420.000000 96.000000) (596.000000 420.000000 0.000000) (644.000000 372.000000 0.000000) (644.000000 372.000000 96.000000) 
4 56 61 (576.000000 400.000000 144.000000) (596.000000 420.000000 144.000000) (596.000000 420.000000 0.000000) (576.000000 400.000000 0.000000) 
4 56 62 (528.000000 352.000000 144.000000) (576.000000 400.000000 144.000000) (576.000000 400.000000 0.000000) (528.000000 352.000000 0.000000) 
4 56 58 (528.000000 352.000000 16.000000) (528.000000 352.000000 -0.000000) (664.000000 352.000000 0.000000) (664.000000 352.000000 16.000000) 
4 56 57 (664.000000 352.000000 144.000000) (528.000000 352.000000 144.000000) (528.000000 352.000000 16.000000) (664.000000 352.000000 16.000000) 
4 57 66 (548.000000 176.000000 16.000000) (768.000000 176.000000 16.000000) (768.000000 176.000000 144.000000) (548.000000 176.000000 144.000000) 
4 57 67 (400.000000 176.000000 144.000000) (400.000000 176.000000 16.000000) (548.000000 176.000000 16.000000) (548.000000 176.000000 144.000000) 
4 57 62 (400.000000 224.000000 16.000000) (400.000000 224.000000 144.000000) (528.000000 352.000000 144.000000) (528.000000 352.000000 16.000000) 
5 57 59 (548.000000 176.000000 16.000000) (400.000000 176.000000 16.000000) (400.000000 224.000000 16.000000) (408.000000 232.000000 16.000000) (604.000000 232.000000 16.000000) 
4 57 58 (528.000000 352.000000 16.000000) (768.000000 352.000000 16.000000) (768.000000 232.000000 16.000000) (408.000000 232.000000 16.000000) 
4 58 62 (408.000000 232.000000 16.000000) (528.000000 352.000000 16.000000) (528.000000 352.000000 0.000000) (408.000000 232.000000 0.000000) 
4 58 59 (408.000000 232.000000 16.000000) (408.000000 232.000000 -0.000000) (604.000000 232.000000 0.000000) (604.000000 232.000000 16.000000) 
4 59 67 (400.000000 176.000000 16.000000) (400.000000 176.000000 0.000000) (548.000000 176.000000 0.000000) (548.000000 176.000000 16.000000) 
4 59 62 (400.000000 224.000000 -0.000000) (400.000000 224.000000 16.000000) (408.000000 232.000000 16.000000) (408.000000 232.000000 0.000000) 
4 61 62 (576.000000 440.000000 0.000000) (576.000000 400.000000 -0.000000) (576.000000 400.000000 208.000000) (576.000000 440.000000 208.000000) 
4 62 63 (400.000000 512.000000 0.000000) (400.000000 256.000000 0.000000) (400.000000 256.000000 112.000000) (400.000000 512.000000 112.000000) 
4 63 71 (384.000000 512.000000 0.000000) (384.000000 256.000000 0.000000) (384.000000 256.000000 112.000000) (384.000000 512.000000 112.000000) 
4 64 69 (768.000000 32.000000 144.000000) (624.000000 32.000000 144.000000) (624.000000 112.000000 144.000000) (768.000000 112.000000 144.000000) 
4 64 68 (624.000000 112.000000 144.000000) (624.000000 128.000000 144.000000) (768.000000 128.000000 144.000000) (768.000000 112.000000 144.000000) 
4 64 66 (624.000000 128.000000 144.000000) (624.000000 176.000000 144.000000) (768.000000 176.000000 144.000000) (768.000000 128.000000 144.000000) 
4 64 65 (624.000000 160.000000 208.000000) (624.000000 176.000000 208.000000) (624.000000 176.000000 144.000000) (624.000000 160.000000 144.000000) 
3 65 66 (608.000000 176.000000 144.000000) (624.000000 176.000000 144.000000) (624.000000 160.000000 144.000000) 
4 66 68 (768.000000 128.000000 16.000000) (768.000000 128.000000 144.000000) (528.000000 128.000000 144.000000) (528.000000 128.000000 16.000000) 
4 66 67 (548.000000 176.000000 144.000000) (548.000000 176.000000 16.000000) (500.000000 128.000000 16.000000) (500.000000 128.000000 144.000000) 
4 68 69 (768.000000 112.000000 16.000000) (768.000000 112.000000 144.000000) (544.000000 112.000000 144.000000) (544.000000 112.000000 16.000000) 
4 70 76 (-24.000000 768.000000 0.000000) (0.000000 768.000000 0.000000) (0.000000 768.000000 32.000000) (-24.000000 768.000000 32.000000) 
4 70 75 (0.000000 768.000000 32.000000) (0.000000 768.000000 112.000000) (-24.000000 768.000000 112.000000) (-24.000000 768.000000 32.000000) 
4 70 72 (0.000000 768.000000 0.000000) (88.000000 768.000000 0.000000) (88.000000 768.000000 112.000000) (0.000000 768.000000 112.000000) 
4 71 74 (368.000000 80.000000 0.000000) (368.000000 64.000000 -0.000000) (368.000000 64.000000 128.000000) (368.000000 80.000000 128.000000) 
4 71 72 (368.000000 768.000000 128.000000) (368.000000 768.000000 -0.000000) (368.000000 80.000000 0.000000) (368.000000 80.000000 128.000000) 
4 72 81 (-240.000000 528.000000 0.000000) (-304.000000 464.000000 0.000000) (-304.000000 464.000000 32.000000) (-240.000000 528.000000 32.000000) 
4 72 78 (-304.000000 464.000000 32.000000) (-304.000000 464.000000 256.000000) (-240.000000 528.000000 256.000000) (-240.000000 528.000000 32.000000) 
4 72 77 (-192.000000 576.000000 0.000000) (-240.000000 528.000000 0.000000) (-240.000000 528.000000 32.000000) (-192.000000 576.000000 32.000000) 
4 72 76 (0.000000 768.000000 0.000000) (-96.000000 672.000000 0.000000) (-96.000000 672.000000 32.000000) (0.000000 768.000000 32.000000) 
4 72 75 (-240.000000 528.000000 32.000000) (-240.000000 528.000000 256.000000) (0.000000 768.000000 256.000000) (0.000000 768.000000 32.000000) 
4 72 74 (-304.000000 80.000000 0.000000) (368.000000 80.000000 -0.000000) (368.000000 80.000000 128.000000) (-304.000000 80.000000 128.000000) 
4 72 73 (-304.000000 464.000000 0.000000) (-304.000000 80.000000 0.000000) (-304.000000 80.000000 128.000000) (-304.000000 464.000000 128.000000) 
4 73 82 (-320.000000 448.000000 112.000000) (-320.000000 448.000000 0.000000) (-320.000000 256.000000 0.000000) (-320.000000 256.000000 112.000000) 
4 73 81 (-304.000000 464.000000 0.000000) (-320.000000 448.000000 0.000000) (-320.000000 448.000000 32.000000) (-304.000000 464.000000 32.000000) 
4 73 79 (-320.000000 448.000000 32.000000) (-320.000000 448.000000 128.000000) (-304.000000 464.000000 128.000000) (-304.000000 464.000000 32.000000) 
4 73 74 (-320.000000 80.000000 0.000000) (-304.000000 80.000000 0.000000) (-304.000000 80.000000 128.000000) (-320.000000 80.000000 128.000000) 
4 74 83 (-0.000000 64.000000 0.000000) (288.000000 64.000000 0.000000) (288.000000 64.000000 128.000000) (-0.000000 64.000000 128.000000) 
4 75 78 (-240.000000 768.000000 256.000000) (-240.000000 768.000000 32.000000) (-240.000000 528.000000 32.000000) (-240.000000 528.000000 256.000000) 
3 75 77 (-192.000000 576.000000 32.000000) (-240.000000 528.000000 32.000000) (-240.000000 576.000000 32.000000) 
3 75 76 (-96.000000 768.000000 32.000000) (0.000000 768.000000 32.000000) (-96.000000 672.000000 32.000000) 
4 77 81 (-240.000000 576.000000 0.000000) (-240.000000 528.000000 -0.000000) (-240.000000 528.000000 32.000000) (-240.000000 576.000000 32.000000) 
4 78 80 (-240.000000 624.000000 32.000000) (-240.000000 576.000000 32.000000) (-304.000000 576.000000 32.000000) (-304.000000 624.000000 32.000000) 
4 78 81 (-240.000000 576.000000 32.000000) (-240.000000 528.000000 32.000000) (-304.000000 464.000000 32.000000) (-304.000000 576.000000 32.000000) 
4 78 79 (-304.000000 768.000000 128.000000) (-304.000000 768.000000 32.000000) (-304.000000 464.000000 32.000000) (-304.000000 464.000000 128.000000) 
4 79 82 (-320.000000 512.000000 32.000000) (-320.000000 448.000000 32.000000) (-320.000000 448.000000 112.000000) (-320.000000 512.000000 112.000000) 
4 79 81 (-320.000000 448.000000 32.000000) (-320.000000 576.000000 32.000000) (-304.000000 576.000000 32.000000) (-304.000000 464.000000 32.000000) 
4 80 81 (-240.000000 576.000000 32.000000) (-304.000000 576.000000 32.000000) (-304.000000 576.000000 0.000000) (-240.000000 576.000000 0.000000) 
4 81 82 (-320.000000 512.000000 0.000000) (-320.000000 448.000000 0.000000) (-320.000000 448.000000 32.000000) (-320.000000 512.000000 32.000000) 
4 83 84 (136.000000 0.000000 0.000000) (248.000000 0.000000 0.000000) (248.000000 0.000000 96.000000) (136.000000 0.000000 96.000000) 
4 84 85 (136.000000 -16.000000 0.000000) (248.000000 -16.000000 0.000000) (248.000000 -16.000000 96.000000) (136.000000 -16.000000 96.000000) 
4 85 88 (176.000000 -400.000000 0.000000) (192.000000 -400.000000 0.000000) (192.000000 -400.000000 192.000000) (176.000000 -400.000000 192.000000) 
4 85 87 (192.000000 -400.000000 0.000000) (256.000000 -400.000000 -0.000000) (256.000000 -400.000000 192.000000) (192.000000 -400.000000 192.000000) 
4 85 86 (128.000000 -16.000000 0.000000) (128.000000 -400.000000 0.000000) (128.000000 -400.000000 128.000000) (128.000000 -16.000000 128.000000) 
4 86 90 (64.000000 -256.000000 0.000000) (64.000000 -368.000000 0.000000) (64.000000 -368.000000 112.000000) (64.000000 -256.000000 112.000000) 
4 86 89 (64.000000 -48.000000 0.000000) (64.000000 -160.000000 0.000000) (64.000000 -160.000000 112.000000) (64.000000 -48.000000 112.000000) 
4 87 88 (192.000000 -400.000000 192.000000) (192.000000 -400.000000 -0.000000) (192.000000 -416.000000 0.000000) (192.000000 -416.000000 192.000000) 
3 91 93 (-768.000000 2656.000000 504.000000) (-832.000000 2656.000000 504.000000) (-768.000000 2720.000000 504.000000) 
4 91 92 (-384.000000 2720.000000 504.000000) (-384.000000 2656.000000 504.000000) (-768.000000 2656.000000 504.000000) (-768.000000 2720.000000 504.000000) 
4 91 97 (-384.000000 2656.000000 504.000000) (-384.000000 2656.000000 512.000000) (-832.000000 2656.000000 512.000000) (-832.000000 2656.000000 504.000000) 
4 92 94 (-384.000000 2656.000000 320.000000) (-768.000000 2656.000000 320.000000) (-768.000000 2720.000000 320.000000) (-384.000000 2720.000000 320.000000) 
4 92 93 (-768.000000 2880.000000 320.000000) (-768.000000 2656.000000 320.000000) (-768.000000 2656.000000 504.000000) (-768.000000 2880.000000 504.000000) 
4 92 97 (-384.000000 2656.000000 320.000000) (-384.000000 2656.000000 504.000000) (-768.000000 2656.000000 504.000000) (-768.000000 2656.000000 320.000000) 
4 93 106 (-896.000000 2720.000000 320.000000) (-896.000000 2656.000000 320.000000) (-896.000000 2656.000000 504.000000) (-896.000000 2720.000000 504.000000) 
4 93 100 (-896.000000 2880.000000 320.000000) (-896.000000 2720.000000 320.000000) (-896.000000 2720.000000 504.000000) (-896.000000 2880.000000 504.000000) 
3 93 94 (-768.000000 2656.000000 320.000000) (-832.000000 2656.000000 320.000000) (-768.000000 2720.000000 320.000000) 
4 93 97 (-768.000000 2656.000000 504.000000) (-896.000000 2656.000000 504.000000) (-896.000000 2656.000000 320.000000) (-768.000000 2656.000000 320.000000) 
3 94 96 (-768.000000 2656.000000 312.000000) (-832.000000 2656.000000 312.000000) (-768.000000 2720.000000 312.000000) 
4 94 95 (-384.000000 2656.000000 312.000000) (-768.000000 2656.000000 312.000000) (-768.000000 2720.000000 312.000000) (-384.000000 2720.000000 312.000000) 
4 94 97 (-384.000000 2656.000000 312.000000) (-384.000000 2656.000000 320.000000) (-832.000000 2656.000000 320.000000) (-832.000000 2656.000000 312.000000) 
4 95 96 (-768.000000 2880.000000 0.000000) (-768.000000 2656.000000 0.000000) (-768.000000 2656.000000 312.000000) (-768.000000 2880.000000 312.000000) 
4 95 97 (-384.000000 2656.000000 -0.000000) (-384.000000 2656.000000 312.000000) (-768.000000 2656.000000 312.000000) (-768.000000 2656.000000 0.000000) 
4 96 107 (-896.000000 2720.000000 0.000000) (-896.000000 2656.000000 0.000000) (-896.000000 2656.000000 312.000000) (-896.000000 2720.000000 312.000000) 
4 96 104 (-896.000000 2880.000000 0.000000) (-896.000000 2720.000000 0.000000) (-896.000000 2720.000000 312.000000) (-896.000000 2880.000000 312.000000) 
4 96 97 (-768.000000 2656.000000 312.000000) (-896.000000 2656.000000 312.000000) (-896.000000 2656.000000 -0.000000) (-768.000000 2656.000000 0.000000) 
4 97 155 (-890.000000 2128.000000 512.000000) (-896.000000 2128.000000 512.000000) (-896.000000 2128.000000 -0.000000) (-890.000000 2128.000000 0.000000) 
4 97 118 (-384.000000 2128.000000 -0.000000) (-384.000000 2128.000000 512.000000) (-890.000000 2128.000000 512.000000) (-890.000000 2128.000000 0.000000) 
4 97 111 (-896.000000 2448.000000 240.000000) (-896.000000 2448.000000 0.000000) (-896.000000 2128.000000 -0.000000) (-896.000000 2128.000000 240.000000) 
4 97 110 (-896.000000 2128.000000 512.000000) (-896.000000 2448.000000 512.000000) (-896.000000 2448.000000 240.000000) (-896.000000 2128.000000 240.000000) 
4 97 109 (-896.000000 2448.000000 512.000000) (-896.000000 2656.000000 512.000000) (-896.000000 2656.000000 0.000000) (-896.000000 2448.000000 0.000000) 
4 98 102 (-896.000000 2928.000000 320.000000) (-896.000000 2880.000000 320.000000) (-1024.000000 2880.000000 320.000000) (-1024.000000 2928.000000 320.000000) 
4 98 99 (-896.000000 2880.000000 504.000000) (-896.000000 2880.000000 512.000000) (-1024.000000 2880.000000 512.000000) (-1024.000000 2880.000000 504.000000) 
4 98 100 (-1024.000000 2880.000000 320.000000) (-896.000000 2880.000000 320.000000) (-896.000000 2880.000000 504.000000) (-1024.000000 2880.000000 504.000000) 
4 99 100 (-1024.000000 2880.000000 504.000000) (-896.000000 2880.000000 504.000000) (-896.000000 2800.000000 504.000000) (-1024.000000 2800.000000 504.000000) 
4 100 106 (-1152.000000 2720.000000 320.000000) (-896.000000 2720.000000 320.000000) (-896.000000 2720.000000 504.000000) (-1152.000000 2720.000000 504.000000) 
4 100 103 (-896.000000 2880.000000 320.000000) (-896.000000 2800.000000 320.000000) (-1024.000000 2800.000000 320.000000) (-1024.000000 2880.000000 320.000000) 
4 100 101 (-1152.000000 2720.000000 320.000000) (-1152.000000 2720.000000 504.000000) (-1152.000000 2880.000000 504.000000) (-1152.000000 2880.000000 320.000000) 
4 101 108 (-1536.000000 2720.000000 504.000000) (-1536.000000 2720.000000 320.000000) (-1152.000000 2720.000000 320.000000) (-1152.000000 2720.000000 504.000000) 
4 102 116 (-896.000000 2928.000000 0.000000) (-896.000000 2880.000000 0.000000) (-1024.000000 2880.000000 0.000000) (-1024.000000 2928.000000 0.000000) 
4 102 103 (-896.000000 2880.000000 312.000000) (-896.000000 2880.000000 320.000000) (-1024.000000 2880.000000 320.000000) (-1024.000000 2880.000000 312.000000) 
4 102 104 (-1024.000000 2880.000000 0.000000) (-896.000000 2880.000000 0.000000) (-896.000000 2880.000000 312.000000) (-1024.000000 2880.000000 312.000000) 
4 103 104 (-1024.000000 2880.000000 312.000000) (-896.000000 2880.000000 312.000000) (-896.000000 2800.000000 312.000000) (-1024.000000 2800.000000 312.000000) 
4 104 116 (-896.000000 2880.000000 0.000000) (-896.000000 2784.000000 0.000000) (-1024.000000 2784.000000 0.000000) (-1024.000000 2880.000000 0.000000) 
4 104 107 (-1152.000000 2720.000000 0.000000) (-896.000000 2720.000000 -0.000000) (-896.000000 2720.000000 312.000000) (-1152.000000 2720.000000 312.000000) 
4 104 105 (-1152.000000 2880.000000 0.000000) (-1152.000000 2720.000000 -0.000000) (-1152.000000 2720.000000 312.000000) (-1152.000000 2880.000000 312.000000) 
4 105 108 (-1536.000000 2720.000000 312.000000) (-1536.000000 2720.000000 -0.000000) (-1152.000000 2720.000000 0.000000) (-1152.000000 2720.000000 312.000000) 
4 106 108 (-1152.000000 2720.000000 504.000000) (-1152.000000 2720.000000 320.000000) (-1088.000000 2656.000000 320.000000) (-1088.000000 2656.000000 504.000000) 
4 106 109 (-896.000000 2656.000000 320.000000) (-896.000000 2656.000000 504.000000) (-1088.000000 2656.000000 504.000000) (-1088.000000 2656.000000 320.000000) 
4 107 109 (-1088.000000 2656.000000 0.000000) (-896.000000 2656.000000 0.000000) (-896.000000 2656.000000 312.000000) (-1088.000000 2656.000000 312.000000) 
4 107 108 (-1152.000000 2720.000000 312.000000) (-1152.000000 2720.000000 -0.000000) (-1088.000000 2656.000000 -0.000000) (-1088.000000 2656.000000 312.000000) 
4 108 109 (-1536.000000 2656.000000 0.000000) (-1088.000000 2656.000000 0.000000) (-1088.000000 2656.000000 512.000000) (-1536.000000 2656.000000 512.000000) 
4 109 111 (-1536.000000 2448.000000 0.000000) (-896.000000 2448.000000 0.000000) (-896.000000 2448.000000 240.000000) (-1536.000000 2448.000000 240.000000) 
4 109 110 (-896.000000 2448.000000 240.000000) (-896.000000 2448.000000 512.000000) (-1536.000000 2448.000000 512.000000) (-1536.000000 2448.000000 240.000000) 
4 110 155 (-1536.000000 2128.000000 240.000000) (-896.000000 2128.000000 240.000000) (-896.000000 2128.000000 512.000000) (-1536.000000 2128.000000 512.000000) 
4 110 111 (-896.000000 2128.000000 240.000000) (-1536.000000 2128.000000 240.000000) (-1536.000000 2448.000000 240.000000) (-896.000000 2448.000000 240.000000) 
4 111 155 (-1536.000000 2128.000000 0.000000) (-896.000000 2128.000000 -0.000000) (-896.000000 2128.000000 240.000000) (-1536.000000 2128.000000 240.000000) 
4 111 113 (-1544.000000 2448.000000 0.000000) (-1544.000000 2432.000000 0.000000) (-1544.000000 2432.000000 224.000000) (-1544.000000 2448.000000 224.000000) 
4 111 112 (-1544.000000 2144.000000 224.000000) (-1544.000000 2144.000000 240.000000) (-1544.000000 2448.000000 240.000000) (-1544.000000 2448.000000 224.000000) 
4 111 115 (-1544.000000 2144.000000 0.000000) (-1544.000000 2128.000000 0.000000) (-1544.000000 2128.000000 240.000000) (-1544.000000 2144.000000 240.000000) 
4 112 114 (-1568.000000 2144.000000 224.000000) (-1568.000000 2432.000000 224.000000) (-1560.000000 2432.000000 224.000000) (-1560.000000 2144.000000 224.000000) 
4 112 113 (-1568.000000 2432.000000 224.000000) (-1568.000000 2448.000000 224.000000) (-1544.000000 2448.000000 224.000000) (-1544.000000 2432.000000 224.000000) 
4 112 115 (-1544.000000 2144.000000 224.000000) (-1544.000000 2144.000000 240.000000) (-1568.000000 2144.000000 240.000000) (-1568.000000 2144.000000 224.000000) 
4 113 114 (-1568.000000 2432.000000 224.000000) (-1568.000000 2432.000000 0.000000) (-1560.000000 2432.000000 0.000000) (-1560.000000 2432.000000 224.000000) 
4 114 115 (-1568.000000 2144.000000 0.000000) (-1560.000000 2144.000000 0.000000) (-1560.000000 2144.000000 224.000000) (-1568.000000 2144.000000 224.000000) 
4 117 131 (-384.000000 1296.000000 128.000000) (-384.000000 1216.000000 128.000000) (-384.000000 1216.000000 240.000000) (-384.000000 1296.000000 240.000000) 
4 118 162 (-890.000000 1504.000000 512.000000) (-890.000000 1648.000000 512.000000) (-890.000000 1648.000000 0.000000) (-890.000000 1504.000000 0.000000) 
4 118 157 (-890.000000 1968.000000 240.000000) (-890.000000 1968.000000 0.000000) (-890.000000 1648.000000 0.000000) (-890.000000 1648.000000 240.000000) 
4 118 156 (-890.000000 1648.000000 512.000000) (-890.000000 1968.000000 512.000000) (-890.000000 1968.000000 240.000000) (-890.000000 1648.000000 240.000000) 
4 118 155 (-890.000000 1968.000000 512.000000) (-890.000000 2128.000000 512.000000) (-890.000000 2128.000000 -0.000000) (-890.000000 1968.000000 0.000000) 
4 118 140 (-384.000000 1504.000000 -0.000000) (-384.000000 1504.000000 120.000000) (-890.000000 1504.000000 120.000000) (-890.000000 1504.000000 -0.000000) 
4 118 139 (-768.000000 1504.000000 128.000000) (-890.000000 1504.000000 128.000000) (-890.000000 1504.000000 120.000000) (-768.000000 1504.000000 120.000000) 
4 118 135 (-802.000000 1504.000000 504.000000) (-890.000000 1504.000000 504.000000) (-890.000000 1504.000000 128.000000) (-802.000000 1504.000000 128.000000) 
5 118 123 (-384.000000 1504.000000 128.000000) (-384.000000 1504.000000 248.000000) (-736.000000 1504.000000 248.000000) (-802.000000 1504.000000 215.000000) (-802.000000 1504.000000 128.000000) 
3 118 121 (-384.000000 1504.000000 248.000000) (-384.000000 1504.000000 424.000000) (-736.000000 1504.000000 248.000000) 
4 118 120 (-384.000000 1504.000000 424.000000) (-384.000000 1504.000000 504.000000) (-802.000000 1504.000000 504.000000) (-802.000000 1504.000000 215.000000) 
4 118 119 (-480.000000 1504.000000 512.000000) (-890.000000 1504.000000 512.000000) (-890.000000 1504.000000 504.000000) (-480.000000 1504.000000 504.000000) 
4 119 163 (-890.000000 1344.000000 512.000000) (-890.000000 1504.000000 512.000000) (-890.000000 1504.000000 504.000000) (-890.000000 1344.000000 504.000000) 
4 119 135 (-890.000000 1344.000000 504.000000) (-890.000000 1504.000000 504.000000) (-802.000000 1504.000000 504.000000) (-802.000000 1344.000000 504.000000) 
4 119 120 (-802.000000 1504.000000 504.000000) (-480.000000 1504.000000 504.000000) (-480.000000 1344.000000 504.000000) (-802.000000 1344.000000 504.000000) 
4 120 136 (-802.000000 1338.000000 504.000000) (-802.000000 1342.000000 504.000000) (-802.000000 1342.000000 416.000000) (-802.000000 1338.000000 416.000000) 
4 120 135 (-802.000000 1342.000000 504.000000) (-802.000000 1504.000000 504.000000) (-802.000000 1504.000000 215.000000) (-802.000000 1342.000000 215.000000) 
4 120 138 (-802.000000 1152.000000 215.000000) (-802.000000 1152.000000 504.000000) (-802.000000 1338.000000 504.000000) (-802.000000 1338.000000 215.000000) 
4 120 134 (-648.000000 1152.000000 292.000000) (-802.000000 1152.000000 215.000000) (-802.000000 1312.000000 215.000000) (-648.000000 1312.000000 292.000000) 
4 120 129 (-802.000000 1312.000000 215.000000) (-802.000000 1408.000000 215.000000) (-648.000000 1408.000000 292.000000) (-648.000000 1312.000000 292.000000) 
4 120 126 (-802.000000 1408.000000 215.000000) (-802.000000 1416.000000 215.000000) (-648.000000 1416.000000 292.000000) (-648.000000 1408.000000 292.000000) 
4 120 123 (-802.000000 1416.000000 215.000000) (-802.000000 1504.000000 215.000000) (-736.000000 1504.000000 248.000000) (-648.000000 1416.000000 292.000000) 
3 120 122 (-384.000000 1152.000000 424.000000) (-552.000000 1152.000000 340.000000) (-552.000000 1320.000000 340.000000) 
3 120 121 (-384.000000 1152.000000 424.000000) (-736.000000 1504.000000 248.000000) (-384.000000 1504.000000 424.000000) 
4 121 123 (-736.000000 1504.000000 248.000000) (-384.000000 1504.000000 248.000000) (-384.000000 1416.000000 292.000000) (-648.000000 1416.000000 292.000000) 
3 121 122 (-384.000000 1320.000000 340.000000) (-384.000000 1152.000000 424.000000) (-552.000000 1320.000000 340.000000) 
4 123 139 (-802.000000 1504.000000 128.000000) (-768.000000 1504.000000 128.000000) (-768.000000 1416.000000 128.000000) (-802.000000 1416.000000 128.000000) 
4 123 135 (-802.000000 1504.000000 128.000000) (-802.000000 1416.000000 128.000000) (-802.000000 1416.000000 215.000000) (-802.000000 1504.000000 215.000000) 
4 123 124 (-486.000000 1416.000000 168.000000) (-460.000000 1416.000000 168.000000) (-460.000000 1416.000000 208.000000) (-486.000000 1416.000000 208.000000) 
4 123 125 (-610.000000 1416.000000 168.000000) (-584.000000 1416.000000 168.000000) (-584.000000 1416.000000 208.000000) (-610.000000 1416.000000 208.000000) 
4 123 126 (-648.000000 1416.000000 292.000000) (-802.000000 1416.000000 215.000000) (-802.000000 1416.000000 128.000000) (-648.000000 1416.000000 128.000000) 
4 124 127 (-460.000000 1408.000000 208.000000) (-486.000000 1408.000000 208.000000) (-486.000000 1408.000000 168.000000) (-460.000000 1408.000000 168.000000) 
4 125 127 (-584.000000 1408.000000 208.000000) (-610.000000 1408.000000 208.000000) (-610.000000 1408.000000 168.000000) (-584.000000 1408.000000 168.000000) 
4 126 139 (-768.000000 1408.000000 128.000000) (-802.000000 1408.000000 128.000000) (-802.000000 1416.000000 128.000000) (-768.000000 1416.000000 128.000000) 
4 126 135 (-802.000000 1416.000000 128.000000) (-802.000000 1408.000000 128.000000) (-802.000000 1408.000000 215.000000) (-802.000000 1416.000000 215.000000) 
4 126 129 (-648.000000 1408.000000 292.000000) (-802.000000 1408.000000 215.000000) (-802.000000 1408.000000 128.000000) (-648.000000 1408.000000 128.000000) 
4 127 131 (-640.000000 1312.000000 256.000000) (-640.000000 1312.000000 128.000000) (-392.000000 1312.000000 128.000000) (-392.000000 1312.000000 256.000000) 
5 127 130 (-392.000000 1312.000000 336.000000) (-552.000000 1312.000000 336.000000) (-640.000000 1312.000000 292.000000) (-640.000000 1312.000000 256.000000) (-392.000000 1312.000000 256.000000) 
4 127 128 (-640.000000 1328.000000 128.000000) (-640.000000 1312.000000 128.000000) (-640.000000 1312.000000 240.000000) (-640.000000 1328.000000 240.000000) 
4 128 133 (-648.000000 1312.000000 240.000000) (-648.000000 1312.000000 128.000000) (-640.000000 1312.000000 128.000000) (-640.000000 1312.000000 240.000000) 
4 128 129 (-648.000000 1328.000000 128.000000) (-648.000000 1312.000000 128.000000) (-648.000000 1312.000000 240.000000) (-648.000000 1328.000000 240.000000) 
4 129 139 (-802.000000 1344.000000 128.000000) (-802.000000 1408.000000 128.000000) (-768.000000 1408.000000 128.000000) (-768.000000 1344.000000 128.000000) 
4 129 135 (-802.000000 1408.000000 128.000000) (-802.000000 1342.000000 128.000000) (-802.000000 1342.000000 215.000000) (-802.000000 1408.000000 215.000000) 
4 129 138 (-802.000000 1338.000000 128.000000) (-802.000000 1312.000000 128.000000) (-802.000000 1312.000000 215.000000) (-802.000000 1338.000000 215.000000) 
4 129 134 (-648.000000 1312.000000 292.000000) (-802.000000 1312.000000 215.000000) (-802.000000 1312.000000 128.000000) (-648.000000 1312.000000 128.000000) 
4 130 132 (-392.000000 1160.000000 256.000000) (-640.000000 1160.000000 256.000000) (-640.000000 1200.000000 256.000000) (-392.000000 1200.000000 256.000000) 
4 130 131 (-640.000000 1200.000000 256.000000) (-640.000000 1312.000000 256.000000) (-392.000000 1312.000000 256.000000) (-392.000000 1200.000000 256.000000) 
4 131 133 (-640.000000 1312.000000 240.000000) (-640.000000 1312.000000 128.000000) (-640.000000 1240.000000 128.000000) (-640.000000 1240.000000 240.000000) 
4 131 132 (-392.000000 1200.000000 256.000000) (-640.000000 1200.000000 256.000000) (-640.000000 1200.000000 128.000000) (-392.000000 1200.000000 128.000000) 
4 133 134 (-648.000000 1312.000000 128.000000) (-648.000000 1240.000000 128.000000) (-648.000000 1240.000000 240.000000) (-648.000000 1312.000000 240.000000) 
4 134 138 (-802.000000 1312.000000 128.000000) (-802.000000 1152.000000 128.000000) (-802.000000 1152.000000 215.000000) (-802.000000 1312.000000 215.000000) 
4 135 165 (-890.000000 1504.000000 416.000000) (-890.000000 1504.000000 128.000000) (-890.000000 1342.000000 128.000000) (-890.000000 1342.000000 416.000000) 
4 135 164 (-890.000000 1342.000000 504.000000) (-890.000000 1504.000000 504.000000) (-890.000000 1504.000000 416.000000) (-890.000000 1342.000000 416.000000) 
4 135 139 (-890.000000 1344.000000 128.000000) (-890.000000 1504.000000 128.000000) (-802.000000 1504.000000 128.000000) (-802.000000 1344.000000 128.000000) 
4 135 137 (-890.000000 1342.000000 128.000000) (-806.000000 1342.000000 128.000000) (-806.000000 1342.000000 416.000000) (-890.000000 1342.000000 416.000000) 
4 135 136 (-802.000000 1342.000000 416.000000) (-802.000000 1342.000000 504.000000) (-890.000000 1342.000000 504.000000) (-890.000000 1342.000000 416.000000) 
4 136 164 (-890.000000 1338.000000 504.000000) (-890.000000 1342.000000 504.000000) (-890.000000 1342.000000 416.000000) (-890.000000 1338.000000 416.000000) 
4 136 137 (-806.000000 1338.000000 416.000000) (-890.000000 1338.000000 416.000000) (-890.000000 1342.000000 416.000000) (-806.000000 1342.000000 416.000000) 
4 136 138 (-890.000000 1338.000000 504.000000) (-890.000000 1338.000000 416.000000) (-802.000000 1338.000000 416.000000) (-802.000000 1338.000000 504.000000) 
4 137 138 (-890.000000 1338.000000 416.000000) (-890.000000 1338.000000 128.000000) (-806.000000 1338.000000 128.000000) (-806.000000 1338.000000 416.000000) 
4 138 166 (-890.000000 1152.000000 128.000000) (-890.000000 1152.000000 416.000000) (-890.000000 1338.000000 416.000000) (-890.000000 1338.000000 128.000000) 
4 138 164 (-890.000000 1152.000000 416.000000) (-890.000000 1152.000000 504.000000) (-890.000000 1338.000000 504.000000) (-890.000000 1338.000000 416.000000) 
4 139 171 (-890.000000 1344.000000 128.000000) (-890.000000 1504.000000 128.000000) (-890.000000 1504.000000 120.000000) (-890.000000 1344.000000 120.000000) 
4 139 144 (-890.000000 1344.000000 120.000000) (-890.000000 1472.000000 120.000000) (-768.000000 1472.000000 120.000000) (-768.000000 1344.000000 120.000000) 
4 139 143 (-890.000000 1472.000000 120.000000) (-890.000000 1488.000000 120.000000) (-768.000000 1488.000000 120.000000) (-768.000000 1472.000000 120.000000) 
4 139 140 (-890.000000 1488.000000 120.000000) (-890.000000 1504.000000 120.000000) (-768.000000 1504.000000 120.000000) (-768.000000 1488.000000 120.000000) 
4 140 173 (-890.000000 1488.000000 120.000000) (-890.000000 1504.000000 120.000000) (-890.000000 1504.000000 108.705882) (-890.000000 1488.000000 102.117647) 
4 140 176 (-890.000000 1504.000000 108.705882) (-890.000000 1504.000000 0.000000) (-890.000000 1488.000000 0.000000) (-890.000000 1488.000000 102.117647) 
4 140 143 (-890.000000 1488.000000 120.000000) (-890.000000 1488.000000 -0.000000) (-720.000000 1488.000000 0.000000) (-720.000000 1488.000000 120.000000) 
4 140 142 (-704.000000 1488.000000 0.000000) (-416.000000 1488.000000 0.000000) (-416.000000 1488.000000 120.000000) (-704.000000 1488.000000 120.000000) 
4 140 141 (-400.000000 1488.000000 0.000000) (-384.000000 1488.000000 -0.000000) (-384.000000 1488.000000 120.000000) (-400.000000 1488.000000 120.000000) 
4 141 144 (-400.000000 1472.000000 0.000000) (-384.000000 1472.000000 0.000000) (-384.000000 1472.000000 120.000000) (-400.000000 1472.000000 120.000000) 
4 142 144 (-704.000000 1472.000000 0.000000) (-416.000000 1472.000000 0.000000) (-416.000000 1472.000000 120.000000) (-704.000000 1472.000000 120.000000) 
4 143 173 (-890.000000 1472.000000 120.000000) (-890.000000 1488.000000 120.000000) (-890.000000 1488.000000 102.117647) (-890.000000 1472.000000 95.529412) 
4 143 176 (-890.000000 1488.000000 102.117647) (-890.000000 1488.000000 0.000000) (-890.000000 1472.000000 0.000000) (-890.000000 1472.000000 95.529412) 
4 143 144 (-890.000000 1472.000000 0.000000) (-720.000000 1472.000000 0.000000) (-720.000000 1472.000000 120.000000) (-890.000000 1472.000000 120.000000) 
5 144 173 (-890.000000 1298.285714 120.000000) (-890.000000 1472.000000 120.000000) (-890.000000 1472.000000 95.529412) (-890.000000 1297.940828 23.857988) (-890.000000 1264.142012 105.940828) 
4 144 176 (-890.000000 1472.000000 95.529412) (-890.000000 1472.000000 0.000000) (-890.000000 1307.764706 0.000000) (-890.000000 1297.940828 23.857988) 
3 144 172 (-890.000000 1258.352941 120.000000) (-890.000000 1298.285714 120.000000) (-890.000000 1264.142012 105.940828) 
4 144 146 (-384.000000 1274.000000 82.000000) (-384.000000 1258.352941 120.000000) (-890.000000 1258.352941 120.000000) (-890.000000 1274.000000 82.000000) 
4 144 145 (-890.000000 1307.764706 0.000000) (-384.000000 1307.764706 0.000000) (-384.000000 1288.000000 48.000000) (-890.000000 1288.000000 48.000000) 
3 145 174 (-890.000000 1288.000000 48.000000) (-890.000000 1297.940828 23.857988) (-890.000000 1274.000000 14.000000) 
4 145 176 (-890.000000 1297.940828 23.857988) (-890.000000 1307.764706 0.000000) (-890.000000 1268.235294 0.000000) (-890.000000 1274.000000 14.000000) 
4 145 151 (-890.000000 1274.000000 14.000000) (-890.000000 1268.235294 -0.000000) (-384.000000 1268.235294 -0.000000) (-384.000000 1274.000000 14.000000) 
3 146 175 (-890.000000 1264.142012 105.940828) (-890.000000 1274.000000 82.000000) (-890.000000 1240.000000 96.000000) 
5 146 172 (-890.000000 1184.000000 120.000000) (-890.000000 1258.352941 120.000000) (-890.000000 1264.142012 105.940828) (-890.000000 1240.000000 96.000000) (-890.000000 1184.000000 119.058824) 
4 146 153 (-890.000000 1184.000000 120.000000) (-890.000000 1184.000000 119.058824) (-720.000000 1184.000000 119.058824) (-720.000000 1184.000000 120.000000) 
4 146 152 (-704.000000 1184.000000 119.058824) (-384.000000 1184.000000 119.058824) (-384.000000 1184.000000 120.000000) (-704.000000 1184.000000 120.000000) 
4 146 147 (-890.000000 1184.000000 119.058824) (-890.000000 1240.000000 96.000000) (-384.000000 1240.000000 96.000000) (-384.000000 1184.000000 119.058824) 
3 147 172 (-890.000000 1184.000000 72.941176) (-890.000000 1184.000000 119.058824) (-890.000000 1240.000000 96.000000) 
4 147 153 (-890.000000 1184.000000 119.058824) (-890.000000 1184.000000 72.941176) (-720.000000 1184.000000 72.941176) (-720.000000 1184.000000 119.058824) 
4 147 152 (-704.000000 1184.000000 72.941176) (-384.000000 1184.000000 72.941176) (-384.000000 1184.000000 119.058824) (-704.000000 1184.000000 119.058824) 
4 147 149 (-890.000000 1184.000000 72.941176) (-890.000000 1206.000000 82.000000) (-384.000000 1206.000000 82.000000) (-384.000000 1184.000000 72.941176) 
4 148 178 (-890.000000 1206.000000 14.000000) (-890.000000 1184.000000 23.058824) (-890.000000 1184.000000 28.571429) (-890.000000 1192.000000 48.000000) 
4 148 153 (-890.000000 1184.000000 28.571429) (-890.000000 1184.000000 23.058824) (-720.000000 1184.000000 23.058824) (-720.000000 1184.000000 28.571429) 
4 148 152 (-704.000000 1184.000000 23.058824) (-384.000000 1184.000000 23.058824) (-384.000000 1184.000000 28.571429) (-704.000000 1184.000000 28.571429) 
4 148 149 (-384.000000 1184.000000 28.571429) (-384.000000 1192.000000 48.000000) (-890.000000 1192.000000 48.000000) (-890.000000 1184.000000 28.571429) 
4 148 150 (-384.000000 1184.000000 23.058824) (-890.000000 1184.000000 23.058824) (-890.000000 1206.000000 14.000000) (-384.000000 1206.000000 14.000000) 
4 149 177 (-890.000000 1184.000000 67.428571) (-890.000000 1184.000000 72.941176) (-890.000000 1206.000000 82.000000) (-890.000000 1192.000000 48.000000) 
3 149 178 (-890.000000 1184.000000 28.571429) (-890.000000 1184.000000 67.428571) (-890.000000 1192.000000 48.000000) 
4 149 153 (-890.000000 1184.000000 72.941176) (-890.000000 1184.000000 28.571429) (-720.000000 1184.000000 28.571429) (-720.000000 1184.000000 72.941176) 
4 149 152 (-704.000000 1184.000000 28.571429) (-384.000000 1184.000000 28.571429) (-384.000000 1184.000000 72.941176) (-704.000000 1184.000000 72.941176) 
3 150 179 (-890.000000 1240.000000 0.000000) (-890.000000 1184.000000 0.000000) (-890.000000 1184.000000 23.058824) 
4 150 153 (-890.000000 1184.000000 23.058824) (-890.000000 1184.000000 -0.000000) (-720.000000 1184.000000 0.000000) (-720.000000 1184.000000 23.058824) 
4 150 152 (-704.000000 1184.000000 0.000000) (-384.000000 1184.000000 -0.000000) (-384.000000 1184.000000 23.058824) (-704.000000 1184.000000 23.058824) 
3 151 176 (-890.000000 1274.000000 14.000000) (-890.000000 1268.235294 0.000000) (-890.000000 1240.000000 0.000000) 
4 152 154 (-704.000000 1168.000000 0.000000) (-384.000000 1168.000000 0.000000) (-384.000000 1168.000000 120.000000) (-704.000000 1168.000000 120.000000) 
3 153 177 (-890.000000 1184.000000 72.941176) (-890.000000 1184.000000 67.428571) (-890.000000 1182.059172 72.142012) 
5 153 178 (-890.000000 1184.000000 67.428571) (-890.000000 1184.000000 23.058824) (-890.000000 1168.000000 29.647059) (-890.000000 1168.000000 66.352941) (-890.000000 1182.059172 72.142012) 
4 153 172 (-890.000000 1168.000000 120.000000) (-890.000000 1184.000000 120.000000) (-890.000000 1184.000000 72.941176) (-890.000000 1168.000000 66.352941) 
4 153 179 (-890.000000 1184.000000 23.058824) (-890.000000 1184.000000 0.000000) (-890.000000 1168.000000 0.000000) (-890.000000 1168.000000 29.647059) 
4 153 154 (-890.000000 1168.000000 0.000000) (-720.000000 1168.000000 0.000000) (-720.000000 1168.000000 120.000000) (-890.000000 1168.000000 120.000000) 
4 154 178 (-890.000000 1152.000000 36.235294) (-890.000000 1152.000000 59.764706) (-890.000000 1168.000000 66.352941) (-890.000000 1168.000000 29.647059) 
4 154 172 (-890.000000 1152.000000 59.764706) (-890.000000 1152.000000 120.000000) (-890.000000 1168.000000 120.000000) (-890.000000 1168.000000 66.352941) 
4 154 179 (-890.000000 1152.000000 -0.000000) (-890.000000 1152.000000 36.235294) (-890.000000 1168.000000 29.647059) (-890.000000 1168.000000 0.000000) 
4 155 157 (-1536.000000 1968.000000 0.000000) (-890.000000 1968.000000 -0.000000) (-890.000000 1968.000000 240.000000) (-1536.000000 1968.000000 240.000000) 
4 155 156 (-890.000000 1968.000000 240.000000) (-890.000000 1968.000000 512.000000) (-1536.000000 1968.000000 512.000000) (-1536.000000 1968.000000 240.000000) 
4 156 162 (-890.000000 1648.000000 240.000000) (-890.000000 1648.000000 512.000000) (-1536.000000 1648.000000 512.000000) (-1536.000000 1648.000000 240.000000) 
4 156 157 (-1536.000000 1968.000000 240.000000) (-890.000000 1968.000000 240.000000) (-890.000000 1648.000000 240.000000) (-1536.000000 1648.000000 240.000000) 
4 157 162 (-1536.000000 1648.000000 0.000000) (-890.000000 1648.000000 -0.000000) (-890.000000 1648.000000 240.000000) (-1536.000000 1648.000000 240.000000) 
4 157 159 (-1544.000000 1968.000000 0.000000) (-1544.000000 1952.000000 0.000000) (-1544.000000 1952.000000 224.000000) (-1544.000000 1968.000000 224.000000) 
4 157 161 (-1544.000000 1664.000000 0.000000) (-1544.000000 1648.000000 -0.000000) (-1544.000000 1648.000000 224.000000) (-1544.000000 1664.000000 224.000000) 
4 157 158 (-1544.000000 1648.000000 224.000000) (-1544.000000 1648.000000 240.000000) (-1544.000000 1968.000000 240.000000) (-1544.000000 1968.000000 224.000000) 
4 158 160 (-1568.000000 1664.000000 224.000000) (-1568.000000 1952.000000 224.000000) (-1560.000000 1952.000000 224.000000) (-1560.000000 1664.000000 224.000000) 
4 158 159 (-1568.000000 1952.000000 224.000000) (-1568.000000 1968.000000 224.000000) (-1544.000000 1968.000000 224.000000) (-1544.000000 1952.000000 224.000000) 
4 158 161 (-1544.000000 1648.000000 224.000000) (-1568.000000 1648.000000 224.000000) (-1568.000000 1664.000000 224.000000) (-1544.000000 1664.000000 224.000000) 
4 159 160 (-1560.000000 1952.000000 224.000000) (-1568.000000 1952.000000 224.000000) (-1568.000000 1952.000000 -0.000000) (-1560.000000 1952.000000 0.000000) 
4 160 161 (-1568.000000 1664.000000 224.000000) (-1568.000000 1664.000000 0.000000) (-1560.000000 1664.000000 0.000000) (-1560.000000 1664.000000 224.000000) 
4 162 173 (-890.000000 1504.000000 108.705882) (-890.000000 1504.000000 120.000000) (-1536.000000 1504.000000 120.000000) (-1536.000000 1504.000000 108.705882) 
4 162 176 (-1536.000000 1504.000000 0.000000) (-890.000000 1504.000000 -0.000000) (-890.000000 1504.000000 108.705882) (-1536.000000 1504.000000 108.705882) 
4 162 171 (-890.000000 1504.000000 120.000000) (-890.000000 1504.000000 128.000000) (-1376.000000 1504.000000 128.000000) (-1376.000000 1504.000000 120.000000) 
4 162 168 (-1376.000000 1504.000000 312.000000) (-894.000000 1504.000000 312.000000) (-894.000000 1504.000000 320.000000) (-1376.000000 1504.000000 320.000000) 
4 162 167 (-894.000000 1504.000000 416.000000) (-1536.000000 1504.000000 416.000000) (-1536.000000 1504.000000 320.000000) (-894.000000 1504.000000 320.000000) 
4 162 170 (-1536.000000 1504.000000 312.000000) (-1536.000000 1504.000000 128.000000) (-894.000000 1504.000000 128.000000) (-894.000000 1504.000000 312.000000) 
4 162 165 (-890.000000 1504.000000 128.000000) (-890.000000 1504.000000 416.000000) (-894.000000 1504.000000 416.000000) (-894.000000 1504.000000 128.000000) 
4 162 163 (-890.000000 1504.000000 504.000000) (-890.000000 1504.000000 512.000000) (-1536.000000 1504.000000 512.000000) (-1536.000000 1504.000000 504.000000) 
4 162 164 (-890.000000 1504.000000 416.000000) (-890.000000 1504.000000 504.000000) (-1536.000000 1504.000000 504.000000) (-1536.000000 1504.000000 416.000000) 
4 163 164 (-1536.000000 1344.000000 504.000000) (-1536.000000 1504.000000 504.000000) (-890.000000 1504.000000 504.000000) (-890.000000 1344.000000 504.000000) 
4 164 167 (-894.000000 1152.000000 416.000000) (-1536.000000 1152.000000 416.000000) (-1536.000000 1504.000000 416.000000) (-894.000000 1504.000000 416.000000) 
4 164 165 (-894.000000 1342.000000 416.000000) (-894.000000 1504.000000 416.000000) (-890.000000 1504.000000 416.000000) (-890.000000 1342.000000 416.000000) 
4 164 166 (-890.000000 1152.000000 416.000000) (-894.000000 1152.000000 416.000000) (-894.000000 1338.000000 416.000000) (-890.000000 1338.000000 416.000000) 
4 165 171 (-894.000000 1504.000000 128.000000) (-890.000000 1504.000000 128.000000) (-890.000000 1344.000000 128.000000) (-894.000000 1344.000000 128.000000) 
4 165 168 (-894.000000 1342.000000 312.000000) (-894.000000 1342.000000 320.000000) (-894.000000 1504.000000 320.000000) (-894.000000 1504.000000 312.000000) 
4 165 167 (-894.000000 1342.000000 320.000000) (-894.000000 1342.000000 416.000000) (-894.000000 1504.000000 416.000000) (-894.000000 1504.000000 320.000000) 
4 165 170 (-894.000000 1504.000000 128.000000) (-894.000000 1342.000000 128.000000) (-894.000000 1342.000000 312.000000) (-894.000000 1504.000000 312.000000) 
4 166 168 (-894.000000 1152.000000 312.000000) (-894.000000 1152.000000 320.000000) (-894.000000 1338.000000 320.000000) (-894.000000 1338.000000 312.000000) 
4 166 167 (-894.000000 1152.000000 320.000000) (-894.000000 1152.000000 416.000000) (-894.000000 1338.000000 416.000000) (-894.000000 1338.000000 320.000000) 
4 166 170 (-894.000000 1338.000000 128.000000) (-894.000000 1152.000000 128.000000) (-894.000000 1152.000000 312.000000) (-894.000000 1338.000000 312.000000) 
4 167 169 (-1524.000000 1492.000000 320.000000) (-1468.000000 1492.000000 320.000000) (-1468.000000 1436.000000 320.000000) (-1524.000000 1436.000000 320.000000) 
4 167 168 (-894.000000 1152.000000 320.000000) (-1376.000000 1152.000000 320.000000) (-1376.000000 1504.000000 320.000000) (-894.000000 1504.000000 320.000000) 
4 168 170 (-1376.000000 1504.000000 312.000000) (-894.000000 1504.000000 312.000000) (-894.000000 1152.000000 312.000000) (-1376.000000 1152.000000 312.000000) 
4 169 170 (-1468.000000 1492.000000 312.000000) (-1468.000000 1436.000000 312.000000) (-1524.000000 1436.000000 312.000000) (-1524.000000 1492.000000 312.000000) 
4 170 171 (-1376.000000 1504.000000 128.000000) (-894.000000 1504.000000 128.000000) (-894.000000 1344.000000 128.000000) (-1376.000000 1344.000000 128.000000) 
4 171 173 (-1376.000000 1504.000000 120.000000) (-890.000000 1504.000000 120.000000) (-890.000000 1344.000000 120.000000) (-1376.000000 1344.000000 120.000000) 
4 172 175 (-1536.000000 1240.000000 96.000000) (-1536.000000 1264.142012 105.940828) (-890.000000 1264.142012 105.940828) (-890.000000 1240.000000 96.000000) 
4 172 173 (-1536.000000 1264.142012 105.940828) (-1536.000000 1298.285714 120.000000) (-890.000000 1298.285714 120.000000) (-890.000000 1264.142012 105.940828) 
4 172 177 (-1536.000000 1182.059172 72.142012) (-1536.000000 1206.000000 82.000000) (-890.000000 1206.000000 82.000000) (-890.000000 1182.059172 72.142012) 
4 172 178 (-890.000000 1152.000000 59.764706) (-1536.000000 1152.000000 59.764706) (-1536.000000 1182.059172 72.142012) (-890.000000 1182.059172 72.142012) 
4 173 175 (-890.000000 1274.000000 82.000000) (-890.000000 1264.142012 105.940828) (-1536.000000 1264.142012 105.940828) (-1536.000000 1274.000000 82.000000) 
4 173 174 (-890.000000 1297.940828 23.857988) (-890.000000 1288.000000 48.000000) (-1536.000000 1288.000000 48.000000) (-1536.000000 1297.940828 23.857988) 
4 173 176 (-1536.000000 1297.940828 23.857988) (-1536.000000 1504.000000 108.705882) (-890.000000 1504.000000 108.705882) (-890.000000 1297.940828 23.857988) 
4 174 176 (-1536.000000 1274.000000 14.000000) (-1536.000000 1297.940828 23.857988) (-890.000000 1297.940828 23.857988) (-890.000000 1274.000000 14.000000) 
4 177 178 (-890.000000 1192.000000 48.000000) (-890.000000 1182.059172 72.142012) (-1536.000000 1182.059172 72.142012) (-1536.000000 1192.000000 48.000000) 
4 178 179 (-1536.000000 1152.000000 36.235294) (-1536.000000 1206.000000 14.000000) (-890.000000 1206.000000 14.000000) (-890.000000 1152.000000 36.235294) 
