389
611
1
2
179
2
4
2
149
2
4
2
1
2
79
1
3
497
1
2
517
4
1
4
11
2
202
2
4
2
282
0
1
1
1
4
15
65
3
1
418
1
2
579
4
1
6
1
1
1
1
4
1
1
5
20
1
1
1
3
85
1
5
634
2
164
2
49
1
1
1
11
3
320
3
50
1
1
1
0
1
2
9
1
2
5
1
1
16
1
9
1
1
1
9
1
1
26
5
8
1
1
1
1
11
5
4
3
3
14
1
9
1
26
1
1
1
1
2
1
9
1
5
32
1
1
3
9
3
3
1
41
1
1
1
9
8
18
10
5
1
1
5
1
1
1
1
1
1
1
9
1
4
1
2
1
1
7
3
3
15
8
13
14
1
23
144
17
3
1
1
2
1
1
51
1
1
1
13
2
2
4
3
8
14
9
3
1
3
5
21
7
3
3
1
37
2
1
22
1
49
81
71
148
2
3
1
1
1
1
1
1
3
2
3
25
51
1
1
1
27
1
1
1
2
2
60
1
1
1
1
1
19
1
1
1
2
4
5
1
5
2
75
39
1
1
1
15
1
1
1
11
1
9
1
4
1
13
12
3
4
2
3
4
1
1
1
1
238
3
1
1
158
1
1
7
3
7
3
1
1
1
232
1
1
1
2
5
23
6
3
5
2
27
1
1
2
1
1
1
2
2
23
1
9
1
1
3
1
7
1
3
3
24
1
57
1
6
12
1
9
3
3
1
24
1
4
4
3
3
5
54
3
21
1
1
26
8
1
9
7
1
19
1
1
1
1
2
53
9
1
4
1
2
1
61
1
3
0
1
6
4
1
1
1
5
0
1
4
4
1
1
1
1
1
2
2
2
1
3
1
3
1
1
3
26
1
8
1
29
1
4 0 54 (1176.000000 2272.000000 896.000000) (1176.000000 1824.000000 896.000000) (1176.000000 1824.000000 904.000000) (1176.000000 2272.000000 904.000000) 
4 0 10 (1176.000000 1824.000000 904.000000) (1176.000000 1824.000000 896.000000) (1224.000000 1824.000000 896.000000) (1224.000000 1824.000000 904.000000) 
4 1 58 (1176.000000 1824.000000 864.000000) (1176.000000 1824.000000 896.000000) (1176.000000 2200.000000 896.000000) (1176.000000 2200.000000 864.000000) 
4 1 11 (1176.000000 1824.000000 896.000000) (1176.000000 1824.000000 864.000000) (1216.000000 1824.000000 864.000000) (1216.000000 1824.000000 896.000000) 
4 1 4 (1176.000000 2200.000000 864.000000) (1208.000000 2200.000000 864.000000) (1208.000000 1824.000000 864.000000) (1176.000000 1824.000000 864.000000) 
4 2 15 (1216.000000 1824.000000 672.000000) (1704.000000 1824.000000 672.000000) (1704.000000 1824.000000 864.000000) (1216.000000 1824.000000 864.000000) 
4 2 3 (1216.000000 2200.000000 820.000000) (1216.000000 2200.000000 716.000000) (1216.000000 1824.000000 716.000000) (1216.000000 1824.000000 820.000000) 
4 3 19 (1216.000000 1824.000000 716.000000) (1216.000000 1824.000000 820.000000) (1208.000000 1824.000000 820.000000) (1208.000000 1824.000000 716.000000) 
4 3 4 (1208.000000 1824.000000 716.000000) (1208.000000 1824.000000 820.000000) (1208.000000 2200.000000 820.000000) (1208.000000 2200.000000 716.000000) 
4 4 58 (1176.000000 1824.000000 672.000000) (1176.000000 1824.000000 864.000000) (1176.000000 2200.000000 864.000000) (1176.000000 2200.000000 672.000000) 
4 4 22 (1176.000000 1824.000000 864.000000) (1176.000000 1824.000000 672.000000) (1208.000000 1824.000000 672.000000) (1208.000000 1824.000000 864.000000) 
4 4 5 (1208.000000 1824.000000 672.000000) (1176.000000 1824.000000 672.000000) (1176.000000 2200.000000 672.000000) (1208.000000 2200.000000 672.000000) 
4 5 58 (1176.000000 1824.000000 640.000000) (1176.000000 1824.000000 672.000000) (1176.000000 2200.000000 672.000000) (1176.000000 2200.000000 640.000000) 
4 5 20 (1208.000000 1824.000000 640.000000) (1216.000000 1824.000000 640.000000) (1216.000000 1824.000000 672.000000) (1208.000000 1824.000000 672.000000) 
4 5 22 (1176.000000 1824.000000 672.000000) (1176.000000 1824.000000 640.000000) (1208.000000 1824.000000 640.000000) (1208.000000 1824.000000 672.000000) 
4 5 8 (1176.000000 2200.000000 640.000000) (1208.000000 2200.000000 640.000000) (1208.000000 1824.000000 640.000000) (1176.000000 1824.000000 640.000000) 
4 6 18 (1216.000000 1824.000000 448.000000) (1704.000000 1824.000000 448.000000) (1704.000000 1824.000000 640.000000) (1216.000000 1824.000000 640.000000) 
4 6 7 (1216.000000 2200.000000 596.000000) (1216.000000 2200.000000 492.000000) (1216.000000 1824.000000 492.000000) (1216.000000 1824.000000 596.000000) 
4 7 21 (1216.000000 1824.000000 492.000000) (1216.000000 1824.000000 596.000000) (1208.000000 1824.000000 596.000000) (1208.000000 1824.000000 492.000000) 
4 7 8 (1208.000000 1824.000000 492.000000) (1208.000000 1824.000000 596.000000) (1208.000000 2200.000000 596.000000) (1208.000000 2200.000000 492.000000) 
4 8 58 (1176.000000 1824.000000 448.000000) (1176.000000 1824.000000 640.000000) (1176.000000 2200.000000 640.000000) (1176.000000 2200.000000 448.000000) 
4 8 22 (1176.000000 1824.000000 640.000000) (1176.000000 1824.000000 448.000000) (1208.000000 1824.000000 448.000000) (1208.000000 1824.000000 640.000000) 
4 8 9 (1176.000000 2200.000000 448.000000) (1208.000000 2200.000000 448.000000) (1208.000000 1824.000000 448.000000) (1176.000000 1824.000000 448.000000) 
4 9 58 (1176.000000 2200.000000 416.000000) (1176.000000 1824.000000 416.000000) (1176.000000 1824.000000 448.000000) (1176.000000 2200.000000 448.000000) 
4 9 26 (1176.000000 1824.000000 416.000000) (1176.000000 2200.000000 416.000000) (1208.000000 2200.000000 416.000000) (1208.000000 1824.000000 416.000000) 
4 9 23 (1176.000000 1824.000000 448.000000) (1176.000000 1824.000000 416.000000) (1216.000000 1824.000000 416.000000) (1216.000000 1824.000000 448.000000) 
4 10 54 (1176.000000 1184.000000 896.000000) (1176.000000 1184.000000 904.000000) (1176.000000 1824.000000 904.000000) (1176.000000 1824.000000 896.000000) 
4 11 58 (1176.000000 1184.000000 864.000000) (1176.000000 1184.000000 896.000000) (1176.000000 1824.000000 896.000000) (1176.000000 1824.000000 864.000000) 
4 11 22 (1176.000000 1184.000000 864.000000) (1176.000000 1824.000000 864.000000) (1208.000000 1824.000000 864.000000) (1208.000000 1184.000000 864.000000) 
4 12 16 (1768.000000 1696.000000 448.000000) (1768.000000 1536.000000 448.000000) (1768.000000 1536.000000 560.000000) (1768.000000 1696.000000 560.000000) 
4 12 14 (1768.000000 1248.000000 672.000000) (1768.000000 1248.000000 808.000000) (1768.000000 1536.000000 808.000000) (1768.000000 1536.000000 672.000000) 
4 12 13 (1960.000000 1248.000000 576.000000) (1960.000000 1248.000000 864.000000) (1768.000000 1248.000000 864.000000) (1768.000000 1248.000000 576.000000) 
4 13 344 (1768.000000 1184.000000 672.000000) (1768.000000 1184.000000 576.000000) (1960.000000 1184.000000 576.000000) (1960.000000 1184.000000 672.000000) 
4 13 148 (1960.000000 1184.000000 864.000000) (1768.000000 1184.000000 864.000000) (1768.000000 1184.000000 672.000000) (1960.000000 1184.000000 672.000000) 
4 13 14 (1768.000000 1184.000000 672.000000) (1768.000000 1184.000000 808.000000) (1768.000000 1248.000000 808.000000) (1768.000000 1248.000000 672.000000) 
4 14 150 (1704.000000 1184.000000 808.000000) (1704.000000 1184.000000 672.000000) (1768.000000 1184.000000 672.000000) (1768.000000 1184.000000 808.000000) 
4 14 15 (1704.000000 1184.000000 672.000000) (1704.000000 1184.000000 808.000000) (1704.000000 1536.000000 808.000000) (1704.000000 1536.000000 672.000000) 
4 15 153 (1288.000000 1184.000000 864.000000) (1232.000000 1184.000000 864.000000) (1232.000000 1184.000000 672.000000) (1288.000000 1184.000000 672.000000) 
4 15 151 (1576.000000 1184.000000 864.000000) (1288.000000 1184.000000 864.000000) (1288.000000 1184.000000 672.000000) (1576.000000 1184.000000 672.000000) 
4 15 149 (1704.000000 1184.000000 864.000000) (1576.000000 1184.000000 864.000000) (1576.000000 1184.000000 808.000000) (1704.000000 1184.000000 808.000000) 
4 15 150 (1576.000000 1184.000000 808.000000) (1576.000000 1184.000000 672.000000) (1704.000000 1184.000000 672.000000) (1704.000000 1184.000000 808.000000) 
4 15 19 (1216.000000 1824.000000 820.000000) (1216.000000 1824.000000 716.000000) (1216.000000 1184.000000 716.000000) (1216.000000 1184.000000 820.000000) 
4 16 17 (1752.000000 1652.000000 448.000000) (1752.000000 1580.000000 448.000000) (1752.000000 1580.000000 548.000000) (1752.000000 1652.000000 548.000000) 
4 17 18 (1704.000000 1652.000000 448.000000) (1704.000000 1580.000000 448.000000) (1704.000000 1580.000000 548.000000) (1704.000000 1652.000000 548.000000) 
4 18 357 (1232.000000 1184.000000 448.000000) (1352.000000 1184.000000 448.000000) (1352.000000 1184.000000 640.000000) (1232.000000 1184.000000 640.000000) 
4 18 345 (1352.000000 1184.000000 448.000000) (1704.000000 1184.000000 448.000000) (1704.000000 1184.000000 640.000000) (1352.000000 1184.000000 640.000000) 
4 18 21 (1216.000000 1824.000000 596.000000) (1216.000000 1824.000000 492.000000) (1216.000000 1184.000000 492.000000) (1216.000000 1184.000000 596.000000) 
4 19 22 (1208.000000 1184.000000 716.000000) (1208.000000 1184.000000 820.000000) (1208.000000 1824.000000 820.000000) (1208.000000 1824.000000 716.000000) 
4 20 356 (1208.000000 1184.000000 672.000000) (1208.000000 1184.000000 640.000000) (1216.000000 1184.000000 640.000000) (1216.000000 1184.000000 672.000000) 
4 20 22 (1208.000000 1184.000000 640.000000) (1208.000000 1184.000000 672.000000) (1208.000000 1824.000000 672.000000) (1208.000000 1824.000000 640.000000) 
4 21 22 (1208.000000 1184.000000 492.000000) (1208.000000 1184.000000 596.000000) (1208.000000 1824.000000 596.000000) (1208.000000 1824.000000 492.000000) 
4 22 358 (1176.000000 1184.000000 640.000000) (1176.000000 1184.000000 448.000000) (1192.000000 1184.000000 448.000000) (1192.000000 1184.000000 640.000000) 
4 22 356 (1176.000000 1184.000000 672.000000) (1176.000000 1184.000000 640.000000) (1208.000000 1184.000000 640.000000) (1208.000000 1184.000000 672.000000) 
4 22 155 (1192.000000 1184.000000 864.000000) (1176.000000 1184.000000 864.000000) (1176.000000 1184.000000 672.000000) (1192.000000 1184.000000 672.000000) 
4 22 58 (1176.000000 1184.000000 448.000000) (1176.000000 1184.000000 864.000000) (1176.000000 1824.000000 864.000000) (1176.000000 1824.000000 448.000000) 
4 22 23 (1208.000000 1184.000000 448.000000) (1176.000000 1184.000000 448.000000) (1176.000000 1824.000000 448.000000) (1208.000000 1824.000000 448.000000) 
4 23 364 (1216.000000 1184.000000 448.000000) (1176.000000 1184.000000 448.000000) (1176.000000 1184.000000 416.000000) (1216.000000 1184.000000 416.000000) 
4 23 58 (1176.000000 1824.000000 416.000000) (1176.000000 1184.000000 416.000000) (1176.000000 1184.000000 448.000000) (1176.000000 1824.000000 448.000000) 
4 23 44 (1208.000000 1184.000000 416.000000) (1176.000000 1184.000000 416.000000) (1176.000000 1824.000000 416.000000) (1208.000000 1824.000000 416.000000) 
4 24 38 (1704.000000 1824.000000 416.000000) (1216.000000 1824.000000 416.000000) (1216.000000 1824.000000 224.000000) (1704.000000 1824.000000 224.000000) 
4 24 25 (1216.000000 2200.000000 372.000000) (1216.000000 2200.000000 268.000000) (1216.000000 1824.000000 268.000000) (1216.000000 1824.000000 372.000000) 
4 25 42 (1208.000000 1824.000000 372.000000) (1208.000000 1824.000000 268.000000) (1216.000000 1824.000000 268.000000) (1216.000000 1824.000000 372.000000) 
4 25 26 (1208.000000 1824.000000 268.000000) (1208.000000 1824.000000 372.000000) (1208.000000 2200.000000 372.000000) (1208.000000 2200.000000 268.000000) 
4 26 58 (1176.000000 1824.000000 224.000000) (1176.000000 1824.000000 416.000000) (1176.000000 2200.000000 416.000000) (1176.000000 2200.000000 224.000000) 
4 26 44 (1208.000000 1824.000000 416.000000) (1176.000000 1824.000000 416.000000) (1176.000000 1824.000000 224.000000) (1208.000000 1824.000000 224.000000) 
4 26 27 (1176.000000 2200.000000 224.000000) (1208.000000 2200.000000 224.000000) (1208.000000 1824.000000 224.000000) (1176.000000 1824.000000 224.000000) 
4 27 58 (1176.000000 1824.000000 192.000000) (1176.000000 1824.000000 224.000000) (1176.000000 2200.000000 224.000000) (1176.000000 2200.000000 192.000000) 
4 27 43 (1208.000000 1824.000000 192.000000) (1216.000000 1824.000000 192.000000) (1216.000000 1824.000000 224.000000) (1208.000000 1824.000000 224.000000) 
4 27 44 (1176.000000 1824.000000 224.000000) (1176.000000 1824.000000 192.000000) (1208.000000 1824.000000 192.000000) (1208.000000 1824.000000 224.000000) 
4 27 33 (1208.000000 1824.000000 192.000000) (1176.000000 1824.000000 192.000000) (1176.000000 2200.000000 192.000000) (1208.000000 2200.000000 192.000000) 
4 28 41 (1216.000000 1824.000000 0.000000) (1704.000000 1824.000000 0.000000) (1704.000000 1824.000000 192.000000) (1216.000000 1824.000000 192.000000) 
4 28 30 (1216.000000 2198.000000 44.000000) (1216.000000 1982.000000 44.000000) (1216.000000 1982.000000 148.000000) (1216.000000 2198.000000 148.000000) 
4 28 29 (1216.000000 2200.000000 148.000000) (1216.000000 2200.000000 44.000000) (1216.000000 2198.000000 44.000000) (1216.000000 2198.000000 148.000000) 
4 28 32 (1216.000000 1982.000000 44.000000) (1216.000000 1824.000000 44.000000) (1216.000000 1824.000000 148.000000) (1216.000000 1982.000000 148.000000) 
4 29 31 (1208.000000 2198.000000 148.000000) (1208.000000 2198.000000 44.000000) (1210.000000 2198.000000 44.000000) (1210.000000 2198.000000 148.000000) 
4 29 30 (1212.000000 2198.000000 44.000000) (1216.000000 2198.000000 44.000000) (1216.000000 2198.000000 148.000000) (1212.000000 2198.000000 148.000000) 
4 29 33 (1208.000000 2198.000000 148.000000) (1208.000000 2200.000000 148.000000) (1208.000000 2200.000000 44.000000) (1208.000000 2198.000000 44.000000) 
4 30 32 (1216.000000 1982.000000 44.000000) (1216.000000 1982.000000 148.000000) (1212.000000 1982.000000 148.000000) (1212.000000 1982.000000 44.000000) 
4 31 32 (1210.000000 1982.000000 148.000000) (1208.000000 1982.000000 148.000000) (1208.000000 1982.000000 44.000000) (1210.000000 1982.000000 44.000000) 
4 31 33 (1208.000000 1982.000000 148.000000) (1208.000000 2198.000000 148.000000) (1208.000000 2198.000000 44.000000) (1208.000000 1982.000000 44.000000) 
4 32 45 (1216.000000 1824.000000 44.000000) (1216.000000 1824.000000 148.000000) (1208.000000 1824.000000 148.000000) (1208.000000 1824.000000 44.000000) 
4 32 33 (1208.000000 1824.000000 44.000000) (1208.000000 1824.000000 148.000000) (1208.000000 1982.000000 148.000000) (1208.000000 1982.000000 44.000000) 
4 33 58 (1176.000000 2200.000000 0.000000) (1176.000000 1824.000000 -0.000000) (1176.000000 1824.000000 192.000000) (1176.000000 2200.000000 192.000000) 
4 33 49 (1176.000000 1824.000000 192.000000) (1176.000000 1824.000000 -0.000000) (1208.000000 1824.000000 0.000000) (1208.000000 1824.000000 192.000000) 
4 34 352 (1768.000000 1184.000000 224.000000) (1768.000000 1184.000000 128.000000) (1960.000000 1184.000000 128.000000) (1960.000000 1184.000000 224.000000) 
4 34 347 (1960.000000 1184.000000 416.000000) (1768.000000 1184.000000 416.000000) (1768.000000 1184.000000 224.000000) (1960.000000 1184.000000 224.000000) 
4 34 36 (1768.000000 1184.000000 224.000000) (1768.000000 1184.000000 360.000000) (1768.000000 1536.000000 360.000000) (1768.000000 1536.000000 224.000000) 
4 34 35 (1768.000000 1248.000000 128.000000) (1768.000000 1760.000000 128.000000) (1960.000000 1760.000000 128.000000) (1960.000000 1248.000000 128.000000) 
4 35 39 (1768.000000 1696.000000 0.000000) (1768.000000 1536.000000 0.000000) (1768.000000 1536.000000 128.000000) (1768.000000 1696.000000 128.000000) 
4 36 349 (1736.000000 1184.000000 360.000000) (1736.000000 1184.000000 224.000000) (1768.000000 1184.000000 224.000000) (1768.000000 1184.000000 360.000000) 
4 36 37 (1736.000000 1536.000000 224.000000) (1736.000000 1184.000000 224.000000) (1736.000000 1184.000000 360.000000) (1736.000000 1536.000000 360.000000) 
4 37 348 (1736.000000 1184.000000 416.000000) (1704.000000 1184.000000 416.000000) (1704.000000 1184.000000 360.000000) (1736.000000 1184.000000 360.000000) 
4 37 349 (1704.000000 1184.000000 360.000000) (1704.000000 1184.000000 224.000000) (1736.000000 1184.000000 224.000000) (1736.000000 1184.000000 360.000000) 
4 37 38 (1704.000000 1536.000000 224.000000) (1704.000000 1184.000000 224.000000) (1704.000000 1184.000000 416.000000) (1704.000000 1536.000000 416.000000) 
4 38 365 (1352.000000 1184.000000 416.000000) (1232.000000 1184.000000 416.000000) (1232.000000 1184.000000 224.000000) (1352.000000 1184.000000 224.000000) 
4 38 350 (1576.000000 1184.000000 416.000000) (1352.000000 1184.000000 416.000000) (1352.000000 1184.000000 224.000000) (1576.000000 1184.000000 224.000000) 
4 38 348 (1704.000000 1184.000000 416.000000) (1576.000000 1184.000000 416.000000) (1576.000000 1184.000000 360.000000) (1704.000000 1184.000000 360.000000) 
4 38 349 (1576.000000 1184.000000 360.000000) (1576.000000 1184.000000 224.000000) (1704.000000 1184.000000 224.000000) (1704.000000 1184.000000 360.000000) 
4 38 42 (1216.000000 1184.000000 268.000000) (1216.000000 1184.000000 372.000000) (1216.000000 1824.000000 372.000000) (1216.000000 1824.000000 268.000000) 
4 39 40 (1752.000000 1652.000000 0.000000) (1752.000000 1580.000000 0.000000) (1752.000000 1580.000000 100.000000) (1752.000000 1652.000000 100.000000) 
4 40 41 (1704.000000 1652.000000 100.000000) (1704.000000 1652.000000 0.000000) (1704.000000 1580.000000 0.000000) (1704.000000 1580.000000 100.000000) 
4 41 51 (1216.000000 1396.000000 100.000000) (1216.000000 1396.000000 0.000000) (1216.000000 1324.000000 0.000000) (1216.000000 1324.000000 100.000000) 
4 41 48 (1216.000000 1566.000000 44.000000) (1216.000000 1440.000000 44.000000) (1216.000000 1440.000000 148.000000) (1216.000000 1566.000000 148.000000) 
4 41 46 (1216.000000 1772.000000 44.000000) (1216.000000 1566.000000 44.000000) (1216.000000 1566.000000 148.000000) (1216.000000 1772.000000 148.000000) 
4 41 45 (1216.000000 1824.000000 148.000000) (1216.000000 1824.000000 44.000000) (1216.000000 1772.000000 44.000000) (1216.000000 1772.000000 148.000000) 
4 42 44 (1208.000000 1184.000000 268.000000) (1208.000000 1184.000000 372.000000) (1208.000000 1824.000000 372.000000) (1208.000000 1824.000000 268.000000) 
4 43 44 (1208.000000 1184.000000 192.000000) (1208.000000 1184.000000 224.000000) (1208.000000 1824.000000 224.000000) (1208.000000 1824.000000 192.000000) 
4 44 366 (1192.000000 1184.000000 416.000000) (1176.000000 1184.000000 416.000000) (1176.000000 1184.000000 224.000000) (1192.000000 1184.000000 224.000000) 
4 44 58 (1176.000000 1184.000000 192.000000) (1176.000000 1184.000000 416.000000) (1176.000000 1824.000000 416.000000) (1176.000000 1824.000000 192.000000) 
4 44 53 (1208.000000 1324.000000 192.000000) (1208.000000 1184.000000 192.000000) (1176.000000 1184.000000 192.000000) (1176.000000 1324.000000 192.000000) 
4 44 50 (1208.000000 1396.000000 192.000000) (1208.000000 1324.000000 192.000000) (1176.000000 1324.000000 192.000000) (1176.000000 1396.000000 192.000000) 
4 44 49 (1176.000000 1824.000000 192.000000) (1208.000000 1824.000000 192.000000) (1208.000000 1396.000000 192.000000) (1176.000000 1396.000000 192.000000) 
4 45 47 (1208.000000 1772.000000 148.000000) (1208.000000 1772.000000 44.000000) (1210.000000 1772.000000 44.000000) (1210.000000 1772.000000 148.000000) 
4 45 46 (1212.000000 1772.000000 44.000000) (1216.000000 1772.000000 44.000000) (1216.000000 1772.000000 148.000000) (1212.000000 1772.000000 148.000000) 
4 45 49 (1208.000000 1824.000000 148.000000) (1208.000000 1824.000000 44.000000) (1208.000000 1772.000000 44.000000) (1208.000000 1772.000000 148.000000) 
4 46 48 (1216.000000 1566.000000 44.000000) (1216.000000 1566.000000 148.000000) (1212.000000 1566.000000 148.000000) (1212.000000 1566.000000 44.000000) 
4 47 48 (1210.000000 1566.000000 148.000000) (1208.000000 1566.000000 148.000000) (1208.000000 1566.000000 44.000000) (1210.000000 1566.000000 44.000000) 
4 47 49 (1208.000000 1772.000000 44.000000) (1208.000000 1566.000000 44.000000) (1208.000000 1566.000000 148.000000) (1208.000000 1772.000000 148.000000) 
4 48 49 (1208.000000 1566.000000 44.000000) (1208.000000 1440.000000 44.000000) (1208.000000 1440.000000 148.000000) (1208.000000 1566.000000 148.000000) 
4 49 58 (1176.000000 1396.000000 192.000000) (1176.000000 1824.000000 192.000000) (1176.000000 1824.000000 -0.000000) (1176.000000 1396.000000 0.000000) 
4 49 52 (1176.000000 1396.000000 100.000000) (1176.000000 1396.000000 -0.000000) (1208.000000 1396.000000 0.000000) (1208.000000 1396.000000 100.000000) 
4 49 50 (1208.000000 1396.000000 192.000000) (1176.000000 1396.000000 192.000000) (1176.000000 1396.000000 100.000000) (1208.000000 1396.000000 100.000000) 
4 50 58 (1176.000000 1324.000000 192.000000) (1176.000000 1396.000000 192.000000) (1176.000000 1396.000000 100.000000) (1176.000000 1324.000000 100.000000) 
4 50 53 (1176.000000 1324.000000 192.000000) (1176.000000 1324.000000 100.000000) (1208.000000 1324.000000 100.000000) (1208.000000 1324.000000 192.000000) 
4 50 52 (1176.000000 1324.000000 100.000000) (1176.000000 1396.000000 100.000000) (1208.000000 1396.000000 100.000000) (1208.000000 1324.000000 100.000000) 
4 51 52 (1208.000000 1324.000000 -0.000000) (1208.000000 1324.000000 100.000000) (1208.000000 1396.000000 100.000000) (1208.000000 1396.000000 -0.000000) 
4 52 58 (1176.000000 1396.000000 100.000000) (1176.000000 1396.000000 0.000000) (1176.000000 1324.000000 0.000000) (1176.000000 1324.000000 100.000000) 
4 52 53 (1176.000000 1324.000000 100.000000) (1176.000000 1324.000000 0.000000) (1208.000000 1324.000000 0.000000) (1208.000000 1324.000000 100.000000) 
4 53 58 (1176.000000 1184.000000 -0.000000) (1176.000000 1184.000000 192.000000) (1176.000000 1324.000000 192.000000) (1176.000000 1324.000000 0.000000) 
4 54 59 (584.000000 2272.000000 896.000000) (584.000000 1184.000000 896.000000) (584.000000 1184.000000 904.000000) (584.000000 2272.000000 904.000000) 
4 56 57 (1176.000000 2248.000000 256.000000) (1176.000000 2248.000000 896.000000) (616.000000 2248.000000 896.000000) (616.000000 2248.000000 256.000000) 
4 57 58 (616.000000 2200.000000 0.000000) (1176.000000 2200.000000 0.000000) (1176.000000 2200.000000 896.000000) (616.000000 2200.000000 896.000000) 
4 58 366 (1176.000000 1184.000000 224.000000) (1176.000000 1184.000000 416.000000) (600.000000 1184.000000 416.000000) (600.000000 1184.000000 224.000000) 
4 58 364 (1176.000000 1184.000000 416.000000) (1176.000000 1184.000000 448.000000) (584.000000 1184.000000 448.000000) (584.000000 1184.000000 416.000000) 
4 58 358 (1176.000000 1184.000000 448.000000) (1176.000000 1184.000000 640.000000) (600.000000 1184.000000 640.000000) (600.000000 1184.000000 448.000000) 
4 58 356 (1176.000000 1184.000000 640.000000) (1176.000000 1184.000000 672.000000) (584.000000 1184.000000 672.000000) (584.000000 1184.000000 640.000000) 
4 58 161 (600.000000 1184.000000 672.000000) (1016.000000 1184.000000 672.000000) (1016.000000 1184.000000 864.000000) (600.000000 1184.000000 864.000000) 
4 58 155 (1176.000000 1184.000000 672.000000) (1176.000000 1184.000000 864.000000) (1016.000000 1184.000000 864.000000) (1016.000000 1184.000000 672.000000) 
4 58 78 (584.000000 1392.000000 0.000000) (584.000000 1328.000000 0.000000) (584.000000 1328.000000 96.000000) (584.000000 1392.000000 96.000000) 
4 58 77 (584.000000 1440.000000 44.000000) (584.000000 1440.000000 148.000000) (584.000000 1442.000000 148.000000) (584.000000 1442.000000 44.000000) 
4 58 75 (584.000000 1442.000000 44.000000) (584.000000 1442.000000 148.000000) (584.000000 1564.000000 148.000000) (584.000000 1564.000000 44.000000) 
4 58 74 (584.000000 1564.000000 44.000000) (584.000000 1564.000000 148.000000) (584.000000 1774.000000 148.000000) (584.000000 1774.000000 44.000000) 
4 58 72 (584.000000 1184.000000 268.000000) (584.000000 1184.000000 372.000000) (584.000000 1774.000000 372.000000) (584.000000 1774.000000 268.000000) 
4 58 70 (584.000000 1184.000000 492.000000) (584.000000 1184.000000 596.000000) (584.000000 1774.000000 596.000000) (584.000000 1774.000000 492.000000) 
4 58 67 (584.000000 1774.000000 44.000000) (584.000000 1774.000000 148.000000) (584.000000 1980.000000 148.000000) (584.000000 1980.000000 44.000000) 
4 58 66 (584.000000 1980.000000 44.000000) (584.000000 1980.000000 148.000000) (584.000000 2200.000000 148.000000) (584.000000 2200.000000 44.000000) 
4 58 64 (584.000000 1774.000000 268.000000) (584.000000 1774.000000 372.000000) (584.000000 2200.000000 372.000000) (584.000000 2200.000000 268.000000) 
4 58 62 (584.000000 1774.000000 492.000000) (584.000000 1774.000000 596.000000) (584.000000 2200.000000 596.000000) (584.000000 2200.000000 492.000000) 
4 58 60 (584.000000 1184.000000 716.000000) (584.000000 1184.000000 820.000000) (584.000000 2200.000000 820.000000) (584.000000 2200.000000 716.000000) 
4 60 61 (576.000000 2200.000000 820.000000) (576.000000 2200.000000 716.000000) (576.000000 1184.000000 716.000000) (576.000000 1184.000000 820.000000) 
4 61 193 (360.000000 1184.000000 864.000000) (72.000000 1184.000000 864.000000) (72.000000 1184.000000 672.000000) (360.000000 1184.000000 672.000000) 
4 61 162 (560.000000 1184.000000 864.000000) (360.000000 1184.000000 864.000000) (360.000000 1184.000000 672.000000) (560.000000 1184.000000 672.000000) 
4 61 106 (72.000000 1184.000000 672.000000) (72.000000 1184.000000 772.000000) (72.000000 1256.000000 772.000000) (72.000000 1256.000000 672.000000) 
4 61 80 (72.000000 2080.000000 800.000000) (72.000000 2080.000000 672.000000) (72.000000 1952.000000 672.000000) (72.000000 1952.000000 800.000000) 
4 62 70 (584.000000 1774.000000 492.000000) (584.000000 1774.000000 596.000000) (576.000000 1774.000000 596.000000) (576.000000 1774.000000 492.000000) 
4 62 63 (576.000000 2200.000000 596.000000) (576.000000 2200.000000 492.000000) (576.000000 1774.000000 492.000000) (576.000000 1774.000000 596.000000) 
4 63 83 (72.000000 2080.000000 576.000000) (72.000000 2080.000000 448.000000) (72.000000 1952.000000 448.000000) (72.000000 1952.000000 576.000000) 
4 63 71 (576.000000 1774.000000 640.000000) (72.000000 1774.000000 640.000000) (72.000000 1774.000000 448.000000) (576.000000 1774.000000 448.000000) 
4 64 72 (584.000000 1774.000000 268.000000) (584.000000 1774.000000 372.000000) (576.000000 1774.000000 372.000000) (576.000000 1774.000000 268.000000) 
4 64 65 (576.000000 2200.000000 372.000000) (576.000000 2200.000000 268.000000) (576.000000 1774.000000 268.000000) (576.000000 1774.000000 372.000000) 
4 65 91 (72.000000 2080.000000 352.000000) (72.000000 2080.000000 224.000000) (72.000000 1952.000000 224.000000) (72.000000 1952.000000 352.000000) 
4 65 73 (576.000000 1774.000000 416.000000) (72.000000 1774.000000 416.000000) (72.000000 1774.000000 224.000000) (576.000000 1774.000000 224.000000) 
4 66 67 (584.000000 1980.000000 44.000000) (584.000000 1980.000000 148.000000) (580.000000 1980.000000 148.000000) (580.000000 1980.000000 44.000000) 
4 66 68 (578.000000 1980.000000 148.000000) (576.000000 1980.000000 148.000000) (576.000000 1980.000000 44.000000) (578.000000 1980.000000 44.000000) 
4 66 69 (576.000000 2200.000000 148.000000) (576.000000 2200.000000 44.000000) (576.000000 1980.000000 44.000000) (576.000000 1980.000000 148.000000) 
4 67 74 (584.000000 1774.000000 44.000000) (584.000000 1774.000000 148.000000) (580.000000 1774.000000 148.000000) (580.000000 1774.000000 44.000000) 
4 68 74 (578.000000 1774.000000 148.000000) (576.000000 1774.000000 148.000000) (576.000000 1774.000000 44.000000) (578.000000 1774.000000 44.000000) 
4 68 69 (576.000000 1774.000000 44.000000) (576.000000 1774.000000 148.000000) (576.000000 1980.000000 148.000000) (576.000000 1980.000000 44.000000) 
4 69 92 (72.000000 2080.000000 128.000000) (72.000000 2080.000000 0.000000) (72.000000 1952.000000 0.000000) (72.000000 1952.000000 128.000000) 
4 69 79 (576.000000 1774.000000 192.000000) (72.000000 1774.000000 192.000000) (72.000000 1774.000000 -0.000000) (576.000000 1774.000000 0.000000) 
4 70 71 (576.000000 1184.000000 492.000000) (576.000000 1184.000000 596.000000) (576.000000 1774.000000 596.000000) (576.000000 1774.000000 492.000000) 
4 71 373 (520.000000 1184.000000 640.000000) (72.000000 1184.000000 640.000000) (72.000000 1184.000000 448.000000) (520.000000 1184.000000 448.000000) 
4 71 361 (560.000000 1184.000000 640.000000) (520.000000 1184.000000 640.000000) (520.000000 1184.000000 448.000000) (560.000000 1184.000000 448.000000) 
4 72 73 (576.000000 1774.000000 372.000000) (576.000000 1774.000000 268.000000) (576.000000 1184.000000 268.000000) (576.000000 1184.000000 372.000000) 
4 73 374 (520.000000 1184.000000 416.000000) (72.000000 1184.000000 416.000000) (72.000000 1184.000000 224.000000) (520.000000 1184.000000 224.000000) 
4 73 369 (560.000000 1184.000000 416.000000) (520.000000 1184.000000 416.000000) (520.000000 1184.000000 224.000000) (560.000000 1184.000000 224.000000) 
4 74 75 (580.000000 1564.000000 44.000000) (584.000000 1564.000000 44.000000) (584.000000 1564.000000 148.000000) (580.000000 1564.000000 148.000000) 
4 74 76 (576.000000 1564.000000 148.000000) (576.000000 1564.000000 44.000000) (578.000000 1564.000000 44.000000) (578.000000 1564.000000 148.000000) 
4 74 79 (576.000000 1774.000000 148.000000) (576.000000 1774.000000 44.000000) (576.000000 1564.000000 44.000000) (576.000000 1564.000000 148.000000) 
4 75 77 (584.000000 1442.000000 44.000000) (584.000000 1442.000000 148.000000) (580.000000 1442.000000 148.000000) (580.000000 1442.000000 44.000000) 
4 76 77 (578.000000 1442.000000 148.000000) (576.000000 1442.000000 148.000000) (576.000000 1442.000000 44.000000) (578.000000 1442.000000 44.000000) 
4 76 79 (576.000000 1442.000000 44.000000) (576.000000 1442.000000 148.000000) (576.000000 1564.000000 148.000000) (576.000000 1564.000000 44.000000) 
4 77 79 (576.000000 1440.000000 44.000000) (576.000000 1440.000000 148.000000) (576.000000 1442.000000 148.000000) (576.000000 1442.000000 44.000000) 
4 78 79 (576.000000 1392.000000 0.000000) (576.000000 1328.000000 0.000000) (576.000000 1328.000000 96.000000) (576.000000 1392.000000 96.000000) 
4 79 377 (112.000000 1184.000000 0.000000) (184.000000 1184.000000 0.000000) (184.000000 1184.000000 100.000000) (112.000000 1184.000000 100.000000) 
4 80 81 (61.000000 1952.000000 672.000000) (61.000000 1952.000000 800.000000) (61.000000 2016.000000 800.000000) (61.000000 2016.000000 672.000000) 
4 82 88 (40.000000 1996.000000 672.000000) (40.000000 1952.000000 672.000000) (40.000000 1952.000000 800.000000) (40.000000 1996.000000 800.000000) 
4 82 85 (40.000000 2056.000000 672.000000) (40.000000 1996.000000 672.000000) (40.000000 1996.000000 800.000000) (40.000000 2056.000000 800.000000) 
4 82 84 (40.000000 2080.000000 800.000000) (40.000000 2080.000000 672.000000) (40.000000 2056.000000 672.000000) (40.000000 2056.000000 800.000000) 
4 83 88 (40.000000 1996.000000 448.000000) (40.000000 1952.000000 448.000000) (40.000000 1952.000000 576.000000) (40.000000 1996.000000 576.000000) 
4 83 85 (40.000000 2056.000000 448.000000) (40.000000 1996.000000 448.000000) (40.000000 1996.000000 576.000000) (40.000000 2056.000000 576.000000) 
4 83 84 (40.000000 2080.000000 576.000000) (40.000000 2080.000000 448.000000) (40.000000 2056.000000 448.000000) (40.000000 2056.000000 576.000000) 
4 84 95 (40.000000 2208.000000 448.000000) (40.000000 2056.000000 448.000000) (-248.000000 2056.000000 448.000000) (-248.000000 2208.000000 448.000000) 
4 84 87 (-248.000000 2056.000000 448.000000) (-64.000000 2056.000000 448.000000) (-64.000000 2056.000000 896.000000) (-248.000000 2056.000000 896.000000) 
4 84 85 (-4.000000 2056.000000 448.000000) (40.000000 2056.000000 448.000000) (40.000000 2056.000000 896.000000) (-4.000000 2056.000000 896.000000) 
4 84 86 (-64.000000 2056.000000 448.000000) (-4.000000 2056.000000 448.000000) (-4.000000 2056.000000 896.000000) (-64.000000 2056.000000 896.000000) 
4 85 95 (40.000000 2056.000000 448.000000) (40.000000 1996.000000 448.000000) (-4.000000 1996.000000 448.000000) (-4.000000 2056.000000 448.000000) 
4 85 88 (-4.000000 1996.000000 448.000000) (40.000000 1996.000000 448.000000) (40.000000 1996.000000 896.000000) (-4.000000 1996.000000 896.000000) 
4 85 86 (-4.000000 2056.000000 896.000000) (-4.000000 2056.000000 448.000000) (-4.000000 1996.000000 448.000000) (-4.000000 1996.000000 896.000000) 
4 86 95 (-4.000000 1996.000000 448.000000) (-64.000000 1996.000000 448.000000) (-64.000000 2056.000000 448.000000) (-4.000000 2056.000000 448.000000) 
4 86 88 (-64.000000 1996.000000 448.000000) (-4.000000 1996.000000 448.000000) (-4.000000 1996.000000 896.000000) (-64.000000 1996.000000 896.000000) 
4 86 87 (-64.000000 2056.000000 448.000000) (-64.000000 1996.000000 448.000000) (-64.000000 1996.000000 896.000000) (-64.000000 2056.000000 896.000000) 
4 87 95 (-64.000000 1996.000000 448.000000) (-248.000000 1996.000000 448.000000) (-248.000000 2056.000000 448.000000) (-64.000000 2056.000000 448.000000) 
4 87 88 (-248.000000 1996.000000 896.000000) (-248.000000 1996.000000 448.000000) (-64.000000 1996.000000 448.000000) (-64.000000 1996.000000 896.000000) 
4 88 95 (40.000000 1996.000000 448.000000) (40.000000 1824.000000 448.000000) (-248.000000 1824.000000 448.000000) (-248.000000 1996.000000 448.000000) 
4 88 89 (-68.000000 1824.000000 460.000000) (-68.000000 1824.000000 560.000000) (-140.000000 1824.000000 560.000000) (-140.000000 1824.000000 460.000000) 
4 89 90 (-140.000000 1808.000000 460.000000) (-68.000000 1808.000000 460.000000) (-68.000000 1808.000000 560.000000) (-140.000000 1808.000000 560.000000) 
4 90 109 (-152.000000 1760.000000 448.000000) (-56.000000 1760.000000 448.000000) (-56.000000 1760.000000 576.000000) (-152.000000 1760.000000 576.000000) 
4 91 95 (40.000000 2080.000000 352.000000) (40.000000 2080.000000 224.000000) (40.000000 1952.000000 224.000000) (40.000000 1952.000000 352.000000) 
4 92 93 (61.000000 2016.000000 0.000000) (61.000000 1952.000000 -0.000000) (61.000000 1952.000000 128.000000) (61.000000 2016.000000 128.000000) 
4 94 95 (40.000000 2080.000000 128.000000) (40.000000 2080.000000 -0.000000) (40.000000 1952.000000 -0.000000) (40.000000 1952.000000 128.000000) 
4 95 98 (-248.000000 2188.000000 12.000000) (-248.000000 2116.000000 12.000000) (-248.000000 2116.000000 112.000000) (-248.000000 2188.000000 112.000000) 
4 95 97 (-248.000000 1824.000000 0.000000) (-248.000000 2096.000000 0.000000) (-184.000000 2096.000000 0.000000) (-184.000000 1824.000000 0.000000) 
4 95 96 (-184.000000 2208.000000 0.000000) (40.000000 2208.000000 0.000000) (40.000000 1824.000000 0.000000) (-184.000000 1824.000000 0.000000) 
4 96 97 (-184.000000 1968.000000 -64.000000) (-184.000000 1824.000000 -64.000000) (-184.000000 1824.000000 0.000000) (-184.000000 2096.000000 0.000000) 
4 98 99 (-264.000000 2188.000000 12.000000) (-264.000000 2116.000000 12.000000) (-264.000000 2116.000000 112.000000) (-264.000000 2188.000000 112.000000) 
4 99 100 (-312.000000 2104.000000 -0.000000) (-312.000000 2104.000000 128.000000) (-312.000000 2200.000000 128.000000) (-312.000000 2200.000000 0.000000) 
4 100 125 (-440.000000 2104.000000 -0.000000) (-440.000000 2104.000000 192.000000) (-440.000000 2208.000000 192.000000) (-440.000000 2208.000000 0.000000) 
4 101 102 (-392.000000 1872.000000 0.000000) (-392.000000 1800.000000 0.000000) (-392.000000 1800.000000 100.000000) (-392.000000 1872.000000 100.000000) 
4 102 130 (-440.000000 1760.000000 -0.000000) (-440.000000 1760.000000 128.000000) (-440.000000 1824.000000 128.000000) (-440.000000 1824.000000 0.000000) 
4 102 125 (-440.000000 1824.000000 128.000000) (-440.000000 1984.000000 128.000000) (-440.000000 1984.000000 -0.000000) (-440.000000 1824.000000 0.000000) 
4 103 108 (-352.000000 1600.000000 672.000000) (-418.000000 1600.000000 672.000000) (-418.000000 1664.000000 672.000000) (-352.000000 1664.000000 672.000000) 
4 103 104 (-376.000000 1568.000000 672.000000) (-184.000000 1568.000000 672.000000) (-184.000000 1568.000000 800.000000) (-376.000000 1568.000000 800.000000) 
4 104 105 (-312.000000 1344.000000 672.000000) (-240.000000 1344.000000 672.000000) (-240.000000 1344.000000 772.000000) (-312.000000 1344.000000 772.000000) 
4 105 107 (-312.000000 1312.000000 672.000000) (-240.000000 1312.000000 672.000000) (-240.000000 1312.000000 772.000000) (-312.000000 1312.000000 772.000000) 
4 106 107 (40.000000 1256.000000 672.000000) (40.000000 1184.000000 672.000000) (40.000000 1184.000000 772.000000) (40.000000 1256.000000 772.000000) 
4 107 218 (-184.000000 1184.000000 800.000000) (-376.000000 1184.000000 800.000000) (-376.000000 1184.000000 672.000000) (-184.000000 1184.000000 672.000000) 
4 107 197 (-160.000000 1184.000000 800.000000) (-184.000000 1184.000000 800.000000) (-184.000000 1184.000000 672.000000) (-160.000000 1184.000000 672.000000) 
4 107 196 (-160.000000 1184.000000 780.000000) (-160.000000 1184.000000 672.000000) (-20.000000 1184.000000 672.000000) (-20.000000 1184.000000 780.000000) 
4 107 195 (-20.000000 1184.000000 800.000000) (-160.000000 1184.000000 800.000000) (-160.000000 1184.000000 780.000000) (-20.000000 1184.000000 780.000000) 
4 107 194 (40.000000 1184.000000 800.000000) (-20.000000 1184.000000 800.000000) (-20.000000 1184.000000 672.000000) (40.000000 1184.000000 672.000000) 
4 108 112 (-418.000000 1664.000000 640.000000) (-352.000000 1664.000000 640.000000) (-352.000000 1600.000000 640.000000) (-418.000000 1600.000000 640.000000) 
4 109 112 (-184.000000 1568.000000 640.000000) (-184.000000 1696.000000 640.000000) (-184.000000 1696.000000 448.000000) (-184.000000 1568.000000 448.000000) 
4 109 110 (-56.000000 1636.000000 448.000000) (8.000000 1636.000000 448.000000) (8.000000 1568.000000 448.000000) (-56.000000 1568.000000 448.000000) 
4 110 111 (8.000000 1636.000000 432.000000) (8.000000 1568.000000 432.000000) (-56.000000 1568.000000 432.000000) (-56.000000 1636.000000 432.000000) 
4 111 117 (-184.000000 1540.000000 112.000000) (-184.000000 1540.000000 12.000000) (-184.000000 1468.000000 12.000000) (-184.000000 1468.000000 112.000000) 
4 111 113 (-184.000000 1696.000000 0.000000) (-184.000000 1568.000000 0.000000) (-184.000000 1568.000000 432.000000) (-184.000000 1696.000000 432.000000) 
4 113 130 (-440.000000 1696.000000 192.000000) (-440.000000 1696.000000 0.000000) (-440.000000 1568.000000 0.000000) (-440.000000 1568.000000 192.000000) 
4 113 116 (-408.000000 1568.000000 24.000000) (-216.000000 1568.000000 24.000000) (-216.000000 1568.000000 120.000000) (-408.000000 1568.000000 120.000000) 
4 113 115 (-392.000000 1568.000000 128.000000) (-328.000000 1568.000000 128.000000) (-328.000000 1568.000000 176.000000) (-392.000000 1568.000000 176.000000) 
4 113 114 (-296.000000 1568.000000 128.000000) (-232.000000 1568.000000 128.000000) (-232.000000 1568.000000 176.000000) (-296.000000 1568.000000 176.000000) 
4 114 118 (-232.000000 1560.000000 176.000000) (-296.000000 1560.000000 176.000000) (-296.000000 1560.000000 128.000000) (-232.000000 1560.000000 128.000000) 
4 115 118 (-328.000000 1560.000000 176.000000) (-392.000000 1560.000000 176.000000) (-392.000000 1560.000000 128.000000) (-328.000000 1560.000000 128.000000) 
4 116 118 (-216.000000 1560.000000 120.000000) (-408.000000 1560.000000 120.000000) (-408.000000 1560.000000 24.000000) (-216.000000 1560.000000 24.000000) 
4 117 118 (-192.000000 1540.000000 112.000000) (-192.000000 1540.000000 12.000000) (-192.000000 1468.000000 12.000000) (-192.000000 1468.000000 112.000000) 
4 119 120 (-136.000000 1376.000000 128.000000) (0.000000 1376.000000 128.000000) (0.000000 1184.000000 128.000000) (-136.000000 1184.000000 128.000000) 
4 120 381 (-88.000000 1184.000000 0.000000) (-24.000000 1184.000000 0.000000) (-24.000000 1184.000000 96.000000) (-88.000000 1184.000000 96.000000) 
4 120 121 (-152.000000 1376.000000 0.000000) (-152.000000 1184.000000 -0.000000) (-152.000000 1184.000000 128.000000) (-152.000000 1376.000000 128.000000) 
4 121 387 (-440.000000 1184.000000 128.000000) (-440.000000 1184.000000 -0.000000) (-408.000000 1184.000000 0.000000) (-408.000000 1184.000000 128.000000) 
4 121 385 (-344.000000 1184.000000 0.000000) (-152.000000 1184.000000 0.000000) (-152.000000 1184.000000 128.000000) (-344.000000 1184.000000 128.000000) 
4 121 136 (-440.000000 1184.000000 128.000000) (-440.000000 1184.000000 192.000000) (-440.000000 1376.000000 192.000000) (-440.000000 1376.000000 128.000000) 
4 121 137 (-440.000000 1184.000000 -0.000000) (-440.000000 1184.000000 128.000000) (-440.000000 1376.000000 128.000000) (-440.000000 1376.000000 0.000000) 
4 122 123 (-632.000000 2320.000000 0.000000) (-568.000000 2320.000000 0.000000) (-568.000000 2320.000000 96.000000) (-632.000000 2320.000000 96.000000) 
4 123 124 (-632.000000 2304.000000 0.000000) (-568.000000 2304.000000 0.000000) (-568.000000 2304.000000 96.000000) (-632.000000 2304.000000 96.000000) 
4 124 125 (-664.000000 2272.000000 0.000000) (-536.000000 2272.000000 0.000000) (-536.000000 2272.000000 128.000000) (-664.000000 2272.000000 128.000000) 
4 125 130 (-440.000000 1824.000000 -0.000000) (-440.000000 1824.000000 192.000000) (-696.000000 1824.000000 192.000000) (-696.000000 1824.000000 -0.000000) 
4 125 127 (-696.000000 1856.000000 120.000000) (-696.000000 1952.000000 120.000000) (-696.000000 1952.000000 24.000000) (-696.000000 1856.000000 24.000000) 
4 125 126 (-696.000000 1872.000000 176.000000) (-696.000000 1936.000000 176.000000) (-696.000000 1936.000000 128.000000) (-696.000000 1872.000000 128.000000) 
4 126 129 (-728.000000 1872.000000 176.000000) (-728.000000 1936.000000 176.000000) (-728.000000 1936.000000 128.000000) (-728.000000 1872.000000 128.000000) 
4 127 129 (-728.000000 1856.000000 120.000000) (-728.000000 1952.000000 120.000000) (-728.000000 1952.000000 24.000000) (-728.000000 1856.000000 24.000000) 
4 128 129 (-760.000000 1944.000000 192.000000) (-824.000000 1944.000000 192.000000) (-824.000000 2000.000000 192.000000) (-760.000000 2000.000000 192.000000) 
4 129 135 (-856.000000 1824.000000 192.000000) (-856.000000 1824.000000 -0.000000) (-728.000000 1824.000000 -0.000000) (-728.000000 1824.000000 192.000000) 
4 130 134 (-696.000000 1824.000000 128.000000) (-696.000000 1824.000000 -0.000000) (-696.000000 1696.000000 0.000000) (-696.000000 1696.000000 128.000000) 
4 130 131 (-632.000000 1504.000000 0.000000) (-504.000000 1504.000000 0.000000) (-504.000000 1504.000000 128.000000) (-632.000000 1504.000000 128.000000) 
4 131 132 (-600.000000 1448.000000 0.000000) (-536.000000 1448.000000 0.000000) (-536.000000 1448.000000 96.000000) (-600.000000 1448.000000 96.000000) 
4 132 133 (-600.000000 1432.000000 0.000000) (-536.000000 1432.000000 0.000000) (-536.000000 1432.000000 96.000000) (-600.000000 1432.000000 96.000000) 
4 133 137 (-696.000000 1376.000000 0.000000) (-440.000000 1376.000000 0.000000) (-440.000000 1376.000000 128.000000) (-696.000000 1376.000000 128.000000) 
4 134 135 (-728.000000 1824.000000 0.000000) (-728.000000 1696.000000 0.000000) (-728.000000 1696.000000 128.000000) (-728.000000 1824.000000 128.000000) 
4 136 137 (-440.000000 1184.000000 128.000000) (-1016.000000 1184.000000 128.000000) (-1016.000000 1376.000000 128.000000) (-440.000000 1376.000000 128.000000) 
4 137 387 (-440.000000 1184.000000 -0.000000) (-440.000000 1184.000000 128.000000) (-728.000000 1184.000000 128.000000) (-728.000000 1184.000000 0.000000) 
4 137 138 (-1056.000000 1324.000000 0.000000) (-1056.000000 1236.000000 0.000000) (-1056.000000 1236.000000 108.000000) (-1056.000000 1324.000000 108.000000) 
4 138 140 (-1080.000000 1324.000000 108.000000) (-1080.000000 1324.000000 0.000000) (-1080.000000 1236.000000 0.000000) (-1080.000000 1236.000000 108.000000) 
4 139 388 (-1336.000000 1184.000000 192.000000) (-1336.000000 1184.000000 128.000000) (-1120.000000 1184.000000 128.000000) (-1120.000000 1184.000000 192.000000) 
4 139 140 (-1120.000000 1184.000000 128.000000) (-1336.000000 1184.000000 128.000000) (-1336.000000 1376.000000 128.000000) (-1120.000000 1376.000000 128.000000) 
4 140 388 (-1120.000000 1184.000000 128.000000) (-1336.000000 1184.000000 128.000000) (-1336.000000 1184.000000 0.000000) (-1120.000000 1184.000000 0.000000) 
4 141 147 (-1976.000000 2240.000000 1161.000000) (-1976.000000 2240.000000 961.000000) (-1976.000000 2232.000000 961.000000) (-1976.000000 2232.000000 1161.000000) 
4 141 143 (-1800.000000 2232.000000 961.000000) (-1792.000000 2232.000000 961.000000) (-1792.000000 2232.000000 1153.000000) (-1800.000000 2232.000000 1153.000000) 
4 141 142 (-1976.000000 2232.000000 1161.000000) (-1976.000000 2232.000000 1153.000000) (-1792.000000 2232.000000 1153.000000) (-1792.000000 2232.000000 1161.000000) 
4 141 146 (-1976.000000 2240.000000 961.000000) (-1792.000000 2240.000000 961.000000) (-1792.000000 2232.000000 961.000000) (-1976.000000 2232.000000 961.000000) 
4 142 147 (-1976.000000 2048.000000 1153.000000) (-1976.000000 2048.000000 1161.000000) (-1976.000000 2232.000000 1161.000000) (-1976.000000 2232.000000 1153.000000) 
4 142 143 (-1792.000000 2232.000000 1153.000000) (-1792.000000 2056.000000 1153.000000) (-1800.000000 2056.000000 1153.000000) (-1800.000000 2232.000000 1153.000000) 
4 142 145 (-1792.000000 2056.000000 1153.000000) (-1792.000000 2048.000000 1153.000000) (-1976.000000 2048.000000 1153.000000) (-1976.000000 2056.000000 1153.000000) 
4 143 145 (-1800.000000 2056.000000 961.000000) (-1792.000000 2056.000000 961.000000) (-1792.000000 2056.000000 1153.000000) (-1800.000000 2056.000000 1153.000000) 
4 143 146 (-1792.000000 2232.000000 961.000000) (-1792.000000 2056.000000 961.000000) (-1800.000000 2056.000000 961.000000) (-1800.000000 2232.000000 961.000000) 
4 145 147 (-1976.000000 2056.000000 961.000000) (-1976.000000 2048.000000 961.000000) (-1976.000000 2048.000000 1153.000000) (-1976.000000 2056.000000 1153.000000) 
4 145 146 (-1792.000000 2056.000000 961.000000) (-1792.000000 2048.000000 961.000000) (-1976.000000 2048.000000 961.000000) (-1976.000000 2056.000000 961.000000) 
4 146 147 (-1976.000000 2240.000000 961.000000) (-1976.000000 2240.000000 953.000000) (-1976.000000 2048.000000 953.000000) (-1976.000000 2048.000000 961.000000) 
4 148 344 (1768.000000 1184.000000 672.000000) (1960.000000 1184.000000 672.000000) (1960.000000 960.000000 672.000000) (1768.000000 960.000000 672.000000) 
4 148 158 (1960.000000 960.000000 672.000000) (1960.000000 960.000000 864.000000) (1768.000000 960.000000 864.000000) (1768.000000 960.000000 672.000000) 
4 148 150 (1768.000000 1184.000000 808.000000) (1768.000000 1184.000000 672.000000) (1768.000000 960.000000 672.000000) (1768.000000 960.000000 808.000000) 
4 149 151 (1576.000000 1184.000000 864.000000) (1576.000000 1184.000000 808.000000) (1576.000000 992.000000 808.000000) (1576.000000 992.000000 864.000000) 
4 149 150 (1576.000000 992.000000 808.000000) (1576.000000 1184.000000 808.000000) (1704.000000 1184.000000 808.000000) (1704.000000 992.000000 808.000000) 
4 150 158 (1576.000000 960.000000 808.000000) (1576.000000 960.000000 672.000000) (1768.000000 960.000000 672.000000) (1768.000000 960.000000 808.000000) 
4 150 151 (1576.000000 1184.000000 808.000000) (1576.000000 1184.000000 672.000000) (1576.000000 992.000000 672.000000) (1576.000000 992.000000 808.000000) 
4 151 153 (1288.000000 1184.000000 672.000000) (1288.000000 1160.000000 672.000000) (1288.000000 1160.000000 864.000000) (1288.000000 1184.000000 864.000000) 
4 151 154 (1288.000000 1160.000000 672.000000) (1288.000000 992.000000 672.000000) (1288.000000 992.000000 864.000000) (1288.000000 1160.000000 864.000000) 
4 151 152 (1384.000000 992.000000 672.000000) (1512.000000 992.000000 672.000000) (1512.000000 992.000000 772.000000) (1384.000000 992.000000 772.000000) 
4 152 158 (1384.000000 960.000000 772.000000) (1384.000000 960.000000 672.000000) (1512.000000 960.000000 672.000000) (1512.000000 960.000000 772.000000) 
4 153 154 (1232.000000 1160.000000 672.000000) (1288.000000 1160.000000 672.000000) (1288.000000 1160.000000 864.000000) (1232.000000 1160.000000 864.000000) 
4 154 157 (1192.000000 992.000000 672.000000) (1288.000000 992.000000 672.000000) (1288.000000 992.000000 800.000000) (1192.000000 992.000000 800.000000) 
4 154 156 (1192.000000 1160.000000 672.000000) (1192.000000 992.000000 672.000000) (1192.000000 992.000000 864.000000) (1192.000000 1160.000000 864.000000) 
4 155 356 (1016.000000 1184.000000 672.000000) (1192.000000 1184.000000 672.000000) (1192.000000 1176.000000 672.000000) (1016.000000 1176.000000 672.000000) 
4 155 161 (1016.000000 1184.000000 864.000000) (1016.000000 1184.000000 672.000000) (1016.000000 1176.000000 672.000000) (1016.000000 1176.000000 864.000000) 
4 155 156 (1016.000000 1176.000000 864.000000) (1016.000000 1176.000000 672.000000) (1192.000000 1176.000000 672.000000) (1192.000000 1176.000000 864.000000) 
4 156 163 (1016.000000 1176.000000 672.000000) (1016.000000 1160.000000 672.000000) (1016.000000 1160.000000 864.000000) (1016.000000 1176.000000 864.000000) 
4 156 164 (1016.000000 1160.000000 672.000000) (1016.000000 992.000000 672.000000) (1016.000000 992.000000 864.000000) (1016.000000 1160.000000 864.000000) 
4 156 157 (1064.000000 992.000000 672.000000) (1192.000000 992.000000 672.000000) (1192.000000 992.000000 800.000000) (1064.000000 992.000000 800.000000) 
4 157 159 (1064.000000 960.000000 800.000000) (1064.000000 960.000000 672.000000) (1288.000000 960.000000 672.000000) (1288.000000 960.000000 800.000000) 
4 158 346 (1960.000000 960.000000 672.000000) (1960.000000 768.000000 672.000000) (1560.000000 768.000000 672.000000) (1560.000000 960.000000 672.000000) 
4 159 167 (1016.000000 960.000000 672.000000) (1016.000000 768.000000 672.000000) (1016.000000 768.000000 800.000000) (1016.000000 960.000000 800.000000) 
4 160 254 (1256.000000 160.000000 800.000000) (1016.000000 160.000000 800.000000) (1016.000000 160.000000 672.000000) (1256.000000 160.000000 672.000000) 
4 160 180 (1016.000000 244.000000 672.000000) (1016.000000 172.000000 672.000000) (1016.000000 172.000000 772.000000) (1016.000000 244.000000 772.000000) 
4 160 179 (1016.000000 512.000000 672.000000) (1016.000000 288.000000 672.000000) (1016.000000 288.000000 800.000000) (1016.000000 512.000000 800.000000) 
4 161 356 (600.000000 1184.000000 672.000000) (1016.000000 1184.000000 672.000000) (1016.000000 1176.000000 672.000000) (600.000000 1176.000000 672.000000) 
4 161 163 (600.000000 1176.000000 672.000000) (1016.000000 1176.000000 672.000000) (1016.000000 1176.000000 864.000000) (600.000000 1176.000000 864.000000) 
4 162 193 (360.000000 1184.000000 864.000000) (360.000000 1184.000000 672.000000) (360.000000 1176.000000 672.000000) (360.000000 1176.000000 864.000000) 
4 162 165 (360.000000 1176.000000 864.000000) (360.000000 1176.000000 672.000000) (560.000000 1176.000000 672.000000) (560.000000 1176.000000 864.000000) 
4 163 164 (600.000000 1160.000000 672.000000) (1016.000000 1160.000000 672.000000) (1016.000000 1160.000000 864.000000) (600.000000 1160.000000 864.000000) 
4 164 168 (644.000000 992.000000 772.000000) (644.000000 992.000000 672.000000) (716.000000 992.000000 672.000000) (716.000000 992.000000 772.000000) 
4 164 169 (632.000000 992.000000 800.000000) (560.000000 992.000000 800.000000) (560.000000 992.000000 672.000000) (632.000000 992.000000 672.000000) 
4 164 166 (1008.000000 992.000000 800.000000) (784.000000 992.000000 800.000000) (784.000000 992.000000 672.000000) (1008.000000 992.000000 672.000000) 
4 164 165 (560.000000 1160.000000 672.000000) (560.000000 992.000000 672.000000) (560.000000 992.000000 864.000000) (560.000000 1160.000000 864.000000) 
4 165 193 (360.000000 1176.000000 672.000000) (360.000000 992.000000 672.000000) (360.000000 992.000000 864.000000) (360.000000 1176.000000 864.000000) 
4 165 169 (408.000000 992.000000 672.000000) (560.000000 992.000000 672.000000) (560.000000 992.000000 800.000000) (408.000000 992.000000 800.000000) 
4 166 167 (784.000000 960.000000 672.000000) (1008.000000 960.000000 672.000000) (1008.000000 960.000000 800.000000) (784.000000 960.000000 800.000000) 
4 167 177 (852.000000 768.000000 672.000000) (924.000000 768.000000 672.000000) (924.000000 768.000000 772.000000) (852.000000 768.000000 772.000000) 
4 167 170 (784.000000 856.000000 672.000000) (784.000000 792.000000 672.000000) (784.000000 792.000000 720.000000) (784.000000 856.000000 720.000000) 
4 168 172 (644.000000 984.000000 672.000000) (716.000000 984.000000 672.000000) (716.000000 984.000000 772.000000) (644.000000 984.000000 772.000000) 
4 169 172 (408.000000 984.000000 800.000000) (408.000000 984.000000 672.000000) (632.000000 984.000000 672.000000) (632.000000 984.000000 800.000000) 
4 170 171 (776.000000 856.000000 672.000000) (776.000000 792.000000 672.000000) (776.000000 792.000000 720.000000) (776.000000 856.000000 720.000000) 
4 171 172 (728.000000 960.000000 672.000000) (728.000000 768.000000 672.000000) (728.000000 768.000000 800.000000) (728.000000 960.000000 800.000000) 
4 172 178 (596.000000 768.000000 672.000000) (668.000000 768.000000 672.000000) (668.000000 768.000000 772.000000) (596.000000 768.000000 772.000000) 
4 172 173 (408.000000 896.000000 672.000000) (408.000000 824.000000 672.000000) (408.000000 824.000000 772.000000) (408.000000 896.000000 772.000000) 
4 173 174 (404.000000 892.000000 672.000000) (404.000000 828.000000 672.000000) (404.000000 828.000000 768.000000) (404.000000 892.000000 768.000000) 
4 174 175 (396.000000 892.000000 672.000000) (396.000000 828.000000 672.000000) (396.000000 828.000000 768.000000) (396.000000 892.000000 768.000000) 
4 175 176 (392.000000 896.000000 672.000000) (392.000000 824.000000 672.000000) (392.000000 824.000000 772.000000) (392.000000 896.000000 772.000000) 
4 176 198 (360.000000 960.000000 672.000000) (360.000000 768.000000 672.000000) (360.000000 768.000000 800.000000) (360.000000 960.000000 800.000000) 
4 177 181 (924.000000 736.000000 772.000000) (852.000000 736.000000 772.000000) (852.000000 736.000000 672.000000) (924.000000 736.000000 672.000000) 
4 178 182 (668.000000 736.000000 772.000000) (596.000000 736.000000 772.000000) (596.000000 736.000000 672.000000) (668.000000 736.000000 672.000000) 
4 179 188 (1000.000000 384.000000 672.000000) (1000.000000 288.000000 672.000000) (1000.000000 288.000000 800.000000) (1000.000000 384.000000 800.000000) 
4 179 187 (1000.000000 512.000000 672.000000) (1000.000000 384.000000 672.000000) (1000.000000 384.000000 800.000000) (1000.000000 512.000000 800.000000) 
4 180 188 (1000.000000 244.000000 672.000000) (1000.000000 172.000000 672.000000) (1000.000000 172.000000 772.000000) (1000.000000 244.000000 772.000000) 
4 181 183 (808.000000 544.000000 672.000000) (968.000000 544.000000 672.000000) (968.000000 544.000000 800.000000) (808.000000 544.000000 800.000000) 
4 182 184 (552.000000 704.000000 672.000000) (552.000000 632.000000 672.000000) (552.000000 632.000000 772.000000) (552.000000 704.000000 772.000000) 
4 182 183 (552.000000 544.000000 672.000000) (712.000000 544.000000 672.000000) (712.000000 544.000000 800.000000) (552.000000 544.000000 800.000000) 
4 183 189 (712.000000 512.000000 800.000000) (552.000000 512.000000 800.000000) (552.000000 512.000000 672.000000) (712.000000 512.000000 672.000000) 
4 183 187 (1000.000000 512.000000 672.000000) (1000.000000 512.000000 800.000000) (712.000000 512.000000 800.000000) (712.000000 512.000000 672.000000) 
4 184 185 (536.000000 704.000000 672.000000) (536.000000 632.000000 672.000000) (536.000000 632.000000 772.000000) (536.000000 704.000000 772.000000) 
4 185 186 (488.000000 736.000000 800.000000) (488.000000 736.000000 672.000000) (488.000000 528.000000 672.000000) (488.000000 528.000000 800.000000) 
4 186 202 (360.000000 512.000000 800.000000) (360.000000 528.000000 800.000000) (360.000000 528.000000 672.000000) (360.000000 512.000000 672.000000) 
4 186 200 (360.000000 528.000000 800.000000) (360.000000 736.000000 800.000000) (360.000000 736.000000 672.000000) (360.000000 528.000000 672.000000) 
4 186 189 (488.000000 512.000000 800.000000) (360.000000 512.000000 800.000000) (360.000000 512.000000 672.000000) (488.000000 512.000000 672.000000) 
4 187 189 (712.000000 512.000000 800.000000) (712.000000 512.000000 672.000000) (712.000000 384.000000 672.000000) (712.000000 384.000000 800.000000) 
4 187 188 (840.000000 384.000000 672.000000) (1000.000000 384.000000 672.000000) (1000.000000 384.000000 800.000000) (840.000000 384.000000 800.000000) 
4 188 273 (840.000000 160.000000 672.000000) (1000.000000 160.000000 672.000000) (1000.000000 160.000000 800.000000) (840.000000 160.000000 800.000000) 
4 189 210 (360.000000 352.000000 800.000000) (360.000000 512.000000 800.000000) (360.000000 512.000000 672.000000) (360.000000 352.000000 672.000000) 
4 189 191 (488.000000 352.000000 800.000000) (360.000000 352.000000 800.000000) (360.000000 352.000000 672.000000) (488.000000 352.000000 672.000000) 
4 189 190 (588.000000 352.000000 772.000000) (588.000000 352.000000 672.000000) (660.000000 352.000000 672.000000) (660.000000 352.000000 772.000000) 
4 190 192 (588.000000 336.000000 672.000000) (660.000000 336.000000 672.000000) (660.000000 336.000000 772.000000) (588.000000 336.000000 772.000000) 
4 191 211 (360.000000 336.000000 800.000000) (360.000000 352.000000 800.000000) (360.000000 352.000000 672.000000) (360.000000 336.000000 672.000000) 
4 191 192 (360.000000 336.000000 800.000000) (360.000000 336.000000 672.000000) (488.000000 336.000000 672.000000) (488.000000 336.000000 800.000000) 
4 192 213 (360.000000 160.000000 672.000000) (360.000000 160.000000 800.000000) (360.000000 336.000000 800.000000) (360.000000 336.000000 672.000000) 
4 193 198 (136.000000 992.000000 672.000000) (360.000000 992.000000 672.000000) (360.000000 992.000000 800.000000) (136.000000 992.000000 800.000000) 
4 194 196 (-20.000000 1184.000000 780.000000) (-20.000000 1184.000000 672.000000) (-20.000000 1120.000000 672.000000) (-20.000000 1120.000000 780.000000) 
4 194 195 (-20.000000 1120.000000 800.000000) (-20.000000 1184.000000 800.000000) (-20.000000 1184.000000 780.000000) (-20.000000 1120.000000 780.000000) 
4 195 197 (-160.000000 1184.000000 800.000000) (-160.000000 1184.000000 780.000000) (-160.000000 1120.000000 780.000000) (-160.000000 1120.000000 800.000000) 
4 195 196 (-160.000000 1120.000000 780.000000) (-160.000000 1184.000000 780.000000) (-20.000000 1184.000000 780.000000) (-20.000000 1120.000000 780.000000) 
4 196 197 (-160.000000 1184.000000 780.000000) (-160.000000 1184.000000 672.000000) (-160.000000 1120.000000 672.000000) (-160.000000 1120.000000 780.000000) 
4 197 218 (-184.000000 1184.000000 800.000000) (-184.000000 1184.000000 672.000000) (-184.000000 1120.000000 672.000000) (-184.000000 1120.000000 800.000000) 
4 198 199 (136.000000 960.000000 672.000000) (136.000000 768.000000 672.000000) (136.000000 768.000000 800.000000) (136.000000 960.000000 800.000000) 
4 199 204 (-168.000000 900.000000 672.000000) (-168.000000 828.000000 672.000000) (-168.000000 828.000000 772.000000) (-168.000000 900.000000 772.000000) 
4 200 202 (264.000000 528.000000 672.000000) (360.000000 528.000000 672.000000) (360.000000 528.000000 800.000000) (264.000000 528.000000 800.000000) 
4 201 205 (-168.000000 704.000000 672.000000) (-168.000000 632.000000 672.000000) (-168.000000 632.000000 772.000000) (-168.000000 704.000000 772.000000) 
4 201 203 (-120.000000 528.000000 672.000000) (104.000000 528.000000 672.000000) (104.000000 528.000000 800.000000) (-120.000000 528.000000 800.000000) 
4 202 210 (264.000000 512.000000 672.000000) (360.000000 512.000000 672.000000) (360.000000 512.000000 800.000000) (264.000000 512.000000 800.000000) 
4 203 210 (-120.000000 512.000000 672.000000) (104.000000 512.000000 672.000000) (104.000000 512.000000 800.000000) (-120.000000 512.000000 800.000000) 
4 204 206 (-172.000000 896.000000 672.000000) (-172.000000 832.000000 672.000000) (-172.000000 832.000000 768.000000) (-172.000000 896.000000 768.000000) 
4 205 207 (-172.000000 700.000000 672.000000) (-172.000000 636.000000 672.000000) (-172.000000 636.000000 768.000000) (-172.000000 700.000000 768.000000) 
4 206 208 (-180.000000 896.000000 672.000000) (-180.000000 832.000000 672.000000) (-180.000000 832.000000 768.000000) (-180.000000 896.000000 768.000000) 
4 207 209 (-180.000000 700.000000 672.000000) (-180.000000 636.000000 672.000000) (-180.000000 636.000000 768.000000) (-180.000000 700.000000 768.000000) 
4 208 218 (-184.000000 900.000000 672.000000) (-184.000000 828.000000 672.000000) (-184.000000 828.000000 772.000000) (-184.000000 900.000000 772.000000) 
4 209 218 (-184.000000 704.000000 672.000000) (-184.000000 632.000000 672.000000) (-184.000000 632.000000 772.000000) (-184.000000 704.000000 772.000000) 
4 210 229 (-184.000000 512.000000 672.000000) (-184.000000 352.000000 672.000000) (-184.000000 352.000000 800.000000) (-184.000000 512.000000 800.000000) 
4 210 212 (-120.000000 352.000000 672.000000) (104.000000 352.000000 672.000000) (104.000000 352.000000 800.000000) (-120.000000 352.000000 800.000000) 
4 210 211 (264.000000 352.000000 672.000000) (360.000000 352.000000 672.000000) (360.000000 352.000000 800.000000) (264.000000 352.000000 800.000000) 
4 211 213 (264.000000 336.000000 672.000000) (360.000000 336.000000 672.000000) (360.000000 336.000000 800.000000) (264.000000 336.000000 800.000000) 
4 212 214 (-120.000000 336.000000 672.000000) (104.000000 336.000000 672.000000) (104.000000 336.000000 800.000000) (-120.000000 336.000000 800.000000) 
4 214 215 (-168.000000 292.000000 672.000000) (-168.000000 220.000000 672.000000) (-168.000000 220.000000 772.000000) (-168.000000 292.000000 772.000000) 
4 215 216 (-172.000000 288.000000 672.000000) (-172.000000 224.000000 672.000000) (-172.000000 224.000000 768.000000) (-172.000000 288.000000 768.000000) 
4 216 217 (-180.000000 288.000000 672.000000) (-180.000000 224.000000 672.000000) (-180.000000 224.000000 768.000000) (-180.000000 288.000000 768.000000) 
4 217 230 (-184.000000 292.000000 672.000000) (-184.000000 220.000000 672.000000) (-184.000000 220.000000 772.000000) (-184.000000 292.000000 772.000000) 
4 218 229 (-184.000000 512.000000 672.000000) (-184.000000 512.000000 800.000000) (-376.000000 512.000000 800.000000) (-376.000000 512.000000 672.000000) 
4 218 222 (-376.000000 736.000000 774.000000) (-376.000000 736.000000 704.000000) (-376.000000 608.000000 704.000000) (-376.000000 608.000000 774.000000) 
4 218 219 (-376.000000 900.000000 672.000000) (-376.000000 828.000000 672.000000) (-376.000000 828.000000 772.000000) (-376.000000 900.000000 772.000000) 
4 219 220 (-380.000000 896.000000 672.000000) (-380.000000 832.000000 672.000000) (-380.000000 832.000000 768.000000) (-380.000000 896.000000 768.000000) 
4 220 221 (-388.000000 896.000000 672.000000) (-388.000000 832.000000 672.000000) (-388.000000 832.000000 768.000000) (-388.000000 896.000000 768.000000) 
4 221 224 (-392.000000 900.000000 672.000000) (-392.000000 828.000000 672.000000) (-392.000000 828.000000 772.000000) (-392.000000 900.000000 772.000000) 
4 222 224 (-392.000000 608.000000 704.000000) (-392.000000 608.000000 774.000000) (-392.000000 736.000000 774.000000) (-392.000000 736.000000 704.000000) 
4 223 224 (-640.000000 1120.000000 772.000000) (-640.000000 1120.000000 672.000000) (-568.000000 1120.000000 672.000000) (-568.000000 1120.000000 772.000000) 
4 224 227 (-672.000000 528.000000 672.000000) (-592.000000 528.000000 672.000000) (-592.000000 528.000000 800.000000) (-672.000000 528.000000 800.000000) 
4 224 225 (-536.000000 528.000000 672.000000) (-456.000000 528.000000 672.000000) (-456.000000 528.000000 800.000000) (-536.000000 528.000000 800.000000) 
4 225 226 (-456.000000 520.000000 704.000000) (-456.000000 520.000000 774.000000) (-536.000000 520.000000 774.000000) (-536.000000 520.000000 704.000000) 
4 226 229 (-536.000000 512.000000 774.000000) (-536.000000 512.000000 704.000000) (-456.000000 512.000000 704.000000) (-456.000000 512.000000 774.000000) 
4 227 228 (-592.000000 520.000000 704.000000) (-592.000000 520.000000 774.000000) (-672.000000 520.000000 774.000000) (-672.000000 520.000000 704.000000) 
4 228 238 (-672.000000 512.000000 774.000000) (-672.000000 512.000000 704.000000) (-592.000000 512.000000 704.000000) (-592.000000 512.000000 774.000000) 
4 229 236 (-536.000000 512.000000 800.000000) (-536.000000 512.000000 672.000000) (-536.000000 352.000000 672.000000) (-536.000000 352.000000 800.000000) 
4 229 234 (-536.000000 352.000000 672.000000) (-402.000000 352.000000 672.000000) (-402.000000 352.000000 800.000000) (-536.000000 352.000000 800.000000) 
4 229 230 (-376.000000 352.000000 672.000000) (-184.000000 352.000000 672.000000) (-184.000000 352.000000 800.000000) (-376.000000 352.000000 800.000000) 
4 230 305 (-312.000000 160.000000 672.000000) (-240.000000 160.000000 672.000000) (-240.000000 160.000000 772.000000) (-312.000000 160.000000 772.000000) 
4 230 231 (-376.000000 292.000000 672.000000) (-376.000000 220.000000 672.000000) (-376.000000 220.000000 772.000000) (-376.000000 292.000000 772.000000) 
4 231 232 (-380.000000 288.000000 672.000000) (-380.000000 224.000000 672.000000) (-380.000000 224.000000 768.000000) (-380.000000 288.000000 768.000000) 
4 232 233 (-388.000000 288.000000 672.000000) (-388.000000 224.000000 672.000000) (-388.000000 224.000000 768.000000) (-388.000000 288.000000 768.000000) 
4 233 235 (-392.000000 292.000000 672.000000) (-392.000000 220.000000 672.000000) (-392.000000 220.000000 772.000000) (-392.000000 292.000000 772.000000) 
4 234 235 (-536.000000 336.000000 672.000000) (-402.000000 336.000000 672.000000) (-402.000000 336.000000 800.000000) (-536.000000 336.000000 800.000000) 
4 235 241 (-536.000000 292.000000 672.000000) (-536.000000 160.000000 672.000000) (-536.000000 160.000000 800.000000) (-536.000000 292.000000 800.000000) 
4 235 240 (-536.000000 336.000000 672.000000) (-536.000000 292.000000 672.000000) (-536.000000 292.000000 800.000000) (-536.000000 336.000000 800.000000) 
4 236 237 (-560.000000 468.000000 672.000000) (-560.000000 396.000000 672.000000) (-560.000000 396.000000 772.000000) (-560.000000 468.000000 772.000000) 
4 237 238 (-568.000000 468.000000 672.000000) (-568.000000 396.000000 672.000000) (-568.000000 396.000000 772.000000) (-568.000000 468.000000 772.000000) 
4 238 245 (-824.000000 352.000000 800.000000) (-824.000000 512.000000 800.000000) (-824.000000 512.000000 672.000000) (-824.000000 352.000000 672.000000) 
4 238 239 (-592.000000 352.000000 800.000000) (-726.000000 352.000000 800.000000) (-726.000000 352.000000 672.000000) (-592.000000 352.000000 672.000000) 
4 239 240 (-592.000000 336.000000 800.000000) (-726.000000 336.000000 800.000000) (-726.000000 336.000000 672.000000) (-592.000000 336.000000 672.000000) 
4 240 241 (-808.000000 292.000000 672.000000) (-536.000000 292.000000 672.000000) (-536.000000 292.000000 800.000000) (-808.000000 292.000000 800.000000) 
4 241 242 (-808.000000 292.000000 672.000000) (-808.000000 220.000000 672.000000) (-808.000000 220.000000 772.000000) (-808.000000 292.000000 772.000000) 
4 242 243 (-812.000000 288.000000 672.000000) (-812.000000 224.000000 672.000000) (-812.000000 224.000000 768.000000) (-812.000000 288.000000 768.000000) 
4 243 244 (-820.000000 288.000000 672.000000) (-820.000000 224.000000 672.000000) (-820.000000 224.000000 768.000000) (-820.000000 288.000000 768.000000) 
4 244 245 (-824.000000 292.000000 772.000000) (-824.000000 292.000000 672.000000) (-824.000000 220.000000 672.000000) (-824.000000 220.000000 772.000000) 
4 245 250 (-952.000000 288.000000 672.000000) (-952.000000 224.000000 672.000000) (-952.000000 224.000000 768.000000) (-952.000000 288.000000 768.000000) 
4 245 249 (-952.000000 512.000000 672.000000) (-952.000000 352.000000 672.000000) (-952.000000 352.000000 800.000000) (-952.000000 512.000000 800.000000) 
4 246 247 (-1056.000000 556.000000 672.000000) (-992.000000 556.000000 672.000000) (-992.000000 556.000000 768.000000) (-1056.000000 556.000000 768.000000) 
4 247 248 (-1056.000000 548.000000 672.000000) (-992.000000 548.000000 672.000000) (-992.000000 548.000000 768.000000) (-1056.000000 548.000000 768.000000) 
4 248 249 (-1060.000000 544.000000 672.000000) (-988.000000 544.000000 672.000000) (-988.000000 544.000000 772.000000) (-1060.000000 544.000000 772.000000) 
4 249 252 (-1096.000000 512.000000 672.000000) (-1096.000000 352.000000 672.000000) (-1096.000000 352.000000 800.000000) (-1096.000000 512.000000 800.000000) 
4 250 251 (-960.000000 288.000000 672.000000) (-960.000000 224.000000 672.000000) (-960.000000 224.000000 768.000000) (-960.000000 288.000000 768.000000) 
4 252 323 (-1240.000000 160.000000 800.000000) (-1240.000000 160.000000 672.000000) (-1096.000000 160.000000 672.000000) (-1096.000000 160.000000 800.000000) 
4 252 253 (-1240.000000 464.000000 672.000000) (-1240.000000 160.000000 672.000000) (-1240.000000 160.000000 800.000000) (-1240.000000 464.000000 800.000000) 
4 253 325 (-1256.000000 160.000000 800.000000) (-1256.000000 160.000000 672.000000) (-1240.000000 160.000000 672.000000) (-1240.000000 160.000000 800.000000) 
4 255 258 (1016.000000 -28.000000 672.000000) (1016.000000 -176.000000 672.000000) (1016.000000 -176.000000 800.000000) (1016.000000 -28.000000 800.000000) 
4 255 257 (1016.000000 80.000000 672.000000) (1016.000000 8.000000 672.000000) (1016.000000 8.000000 772.000000) (1016.000000 80.000000 772.000000) 
4 256 260 (1074.000000 -368.000000 672.000000) (1432.000000 -368.000000 672.000000) (1432.000000 -368.000000 800.000000) (1074.000000 -368.000000 800.000000) 
4 257 273 (1000.000000 80.000000 672.000000) (1000.000000 8.000000 672.000000) (1000.000000 8.000000 772.000000) (1000.000000 80.000000 772.000000) 
4 258 273 (1000.000000 -28.000000 672.000000) (1000.000000 -176.000000 672.000000) (1000.000000 -176.000000 800.000000) (1000.000000 -28.000000 800.000000) 
4 259 260 (1440.000000 -380.000000 672.000000) (1440.000000 -516.000000 672.000000) (1440.000000 -516.000000 772.000000) (1440.000000 -380.000000 772.000000) 
4 260 286 (1000.000000 -368.000000 672.000000) (1000.000000 -528.000000 672.000000) (1000.000000 -528.000000 800.000000) (1000.000000 -368.000000 800.000000) 
4 260 261 (1074.000000 -528.000000 672.000000) (1432.000000 -528.000000 672.000000) (1432.000000 -528.000000 800.000000) (1074.000000 -528.000000 800.000000) 
4 261 266 (1074.000000 -544.000000 672.000000) (1432.000000 -544.000000 672.000000) (1432.000000 -544.000000 800.000000) (1074.000000 -544.000000 800.000000) 
4 262 264 (1461.000000 -624.000000 696.000000) (1461.000000 -624.000000 672.000000) (1464.000000 -624.000000 672.000000) (1464.000000 -624.000000 696.000000) 
4 262 263 (1461.000000 -624.000000 832.000000) (1461.000000 -624.000000 808.000000) (1464.000000 -624.000000 808.000000) (1464.000000 -624.000000 832.000000) 
4 262 266 (1461.000000 -544.000000 832.000000) (1461.000000 -544.000000 672.000000) (1461.000000 -624.000000 672.000000) (1461.000000 -624.000000 832.000000) 
4 263 266 (1461.000000 -832.000000 808.000000) (1461.000000 -832.000000 832.000000) (1461.000000 -624.000000 832.000000) (1461.000000 -624.000000 808.000000) 
4 263 265 (1464.000000 -832.000000 808.000000) (1464.000000 -832.000000 832.000000) (1461.000000 -832.000000 832.000000) (1461.000000 -832.000000 808.000000) 
4 264 265 (1461.000000 -832.000000 672.000000) (1464.000000 -832.000000 672.000000) (1464.000000 -832.000000 696.000000) (1461.000000 -832.000000 696.000000) 
4 264 266 (1461.000000 -624.000000 672.000000) (1461.000000 -832.000000 672.000000) (1461.000000 -832.000000 696.000000) (1461.000000 -624.000000 696.000000) 
4 265 266 (1461.000000 -832.000000 672.000000) (1461.000000 -928.000000 672.000000) (1461.000000 -928.000000 832.000000) (1461.000000 -832.000000 832.000000) 
4 266 267 (1016.000000 -660.000000 672.000000) (1016.000000 -796.000000 672.000000) (1016.000000 -796.000000 772.000000) (1016.000000 -660.000000 772.000000) 
4 267 286 (1000.000000 -660.000000 672.000000) (1000.000000 -796.000000 672.000000) (1000.000000 -796.000000 772.000000) (1000.000000 -660.000000 772.000000) 
4 268 270 (1224.000000 -1056.000000 672.000000) (1224.000000 -1128.000000 672.000000) (1224.000000 -1128.000000 772.000000) (1224.000000 -1056.000000 772.000000) 
4 269 270 (1224.000000 -1344.000000 672.000000) (1224.000000 -1416.000000 672.000000) (1224.000000 -1416.000000 772.000000) (1224.000000 -1344.000000 772.000000) 
4 270 272 (1096.000000 -1440.000000 672.000000) (1096.000000 -1568.000000 672.000000) (1096.000000 -1568.000000 800.000000) (1096.000000 -1440.000000 800.000000) 
4 270 271 (1096.000000 -1024.000000 672.000000) (1096.000000 -1152.000000 672.000000) (1096.000000 -1152.000000 800.000000) (1096.000000 -1024.000000 800.000000) 
4 271 300 (1000.000000 -1024.000000 672.000000) (1000.000000 -1152.000000 672.000000) (1000.000000 -1152.000000 800.000000) (1000.000000 -1024.000000 800.000000) 
4 272 302 (1000.000000 -1440.000000 672.000000) (1000.000000 -1568.000000 672.000000) (1000.000000 -1568.000000 800.000000) (1000.000000 -1440.000000 800.000000) 
4 273 276 (840.000000 -176.000000 800.000000) (840.000000 24.000000 800.000000) (840.000000 24.000000 672.000000) (840.000000 -176.000000 672.000000) 
4 273 274 (884.000000 -208.000000 672.000000) (956.000000 -208.000000 672.000000) (956.000000 -208.000000 772.000000) (884.000000 -208.000000 772.000000) 
4 274 275 (884.000000 -224.000000 672.000000) (956.000000 -224.000000 672.000000) (956.000000 -224.000000 772.000000) (884.000000 -224.000000 772.000000) 
4 275 286 (840.000000 -368.000000 672.000000) (1000.000000 -368.000000 672.000000) (1000.000000 -368.000000 800.000000) (840.000000 -368.000000 800.000000) 
4 275 277 (840.000000 -268.000000 772.000000) (840.000000 -268.000000 672.000000) (840.000000 -340.000000 672.000000) (840.000000 -340.000000 772.000000) 
4 276 280 (824.000000 24.000000 672.000000) (824.000000 -176.000000 672.000000) (824.000000 -176.000000 800.000000) (824.000000 24.000000 800.000000) 
4 277 278 (837.000000 -272.000000 672.000000) (837.000000 -336.000000 672.000000) (837.000000 -336.000000 768.000000) (837.000000 -272.000000 768.000000) 
4 278 279 (829.000000 -272.000000 672.000000) (829.000000 -336.000000 672.000000) (829.000000 -336.000000 768.000000) (829.000000 -272.000000 768.000000) 
4 279 280 (824.000000 -268.000000 672.000000) (824.000000 -272.000000 672.000000) (824.000000 -272.000000 772.000000) (824.000000 -268.000000 772.000000) 
4 279 284 (824.000000 -272.000000 672.000000) (824.000000 -340.000000 672.000000) (824.000000 -340.000000 772.000000) (824.000000 -272.000000 772.000000) 
4 280 283 (251.000000 -64.000000 672.000000) (251.000000 -272.000000 672.000000) (251.000000 -272.000000 696.000000) (251.000000 -64.000000 696.000000) 
4 280 282 (251.000000 -272.000000 808.000000) (251.000000 -272.000000 832.000000) (251.000000 -64.000000 832.000000) (251.000000 -64.000000 808.000000) 
4 280 281 (251.000000 32.000000 832.000000) (251.000000 32.000000 672.000000) (251.000000 -64.000000 672.000000) (251.000000 -64.000000 832.000000) 
4 280 284 (251.000000 -272.000000 672.000000) (824.000000 -272.000000 672.000000) (824.000000 -272.000000 832.000000) (251.000000 -272.000000 832.000000) 
4 281 283 (248.000000 -64.000000 672.000000) (251.000000 -64.000000 672.000000) (251.000000 -64.000000 696.000000) (248.000000 -64.000000 696.000000) 
4 281 282 (251.000000 -64.000000 808.000000) (251.000000 -64.000000 832.000000) (248.000000 -64.000000 832.000000) (248.000000 -64.000000 808.000000) 
4 282 284 (251.000000 -272.000000 808.000000) (251.000000 -272.000000 832.000000) (248.000000 -272.000000 832.000000) (248.000000 -272.000000 808.000000) 
4 283 284 (248.000000 -272.000000 672.000000) (251.000000 -272.000000 672.000000) (251.000000 -272.000000 696.000000) (248.000000 -272.000000 696.000000) 
4 284 285 (320.000000 -352.000000 800.000000) (320.000000 -352.000000 672.000000) (768.000000 -352.000000 672.000000) (768.000000 -352.000000 800.000000) 
4 285 287 (320.000000 -368.000000 672.000000) (768.000000 -368.000000 672.000000) (768.000000 -368.000000 800.000000) (320.000000 -368.000000 800.000000) 
4 286 299 (884.000000 -928.000000 672.000000) (956.000000 -928.000000 672.000000) (956.000000 -928.000000 772.000000) (884.000000 -928.000000 772.000000) 
4 286 288 (840.000000 -668.000000 772.000000) (840.000000 -668.000000 672.000000) (840.000000 -804.000000 672.000000) (840.000000 -804.000000 772.000000) 
4 286 287 (840.000000 -528.000000 800.000000) (840.000000 -368.000000 800.000000) (840.000000 -368.000000 672.000000) (840.000000 -528.000000 672.000000) 
4 287 328 (232.000000 -368.000000 672.000000) (232.000000 -528.000000 672.000000) (232.000000 -528.000000 800.000000) (232.000000 -368.000000 800.000000) 
4 287 289 (320.000000 -528.000000 672.000000) (768.000000 -528.000000 672.000000) (768.000000 -528.000000 800.000000) (320.000000 -528.000000 800.000000) 
4 288 291 (824.000000 -668.000000 672.000000) (824.000000 -804.000000 672.000000) (824.000000 -804.000000 772.000000) (824.000000 -668.000000 772.000000) 
4 289 290 (320.000000 -544.000000 672.000000) (768.000000 -544.000000 672.000000) (768.000000 -544.000000 800.000000) (320.000000 -544.000000 800.000000) 
4 290 292 (248.000000 -624.000000 832.000000) (248.000000 -624.000000 808.000000) (251.000000 -624.000000 808.000000) (251.000000 -624.000000 832.000000) 
4 290 293 (248.000000 -624.000000 696.000000) (248.000000 -624.000000 672.000000) (251.000000 -624.000000 672.000000) (251.000000 -624.000000 696.000000) 
4 290 291 (251.000000 -624.000000 672.000000) (824.000000 -624.000000 672.000000) (824.000000 -624.000000 832.000000) (251.000000 -624.000000 832.000000) 
4 291 295 (432.000000 -832.000000 672.000000) (640.000000 -832.000000 672.000000) (640.000000 -832.000000 832.000000) (432.000000 -832.000000 832.000000) 
4 291 294 (640.000000 -832.000000 672.000000) (824.000000 -832.000000 672.000000) (824.000000 -832.000000 832.000000) (640.000000 -832.000000 832.000000) 
4 291 298 (251.000000 -832.000000 672.000000) (432.000000 -832.000000 672.000000) (432.000000 -832.000000 832.000000) (251.000000 -832.000000 832.000000) 
4 291 292 (251.000000 -832.000000 808.000000) (251.000000 -832.000000 832.000000) (251.000000 -624.000000 832.000000) (251.000000 -624.000000 808.000000) 
4 291 293 (251.000000 -624.000000 672.000000) (251.000000 -832.000000 672.000000) (251.000000 -832.000000 696.000000) (251.000000 -624.000000 696.000000) 
4 292 298 (251.000000 -832.000000 808.000000) (251.000000 -832.000000 832.000000) (248.000000 -832.000000 832.000000) (248.000000 -832.000000 808.000000) 
4 293 298 (248.000000 -832.000000 672.000000) (251.000000 -832.000000 672.000000) (251.000000 -832.000000 696.000000) (248.000000 -832.000000 696.000000) 
4 294 297 (640.000000 -925.000000 672.000000) (640.000000 -928.000000 672.000000) (640.000000 -928.000000 696.000000) (640.000000 -925.000000 696.000000) 
4 294 296 (640.000000 -928.000000 808.000000) (640.000000 -928.000000 832.000000) (640.000000 -925.000000 832.000000) (640.000000 -925.000000 808.000000) 
4 294 295 (640.000000 -832.000000 672.000000) (640.000000 -925.000000 672.000000) (640.000000 -925.000000 832.000000) (640.000000 -832.000000 832.000000) 
4 295 297 (432.000000 -925.000000 696.000000) (432.000000 -925.000000 672.000000) (640.000000 -925.000000 672.000000) (640.000000 -925.000000 696.000000) 
4 295 296 (432.000000 -925.000000 832.000000) (432.000000 -925.000000 808.000000) (640.000000 -925.000000 808.000000) (640.000000 -925.000000 832.000000) 
4 295 298 (432.000000 -832.000000 832.000000) (432.000000 -832.000000 672.000000) (432.000000 -925.000000 672.000000) (432.000000 -925.000000 832.000000) 
4 296 298 (432.000000 -928.000000 808.000000) (432.000000 -928.000000 832.000000) (432.000000 -925.000000 832.000000) (432.000000 -925.000000 808.000000) 
4 297 298 (432.000000 -925.000000 672.000000) (432.000000 -928.000000 672.000000) (432.000000 -928.000000 696.000000) (432.000000 -925.000000 696.000000) 
4 298 303 (328.000000 -928.000000 672.000000) (392.000000 -928.000000 672.000000) (392.000000 -928.000000 720.000000) (328.000000 -928.000000 720.000000) 
4 299 300 (884.000000 -960.000000 672.000000) (956.000000 -960.000000 672.000000) (956.000000 -960.000000 772.000000) (884.000000 -960.000000 772.000000) 
4 300 304 (840.000000 -992.000000 672.000000) (840.000000 -1056.000000 672.000000) (840.000000 -1056.000000 720.000000) (840.000000 -992.000000 720.000000) 
4 300 301 (880.000000 -1184.000000 672.000000) (952.000000 -1184.000000 672.000000) (952.000000 -1184.000000 772.000000) (880.000000 -1184.000000 772.000000) 
4 303 304 (328.000000 -992.000000 672.000000) (392.000000 -992.000000 672.000000) (392.000000 -992.000000 720.000000) (328.000000 -992.000000 720.000000) 
4 304 331 (232.000000 -992.000000 672.000000) (232.000000 -1056.000000 672.000000) (232.000000 -1056.000000 720.000000) (232.000000 -992.000000 720.000000) 
4 305 306 (-312.000000 144.000000 672.000000) (-240.000000 144.000000 672.000000) (-240.000000 144.000000 772.000000) (-312.000000 144.000000 772.000000) 
4 306 312 (-344.000000 144.000000 672.000000) (-344.000000 32.000000 672.000000) (-344.000000 32.000000 800.000000) (-344.000000 144.000000 800.000000) 
4 306 307 (-184.000000 32.000000 800.000000) (-344.000000 32.000000 800.000000) (-344.000000 32.000000 672.000000) (-184.000000 32.000000 672.000000) 
4 307 315 (-344.000000 32.000000 672.000000) (-344.000000 -128.000000 672.000000) (-344.000000 -128.000000 800.000000) (-344.000000 32.000000 800.000000) 
4 307 310 (-120.000000 -128.000000 800.000000) (-344.000000 -128.000000 800.000000) (-344.000000 -128.000000 672.000000) (-120.000000 -128.000000 672.000000) 
4 307 309 (-32.000000 -128.000000 772.000000) (-32.000000 -128.000000 672.000000) (40.000000 -128.000000 672.000000) (40.000000 -128.000000 772.000000) 
4 307 308 (232.000000 -128.000000 672.000000) (232.000000 -128.000000 800.000000) (72.000000 -128.000000 800.000000) (72.000000 -128.000000 672.000000) 
4 308 328 (232.000000 -368.000000 672.000000) (232.000000 -368.000000 800.000000) (72.000000 -368.000000 800.000000) (72.000000 -368.000000 672.000000) 
4 309 311 (-32.000000 -144.000000 772.000000) (-32.000000 -144.000000 672.000000) (40.000000 -144.000000 672.000000) (40.000000 -144.000000 772.000000) 
4 310 311 (-120.000000 -144.000000 800.000000) (-344.000000 -144.000000 800.000000) (-344.000000 -144.000000 672.000000) (-120.000000 -144.000000 672.000000) 
4 311 321 (-344.000000 -144.000000 672.000000) (-344.000000 -320.000000 672.000000) (-344.000000 -320.000000 800.000000) (-344.000000 -144.000000 800.000000) 
4 312 315 (-376.000000 32.000000 672.000000) (-344.000000 32.000000 672.000000) (-344.000000 32.000000 800.000000) (-376.000000 32.000000 800.000000) 
4 313 314 (-776.000000 48.000000 672.000000) (-704.000000 48.000000 672.000000) (-704.000000 48.000000 772.000000) (-776.000000 48.000000 772.000000) 
4 314 318 (-776.000000 32.000000 672.000000) (-704.000000 32.000000 672.000000) (-704.000000 32.000000 772.000000) (-776.000000 32.000000 772.000000) 
4 315 319 (-516.000000 -128.000000 672.000000) (-444.000000 -128.000000 672.000000) (-444.000000 -128.000000 772.000000) (-516.000000 -128.000000 772.000000) 
4 315 320 (-568.000000 -128.000000 672.000000) (-536.000000 -128.000000 672.000000) (-536.000000 -128.000000 800.000000) (-568.000000 -128.000000 800.000000) 
4 315 317 (-568.000000 -46.000000 672.000000) (-568.000000 -128.000000 672.000000) (-568.000000 -128.000000 800.000000) (-568.000000 -46.000000 800.000000) 
4 315 316 (-568.000000 32.000000 800.000000) (-568.000000 32.000000 672.000000) (-568.000000 -46.000000 672.000000) (-568.000000 -46.000000 800.000000) 
4 316 318 (-632.000000 32.000000 672.000000) (-632.000000 -46.000000 672.000000) (-632.000000 -46.000000 800.000000) (-632.000000 32.000000 800.000000) 
4 316 317 (-632.000000 -46.000000 800.000000) (-632.000000 -46.000000 672.000000) (-568.000000 -46.000000 672.000000) (-568.000000 -46.000000 800.000000) 
4 317 320 (-632.000000 -128.000000 672.000000) (-568.000000 -128.000000 672.000000) (-568.000000 -128.000000 800.000000) (-632.000000 -128.000000 800.000000) 
4 317 318 (-632.000000 -46.000000 672.000000) (-632.000000 -128.000000 672.000000) (-632.000000 -128.000000 800.000000) (-632.000000 -46.000000 800.000000) 
4 318 324 (-856.000000 32.000000 672.000000) (-856.000000 -128.000000 672.000000) (-856.000000 -128.000000 800.000000) (-856.000000 32.000000 800.000000) 
4 318 320 (-760.000000 -128.000000 672.000000) (-632.000000 -128.000000 672.000000) (-632.000000 -128.000000 800.000000) (-760.000000 -128.000000 800.000000) 
4 319 322 (-516.000000 -144.000000 772.000000) (-516.000000 -144.000000 672.000000) (-444.000000 -144.000000 672.000000) (-444.000000 -144.000000 772.000000) 
4 320 322 (-536.000000 -144.000000 800.000000) (-760.000000 -144.000000 800.000000) (-760.000000 -144.000000 672.000000) (-536.000000 -144.000000 672.000000) 
4 323 325 (-1240.000000 160.000000 800.000000) (-1240.000000 160.000000 672.000000) (-1240.000000 32.000000 672.000000) (-1240.000000 32.000000 800.000000) 
4 323 324 (-1096.000000 32.000000 800.000000) (-1240.000000 32.000000 800.000000) (-1240.000000 32.000000 672.000000) (-1096.000000 32.000000 672.000000) 
4 324 327 (-1196.000000 -128.000000 772.000000) (-1196.000000 -128.000000 672.000000) (-1124.000000 -128.000000 672.000000) (-1124.000000 -128.000000 772.000000) 
4 324 326 (-856.000000 -128.000000 672.000000) (-856.000000 -128.000000 800.000000) (-1080.000000 -128.000000 800.000000) (-1080.000000 -128.000000 672.000000) 
4 324 325 (-1240.000000 32.000000 672.000000) (-1240.000000 -72.000000 672.000000) (-1240.000000 -72.000000 800.000000) (-1240.000000 32.000000 800.000000) 
4 328 330 (116.000000 -608.000000 672.000000) (188.000000 -608.000000 672.000000) (188.000000 -608.000000 772.000000) (116.000000 -608.000000 772.000000) 
4 328 329 (72.000000 -368.000000 800.000000) (72.000000 -368.000000 672.000000) (72.000000 -528.000000 672.000000) (72.000000 -528.000000 800.000000) 
4 329 332 (-88.000000 -416.000000 672.000000) (-88.000000 -488.000000 672.000000) (-88.000000 -488.000000 772.000000) (-88.000000 -416.000000 772.000000) 
4 330 331 (188.000000 -624.000000 772.000000) (116.000000 -624.000000 772.000000) (116.000000 -624.000000 672.000000) (188.000000 -624.000000 672.000000) 
4 331 337 (72.000000 -1072.000000 672.000000) (232.000000 -1072.000000 672.000000) (232.000000 -1072.000000 800.000000) (72.000000 -1072.000000 800.000000) 
4 332 333 (-96.000000 -416.000000 772.000000) (-96.000000 -416.000000 672.000000) (-96.000000 -488.000000 672.000000) (-96.000000 -488.000000 772.000000) 
4 333 334 (-136.000000 -416.000000 672.000000) (-136.000000 -488.000000 672.000000) (-136.000000 -488.000000 800.000000) (-136.000000 -416.000000 800.000000) 
4 335 340 (-504.000000 -1072.000000 672.000000) (-320.000000 -1072.000000 672.000000) (-320.000000 -1072.000000 800.000000) (-504.000000 -1072.000000 800.000000) 
4 335 336 (-320.000000 -1072.000000 800.000000) (-320.000000 -1072.000000 832.000000) (-504.000000 -1072.000000 832.000000) (-504.000000 -1072.000000 800.000000) 
4 336 340 (-504.000000 -1248.000000 800.000000) (-504.000000 -1072.000000 800.000000) (-320.000000 -1072.000000 800.000000) (-320.000000 -1248.000000 800.000000) 
4 337 338 (72.000000 -1088.000000 672.000000) (72.000000 -1248.000000 672.000000) (72.000000 -1248.000000 800.000000) (72.000000 -1088.000000 800.000000) 
4 338 341 (-184.000000 -1248.000000 672.000000) (-56.000000 -1248.000000 672.000000) (-56.000000 -1248.000000 784.000000) (-184.000000 -1248.000000 784.000000) 
4 338 339 (-312.000000 -1132.000000 672.000000) (-312.000000 -1204.000000 672.000000) (-312.000000 -1204.000000 772.000000) (-312.000000 -1132.000000 772.000000) 
4 339 340 (-320.000000 -1132.000000 672.000000) (-320.000000 -1204.000000 672.000000) (-320.000000 -1204.000000 772.000000) (-320.000000 -1132.000000 772.000000) 
4 341 343 (-56.000000 -1256.000000 784.000000) (-184.000000 -1256.000000 784.000000) (-184.000000 -1256.000000 672.000000) (-56.000000 -1256.000000 672.000000) 
4 342 343 (-56.000000 -1488.000000 672.000000) (-56.000000 -1616.000000 672.000000) (-56.000000 -1616.000000 800.000000) (-56.000000 -1488.000000 800.000000) 
4 344 346 (1960.000000 960.000000 576.000000) (1960.000000 960.000000 672.000000) (1768.000000 960.000000 672.000000) (1768.000000 960.000000 576.000000) 
4 345 362 (1352.000000 1160.000000 448.000000) (1352.000000 992.000000 448.000000) (1352.000000 992.000000 640.000000) (1352.000000 1160.000000 640.000000) 
4 345 357 (1352.000000 1184.000000 640.000000) (1352.000000 1184.000000 448.000000) (1352.000000 1160.000000 448.000000) (1352.000000 1160.000000 640.000000) 
4 347 353 (1960.000000 960.000000 224.000000) (1960.000000 960.000000 416.000000) (1768.000000 960.000000 416.000000) (1768.000000 960.000000 224.000000) 
4 347 352 (1768.000000 1184.000000 224.000000) (1960.000000 1184.000000 224.000000) (1960.000000 960.000000 224.000000) (1768.000000 960.000000 224.000000) 
4 347 349 (1768.000000 960.000000 224.000000) (1768.000000 960.000000 360.000000) (1768.000000 1184.000000 360.000000) (1768.000000 1184.000000 224.000000) 
4 348 350 (1576.000000 1184.000000 416.000000) (1576.000000 1184.000000 360.000000) (1576.000000 992.000000 360.000000) (1576.000000 992.000000 416.000000) 
4 348 349 (1576.000000 1184.000000 360.000000) (1736.000000 1184.000000 360.000000) (1736.000000 992.000000 360.000000) (1576.000000 992.000000 360.000000) 
4 349 353 (1576.000000 960.000000 360.000000) (1576.000000 960.000000 224.000000) (1768.000000 960.000000 224.000000) (1768.000000 960.000000 360.000000) 
4 349 350 (1576.000000 1184.000000 360.000000) (1576.000000 1184.000000 224.000000) (1576.000000 992.000000 224.000000) (1576.000000 992.000000 360.000000) 
4 350 370 (1352.000000 992.000000 416.000000) (1352.000000 1160.000000 416.000000) (1352.000000 1160.000000 224.000000) (1352.000000 992.000000 224.000000) 
4 350 365 (1352.000000 1160.000000 416.000000) (1352.000000 1184.000000 416.000000) (1352.000000 1184.000000 224.000000) (1352.000000 1160.000000 224.000000) 
4 350 351 (1384.000000 992.000000 324.000000) (1384.000000 992.000000 224.000000) (1512.000000 992.000000 224.000000) (1512.000000 992.000000 324.000000) 
4 351 354 (1384.000000 960.000000 324.000000) (1384.000000 960.000000 224.000000) (1512.000000 960.000000 224.000000) (1512.000000 960.000000 324.000000) 
4 352 353 (1960.000000 960.000000 128.000000) (1960.000000 960.000000 224.000000) (1768.000000 960.000000 224.000000) (1768.000000 960.000000 128.000000) 
4 353 354 (1560.000000 768.000000 224.000000) (1560.000000 768.000000 416.000000) (1560.000000 960.000000 416.000000) (1560.000000 960.000000 224.000000) 
4 354 355 (1368.000000 900.000000 324.000000) (1368.000000 900.000000 224.000000) (1368.000000 828.000000 224.000000) (1368.000000 828.000000 324.000000) 
4 355 371 (1352.000000 900.000000 324.000000) (1352.000000 900.000000 224.000000) (1352.000000 828.000000 224.000000) (1352.000000 828.000000 324.000000) 
4 356 358 (600.000000 1184.000000 640.000000) (1192.000000 1184.000000 640.000000) (1192.000000 1176.000000 640.000000) (600.000000 1176.000000 640.000000) 
4 357 362 (1232.000000 1160.000000 448.000000) (1352.000000 1160.000000 448.000000) (1352.000000 1160.000000 640.000000) (1232.000000 1160.000000 640.000000) 
4 358 364 (600.000000 1184.000000 448.000000) (1192.000000 1184.000000 448.000000) (1192.000000 1176.000000 448.000000) (600.000000 1176.000000 448.000000) 
4 358 359 (600.000000 1176.000000 600.000000) (600.000000 1176.000000 488.000000) (1192.000000 1176.000000 488.000000) (1192.000000 1176.000000 600.000000) 
4 359 360 (1192.000000 1168.000000 488.000000) (1192.000000 1168.000000 600.000000) (600.000000 1168.000000 600.000000) (600.000000 1168.000000 488.000000) 
4 360 362 (600.000000 1160.000000 448.000000) (1192.000000 1160.000000 448.000000) (1192.000000 1160.000000 640.000000) (600.000000 1160.000000 640.000000) 
4 361 373 (520.000000 1184.000000 640.000000) (520.000000 1184.000000 448.000000) (520.000000 1160.000000 448.000000) (520.000000 1160.000000 640.000000) 
4 361 362 (520.000000 1160.000000 640.000000) (520.000000 1160.000000 448.000000) (560.000000 1160.000000 448.000000) (560.000000 1160.000000 640.000000) 
4 362 373 (520.000000 1160.000000 448.000000) (520.000000 992.000000 448.000000) (520.000000 992.000000 640.000000) (520.000000 1160.000000 640.000000) 
4 362 363 (520.000000 992.000000 448.000000) (1288.000000 992.000000 448.000000) (1288.000000 992.000000 584.000000) (520.000000 992.000000 584.000000) 
4 363 372 (520.000000 960.000000 584.000000) (520.000000 960.000000 448.000000) (968.000000 960.000000 448.000000) (968.000000 960.000000 584.000000) 
4 363 371 (968.000000 960.000000 448.000000) (1288.000000 960.000000 448.000000) (1288.000000 960.000000 584.000000) (968.000000 960.000000 584.000000) 
4 364 366 (600.000000 1184.000000 416.000000) (1192.000000 1184.000000 416.000000) (1192.000000 1176.000000 416.000000) (600.000000 1176.000000 416.000000) 
4 365 370 (1232.000000 1160.000000 224.000000) (1352.000000 1160.000000 224.000000) (1352.000000 1160.000000 416.000000) (1232.000000 1160.000000 416.000000) 
4 366 367 (600.000000 1176.000000 376.000000) (600.000000 1176.000000 264.000000) (1192.000000 1176.000000 264.000000) (1192.000000 1176.000000 376.000000) 
4 367 368 (1192.000000 1168.000000 264.000000) (1192.000000 1168.000000 376.000000) (600.000000 1168.000000 376.000000) (600.000000 1168.000000 264.000000) 
4 368 370 (600.000000 1160.000000 224.000000) (1192.000000 1160.000000 224.000000) (1192.000000 1160.000000 416.000000) (600.000000 1160.000000 416.000000) 
4 369 374 (520.000000 1184.000000 416.000000) (520.000000 1184.000000 224.000000) (520.000000 1160.000000 224.000000) (520.000000 1160.000000 416.000000) 
4 369 370 (520.000000 1160.000000 416.000000) (520.000000 1160.000000 224.000000) (560.000000 1160.000000 224.000000) (560.000000 1160.000000 416.000000) 
4 370 374 (520.000000 1160.000000 224.000000) (520.000000 992.000000 224.000000) (520.000000 992.000000 416.000000) (520.000000 1160.000000 416.000000) 
4 371 372 (968.000000 960.000000 640.000000) (968.000000 960.000000 352.000000) (968.000000 768.000000 352.000000) (968.000000 768.000000 640.000000) 
4 372 376 (520.000000 768.000000 448.000000) (520.000000 768.000000 640.000000) (520.000000 960.000000 640.000000) (520.000000 960.000000 448.000000) 
4 373 375 (328.000000 992.000000 548.000000) (328.000000 992.000000 448.000000) (456.000000 992.000000 448.000000) (456.000000 992.000000 548.000000) 
4 375 376 (456.000000 960.000000 448.000000) (456.000000 960.000000 548.000000) (328.000000 960.000000 548.000000) (328.000000 960.000000 448.000000) 
4 377 378 (112.000000 1152.000000 0.000000) (184.000000 1152.000000 0.000000) (184.000000 1152.000000 100.000000) (112.000000 1152.000000 100.000000) 
4 378 379 (112.000000 1136.000000 0.000000) (184.000000 1136.000000 0.000000) (184.000000 1136.000000 100.000000) (112.000000 1136.000000 100.000000) 
4 379 383 (80.000000 952.000000 0.000000) (176.000000 952.000000 0.000000) (176.000000 952.000000 128.000000) (80.000000 952.000000 128.000000) 
4 379 380 (80.000000 1056.000000 0.000000) (80.000000 952.000000 0.000000) (80.000000 952.000000 128.000000) (80.000000 1056.000000 128.000000) 
4 380 383 (-24.000000 952.000000 0.000000) (80.000000 952.000000 0.000000) (80.000000 952.000000 128.000000) (-24.000000 952.000000 128.000000) 
4 380 382 (-24.000000 1056.000000 0.000000) (-24.000000 952.000000 0.000000) (-24.000000 952.000000 128.000000) (-24.000000 1056.000000 128.000000) 
4 381 382 (-88.000000 1152.000000 0.000000) (-24.000000 1152.000000 -0.000000) (-24.000000 1152.000000 96.000000) (-88.000000 1152.000000 96.000000) 
4 382 383 (-56.000000 952.000000 0.000000) (-24.000000 952.000000 0.000000) (-24.000000 952.000000 128.000000) (-56.000000 952.000000 128.000000) 
4 383 384 (76.000000 920.000000 0.000000) (140.000000 920.000000 0.000000) (140.000000 920.000000 96.000000) (76.000000 920.000000 96.000000) 
4 385 386 (-284.000000 1128.000000 0.000000) (-212.000000 1128.000000 0.000000) (-212.000000 1128.000000 100.000000) (-284.000000 1128.000000 100.000000) 
