hlcsg v3.4 v0.1 64-bit (Mar  9 2020)
Seedee's Half-Life Tools v0.1
Based on code modifications by vluzacn
Based on code modifications by Sean 'Zoner' Cavanaugh
Based on Valve's version, modified with permission.
Submit detailed bug reports to (cdaniel9000@gmail.com)
-----  BEGIN  hlcsg -----
Command line: "C:\Users\Ezry.000\Desktop\HALF LIFE 1 MAPPING\COMPILE TOOLS\sdHLCSG_x64.exe" "C:\Program Files (x86)\Steam\steamapps\common\Half-Life\KEA1989\maps\of02" -cliptype precise -wadautodetect -estimate -chart 
Arguments: "C:\Program Files (x86)\Steam\steamapps\common\Half-Life\KEA1989\maps\of02" -cliptype precise -wadautodetect -estimate -chart -low -wadinclude sdhlt.wad -wadautodetect 
Entering C:\Program Files (x86)\Steam\steamapps\common\Half-Life\KEA1989\maps\of02.map

Current hlcsg Settings
Name                 |  Setting  |  Default
---------------------|-----------|-------------------------
threads               [       6 ] [  Varies ]
verbose               [     off ] [     off ]
log                   [      on ] [      on ]
reset logfile         [      on ] [      on ]
developer             [       0 ] [       0 ]
chart                 [      on ] [     off ]
estimate              [      on ] [     off ]
max texture memory    [ 33554432 ] [ 33554432 ]
max lighting memory   [ 50331648 ] [ 50331648 ]
priority              [     Low ] [  Normal ]

noclip                [     off ] [     off ]
null texture stripping[      on ] [      on ]
clipnode economy mode [     off ] [     off ]
clip hull type        [ precise ] [  simple ]
onlyents              [     off ] [     off ]
wadtextures           [      on ] [      on ]
skyclip               [      on ] [      on ]
hullfile              [    None ] [    None ]
wad configuration file[    None ] [    None ]
wad.cfg group name    [    None ] [    None ]
nullfile              [    None ] [    None ]
nullify trigger       [      on ] [      on ]
min surface area      [   0.000 ] [   0.000 ]
brush union threshold [   0.000 ] [   0.000 ]
map scaling           [    None ] [    None ]
light name optimize   [      on ] [      on ]
convert game_text     [      on ] [      on ]

Using mapfile wad configuration
Wadfiles not in use by the map will be excluded
Wadinclude list :
[sdhlt.wad]

CreateBrush:
 (5.50 seconds)
CSGBrush:
 (4.57 seconds)

added 42 additional animating textures.
Including Wadfile: \Users\Ezry.000\Desktop\HALF LIFE 1 MAPPING\COMPILE TOOLS\sdhlt.wad
 - Contains 3 used textures, 1.17 percent of map (27 textures in wad)
Using Wadfile: \Program Files (x86)\Steam\steamapps\common\Half-Life\KEA1989\czcs_office.wad
 - Contains 62 used textures, 24.12 percent of map (305 textures in wad)
Using Wadfile: \Program Files (x86)\Steam\steamapps\common\Half-Life\KEA1989\czde_fastline.wad
 - Contains 11 used textures, 4.28 percent of map (158 textures in wad)
Using Wadfile: \Program Files (x86)\Steam\steamapps\common\Half-Life\KEA1989\deepmind2_ny.wad
 - Contains 34 used textures, 13.23 percent of map (189 textures in wad)
Using Wadfile: \Program Files (x86)\Steam\steamapps\common\Half-Life\valve\halflife.wad
 - Contains 147 used textures, 57.20 percent of map (3116 textures in wad)

Wad files required to run the map: "czcs_office.wad;czde_fastline.wad;deepmind2_ny.wad;halflife.wad;"
Texture usage is at 7.40 mb (of 32.00 mb MAX)

Object names  Objects/Maxobjs  Memory / Maxmem  Fullness
------------  ---------------  ---------------  --------
models              0/512            0/32768    ( 0.0%)
planes          36022/32768     720440/655360   (109.9%)
vertexes            0/65535          0/786420   ( 0.0%)
nodes               0/32767          0/786408   ( 0.0%)
texinfos         7663/32767     306520/1310680  (23.4%)
faces               0/65535          0/1310700  ( 0.0%)
* worldfaces        0/32768          0/0        ( 0.0%)
clipnodes           0/32767          0/262136   ( 0.0%)
leaves              0/32760          0/917280   ( 0.0%)
* worldleaves       0/8192           0/0        ( 0.0%)
marksurfaces        0/65535          0/131070   ( 0.0%)
surfedges           0/512000         0/2048000  ( 0.0%)
edges               0/256000         0/1024000  ( 0.0%)
texdata          [variable]      14648/33554432 ( 0.0%)
lightdata        [variable]          0/50331648 ( 0.0%)
visdata          [variable]          0/8388608  ( 0.0%)
entdata          [variable]     137313/2097152  ( 6.5%)
* AllocBlock        0/64             0/0        ( 0.0%)
257 textures referenced
=== Total BSP file data space used: 1178921 bytes ===
Wad files required to run the map: "czcs_office.wad;czde_fastline.wad;deepmind2_ny.wad;halflife.wad;"
13.37 seconds elapsed

-----   END   hlcsg -----



hlbsp v3.4 v0.1 64-bit (Mar  9 2020)
Seedee's Half-Life Tools v0.1
Based on code modifications by vluzacn
Based on code modifications by Sean 'Zoner' Cavanaugh
Based on Valve's version, modified with permission.
Submit detailed bug reports to (cdaniel9000@gmail.com)
-----  BEGIN  hlbsp -----
Command line: "C:\Users\Ezry.000\Desktop\HALF LIFE 1 MAPPING\COMPILE TOOLS\sdHLBSP_x64.exe" "C:\Program Files (x86)\Steam\steamapps\common\Half-Life\KEA1989\maps\of02" -estimate -chart 
Arguments: "C:\Program Files (x86)\Steam\steamapps\common\Half-Life\KEA1989\maps\of02" -estimate -chart -low 

Current hlbsp Settings
Name               |  Setting  |  Default
-------------------|-----------|-------------------------
threads             [       6 ] [  Varies ]
verbose             [     off ] [     off ]
log                 [      on ] [      on ]
developer           [       0 ] [       0 ]
chart               [      on ] [     off ]
estimate            [      on ] [     off ]
max texture memory  [ 33554432 ] [ 33554432 ]
priority            [     Low ] [  Normal ]

noclip              [     off ] [     off ]
nofill              [     off ] [     off ]
noinsidefill        [     off ] [     off ]
noopt               [     off ] [     off ]
no clipnode merging [     off ] [     off ]
null tex. stripping [      on ] [      on ]
notjunc             [     off ] [     off ]
nobrink             [     off ] [     off ]
subdivide size      [     240 ] [     240 ] (Min 64) (Max 512)
max node size       [    1024 ] [    1024 ] (Min 64) (Max 65536)
remove hull 2       [     off ] [     off ]


SolidBSP [hull 0] 500...1000...1500...2000...2500...3000...3500...4000...4500...5000...5500...6000...6500...7000...7500...8000...8500...9000...9500...10000...10500...11000...11500...12000...12226 (1.71 seconds)
BSP generation successful, writing portal file 'C:\Program Files (x86)\Steam\steamapps\common\Half-Life\KEA1989\maps\of02.prt'
SolidBSP [hull 1] 500...1000...1500...2000...2500...3000...3500...4000...4500...5000...5458 (0.76 seconds)
SolidBSP [hull 2] 500...1000...1500...2000...2500...3000...3500...4000...4500...4612 (0.57 seconds)
SolidBSP [hull 3] 500...1000...1500...2000...2500...3000...3500...4000...4500...5000...5500...5899 (0.80 seconds)
Reduced 22828 clipnodes to 21063
Reduced 7663 texinfos to 7229
Reduced 257 texdatas to 254 (14648 bytes to 12292)
Reduced 36022 planes to 9958
FixBrinks:
Increased 21063 clipnodes to 21146.

Object names  Objects/Maxobjs  Memory / Maxmem  Fullness
------------  ---------------  ---------------  --------
models            285/512        18240/32768    (55.7%)
planes           9958/32768     199160/655360   (30.4%)
vertexes        37636/65535     451632/786420   (57.4%)
nodes           14104/32767     338496/786408   (43.0%)
texinfos         7229/32767     289160/1310680  (22.1%)
faces           22809/65535     456180/1310700  (34.8%)
* worldfaces    19506/32768          0/0        (59.5%)
clipnodes       21146/32767     169168/262136   (64.5%)
leaves           9217/32760     258076/917280   (28.1%)
* worldleaves    6636/8192           0/0        (81.0%)
marksurfaces    35647/65535      71294/131070   (54.4%)
surfedges      107679/512000    430716/2048000  (21.0%)
edges           61276/256000    245104/1024000  (23.9%)
texdata          [variable]      12292/33554432 ( 0.0%)
lightdata        [variable]          0/50331648 ( 0.0%)
visdata          [variable]          0/8388608  ( 0.0%)
entdata          [variable]     137313/2097152  ( 6.5%)
* AllocBlock       38/64             0/0        (59.4%)
254 textures referenced
=== Total BSP file data space used: 3076831 bytes ===
Wad files required to run the map: "czcs_office.wad;czde_fastline.wad;deepmind2_ny.wad;halflife.wad;"
12.96 seconds elapsed

-----   END   hlbsp -----



hlvis v3.4 v0.1 64-bit (Mar  9 2020)
Seedee's Half-Life Tools v0.1
Based on code modifications by vluzacn
Based on code modifications by Sean 'Zoner' Cavanaugh
Based on Valve's version, modified with permission.
Submit detailed bug reports to (cdaniel9000@gmail.com)
-----  BEGIN  hlvis -----
Command line: "C:\Users\Ezry.000\Desktop\HALF LIFE 1 MAPPING\COMPILE TOOLS\sdHLVIS_x64.exe" "C:\Program Files (x86)\Steam\steamapps\common\Half-Life\KEA1989\maps\of02" -estimate -chart 
Arguments: "C:\Program Files (x86)\Steam\steamapps\common\Half-Life\KEA1989\maps\of02" -estimate -chart -low 
 410 portalleafs
 680 numportals

-= Current hlvis Settings =-
Name               |  Setting  |  Default
-------------------|-----------|-------------------------
threads             [       6 ] [  Varies ]
verbose             [     off ] [     off ]
log                 [      on ] [      on ]
developer           [       0 ] [       0 ]
chart               [      on ] [     off ]
estimate            [      on ] [     off ]
max texture memory  [ 33554432 ] [ 33554432 ]
max vis distance    [       0 ] [       0 ]
priority            [     Low ] [  Normal ]

fast vis            [     off ] [     off ]
full vis            [     off ] [     off ]


BasePortalVis:
 (0.06 seconds)
LeafThread:
 (0.08 seconds)
average leafs visible: 41
g_visdatasize:66958  compressed from 21320

Object names  Objects/Maxobjs  Memory / Maxmem  Fullness
------------  ---------------  ---------------  --------
models            285/512        18240/32768    (55.7%)
planes           9958/32768     199160/655360   (30.4%)
vertexes        37636/65535     451632/786420   (57.4%)
nodes           14104/32767     338496/786408   (43.0%)
texinfos         7229/32767     289160/1310680  (22.1%)
faces           22809/65535     456180/1310700  (34.8%)
* worldfaces    19506/32768          0/0        (59.5%)
clipnodes       21146/32767     169168/262136   (64.5%)
leaves           9217/32760     258076/917280   (28.1%)
* worldleaves    6636/8192           0/0        (81.0%)
marksurfaces    35647/65535      71294/131070   (54.4%)
surfedges      107679/512000    430716/2048000  (21.0%)
edges           61276/256000    245104/1024000  (23.9%)
texdata          [variable]      12292/33554432 ( 0.0%)
lightdata        [variable]          0/50331648 ( 0.0%)
visdata          [variable]      66958/8388608  ( 0.8%)
entdata          [variable]     137313/2097152  ( 6.5%)
* AllocBlock       38/64             0/0        (59.4%)
254 textures referenced
=== Total BSP file data space used: 3143789 bytes ===
Wad files required to run the map: "czcs_office.wad;czde_fastline.wad;deepmind2_ny.wad;halflife.wad;"
0.35 seconds elapsed

-----   END   hlvis -----



hlrad v3.4 v0.1 64-bit (Mar  9 2020)
Seedee's Half-Life Tools v0.1
Based on code modifications by vluzacn
Based on code modifications by Sean 'Zoner' Cavanaugh
Based on Valve's version, modified with permission.
Submit detailed bug reports to (cdaniel9000@gmail.com)
-----  BEGIN  hlrad -----
Command line: "C:\Users\Ezry.000\Desktop\HALF LIFE 1 MAPPING\COMPILE TOOLS\sdHLRAD_x64.exe" "C:\Program Files (x86)\Steam\steamapps\common\Half-Life\KEA1989\maps\of02" -estimate -chart -smooth 75 -texlightgap 10 
Arguments: "C:\Program Files (x86)\Steam\steamapps\common\Half-Life\KEA1989\maps\of02" -estimate -chart -smooth 75 -texlightgap 10 -low 

-= Current hlrad Settings =-
Name                | Setting             | Default
--------------------|---------------------|-------------------------
threads              [                 6 ] [            Varies ]
verbose              [               off ] [               off ]
log                  [                on ] [                on ]
developer            [                 0 ] [                 0 ]
chart                [                on ] [               off ]
estimate             [                on ] [               off ]
max texture memory   [          33554432 ] [          33554432 ]
max lighting memory  [          50331648 ] [          50331648 ]
priority             [               Low ] [            Normal ]

fast rad             [               off ] [               off ]
vismatrix algorithm  [            Sparse ] [            Sparse ]
oversampling (-extra)[               off ] [               off ]
bounces              [                 8 ] [                 8 ]
ambient light        [ 0.000 0.000 0.000 ] [ 0.000 0.000 0.000 ]
light limit threshold[           188.000 ] [           188.000 ]
circus mode          [               off ] [               off ]

smoothing threshold  [            75.000 ] [            50.000 ]
smoothing threshold 2[         no change ] [         no change ]
direct threshold     [            10.000 ] [            10.000 ]
direct light scale   [             1.000 ] [             1.000 ]
coring threshold     [             0.010 ] [             0.010 ]
patch interpolation  [                on ] [                on ]

texscale             [                on ] [                on ]
patch subdividing    [                on ] [                on ]
chop value           [            64.000 ] [            64.000 ]
texchop value        [            32.000 ] [            32.000 ]

global fade          [             1.000 ] [             1.000 ]
global texlight gap  [            10.000 ] [             0.000 ]
global light scale   [ 2.000 2.000 2.000 ] [ 2.000 2.000 2.000 ]
global gamma         [ 0.550 0.550 0.550 ] [ 0.550 0.550 0.550 ]
global light scale   [             2.000 ] [             2.000 ]
global sky diffusion [             1.000 ] [             1.000 ]

spread angles        [                on ] [                on ]
opaque entities      [                on ] [                on ]
sky lighting fix     [                on ] [                on ]
incremental          [               off ] [               off ]
dump                 [               off ] [               off ]

colour jitter        [       0.0 0.0 0.0 ] [       0.0 0.0 0.0 ]
monochromatic jitter [       0.0 0.0 0.0 ] [       0.0 0.0 0.0 ]

custom shadows with bounce light
                     [               off ] [               off ]
rgb transfers        [               off ] [               off ]
minimum final light  [                 0 ] [                 0 ]
size of transfer     [         1 (16bit) ] [         1 (16bit) ]
size of rgbtransfer  [         2 (32bit) ] [         2 (32bit) ]
soft sky             [                on ] [                on ]
translucent depth    [             2.000 ] [             2.000 ]
block opaque         [                on ] [                on ]
ignore textures      [               off ] [               off ]
reflectivity gamma   [             1.760 ] [             1.760 ]
reflectivity scale   [             0.700 ] [             0.700 ]
blur size            [             1.500 ] [             1.500 ]
no emitter range     [               off ] [               off ]
wall bleeding fix    [                on ] [                on ]


Load Textures:
Using Wadfile: C:\Program Files (x86)\Steam\steamapps\common\Half-Life\KEA1989\maps\of02.wa_
254 textures referenced
Reading texlights from 'C:\Users\Ezry.000\Desktop\HALF LIFE 1 MAPPING\COMPILE TOOLS\lights.rad'
0 opaque models
0 opaque faces
22809 faces
Create Patches : 50612 base patches
292424 square feet [42109080.00 square inches]
4202 direct lights and 16386 fast direct lights
2 light styles

FindFacePositions:
 (8.59 seconds)
BuildFacelights:
 (198.16 seconds)
BuildVisLeafs:
 (52.22 seconds)
visibility matrix   :  16.9 megs
MakeScales:
 (66.17 seconds)
Transfer Lists :    31418732 :    31.42M transfers
       Indices :    33968512 :    32.39M bytes
          Data :    62984842 :    60.07M bytes
Bounce 1 GatherLight:
 (2.71 seconds)
Bounce 2 GatherLight:
 (2.44 seconds)
Bounce 3 GatherLight:
 (2.12 seconds)
Bounce 4 GatherLight:
 (2.30 seconds)
Bounce 5 GatherLight:
 (2.07 seconds)
Bounce 6 GatherLight:
 (1.99 seconds)
Bounce 7 GatherLight:
 (1.83 seconds)
Bounce 8 GatherLight:
 (1.80 seconds)
CreateTriangulations:
 (0.96 seconds)
AddPatchLights:
 (6.82 seconds)
FinalLightFace:
 (0.58 seconds)

Object names  Objects/Maxobjs  Memory / Maxmem  Fullness
------------  ---------------  ---------------  --------
models            285/512        18240/32768    (55.7%)
planes           9958/32768     199160/655360   (30.4%)
vertexes        37636/65535     451632/786420   (57.4%)
nodes           14104/32767     338496/786408   (43.0%)
texinfos         7229/32767     289160/1310680  (22.1%)
faces           22809/65535     456180/1310700  (34.8%)
* worldfaces    19506/32768          0/0        (59.5%)
clipnodes       21146/32767     169168/262136   (64.5%)
leaves           9217/32760     258076/917280   (28.1%)
* worldleaves    6636/8192           0/0        (81.0%)
marksurfaces    35647/65535      71294/131070   (54.4%)
surfedges      107679/512000    430716/2048000  (21.0%)
edges           61276/256000    245104/1024000  (23.9%)
texdata          [variable]      12292/33554432 ( 0.0%)
lightdata        [variable]    1660416/50331648 ( 3.3%)
visdata          [variable]      66958/8388608  ( 0.8%)
entdata          [variable]     137313/2097152  ( 6.5%)
* AllocBlock       38/64             0/0        (59.4%)
254 textures referenced
=== Total BSP file data space used: 4804205 bytes ===
Wad files required to run the map: "czcs_office.wad;czde_fastline.wad;deepmind2_ny.wad;halflife.wad;"
352.82 seconds elapsed [5m 52s]

-----   END   hlrad -----



