250
407
1
1
1
1
1
1
1
1
10
19
1
1
3
1
2
49
1
1
1
1
7
16
1
1
33
44
1
2
55
1
49
1
1
1
6
36
1
38
1
3
1
23
6
9
69
3
32
1
1
3
47
2
1
3
1
1
11
3
7
3
3
1
1
1
13
1
3
12
1
1
11
1
9
7
1
1
1
74
8
1
5
1
46
3
92
3
1
1
6
3
4
62
1
1
1
6
63
3
3
30
1
3
38
3
12
1
1
1
2
1
12
7
3
1
1
1
1
1
6
23
1
1
2
2
1
1
3
8
1
1
1
8
1
14
4
1
1
8
1
70
1
7
1
1
1
13
43
1
1
1
1
32
11
1
3
4
4
1
1
1
4
40
4
1
1
1
1
4
1
25
1
1
1
1
11
1
1
68
88
23
2
1
25
51
4
1
1
4
4
3
21
3
8
35
1
10
1
1
3
48
5
16
1
3
3
1
1
1
53
5
5
1
2
1
2
1
77
1
1
1
3
127
1
70
4
1
7
1
4
1
3
10
5
1
5
8
3
1
1
1
1
1
7
15
2
3
10
3
13
2
4 0 8 (1200.000000 2256.000000 -64.000000) (1200.000000 2096.000000 -64.000000) (1200.000000 2096.000000 64.000000) (1200.000000 2256.000000 64.000000) 
4 1 113 (2176.000000 1656.000000 -64.000000) (2040.000000 1656.000000 -64.000000) (2040.000000 1664.000000 -64.000000) (2176.000000 1664.000000 -64.000000) 
4 1 14 (2112.000000 1656.000000 376.000000) (2112.000000 1656.000000 384.000000) (2040.000000 1656.000000 384.000000) (2040.000000 1656.000000 376.000000) 
4 1 13 (2112.000000 1656.000000 -64.000000) (2176.000000 1656.000000 -64.000000) (2176.000000 1656.000000 384.000000) (2112.000000 1656.000000 384.000000) 
4 2 15 (1984.000000 1656.000000 64.000000) (1984.000000 1656.000000 192.000000) (1824.000000 1656.000000 192.000000) (1824.000000 1656.000000 64.000000) 
4 3 15 (1760.000000 1656.000000 192.000000) (1536.000000 1656.000000 192.000000) (1536.000000 1656.000000 64.000000) (1760.000000 1656.000000 64.000000) 
4 4 15 (1408.000000 1656.000000 192.000000) (1216.000000 1656.000000 192.000000) (1216.000000 1656.000000 64.000000) (1408.000000 1656.000000 64.000000) 
4 5 114 (1984.000000 1656.000000 -64.000000) (1824.000000 1656.000000 -64.000000) (1824.000000 1663.000000 -64.000000) (1984.000000 1663.000000 -64.000000) 
4 5 15 (1824.000000 1656.000000 -64.000000) (1984.000000 1656.000000 -64.000000) (1984.000000 1656.000000 -0.000000) (1824.000000 1656.000000 0.000000) 
4 6 115 (1760.000000 1656.000000 -64.000000) (1536.000000 1656.000000 -64.000000) (1536.000000 1663.000000 -64.000000) (1760.000000 1663.000000 -64.000000) 
4 6 15 (1536.000000 1656.000000 -64.000000) (1760.000000 1656.000000 -64.000000) (1760.000000 1656.000000 0.000000) (1536.000000 1656.000000 0.000000) 
4 7 116 (1408.000000 1656.000000 -64.000000) (1216.000000 1656.000000 -64.000000) (1216.000000 1663.000000 -64.000000) (1408.000000 1663.000000 -64.000000) 
4 7 15 (1216.000000 1656.000000 -64.000000) (1408.000000 1656.000000 -64.000000) (1408.000000 1656.000000 0.000000) (1216.000000 1656.000000 0.000000) 
4 8 12 (560.000000 2096.000000 -64.000000) (720.000000 2096.000000 -64.000000) (720.000000 2096.000000 64.000000) (560.000000 2096.000000 64.000000) 
4 8 9 (1040.000000 2096.000000 -64.000000) (1200.000000 2096.000000 -64.000000) (1200.000000 2096.000000 40.000000) (1040.000000 2096.000000 40.000000) 
4 10 15 (1152.000000 1656.000000 64.000000) (1152.000000 1656.000000 192.000000) (976.000000 1656.000000 192.000000) (976.000000 1656.000000 64.000000) 
4 11 130 (1152.000000 1656.000000 -64.000000) (976.000000 1656.000000 -64.000000) (976.000000 1663.000000 -64.000000) (1152.000000 1663.000000 -64.000000) 
4 11 15 (976.000000 1656.000000 -64.000000) (1152.000000 1656.000000 -64.000000) (1152.000000 1656.000000 -0.000000) (976.000000 1656.000000 -0.000000) 
4 12 20 (560.000000 1872.000000 -64.000000) (560.000000 1712.000000 -64.000000) (560.000000 1712.000000 64.000000) (560.000000 1872.000000 64.000000) 
4 13 125 (2176.000000 256.000000 -64.000000) (2176.000000 176.000000 -64.000000) (2112.000000 176.000000 -64.000000) (2112.000000 256.000000 -64.000000) 
4 13 121 (2176.000000 1024.000000 -64.000000) (2176.000000 256.000000 -64.000000) (2112.000000 256.000000 -64.000000) (2112.000000 1024.000000 -64.000000) 
4 13 117 (2112.000000 1656.000000 -64.000000) (2176.000000 1656.000000 -64.000000) (2176.000000 1024.000000 -64.000000) (2112.000000 1024.000000 -64.000000) 
4 13 16 (2112.000000 176.000000 -64.000000) (2176.000000 176.000000 -64.000000) (2176.000000 176.000000 384.000000) (2112.000000 176.000000 384.000000) 
4 13 14 (2112.000000 176.000000 376.000000) (2112.000000 176.000000 384.000000) (2112.000000 1656.000000 384.000000) (2112.000000 1656.000000 376.000000) 
4 14 17 (2112.000000 176.000000 376.000000) (2112.000000 176.000000 384.000000) (920.000000 176.000000 384.000000) (920.000000 176.000000 376.000000) 
4 15 141 (1152.000000 192.000000 -64.000000) (1152.000000 176.000000 -64.000000) (920.000000 176.000000 -64.000000) (920.000000 192.000000 -64.000000) 
4 15 135 (1152.000000 768.000000 -64.000000) (1152.000000 192.000000 -64.000000) (920.000000 192.000000 -64.000000) (920.000000 768.000000 -64.000000) 
4 15 131 (920.000000 1656.000000 -64.000000) (1152.000000 1656.000000 -64.000000) (1152.000000 768.000000 -64.000000) (920.000000 768.000000 -64.000000) 
4 15 127 (1536.000000 176.000000 -64.000000) (1152.000000 176.000000 -64.000000) (1152.000000 256.000000 -64.000000) (1536.000000 256.000000 -64.000000) 
4 15 126 (2112.000000 256.000000 -64.000000) (2112.000000 176.000000 -64.000000) (1536.000000 176.000000 -64.000000) (1536.000000 256.000000 -64.000000) 
4 15 123 (2048.000000 256.000000 -64.000000) (1152.000000 256.000000 -64.000000) (1152.000000 1024.000000 -64.000000) (2048.000000 1024.000000 -64.000000) 
4 15 122 (2112.000000 1024.000000 -64.000000) (2112.000000 256.000000 -64.000000) (2048.000000 256.000000 -64.000000) (2048.000000 1024.000000 -64.000000) 
4 15 119 (1152.000000 1656.000000 -64.000000) (1536.000000 1656.000000 -64.000000) (1536.000000 1024.000000 -64.000000) (1152.000000 1024.000000 -64.000000) 
4 15 118 (1536.000000 1656.000000 -64.000000) (2112.000000 1656.000000 -64.000000) (2112.000000 1024.000000 -64.000000) (1536.000000 1024.000000 -64.000000) 
4 15 18 (920.000000 176.000000 -64.000000) (2112.000000 176.000000 -64.000000) (2112.000000 176.000000 376.000000) (920.000000 176.000000 376.000000) 
4 16 128 (2176.000000 -376.000000 -64.000000) (2176.000000 -384.000000 -64.000000) (2112.000000 -384.000000 -64.000000) (2112.000000 -376.000000 -64.000000) 
4 16 125 (2112.000000 176.000000 -64.000000) (2176.000000 176.000000 -64.000000) (2176.000000 -376.000000 -64.000000) (2112.000000 -376.000000 -64.000000) 
4 16 19 (2112.000000 -384.000000 -64.000000) (2112.000000 -384.000000 376.000000) (2112.000000 -376.000000 376.000000) (2112.000000 -376.000000 -64.000000) 
4 16 17 (2112.000000 -384.000000 376.000000) (2112.000000 -384.000000 384.000000) (2112.000000 176.000000 384.000000) (2112.000000 176.000000 376.000000) 
4 17 19 (2112.000000 -384.000000 376.000000) (920.000000 -384.000000 376.000000) (920.000000 -376.000000 376.000000) (2112.000000 -376.000000 376.000000) 
4 18 141 (920.000000 -376.000000 -64.000000) (920.000000 176.000000 -64.000000) (1152.000000 176.000000 -64.000000) (1152.000000 -376.000000 -64.000000) 
4 18 127 (1152.000000 176.000000 -64.000000) (1536.000000 176.000000 -64.000000) (1536.000000 -376.000000 -64.000000) (1152.000000 -376.000000 -64.000000) 
4 18 126 (1536.000000 176.000000 -64.000000) (2112.000000 176.000000 -64.000000) (2112.000000 -376.000000 -64.000000) (1536.000000 -376.000000 -64.000000) 
4 19 142 (920.000000 -384.000000 -64.000000) (920.000000 -376.000000 -64.000000) (1152.000000 -376.000000 -64.000000) (1152.000000 -384.000000 -64.000000) 
4 19 128 (1152.000000 -376.000000 -64.000000) (2112.000000 -376.000000 -64.000000) (2112.000000 -384.000000 -64.000000) (1152.000000 -384.000000 -64.000000) 
4 20 21 (80.000000 1856.000000 -64.000000) (80.000000 1728.000000 -64.000000) (80.000000 1728.000000 48.000000) (80.000000 1856.000000 48.000000) 
4 21 22 (32.000000 1856.000000 -64.000000) (32.000000 1728.000000 -64.000000) (32.000000 1728.000000 48.000000) (32.000000 1856.000000 48.000000) 
4 22 65 (-96.000000 1712.000000 -64.000000) (-96.000000 1680.000000 -64.000000) (-96.000000 1680.000000 64.000000) (-96.000000 1712.000000 64.000000) 
4 22 64 (-96.000000 1680.000000 64.000000) (-96.000000 1680.000000 128.000000) (-96.000000 1712.000000 128.000000) (-96.000000 1712.000000 64.000000) 
4 22 56 (-96.000000 1936.000000 -64.000000) (-96.000000 1712.000000 -64.000000) (-96.000000 1712.000000 128.000000) (-96.000000 1936.000000 128.000000) 
4 23 25 (160.000000 1344.000000 -64.000000) (160.000000 1272.000000 -64.000000) (160.000000 1272.000000 36.000000) (160.000000 1344.000000 36.000000) 
4 24 31 (160.000000 1040.000000 -64.000000) (320.000000 1040.000000 -64.000000) (320.000000 1040.000000 96.000000) (160.000000 1040.000000 96.000000) 
4 24 25 (160.000000 1200.000000 -64.000000) (160.000000 1040.000000 -64.000000) (160.000000 1040.000000 96.000000) (160.000000 1200.000000 96.000000) 
4 25 26 (0.000000 1304.000000 16.000000) (0.000000 1352.000000 16.000000) (0.000000 1352.000000 -48.000000) (0.000000 1304.000000 -48.000000) 
4 26 27 (-16.000000 1304.000000 16.000000) (-16.000000 1352.000000 16.000000) (-16.000000 1352.000000 -48.000000) (-16.000000 1304.000000 -48.000000) 
4 27 28 (-32.000000 1368.000000 -64.000000) (-32.000000 1288.000000 -64.000000) (-32.000000 1288.000000 48.000000) (-32.000000 1368.000000 48.000000) 
4 28 70 (-96.000000 1360.000000 -64.000000) (-96.000000 1040.000000 -64.000000) (-96.000000 1040.000000 128.000000) (-96.000000 1360.000000 128.000000) 
4 28 68 (-96.000000 1424.000000 -64.000000) (-96.000000 1360.000000 -64.000000) (-96.000000 1360.000000 128.000000) (-96.000000 1424.000000 128.000000) 
4 29 30 (352.000000 864.000000 -64.000000) (352.000000 792.000000 -64.000000) (352.000000 792.000000 36.000000) (352.000000 864.000000 36.000000) 
4 30 34 (320.000000 848.000000 -64.000000) (320.000000 768.000000 -64.000000) (320.000000 768.000000 64.000000) (320.000000 848.000000 64.000000) 
4 30 32 (320.000000 912.000000 -64.000000) (320.000000 848.000000 -64.000000) (320.000000 848.000000 64.000000) (320.000000 912.000000 64.000000) 
4 30 31 (320.000000 1024.000000 -64.000000) (320.000000 912.000000 -64.000000) (320.000000 912.000000 64.000000) (320.000000 1024.000000 64.000000) 
4 31 32 (160.000000 912.000000 -64.000000) (320.000000 912.000000 -64.000000) (320.000000 912.000000 96.000000) (160.000000 912.000000 96.000000) 
4 32 33 (320.000000 848.000000 64.000000) (320.000000 848.000000 96.000000) (112.000000 848.000000 96.000000) (112.000000 848.000000 64.000000) 
4 32 34 (112.000000 848.000000 -64.000000) (320.000000 848.000000 -64.000000) (320.000000 848.000000 64.000000) (112.000000 848.000000 64.000000) 
4 33 35 (320.000000 720.000000 64.000000) (320.000000 720.000000 96.000000) (112.000000 720.000000 96.000000) (112.000000 720.000000 64.000000) 
4 33 34 (112.000000 848.000000 64.000000) (320.000000 848.000000 64.000000) (320.000000 720.000000 64.000000) (112.000000 720.000000 64.000000) 
4 34 36 (40.000000 820.000000 -64.000000) (40.000000 748.000000 -64.000000) (40.000000 748.000000 36.000000) (40.000000 820.000000 36.000000) 
4 34 35 (112.000000 720.000000 -64.000000) (320.000000 720.000000 -64.000000) (320.000000 720.000000 64.000000) (112.000000 720.000000 64.000000) 
4 36 37 (32.000000 820.000000 -64.000000) (32.000000 748.000000 -64.000000) (32.000000 748.000000 36.000000) (32.000000 820.000000 36.000000) 
4 37 84 (-96.000000 912.000000 -64.000000) (-96.000000 528.000000 -64.000000) (-96.000000 528.000000 128.000000) (-96.000000 912.000000 128.000000) 
4 38 41 (544.000000 -4.000000 -64.000000) (544.000000 -68.000000 -64.000000) (544.000000 -68.000000 52.000000) (544.000000 -4.000000 52.000000) 
4 39 41 (544.000000 -76.000000 -64.000000) (544.000000 -148.000000 -64.000000) (544.000000 -148.000000 36.000000) (544.000000 -76.000000 36.000000) 
4 40 47 (544.000000 -256.000000 -64.000000) (552.000000 -256.000000 -64.000000) (552.000000 -256.000000 64.000000) (544.000000 -256.000000 64.000000) 
4 40 41 (544.000000 -202.000000 -64.000000) (544.000000 -256.000000 -64.000000) (544.000000 -256.000000 64.000000) (544.000000 -202.000000 64.000000) 
4 41 50 (416.000000 -256.000000 -64.000000) (544.000000 -256.000000 -64.000000) (544.000000 -256.000000 64.000000) (416.000000 -256.000000 64.000000) 
4 41 44 (416.000000 176.000000 -64.000000) (416.000000 -256.000000 -64.000000) (416.000000 -256.000000 64.000000) (416.000000 176.000000 64.000000) 
4 42 172 (32.000000 528.000000 -64.000000) (320.000000 528.000000 -64.000000) (320.000000 496.000000 -64.000000) (32.000000 496.000000 -64.000000) 
4 42 43 (32.000000 496.000000 -64.000000) (320.000000 496.000000 -64.000000) (320.000000 496.000000 128.000000) (32.000000 496.000000 128.000000) 
5 43 177 (416.000000 432.000000 -64.000000) (416.000000 176.000000 -64.000000) (176.000000 176.000000 -64.000000) (-64.000000 336.000000 -64.000000) (-64.000000 432.000000 -64.000000) 
4 43 173 (-64.000000 496.000000 -64.000000) (32.000000 496.000000 -64.000000) (32.000000 432.000000 -64.000000) (-64.000000 432.000000 -64.000000) 
4 43 171 (320.000000 496.000000 -64.000000) (416.000000 496.000000 -64.000000) (416.000000 432.000000 -64.000000) (320.000000 432.000000 -64.000000) 
4 43 172 (32.000000 496.000000 -64.000000) (320.000000 496.000000 -64.000000) (320.000000 432.000000 -64.000000) (32.000000 432.000000 -64.000000) 
4 43 45 (-64.000000 496.000000 96.000000) (-64.000000 496.000000 -64.000000) (-64.000000 176.000000 -64.000000) (-64.000000 176.000000 96.000000) 
4 43 44 (-64.000000 176.000000 -64.000000) (416.000000 176.000000 -64.000000) (416.000000 176.000000 128.000000) (-64.000000 176.000000 128.000000) 
4 44 179 (416.000000 -176.000000 -64.000000) (416.000000 -256.000000 -64.000000) (-64.000000 -256.000000 -64.000000) (-64.000000 144.000000 -64.000000) 
3 44 177 (416.000000 176.000000 -64.000000) (416.000000 16.000000 -64.000000) (176.000000 176.000000 -64.000000) 
4 44 50 (-64.000000 -256.000000 -64.000000) (416.000000 -256.000000 -64.000000) (416.000000 -256.000000 64.000000) (-64.000000 -256.000000 64.000000) 
4 44 46 (416.000000 -256.000000 64.000000) (416.000000 -256.000000 256.000000) (-64.000000 -256.000000 256.000000) (-64.000000 -256.000000 64.000000) 
4 44 45 (-64.000000 176.000000 -64.000000) (-64.000000 16.000000 -64.000000) (-64.000000 16.000000 96.000000) (-64.000000 176.000000 96.000000) 
4 45 88 (-96.000000 496.000000 -64.000000) (-96.000000 16.000000 -64.000000) (-96.000000 16.000000 96.000000) (-96.000000 496.000000 96.000000) 
4 46 50 (-64.000000 -624.000000 64.000000) (-64.000000 -256.000000 64.000000) (416.000000 -256.000000 64.000000) (416.000000 -624.000000 64.000000) 
4 47 50 (544.000000 -336.000000 64.000000) (544.000000 -256.000000 64.000000) (544.000000 -256.000000 -64.000000) (544.000000 -336.000000 -64.000000) 
4 48 50 (544.000000 -388.000000 52.000000) (544.000000 -388.000000 -64.000000) (544.000000 -452.000000 -64.000000) (544.000000 -452.000000 52.000000) 
4 49 50 (544.000000 -460.000000 -64.000000) (544.000000 -532.000000 -64.000000) (544.000000 -532.000000 36.000000) (544.000000 -460.000000 36.000000) 
4 50 182 (-64.000000 -624.000000 -64.000000) (-64.000000 -496.000000 -64.000000) (432.000000 -496.000000 -64.000000) (432.000000 -624.000000 -64.000000) 
4 50 180 (-64.000000 -496.000000 -64.000000) (-64.000000 -492.000000 -64.000000) (416.000000 -492.000000 -64.000000) (416.000000 -496.000000 -64.000000) 
4 50 179 (-64.000000 -492.000000 -64.000000) (-64.000000 -256.000000 -64.000000) (416.000000 -256.000000 -64.000000) (416.000000 -492.000000 -64.000000) 
4 50 54 (-64.000000 -268.000000 -12.000000) (-64.000000 -372.000000 -12.000000) (-64.000000 -372.000000 52.000000) (-64.000000 -268.000000 52.000000) 
4 50 53 (6.000000 -752.000000 -64.000000) (78.000000 -752.000000 -64.000000) (78.000000 -752.000000 36.000000) (6.000000 -752.000000 36.000000) 
4 50 52 (86.000000 -752.000000 -64.000000) (150.000000 -752.000000 -64.000000) (150.000000 -752.000000 52.000000) (86.000000 -752.000000 52.000000) 
4 50 51 (202.000000 -752.000000 -64.000000) (336.000000 -752.000000 -64.000000) (336.000000 -752.000000 64.000000) (202.000000 -752.000000 64.000000) 
4 54 55 (-72.000000 -372.000000 -12.000000) (-72.000000 -372.000000 52.000000) (-72.000000 -268.000000 52.000000) (-72.000000 -268.000000 -12.000000) 
4 55 95 (-96.000000 -384.000000 -48.000000) (-96.000000 -384.000000 88.000000) (-96.000000 -256.000000 88.000000) (-96.000000 -256.000000 -48.000000) 
4 56 67 (-352.000000 1712.000000 -64.000000) (-272.000000 1712.000000 -64.000000) (-272.000000 1712.000000 64.000000) (-352.000000 1712.000000 64.000000) 
4 56 66 (-272.000000 1712.000000 -64.000000) (-176.000000 1712.000000 -64.000000) (-176.000000 1712.000000 64.000000) (-272.000000 1712.000000 64.000000) 
4 56 65 (-176.000000 1712.000000 -64.000000) (-96.000000 1712.000000 -64.000000) (-96.000000 1712.000000 64.000000) (-176.000000 1712.000000 64.000000) 
4 56 64 (-96.000000 1712.000000 64.000000) (-96.000000 1712.000000 128.000000) (-352.000000 1712.000000 128.000000) (-352.000000 1712.000000 64.000000) 
4 56 57 (-352.000000 1856.000000 -64.000000) (-352.000000 1728.000000 -64.000000) (-352.000000 1728.000000 48.000000) (-352.000000 1856.000000 48.000000) 
4 57 58 (-400.000000 1856.000000 -64.000000) (-400.000000 1728.000000 -64.000000) (-400.000000 1728.000000 48.000000) (-400.000000 1856.000000 48.000000) 
4 58 76 (-760.000000 1712.000000 -64.000000) (-648.000000 1712.000000 -64.000000) (-648.000000 1712.000000 52.000000) (-760.000000 1712.000000 52.000000) 
4 58 75 (-552.000000 1712.000000 -64.000000) (-488.000000 1712.000000 -64.000000) (-488.000000 1712.000000 52.000000) (-552.000000 1712.000000 52.000000) 
4 58 60 (-880.000000 1872.000000 -64.000000) (-880.000000 1712.000000 -64.000000) (-880.000000 1712.000000 64.000000) (-880.000000 1872.000000 64.000000) 
4 59 60 (-1040.000000 2128.000000 -64.000000) (-880.000000 2128.000000 -64.000000) (-880.000000 2128.000000 64.000000) (-1040.000000 2128.000000 64.000000) 
4 61 63 (-260.000000 1264.000000 160.000000) (-260.000000 1344.000000 160.000000) (-186.000000 1344.000000 160.000000) (-186.000000 1264.000000 160.000000) 
4 62 63 (-260.000000 1104.000000 160.000000) (-260.000000 1184.000000 160.000000) (-186.000000 1184.000000 160.000000) (-186.000000 1104.000000 160.000000) 
4 63 70 (-112.000000 1040.000000 128.000000) (-336.000000 1040.000000 128.000000) (-336.000000 1360.000000 128.000000) (-112.000000 1360.000000 128.000000) 
4 63 68 (-336.000000 1360.000000 128.000000) (-336.000000 1424.000000 128.000000) (-112.000000 1424.000000 128.000000) (-112.000000 1360.000000 128.000000) 
4 64 67 (-352.000000 1552.000000 64.000000) (-352.000000 1712.000000 64.000000) (-272.000000 1712.000000 64.000000) (-272.000000 1552.000000 64.000000) 
4 64 66 (-272.000000 1712.000000 64.000000) (-176.000000 1712.000000 64.000000) (-176.000000 1552.000000 64.000000) (-272.000000 1552.000000 64.000000) 
4 64 65 (-176.000000 1712.000000 64.000000) (-96.000000 1712.000000 64.000000) (-96.000000 1552.000000 64.000000) (-176.000000 1552.000000 64.000000) 
4 65 66 (-176.000000 1552.000000 64.000000) (-176.000000 1712.000000 64.000000) (-176.000000 1712.000000 -64.000000) (-176.000000 1552.000000 -64.000000) 
4 66 67 (-272.000000 1712.000000 64.000000) (-272.000000 1712.000000 -64.000000) (-272.000000 1552.000000 -64.000000) (-272.000000 1552.000000 64.000000) 
4 66 68 (-272.000000 1520.000000 -64.000000) (-176.000000 1520.000000 -64.000000) (-176.000000 1520.000000 64.000000) (-272.000000 1520.000000 64.000000) 
4 68 70 (-96.000000 1360.000000 -64.000000) (-96.000000 1360.000000 128.000000) (-352.000000 1360.000000 128.000000) (-352.000000 1360.000000 -64.000000) 
4 68 69 (-352.000000 1424.000000 -64.000000) (-352.000000 1360.000000 -64.000000) (-352.000000 1360.000000 128.000000) (-352.000000 1424.000000 128.000000) 
4 69 70 (-352.000000 1360.000000 128.000000) (-416.000000 1360.000000 128.000000) (-416.000000 1360.000000 -64.000000) (-352.000000 1360.000000 -64.000000) 
4 70 73 (-416.000000 1360.000000 64.000000) (-416.000000 1360.000000 -32.000000) (-416.000000 1104.000000 -32.000000) (-416.000000 1104.000000 64.000000) 
4 70 71 (-352.000000 1040.000000 -64.000000) (-96.000000 1040.000000 -64.000000) (-96.000000 1040.000000 128.000000) (-352.000000 1040.000000 128.000000) 
4 71 83 (-272.000000 944.000000 -64.000000) (-176.000000 944.000000 -64.000000) (-176.000000 944.000000 64.000000) (-272.000000 944.000000 64.000000) 
4 72 77 (-448.000000 1360.000000 104.000000) (-448.000000 1360.000000 64.000000) (-448.000000 1104.000000 64.000000) (-448.000000 1104.000000 104.000000) 
4 72 73 (-448.000000 1104.000000 64.000000) (-448.000000 1360.000000 64.000000) (-432.000000 1360.000000 64.000000) (-432.000000 1104.000000 64.000000) 
4 73 77 (-448.000000 1360.000000 64.000000) (-448.000000 1360.000000 -32.000000) (-448.000000 1104.000000 -32.000000) (-448.000000 1104.000000 64.000000) 
4 73 74 (-432.000000 1104.000000 -32.000000) (-448.000000 1104.000000 -32.000000) (-448.000000 1360.000000 -32.000000) (-432.000000 1360.000000 -32.000000) 
4 74 77 (-448.000000 1360.000000 -32.000000) (-448.000000 1360.000000 -64.000000) (-448.000000 1104.000000 -64.000000) (-448.000000 1104.000000 -32.000000) 
4 75 78 (-552.000000 1696.000000 -64.000000) (-496.000000 1696.000000 -64.000000) (-496.000000 1696.000000 52.000000) (-552.000000 1696.000000 52.000000) 
4 75 77 (-496.000000 1696.000000 -64.000000) (-488.000000 1696.000000 -64.000000) (-488.000000 1696.000000 52.000000) (-496.000000 1696.000000 52.000000) 
4 76 78 (-760.000000 1696.000000 -64.000000) (-648.000000 1696.000000 -64.000000) (-648.000000 1696.000000 52.000000) (-760.000000 1696.000000 52.000000) 
4 77 79 (-496.000000 1584.000000 -64.000000) (-496.000000 1040.000000 -64.000000) (-496.000000 1040.000000 104.000000) (-496.000000 1584.000000 104.000000) 
4 77 78 (-496.000000 1696.000000 104.000000) (-496.000000 1696.000000 -64.000000) (-496.000000 1584.000000 -64.000000) (-496.000000 1584.000000 104.000000) 
4 78 82 (-896.000000 1696.000000 -64.000000) (-896.000000 1584.000000 -64.000000) (-896.000000 1584.000000 104.000000) (-896.000000 1696.000000 104.000000) 
4 78 80 (-896.000000 1584.000000 104.000000) (-896.000000 1584.000000 -64.000000) (-576.000000 1584.000000 -64.000000) (-576.000000 1584.000000 104.000000) 
4 78 79 (-576.000000 1584.000000 -64.000000) (-496.000000 1584.000000 -64.000000) (-496.000000 1584.000000 104.000000) (-576.000000 1584.000000 104.000000) 
4 79 81 (-576.000000 1072.000000 -64.000000) (-576.000000 944.000000 -64.000000) (-576.000000 944.000000 104.000000) (-576.000000 1072.000000 104.000000) 
4 79 80 (-576.000000 1584.000000 104.000000) (-576.000000 1584.000000 -64.000000) (-576.000000 1072.000000 -64.000000) (-576.000000 1072.000000 104.000000) 
4 80 82 (-896.000000 1584.000000 -64.000000) (-896.000000 1072.000000 -64.000000) (-896.000000 1072.000000 104.000000) (-896.000000 1584.000000 104.000000) 
4 80 81 (-896.000000 1072.000000 104.000000) (-896.000000 1072.000000 -64.000000) (-576.000000 1072.000000 -64.000000) (-576.000000 1072.000000 104.000000) 
4 81 98 (-824.000000 944.000000 -64.000000) (-696.000000 944.000000 -64.000000) (-696.000000 944.000000 48.000000) (-824.000000 944.000000 48.000000) 
4 81 82 (-896.000000 1072.000000 -64.000000) (-896.000000 944.000000 -64.000000) (-896.000000 944.000000 104.000000) (-896.000000 1072.000000 104.000000) 
4 83 84 (-272.000000 912.000000 -64.000000) (-176.000000 912.000000 -64.000000) (-176.000000 912.000000 64.000000) (-272.000000 912.000000 64.000000) 
4 84 85 (-256.000000 528.000000 -64.000000) (-128.000000 528.000000 -64.000000) (-128.000000 528.000000 64.000000) (-256.000000 528.000000 64.000000) 
4 85 88 (-256.000000 496.000000 -64.000000) (-128.000000 496.000000 -64.000000) (-128.000000 496.000000 64.000000) (-256.000000 496.000000 64.000000) 
4 86 99 (-640.000000 840.000000 -64.000000) (-640.000000 768.000000 -64.000000) (-640.000000 768.000000 36.000000) (-640.000000 840.000000 36.000000) 
4 87 99 (-640.000000 616.000000 -64.000000) (-640.000000 544.000000 -64.000000) (-640.000000 544.000000 36.000000) (-640.000000 616.000000 36.000000) 
4 88 90 (-320.000000 312.000000 -64.000000) (-320.000000 48.000000 -64.000000) (-320.000000 48.000000 64.000000) (-320.000000 312.000000 64.000000) 
4 88 89 (-320.000000 400.000000 -64.000000) (-320.000000 328.000000 -64.000000) (-320.000000 328.000000 36.000000) (-320.000000 400.000000 36.000000) 
4 89 91 (-352.000000 400.000000 -64.000000) (-352.000000 328.000000 -64.000000) (-352.000000 328.000000 36.000000) (-352.000000 400.000000 36.000000) 
4 90 91 (-352.000000 312.000000 -64.000000) (-352.000000 48.000000 -64.000000) (-352.000000 48.000000 64.000000) (-352.000000 312.000000 64.000000) 
4 91 92 (-512.000000 16.000000 -64.000000) (-448.000000 16.000000 -64.000000) (-448.000000 16.000000 -16.000000) (-512.000000 16.000000 -16.000000) 
4 92 93 (-512.000000 -80.000000 -16.000000) (-512.000000 -80.000000 -64.000000) (-448.000000 -80.000000 -64.000000) (-448.000000 -80.000000 -16.000000) 
4 93 94 (-320.000000 -160.000000 -64.000000) (-256.000000 -160.000000 -64.000000) (-256.000000 -160.000000 -16.000000) (-320.000000 -160.000000 -16.000000) 
4 94 95 (-320.000000 -208.000000 -64.000000) (-256.000000 -208.000000 -64.000000) (-256.000000 -208.000000 -16.000000) (-320.000000 -208.000000 -16.000000) 
4 95 108 (-640.000000 -208.000000 -64.000000) (-640.000000 -432.000000 -64.000000) (-640.000000 -432.000000 104.000000) (-640.000000 -208.000000 104.000000) 
4 95 96 (-512.000000 -432.000000 -64.000000) (-272.000000 -432.000000 -64.000000) (-272.000000 -432.000000 104.000000) (-512.000000 -432.000000 104.000000) 
4 96 97 (-456.000000 -752.000000 -64.000000) (-328.000000 -752.000000 -64.000000) (-328.000000 -752.000000 48.000000) (-456.000000 -752.000000 48.000000) 
4 98 99 (-824.000000 928.000000 -64.000000) (-696.000000 928.000000 -64.000000) (-696.000000 928.000000 48.000000) (-824.000000 928.000000 48.000000) 
4 99 101 (-824.000000 432.000000 -64.000000) (-696.000000 432.000000 -64.000000) (-696.000000 432.000000 48.000000) (-824.000000 432.000000 48.000000) 
4 99 100 (-880.000000 672.000000 -64.000000) (-880.000000 600.000000 -64.000000) (-880.000000 600.000000 36.000000) (-880.000000 672.000000 36.000000) 
4 101 102 (-824.000000 416.000000 -64.000000) (-696.000000 416.000000 -64.000000) (-696.000000 416.000000 48.000000) (-824.000000 416.000000 48.000000) 
4 102 104 (-864.000000 224.000000 -64.000000) (-640.000000 224.000000 -64.000000) (-640.000000 224.000000 104.000000) (-864.000000 224.000000 104.000000) 
4 102 103 (-1280.000000 384.000000 -64.000000) (-1280.000000 256.000000 -64.000000) (-1280.000000 256.000000 48.000000) (-1280.000000 384.000000 48.000000) 
4 104 110 (-816.000000 -192.000000 -64.000000) (-688.000000 -192.000000 -64.000000) (-688.000000 -192.000000 48.000000) (-816.000000 -192.000000 48.000000) 
4 104 105 (-864.000000 128.000000 -64.000000) (-864.000000 0.000000 -64.000000) (-864.000000 0.000000 64.000000) (-864.000000 128.000000 64.000000) 
4 105 106 (-872.000000 0.000000 64.000000) (-872.000000 128.000000 64.000000) (-872.000000 128.000000 -64.000000) (-872.000000 0.000000 -64.000000) 
4 106 107 (-880.000000 136.000000 -64.000000) (-880.000000 -8.000000 -64.000000) (-880.000000 -8.000000 72.000000) (-880.000000 136.000000 72.000000) 
4 107 240 (-1112.000000 184.000000 -64.000000) (-880.000000 184.000000 -64.000000) (-880.000000 -56.000000 -64.000000) (-1112.000000 -56.000000 -64.000000) 
4 108 109 (-688.000000 -432.000000 48.000000) (-688.000000 -432.000000 104.000000) (-688.000000 -208.000000 104.000000) (-688.000000 -208.000000 48.000000) 
4 108 110 (-688.000000 -208.000000 -64.000000) (-688.000000 -432.000000 -64.000000) (-688.000000 -432.000000 48.000000) (-688.000000 -208.000000 48.000000) 
4 109 111 (-816.000000 -432.000000 48.000000) (-816.000000 -432.000000 104.000000) (-816.000000 -208.000000 104.000000) (-816.000000 -208.000000 48.000000) 
4 109 110 (-816.000000 -432.000000 48.000000) (-816.000000 -208.000000 48.000000) (-688.000000 -208.000000 48.000000) (-688.000000 -432.000000 48.000000) 
4 110 111 (-816.000000 -208.000000 -64.000000) (-816.000000 -432.000000 -64.000000) (-816.000000 -432.000000 48.000000) (-816.000000 -208.000000 48.000000) 
4 111 112 (-1152.000000 -256.000000 -64.000000) (-1152.000000 -384.000000 -64.000000) (-1152.000000 -384.000000 48.000000) (-1152.000000 -256.000000 48.000000) 
4 113 117 (2176.000000 1656.000000 -64.000000) (2112.000000 1656.000000 -64.000000) (2112.000000 1656.000000 -640.000000) (2176.000000 1656.000000 -640.000000) 
4 114 118 (1984.000000 1656.000000 -64.000000) (1824.000000 1656.000000 -64.000000) (1824.000000 1656.000000 -128.000000) (1984.000000 1656.000000 -128.000000) 
4 115 118 (1760.000000 1656.000000 -64.000000) (1536.000000 1656.000000 -64.000000) (1536.000000 1656.000000 -128.000000) (1760.000000 1656.000000 -128.000000) 
4 116 119 (1408.000000 1656.000000 -64.000000) (1216.000000 1656.000000 -64.000000) (1216.000000 1656.000000 -128.000000) (1408.000000 1656.000000 -128.000000) 
4 117 121 (2112.000000 1024.000000 -640.000000) (2176.000000 1024.000000 -640.000000) (2176.000000 1024.000000 -64.000000) (2112.000000 1024.000000 -64.000000) 
4 118 123 (2048.000000 1024.000000 -384.000000) (2048.000000 1024.000000 -64.000000) (1536.000000 1024.000000 -64.000000) (1536.000000 1024.000000 -384.000000) 
4 118 122 (2048.000000 1024.000000 -640.000000) (2112.000000 1024.000000 -640.000000) (2112.000000 1024.000000 -64.000000) (2048.000000 1024.000000 -64.000000) 
4 118 119 (1536.000000 1656.000000 -64.000000) (1536.000000 1656.000000 -384.000000) (1536.000000 1024.000000 -384.000000) (1536.000000 1024.000000 -64.000000) 
4 119 131 (1152.000000 1024.000000 -64.000000) (1152.000000 1656.000000 -64.000000) (1152.000000 1656.000000 -384.000000) (1152.000000 1024.000000 -384.000000) 
4 119 123 (1152.000000 1024.000000 -64.000000) (1152.000000 1024.000000 -384.000000) (1536.000000 1024.000000 -384.000000) (1536.000000 1024.000000 -64.000000) 
4 120 124 (1536.000000 1024.000000 -648.000000) (2112.000000 1024.000000 -648.000000) (2112.000000 1024.000000 -640.000000) (1536.000000 1024.000000 -640.000000) 
4 121 125 (2176.000000 256.000000 -64.000000) (2112.000000 256.000000 -64.000000) (2112.000000 256.000000 -640.000000) (2176.000000 256.000000 -640.000000) 
4 122 126 (2112.000000 256.000000 -64.000000) (2048.000000 256.000000 -64.000000) (2048.000000 256.000000 -640.000000) (2112.000000 256.000000 -640.000000) 
4 122 123 (2048.000000 1024.000000 -64.000000) (2048.000000 1024.000000 -384.000000) (2048.000000 256.000000 -384.000000) (2048.000000 256.000000 -64.000000) 
4 123 138 (1152.000000 448.000000 -384.000000) (1152.000000 256.000000 -384.000000) (1152.000000 256.000000 -256.000000) (1152.000000 448.000000 -256.000000) 
4 123 137 (1152.000000 256.000000 -256.000000) (1152.000000 256.000000 -96.000000) (1152.000000 448.000000 -96.000000) (1152.000000 448.000000 -256.000000) 
4 123 136 (1152.000000 768.000000 -96.000000) (1152.000000 768.000000 -384.000000) (1152.000000 448.000000 -384.000000) (1152.000000 448.000000 -96.000000) 
4 123 135 (1152.000000 256.000000 -64.000000) (1152.000000 768.000000 -64.000000) (1152.000000 768.000000 -96.000000) (1152.000000 256.000000 -96.000000) 
4 123 131 (1152.000000 768.000000 -64.000000) (1152.000000 1024.000000 -64.000000) (1152.000000 1024.000000 -384.000000) (1152.000000 768.000000 -384.000000) 
4 123 127 (1536.000000 256.000000 -64.000000) (1152.000000 256.000000 -64.000000) (1152.000000 256.000000 -384.000000) (1536.000000 256.000000 -384.000000) 
4 123 126 (2048.000000 256.000000 -64.000000) (1536.000000 256.000000 -64.000000) (1536.000000 256.000000 -384.000000) (2048.000000 256.000000 -384.000000) 
4 124 129 (2112.000000 256.000000 -640.000000) (1536.000000 256.000000 -640.000000) (1536.000000 256.000000 -648.000000) (2112.000000 256.000000 -648.000000) 
4 125 128 (2112.000000 -376.000000 -640.000000) (2176.000000 -376.000000 -640.000000) (2176.000000 -376.000000 -64.000000) (2112.000000 -376.000000 -64.000000) 
4 126 127 (1536.000000 -376.000000 -64.000000) (1536.000000 256.000000 -64.000000) (1536.000000 256.000000 -384.000000) (1536.000000 -376.000000 -384.000000) 
4 127 141 (1152.000000 -376.000000 -64.000000) (1152.000000 192.000000 -64.000000) (1152.000000 192.000000 -384.000000) (1152.000000 -376.000000 -384.000000) 
4 127 138 (1152.000000 256.000000 -256.000000) (1152.000000 256.000000 -384.000000) (1152.000000 192.000000 -384.000000) (1152.000000 192.000000 -256.000000) 
4 127 137 (1152.000000 256.000000 -96.000000) (1152.000000 256.000000 -256.000000) (1152.000000 192.000000 -256.000000) (1152.000000 192.000000 -96.000000) 
4 127 135 (1152.000000 192.000000 -64.000000) (1152.000000 256.000000 -64.000000) (1152.000000 256.000000 -96.000000) (1152.000000 192.000000 -96.000000) 
4 128 142 (1152.000000 -384.000000 -64.000000) (1152.000000 -376.000000 -64.000000) (1152.000000 -376.000000 -640.000000) (1152.000000 -384.000000 -640.000000) 
4 130 131 (1152.000000 1656.000000 -128.000000) (1152.000000 1656.000000 -64.000000) (976.000000 1656.000000 -64.000000) (976.000000 1656.000000 -128.000000) 
4 131 136 (920.000000 768.000000 -384.000000) (1152.000000 768.000000 -384.000000) (1152.000000 768.000000 -96.000000) (920.000000 768.000000 -96.000000) 
4 131 135 (1152.000000 768.000000 -96.000000) (1152.000000 768.000000 -64.000000) (920.000000 768.000000 -64.000000) (920.000000 768.000000 -96.000000) 
4 131 132 (920.000000 1088.000000 -384.000000) (920.000000 832.000000 -384.000000) (920.000000 832.000000 -96.000000) (920.000000 1088.000000 -96.000000) 
4 132 133 (912.000000 832.000000 -96.000000) (912.000000 1088.000000 -96.000000) (912.000000 1088.000000 -384.000000) (912.000000 832.000000 -384.000000) 
4 133 134 (896.000000 832.000000 -96.000000) (896.000000 1088.000000 -96.000000) (896.000000 1088.000000 -384.000000) (896.000000 832.000000 -384.000000) 
4 134 154 (640.000000 896.000000 -272.000000) (640.000000 1024.000000 -272.000000) (640.000000 1024.000000 -384.000000) (640.000000 896.000000 -384.000000) 
4 134 139 (672.000000 768.000000 -384.000000) (864.000000 768.000000 -384.000000) (864.000000 768.000000 -96.000000) (672.000000 768.000000 -96.000000) 
4 135 141 (1152.000000 192.000000 -96.000000) (1152.000000 192.000000 -64.000000) (920.000000 192.000000 -64.000000) (920.000000 192.000000 -96.000000) 
4 135 137 (1152.000000 448.000000 -96.000000) (1152.000000 192.000000 -96.000000) (920.000000 192.000000 -96.000000) (920.000000 448.000000 -96.000000) 
4 135 136 (920.000000 768.000000 -96.000000) (1152.000000 768.000000 -96.000000) (1152.000000 448.000000 -96.000000) (920.000000 448.000000 -96.000000) 
4 136 138 (920.000000 448.000000 -384.000000) (1152.000000 448.000000 -384.000000) (1152.000000 448.000000 -256.000000) (920.000000 448.000000 -256.000000) 
4 136 137 (1152.000000 448.000000 -256.000000) (1152.000000 448.000000 -96.000000) (920.000000 448.000000 -96.000000) (920.000000 448.000000 -256.000000) 
4 137 141 (1152.000000 192.000000 -256.000000) (1152.000000 192.000000 -96.000000) (920.000000 192.000000 -96.000000) (920.000000 192.000000 -256.000000) 
4 137 140 (896.000000 192.000000 -256.000000) (896.000000 192.000000 -96.000000) (896.000000 448.000000 -96.000000) (896.000000 448.000000 -256.000000) 
4 137 138 (920.000000 448.000000 -256.000000) (1152.000000 448.000000 -256.000000) (1152.000000 192.000000 -256.000000) (920.000000 192.000000 -256.000000) 
4 138 141 (1152.000000 192.000000 -384.000000) (1152.000000 192.000000 -256.000000) (920.000000 192.000000 -256.000000) (920.000000 192.000000 -384.000000) 
4 139 140 (864.000000 512.000000 -256.000000) (864.000000 512.000000 -96.000000) (672.000000 512.000000 -96.000000) (672.000000 512.000000 -256.000000) 
4 140 174 (640.000000 432.000000 -128.000000) (640.000000 432.000000 -256.000000) (640.000000 272.000000 -256.000000) (640.000000 272.000000 -128.000000) 
4 140 143 (896.000000 192.000000 -96.000000) (640.000000 192.000000 -96.000000) (640.000000 192.000000 -256.000000) (896.000000 192.000000 -256.000000) 
4 144 146 (-29.333300 2560.000000 -306.000000) (-29.333300 2560.000000 -416.000000) (93.333300 2560.000000 -416.000000) (93.333300 2560.000000 -306.000000) 
4 145 146 (160.000000 2560.000000 -416.000000) (160.000000 2056.000000 -416.000000) (160.000000 2056.000000 -96.000000) (160.000000 2560.000000 -96.000000) 
4 146 183 (-64.000000 2560.000000 -96.000000) (-64.000000 2560.000000 -416.000000) (-64.000000 1992.000000 -416.000000) (-64.000000 1992.000000 -96.000000) 
4 146 153 (-64.000000 1992.000000 -304.000000) (-64.000000 1992.000000 -416.000000) (-32.000000 1992.000000 -416.000000) (-32.000000 1992.000000 -304.000000) 
4 146 152 (-32.000000 1992.000000 -416.000000) (96.000000 1992.000000 -416.000000) (96.000000 1992.000000 -304.000000) (-32.000000 1992.000000 -304.000000) 
4 146 151 (-64.000000 1992.000000 -96.000000) (-64.000000 1992.000000 -304.000000) (96.000000 1992.000000 -304.000000) (96.000000 1992.000000 -96.000000) 
4 146 147 (96.000000 1992.000000 -416.000000) (160.000000 1992.000000 -416.000000) (160.000000 1992.000000 -96.000000) (96.000000 1992.000000 -96.000000) 
4 147 152 (96.000000 1992.000000 -304.000000) (96.000000 1992.000000 -416.000000) (96.000000 1928.000000 -416.000000) (96.000000 1928.000000 -304.000000) 
4 147 151 (96.000000 1992.000000 -96.000000) (96.000000 1992.000000 -304.000000) (96.000000 1928.000000 -304.000000) (96.000000 1928.000000 -96.000000) 
4 147 148 (96.000000 1928.000000 -96.000000) (96.000000 1928.000000 -416.000000) (160.000000 1928.000000 -416.000000) (160.000000 1928.000000 -96.000000) 
4 148 152 (96.000000 1928.000000 -416.000000) (96.000000 1736.000000 -416.000000) (96.000000 1736.000000 -304.000000) (96.000000 1928.000000 -304.000000) 
4 148 151 (96.000000 1736.000000 -304.000000) (96.000000 1736.000000 -96.000000) (96.000000 1928.000000 -96.000000) (96.000000 1928.000000 -304.000000) 
4 148 149 (96.000000 1736.000000 -416.000000) (160.000000 1736.000000 -416.000000) (160.000000 1736.000000 -96.000000) (96.000000 1736.000000 -96.000000) 
4 149 152 (96.000000 1736.000000 -416.000000) (96.000000 1672.000000 -416.000000) (96.000000 1672.000000 -304.000000) (96.000000 1736.000000 -304.000000) 
4 149 151 (96.000000 1672.000000 -304.000000) (96.000000 1672.000000 -96.000000) (96.000000 1736.000000 -96.000000) (96.000000 1736.000000 -304.000000) 
4 149 150 (96.000000 1672.000000 -416.000000) (160.000000 1672.000000 -416.000000) (160.000000 1672.000000 -96.000000) (96.000000 1672.000000 -96.000000) 
4 150 152 (96.000000 1672.000000 -416.000000) (96.000000 1536.000000 -416.000000) (96.000000 1536.000000 -304.000000) (96.000000 1672.000000 -304.000000) 
4 150 151 (96.000000 1536.000000 -304.000000) (96.000000 1536.000000 -96.000000) (96.000000 1672.000000 -96.000000) (96.000000 1672.000000 -304.000000) 
4 151 184 (-64.000000 1872.000000 -304.000000) (-64.000000 1536.000000 -304.000000) (-64.000000 1536.000000 -96.000000) (-64.000000 1872.000000 -96.000000) 
4 151 183 (-64.000000 1992.000000 -96.000000) (-64.000000 1992.000000 -304.000000) (-64.000000 1872.000000 -304.000000) (-64.000000 1872.000000 -96.000000) 
4 151 153 (-64.000000 1536.000000 -304.000000) (-64.000000 1992.000000 -304.000000) (-32.000000 1992.000000 -304.000000) (-32.000000 1536.000000 -304.000000) 
4 151 152 (-32.000000 1992.000000 -304.000000) (96.000000 1992.000000 -304.000000) (96.000000 1536.000000 -304.000000) (-32.000000 1536.000000 -304.000000) 
4 152 160 (-32.000000 1472.000000 -416.000000) (96.000000 1472.000000 -416.000000) (96.000000 1472.000000 -384.000000) (-32.000000 1472.000000 -384.000000) 
4 152 156 (96.000000 1472.000000 -384.000000) (96.000000 1472.000000 -304.000000) (-32.000000 1472.000000 -304.000000) (-32.000000 1472.000000 -384.000000) 
4 152 153 (-32.000000 1992.000000 -416.000000) (-32.000000 1536.000000 -416.000000) (-32.000000 1536.000000 -304.000000) (-32.000000 1992.000000 -304.000000) 
4 153 184 (-64.000000 1872.000000 -416.000000) (-64.000000 1536.000000 -416.000000) (-64.000000 1536.000000 -304.000000) (-64.000000 1872.000000 -304.000000) 
4 153 183 (-64.000000 1992.000000 -304.000000) (-64.000000 1992.000000 -416.000000) (-64.000000 1872.000000 -416.000000) (-64.000000 1872.000000 -304.000000) 
4 154 161 (624.000000 1024.000000 -384.000000) (624.000000 896.000000 -384.000000) (624.000000 896.000000 -272.000000) (624.000000 1024.000000 -272.000000) 
3 155 185 (-64.000000 1472.000000 -256.000000) (-64.000000 1472.000000 -300.800000) (-64.000000 1360.000000 -256.000000) 
4 155 156 (-64.000000 1360.000000 -256.000000) (-64.000000 1472.000000 -300.800000) (160.000000 1472.000000 -300.800000) (160.000000 1360.000000 -256.000000) 
5 156 186 (-64.000000 1360.000000 -384.000000) (-64.000000 1104.000000 -384.000000) (-64.000000 1104.000000 -224.000000) (-64.000000 1280.000000 -224.000000) (-64.000000 1360.000000 -256.000000) 
4 156 185 (-64.000000 1472.000000 -300.800000) (-64.000000 1472.000000 -384.000000) (-64.000000 1360.000000 -384.000000) (-64.000000 1360.000000 -256.000000) 
4 156 160 (-64.000000 1472.000000 -384.000000) (160.000000 1472.000000 -384.000000) (160.000000 1232.000000 -384.000000) (-64.000000 1232.000000 -384.000000) 
4 156 157 (-32.000000 1104.000000 -384.000000) (96.000000 1104.000000 -384.000000) (96.000000 1104.000000 -272.000000) (-32.000000 1104.000000 -272.000000) 
4 157 158 (-30.000000 1100.000000 -384.000000) (94.000000 1100.000000 -384.000000) (94.000000 1100.000000 -274.000000) (-30.000000 1100.000000 -274.000000) 
4 158 159 (94.000000 1092.000000 -274.000000) (-30.000000 1092.000000 -274.000000) (-30.000000 1092.000000 -384.000000) (94.000000 1092.000000 -384.000000) 
4 159 161 (-32.000000 1088.000000 -384.000000) (96.000000 1088.000000 -384.000000) (96.000000 1088.000000 -272.000000) (-32.000000 1088.000000 -272.000000) 
4 160 187 (-64.000000 1360.000000 -416.000000) (-64.000000 1296.000000 -416.000000) (-64.000000 1232.000000 -384.000000) (-64.000000 1360.000000 -384.000000) 
4 160 185 (-64.000000 1472.000000 -384.000000) (-64.000000 1472.000000 -416.000000) (-64.000000 1360.000000 -416.000000) (-64.000000 1360.000000 -384.000000) 
4 161 188 (-64.000000 864.000000 -384.000000) (-64.000000 864.000000 -216.000000) (-64.000000 1088.000000 -216.000000) (-64.000000 1088.000000 -384.000000) 
4 161 170 (-64.000000 864.000000 -256.000000) (-64.000000 864.000000 -384.000000) (-48.000000 864.000000 -384.000000) (-48.000000 864.000000 -256.000000) 
4 161 168 (112.000000 864.000000 -272.000000) (112.000000 864.000000 -256.000000) (-48.000000 864.000000 -256.000000) (-48.000000 864.000000 -272.000000) 
4 161 169 (-48.000000 864.000000 -384.000000) (112.000000 864.000000 -384.000000) (112.000000 864.000000 -272.000000) (-48.000000 864.000000 -272.000000) 
4 161 167 (112.000000 864.000000 -384.000000) (624.000000 864.000000 -384.000000) (624.000000 864.000000 -256.000000) (112.000000 864.000000 -256.000000) 
4 161 162 (-64.000000 864.000000 -216.000000) (-64.000000 864.000000 -256.000000) (624.000000 864.000000 -256.000000) (624.000000 864.000000 -216.000000) 
4 162 188 (-64.000000 864.000000 -216.000000) (-64.000000 864.000000 -256.000000) (-64.000000 832.000000 -256.000000) (-64.000000 832.000000 -216.000000) 
4 162 170 (-64.000000 832.000000 -256.000000) (-64.000000 864.000000 -256.000000) (-48.000000 864.000000 -256.000000) (-48.000000 832.000000 -256.000000) 
4 162 168 (-48.000000 864.000000 -256.000000) (112.000000 864.000000 -256.000000) (112.000000 832.000000 -256.000000) (-48.000000 832.000000 -256.000000) 
4 162 167 (112.000000 864.000000 -256.000000) (624.000000 864.000000 -256.000000) (624.000000 832.000000 -256.000000) (112.000000 832.000000 -256.000000) 
4 163 165 (228.000000 536.000000 -256.000000) (292.000000 536.000000 -256.000000) (292.000000 536.000000 -160.000000) (228.000000 536.000000 -160.000000) 
4 164 166 (92.000000 536.000000 -256.000000) (156.000000 536.000000 -256.000000) (156.000000 536.000000 -160.000000) (92.000000 536.000000 -160.000000) 
4 165 172 (228.000000 528.000000 -256.000000) (292.000000 528.000000 -256.000000) (292.000000 528.000000 -160.000000) (228.000000 528.000000 -160.000000) 
4 166 172 (92.000000 528.000000 -256.000000) (156.000000 528.000000 -256.000000) (156.000000 528.000000 -160.000000) (92.000000 528.000000 -160.000000) 
4 167 168 (112.000000 832.000000 -272.000000) (112.000000 832.000000 -256.000000) (112.000000 864.000000 -256.000000) (112.000000 864.000000 -272.000000) 
4 167 169 (112.000000 864.000000 -384.000000) (112.000000 832.000000 -384.000000) (112.000000 832.000000 -272.000000) (112.000000 864.000000 -272.000000) 
4 168 170 (-48.000000 832.000000 -256.000000) (-48.000000 864.000000 -256.000000) (-48.000000 864.000000 -272.000000) (-48.000000 832.000000 -272.000000) 
4 168 169 (-48.000000 864.000000 -272.000000) (112.000000 864.000000 -272.000000) (112.000000 832.000000 -272.000000) (-48.000000 832.000000 -272.000000) 
4 169 170 (-48.000000 864.000000 -384.000000) (-48.000000 832.000000 -384.000000) (-48.000000 832.000000 -272.000000) (-48.000000 864.000000 -272.000000) 
4 170 188 (-64.000000 864.000000 -256.000000) (-64.000000 864.000000 -384.000000) (-64.000000 832.000000 -384.000000) (-64.000000 832.000000 -256.000000) 
4 171 177 (320.000000 432.000000 -256.000000) (416.000000 432.000000 -256.000000) (416.000000 432.000000 -64.000000) (320.000000 432.000000 -64.000000) 
4 171 172 (320.000000 432.000000 -64.000000) (320.000000 496.000000 -64.000000) (320.000000 496.000000 -256.000000) (320.000000 432.000000 -256.000000) 
4 172 177 (32.000000 432.000000 -256.000000) (320.000000 432.000000 -256.000000) (320.000000 432.000000 -64.000000) (32.000000 432.000000 -64.000000) 
4 172 173 (32.000000 432.000000 -64.000000) (32.000000 496.000000 -64.000000) (32.000000 496.000000 -256.000000) (32.000000 432.000000 -256.000000) 
4 173 177 (-64.000000 432.000000 -256.000000) (32.000000 432.000000 -256.000000) (32.000000 432.000000 -64.000000) (-64.000000 432.000000 -64.000000) 
4 174 176 (440.000000 272.000000 -256.000000) (512.000000 272.000000 -256.000000) (512.000000 272.000000 -156.000000) (440.000000 272.000000 -156.000000) 
4 174 175 (524.000000 272.000000 -256.000000) (616.000000 272.000000 -256.000000) (616.000000 272.000000 -140.000000) (524.000000 272.000000 -140.000000) 
4 174 177 (416.000000 432.000000 -256.000000) (416.000000 272.000000 -256.000000) (416.000000 272.000000 -128.000000) (416.000000 432.000000 -128.000000) 
4 177 178 (-64.000000 336.000000 -104.000000) (-64.000000 336.000000 -256.000000) (416.000000 16.000000 -256.000000) (416.000000 16.000000 -104.000000) 
4 178 179 (-64.000000 144.000000 -104.000000) (-64.000000 144.000000 -256.000000) (416.000000 -176.000000 -256.000000) (416.000000 -176.000000 -104.000000) 
4 179 246 (-64.000000 -240.000000 -128.000000) (-64.000000 -240.000000 -256.000000) (-64.000000 -400.000000 -256.000000) (-64.000000 -400.000000 -128.000000) 
4 179 180 (-64.000000 -492.000000 -256.000000) (110.000000 -492.000000 -256.000000) (416.000000 -492.000000 -64.000000) (-64.000000 -492.000000 -64.000000) 
3 179 181 (110.000000 -492.000000 -256.000000) (416.000000 -492.000000 -256.000000) (416.000000 -492.000000 -255.000000) 
5 180 182 (-64.000000 -496.000000 -256.000000) (109.440000 -496.000000 -256.000000) (120.347826 -496.000000 -249.507246) (416.000000 -496.000000 -64.000000) (-64.000000 -496.000000 -64.000000) 
4 183 184 (-64.000000 1872.000000 -416.000000) (-64.000000 1872.000000 -96.000000) (-128.000000 1872.000000 -96.000000) (-128.000000 1872.000000 -416.000000) 
4 185 187 (-96.000000 1360.000000 -416.000000) (-64.000000 1360.000000 -416.000000) (-64.000000 1360.000000 -384.000000) (-96.000000 1360.000000 -384.000000) 
4 185 186 (-64.000000 1360.000000 -384.000000) (-64.000000 1360.000000 -256.000000) (-96.000000 1360.000000 -256.000000) (-96.000000 1360.000000 -384.000000) 
4 186 187 (-96.000000 1232.000000 -384.000000) (-96.000000 1360.000000 -384.000000) (-64.000000 1360.000000 -384.000000) (-64.000000 1232.000000 -384.000000) 
4 188 198 (-288.000000 832.000000 -284.000000) (-288.000000 832.000000 -384.000000) (-216.000000 832.000000 -384.000000) (-216.000000 832.000000 -284.000000) 
4 188 197 (-144.000000 832.000000 -268.000000) (-208.000000 832.000000 -268.000000) (-208.000000 832.000000 -384.000000) (-144.000000 832.000000 -384.000000) 
4 188 189 (-384.000000 1024.000000 -384.000000) (-384.000000 896.000000 -384.000000) (-384.000000 896.000000 -272.000000) (-384.000000 1024.000000 -272.000000) 
4 189 190 (-400.000000 1024.000000 -384.000000) (-400.000000 896.000000 -384.000000) (-400.000000 896.000000 -272.000000) (-400.000000 1024.000000 -272.000000) 
4 190 207 (-640.000000 832.000000 -268.000000) (-640.000000 832.000000 -384.000000) (-576.000000 832.000000 -384.000000) (-576.000000 832.000000 -268.000000) 
4 190 192 (-640.000000 832.000000 -384.000000) (-640.000000 832.000000 -216.000000) (-640.000000 1088.000000 -216.000000) (-640.000000 1088.000000 -384.000000) 
4 191 194 (-1488.000000 1152.000000 -384.000000) (-1360.000000 1152.000000 -384.000000) (-1360.000000 1152.000000 -272.000000) (-1488.000000 1152.000000 -272.000000) 
4 192 220 (-1188.000000 832.000000 -384.000000) (-1116.000000 832.000000 -384.000000) (-1116.000000 832.000000 -284.000000) (-1188.000000 832.000000 -284.000000) 
4 192 218 (-896.000000 832.000000 -384.000000) (-832.000000 832.000000 -384.000000) (-832.000000 832.000000 -268.000000) (-896.000000 832.000000 -268.000000) 
4 192 219 (-1024.000000 832.000000 -384.000000) (-960.000000 832.000000 -384.000000) (-960.000000 832.000000 -268.000000) (-1024.000000 832.000000 -268.000000) 
4 192 215 (-768.000000 832.000000 -384.000000) (-704.000000 832.000000 -384.000000) (-704.000000 832.000000 -268.000000) (-768.000000 832.000000 -268.000000) 
4 192 195 (-1280.000000 1024.000000 -384.000000) (-1280.000000 896.000000 -384.000000) (-1280.000000 896.000000 -272.000000) (-1280.000000 1024.000000 -272.000000) 
4 193 222 (-1296.000000 832.000000 -96.000000) (-1552.000000 832.000000 -96.000000) (-1552.000000 832.000000 -272.000000) (-1296.000000 832.000000 -272.000000) 
4 193 196 (-1552.000000 832.000000 -272.000000) (-1552.000000 896.000000 -272.000000) (-1296.000000 896.000000 -272.000000) (-1296.000000 832.000000 -272.000000) 
4 193 195 (-1552.000000 896.000000 -272.000000) (-1552.000000 1024.000000 -272.000000) (-1296.000000 1024.000000 -272.000000) (-1296.000000 896.000000 -272.000000) 
4 193 194 (-1552.000000 1024.000000 -272.000000) (-1552.000000 1152.000000 -272.000000) (-1296.000000 1152.000000 -272.000000) (-1296.000000 1024.000000 -272.000000) 
4 194 195 (-1552.000000 1024.000000 -384.000000) (-1296.000000 1024.000000 -384.000000) (-1296.000000 1024.000000 -272.000000) (-1552.000000 1024.000000 -272.000000) 
4 195 196 (-1552.000000 896.000000 -272.000000) (-1552.000000 896.000000 -384.000000) (-1296.000000 896.000000 -384.000000) (-1296.000000 896.000000 -272.000000) 
4 196 222 (-1552.000000 832.000000 -384.000000) (-1296.000000 832.000000 -384.000000) (-1296.000000 832.000000 -272.000000) (-1552.000000 832.000000 -272.000000) 
4 197 199 (-208.000000 816.000000 -384.000000) (-144.000000 816.000000 -384.000000) (-144.000000 816.000000 -268.000000) (-208.000000 816.000000 -268.000000) 
4 198 199 (-288.000000 816.000000 -384.000000) (-216.000000 816.000000 -384.000000) (-216.000000 816.000000 -284.000000) (-288.000000 816.000000 -284.000000) 
4 199 201 (-64.000000 608.000000 -384.000000) (-64.000000 608.000000 -256.000000) (-352.000000 608.000000 -256.000000) (-352.000000 608.000000 -384.000000) 
4 199 200 (-352.000000 736.000000 -384.000000) (-352.000000 608.000000 -384.000000) (-352.000000 608.000000 -256.000000) (-352.000000 736.000000 -256.000000) 
4 200 208 (-480.000000 736.000000 -384.000000) (-480.000000 608.000000 -384.000000) (-480.000000 608.000000 -256.000000) (-480.000000 736.000000 -256.000000) 
4 200 203 (-452.000000 608.000000 -384.000000) (-380.000000 608.000000 -384.000000) (-380.000000 608.000000 -284.000000) (-452.000000 608.000000 -284.000000) 
4 202 206 (-368.000000 496.000000 -384.000000) (-352.000000 496.000000 -384.000000) (-352.000000 496.000000 -256.000000) (-368.000000 496.000000 -256.000000) 
4 202 204 (-368.000000 512.000000 -384.000000) (-368.000000 496.000000 -384.000000) (-368.000000 496.000000 -256.000000) (-368.000000 512.000000 -256.000000) 
4 203 204 (-380.000000 592.000000 -284.000000) (-452.000000 592.000000 -284.000000) (-452.000000 592.000000 -384.000000) (-380.000000 592.000000 -384.000000) 
4 204 206 (-464.000000 496.000000 -384.000000) (-368.000000 496.000000 -384.000000) (-368.000000 496.000000 -256.000000) (-464.000000 496.000000 -256.000000) 
4 204 205 (-464.000000 512.000000 -384.000000) (-464.000000 496.000000 -384.000000) (-464.000000 496.000000 -256.000000) (-464.000000 512.000000 -256.000000) 
4 205 206 (-480.000000 496.000000 -384.000000) (-464.000000 496.000000 -384.000000) (-464.000000 496.000000 -256.000000) (-480.000000 496.000000 -256.000000) 
4 206 232 (-480.000000 320.000000 -256.000000) (-480.000000 320.000000 -384.000000) (-432.000000 320.000000 -384.000000) (-432.000000 320.000000 -256.000000) 
4 206 231 (-432.000000 320.000000 -384.000000) (-320.000000 320.000000 -384.000000) (-320.000000 320.000000 -256.000000) (-432.000000 320.000000 -256.000000) 
4 206 228 (-480.000000 320.000000 -80.000000) (-480.000000 320.000000 -256.000000) (-320.000000 320.000000 -256.000000) (-320.000000 320.000000 -80.000000) 
4 206 210 (-480.000000 320.000000 -384.000000) (-480.000000 320.000000 -80.000000) (-480.000000 444.000000 -80.000000) (-480.000000 444.000000 -384.000000) 
4 206 209 (-480.000000 444.000000 -80.000000) (-480.000000 496.000000 -80.000000) (-480.000000 496.000000 -384.000000) (-480.000000 444.000000 -384.000000) 
4 207 208 (-640.000000 816.000000 -384.000000) (-576.000000 816.000000 -384.000000) (-576.000000 816.000000 -268.000000) (-640.000000 816.000000 -268.000000) 
4 208 216 (-640.000000 816.000000 -384.000000) (-640.000000 528.000000 -384.000000) (-640.000000 528.000000 -216.000000) (-640.000000 816.000000 -216.000000) 
4 209 211 (-580.000000 444.000000 -160.000000) (-500.000000 444.000000 -80.000000) (-524.000000 444.000000 -80.000000) (-592.000000 444.000000 -148.000000) 
4 209 212 (-608.000000 444.000000 -80.000000) (-608.000000 444.000000 -156.000000) (-604.000000 444.000000 -160.000000) (-524.000000 444.000000 -80.000000) 
3 209 213 (-608.000000 444.000000 -156.000000) (-608.000000 444.000000 -188.000000) (-592.000000 444.000000 -172.000000) 
5 209 210 (-608.000000 444.000000 -188.000000) (-608.000000 444.000000 -384.000000) (-480.000000 444.000000 -384.000000) (-480.000000 444.000000 -80.000000) (-500.000000 444.000000 -80.000000) 
4 210 232 (-576.000000 320.000000 -384.000000) (-480.000000 320.000000 -384.000000) (-480.000000 320.000000 -256.000000) (-576.000000 320.000000 -256.000000) 
5 210 228 (-576.000000 320.000000 -256.000000) (-480.000000 320.000000 -256.000000) (-480.000000 320.000000 -80.000000) (-500.000000 320.000000 -80.000000) (-576.000000 320.000000 -156.000000) 
4 210 214 (-608.000000 408.000000 -384.000000) (-608.000000 336.000000 -384.000000) (-608.000000 336.000000 -284.000000) (-608.000000 408.000000 -284.000000) 
4 210 211 (-580.000000 320.000000 -160.000000) (-500.000000 320.000000 -80.000000) (-500.000000 444.000000 -80.000000) (-580.000000 444.000000 -160.000000) 
4 210 213 (-608.000000 444.000000 -188.000000) (-608.000000 320.000000 -188.000000) (-592.000000 320.000000 -172.000000) (-592.000000 444.000000 -172.000000) 
4 211 228 (-576.000000 320.000000 -156.000000) (-500.000000 320.000000 -80.000000) (-524.000000 320.000000 -80.000000) (-576.000000 320.000000 -132.000000) 
4 211 212 (-592.000000 320.000000 -148.000000) (-524.000000 320.000000 -80.000000) (-524.000000 444.000000 -80.000000) (-592.000000 444.000000 -148.000000) 
3 212 228 (-576.000000 320.000000 -132.000000) (-524.000000 320.000000 -80.000000) (-576.000000 320.000000 -80.000000) 
4 212 213 (-608.000000 444.000000 -156.000000) (-604.000000 444.000000 -160.000000) (-604.000000 320.000000 -160.000000) (-608.000000 320.000000 -156.000000) 
4 215 216 (-768.000000 816.000000 -384.000000) (-704.000000 816.000000 -384.000000) (-704.000000 816.000000 -268.000000) (-768.000000 816.000000 -268.000000) 
4 216 221 (-832.000000 816.000000 -384.000000) (-832.000000 528.000000 -384.000000) (-832.000000 528.000000 -216.000000) (-832.000000 816.000000 -216.000000) 
4 217 235 (-832.000000 320.000000 -88.000000) (-832.000000 320.000000 -256.000000) (-640.000000 320.000000 -256.000000) (-640.000000 320.000000 -88.000000) 
4 217 225 (-832.000000 320.000000 -144.000000) (-832.000000 320.000000 -88.000000) (-832.000000 384.000000 -88.000000) (-832.000000 384.000000 -144.000000) 
4 217 226 (-832.000000 320.000000 -256.000000) (-832.000000 320.000000 -144.000000) (-832.000000 384.000000 -144.000000) (-832.000000 384.000000 -256.000000) 
4 217 224 (-832.000000 384.000000 -88.000000) (-832.000000 416.000000 -88.000000) (-832.000000 416.000000 -256.000000) (-832.000000 384.000000 -256.000000) 
4 218 221 (-896.000000 816.000000 -384.000000) (-832.000000 816.000000 -384.000000) (-832.000000 816.000000 -268.000000) (-896.000000 816.000000 -268.000000) 
4 219 221 (-1024.000000 816.000000 -384.000000) (-960.000000 816.000000 -384.000000) (-960.000000 816.000000 -268.000000) (-1024.000000 816.000000 -268.000000) 
4 220 221 (-1188.000000 816.000000 -384.000000) (-1116.000000 816.000000 -384.000000) (-1116.000000 816.000000 -284.000000) (-1188.000000 816.000000 -284.000000) 
4 222 223 (-1520.000000 768.000000 -384.000000) (-1328.000000 768.000000 -384.000000) (-1328.000000 768.000000 -96.000000) (-1520.000000 768.000000 -96.000000) 
4 223 227 (-1328.000000 512.000000 -256.000000) (-1328.000000 512.000000 -96.000000) (-1520.000000 512.000000 -96.000000) (-1520.000000 512.000000 -256.000000) 
4 224 225 (-832.000000 384.000000 -144.000000) (-832.000000 384.000000 -88.000000) (-1280.000000 384.000000 -88.000000) (-1280.000000 384.000000 -144.000000) 
4 224 226 (-1280.000000 384.000000 -256.000000) (-832.000000 384.000000 -256.000000) (-832.000000 384.000000 -144.000000) (-1280.000000 384.000000 -144.000000) 
4 225 236 (-864.000000 320.000000 -88.000000) (-1280.000000 320.000000 -88.000000) (-1280.000000 320.000000 -144.000000) (-864.000000 320.000000 -144.000000) 
4 225 235 (-832.000000 320.000000 -144.000000) (-832.000000 320.000000 -88.000000) (-864.000000 320.000000 -88.000000) (-864.000000 320.000000 -144.000000) 
4 225 226 (-832.000000 384.000000 -144.000000) (-832.000000 320.000000 -144.000000) (-1280.000000 320.000000 -144.000000) (-1280.000000 384.000000 -144.000000) 
4 226 242 (-1280.000000 320.000000 -144.000000) (-1296.000000 320.000000 -144.000000) (-1296.000000 320.000000 -256.000000) (-1280.000000 320.000000 -256.000000) 
4 226 236 (-864.000000 320.000000 -144.000000) (-1280.000000 320.000000 -144.000000) (-1280.000000 320.000000 -256.000000) (-864.000000 320.000000 -256.000000) 
4 226 235 (-832.000000 320.000000 -256.000000) (-832.000000 320.000000 -144.000000) (-864.000000 320.000000 -144.000000) (-864.000000 320.000000 -256.000000) 
4 226 227 (-1296.000000 320.000000 -256.000000) (-1296.000000 320.000000 -144.000000) (-1296.000000 384.000000 -144.000000) (-1296.000000 384.000000 -256.000000) 
4 227 241 (-1552.000000 320.000000 -96.000000) (-1552.000000 320.000000 -144.000000) (-1296.000000 320.000000 -144.000000) (-1296.000000 320.000000 -96.000000) 
4 227 242 (-1552.000000 320.000000 -144.000000) (-1552.000000 320.000000 -256.000000) (-1296.000000 320.000000 -256.000000) (-1296.000000 320.000000 -144.000000) 
4 228 232 (-576.000000 320.000000 -256.000000) (-432.000000 320.000000 -256.000000) (-432.000000 160.000000 -256.000000) (-576.000000 160.000000 -256.000000) 
4 228 231 (-432.000000 320.000000 -256.000000) (-320.000000 320.000000 -256.000000) (-320.000000 160.000000 -256.000000) (-432.000000 160.000000 -256.000000) 
4 228 229 (-576.000000 160.000000 -256.000000) (-320.000000 160.000000 -256.000000) (-320.000000 160.000000 -80.000000) (-576.000000 160.000000 -80.000000) 
4 229 234 (-432.000000 -32.000000 -256.000000) (-528.000000 -32.000000 -256.000000) (-528.000000 160.000000 -256.000000) (-432.000000 160.000000 -256.000000) 
4 229 233 (-320.000000 160.000000 -256.000000) (-320.000000 -32.000000 -256.000000) (-432.000000 -32.000000 -256.000000) (-432.000000 160.000000 -256.000000) 
4 229 230 (-624.000000 128.000000 -256.000000) (-624.000000 0.000000 -256.000000) (-624.000000 0.000000 -144.000000) (-624.000000 128.000000 -144.000000) 
4 230 235 (-640.000000 0.000000 -144.000000) (-640.000000 128.000000 -144.000000) (-640.000000 128.000000 -256.000000) (-640.000000 0.000000 -256.000000) 
4 231 233 (-320.000000 160.000000 -304.000000) (-320.000000 160.000000 -256.000000) (-432.000000 160.000000 -256.000000) (-432.000000 160.000000 -304.000000) 
4 231 232 (-432.000000 320.000000 -256.000000) (-432.000000 320.000000 -384.000000) (-432.000000 160.000000 -304.000000) (-432.000000 160.000000 -256.000000) 
3 232 234 (-432.000000 160.000000 -304.000000) (-432.000000 160.000000 -256.000000) (-528.000000 160.000000 -256.000000) 
4 233 234 (-432.000000 -32.000000 -304.000000) (-432.000000 -32.000000 -256.000000) (-432.000000 160.000000 -256.000000) (-432.000000 160.000000 -304.000000) 
4 235 245 (-816.000000 -192.000000 -144.000000) (-816.000000 -192.000000 -256.000000) (-688.000000 -192.000000 -256.000000) (-688.000000 -192.000000 -144.000000) 
4 235 237 (-864.000000 128.000000 -256.000000) (-864.000000 0.000000 -256.000000) (-864.000000 0.000000 -128.000000) (-864.000000 128.000000 -128.000000) 
4 235 236 (-864.000000 320.000000 -88.000000) (-864.000000 320.000000 -256.000000) (-864.000000 224.000000 -256.000000) (-864.000000 224.000000 -88.000000) 
4 236 242 (-1280.000000 320.000000 -144.000000) (-1280.000000 320.000000 -256.000000) (-1280.000000 256.000000 -256.000000) (-1280.000000 256.000000 -144.000000) 
4 237 238 (-872.000000 0.000000 -256.000000) (-872.000000 0.000000 -128.000000) (-872.000000 128.000000 -128.000000) (-872.000000 128.000000 -256.000000) 
4 238 240 (-880.000000 136.000000 -256.000000) (-880.000000 -8.000000 -256.000000) (-880.000000 -8.000000 -120.000000) (-880.000000 136.000000 -120.000000) 
4 239 240 (-880.000000 184.000000 -264.000000) (-880.000000 184.000000 -512.000000) (-880.000000 -56.000000 -512.000000) (-880.000000 -56.000000 -264.000000) 
4 241 243 (-1296.000000 256.000000 -96.000000) (-1552.000000 256.000000 -96.000000) (-1552.000000 256.000000 -144.000000) (-1296.000000 256.000000 -144.000000) 
4 241 242 (-1552.000000 256.000000 -144.000000) (-1552.000000 320.000000 -144.000000) (-1296.000000 320.000000 -144.000000) (-1296.000000 256.000000 -144.000000) 
4 242 243 (-1552.000000 256.000000 -256.000000) (-1296.000000 256.000000 -256.000000) (-1296.000000 256.000000 -144.000000) (-1552.000000 256.000000 -144.000000) 
4 243 244 (-1488.000000 128.000000 -256.000000) (-1360.000000 128.000000 -256.000000) (-1360.000000 128.000000 -144.000000) (-1488.000000 128.000000 -144.000000) 
4 245 248 (-816.000000 -208.000000 -256.000000) (-688.000000 -208.000000 -256.000000) (-688.000000 -208.000000 -144.000000) (-816.000000 -208.000000 -144.000000) 
4 246 247 (-256.000000 -256.000000 -256.000000) (-256.000000 -384.000000 -256.000000) (-256.000000 -384.000000 -144.000000) (-256.000000 -256.000000 -144.000000) 
4 247 248 (-272.000000 -256.000000 -256.000000) (-272.000000 -384.000000 -256.000000) (-272.000000 -384.000000 -144.000000) (-272.000000 -256.000000 -144.000000) 
4 248 249 (-1152.000000 -256.000000 -256.000000) (-1152.000000 -384.000000 -256.000000) (-1152.000000 -384.000000 -144.000000) (-1152.000000 -256.000000 -144.000000) 
