hlcsg v3.4 v0.1 64-bit (Mar  9 2020)
Seedee's Half-Life Tools v0.1
Based on code modifications by vluzacn
Based on code modifications by Sean 'Zoner' Cavanaugh
Based on Valve's version, modified with permission.
Submit detailed bug reports to (cdaniel9000@gmail.com)
-----  BEGIN  hlcsg -----
Command line: "C:\Users\Ezry.000\Desktop\HALF LIFE 1 MAPPING\COMPILE TOOLS\sdHLCSG_x64.exe" "C:\Program Files (x86)\Steam\steamapps\common\Half-Life\KEA1989\maps\of03" -estimate -chart 
Arguments: "C:\Program Files (x86)\Steam\steamapps\common\Half-Life\KEA1989\maps\of03" -estimate -chart -low -wadinclude sdhlt.wad -wadautodetect 
Entering C:\Program Files (x86)\Steam\steamapps\common\Half-Life\KEA1989\maps\of03.map

Current hlcsg Settings
Name                 |  Setting  |  Default
---------------------|-----------|-------------------------
threads               [       6 ] [  Varies ]
verbose               [     off ] [     off ]
log                   [      on ] [      on ]
reset logfile         [      on ] [      on ]
developer             [       0 ] [       0 ]
chart                 [      on ] [     off ]
estimate              [      on ] [     off ]
max texture memory    [ 33554432 ] [ 33554432 ]
max lighting memory   [ 50331648 ] [ 50331648 ]
priority              [     Low ] [  Normal ]

noclip                [     off ] [     off ]
null texture stripping[      on ] [      on ]
clipnode economy mode [     off ] [     off ]
clip hull type        [  simple ] [  simple ]
onlyents              [     off ] [     off ]
wadtextures           [      on ] [      on ]
skyclip               [      on ] [      on ]
hullfile              [    None ] [    None ]
wad configuration file[    None ] [    None ]
wad.cfg group name    [    None ] [    None ]
nullfile              [    None ] [    None ]
nullify trigger       [      on ] [      on ]
min surface area      [   0.000 ] [   0.000 ]
brush union threshold [   0.000 ] [   0.000 ]
map scaling           [    None ] [    None ]
light name optimize   [      on ] [      on ]
convert game_text     [      on ] [      on ]

Using mapfile wad configuration
Wadfiles not in use by the map will be excluded
Wadinclude list :
[sdhlt.wad]

CreateBrush:
 (0.35 seconds)
CSGBrush:
 (0.52 seconds)

added 40 additional animating textures.
Including Wadfile: \Users\Ezry.000\Desktop\HALF LIFE 1 MAPPING\COMPILE TOOLS\sdhlt.wad
 - Contains 3 used textures, 1.25 percent of map (27 textures in wad)
Using Wadfile: \Program Files (x86)\Steam\steamapps\common\Half-Life\KEA1989\czcs_office.wad
 - Contains 57 used textures, 23.75 percent of map (305 textures in wad)
Using Wadfile: \Program Files (x86)\Steam\steamapps\common\Half-Life\KEA1989\czde_fastline.wad
 - Contains 11 used textures, 4.58 percent of map (158 textures in wad)
Using Wadfile: \Program Files (x86)\Steam\steamapps\common\Half-Life\KEA1989\deepmind2_ny.wad
 - Contains 36 used textures, 15.00 percent of map (156 textures in wad)
Using Wadfile: \Program Files (x86)\Steam\steamapps\common\Half-Life\KEA1989\winfades.wad
 - Contains 1 used texture, 0.42 percent of map (18 textures in wad)
Using Wadfile: \Program Files (x86)\Steam\steamapps\common\Half-Life\valve\halflife.wad
 - Contains 132 used textures, 55.00 percent of map (3116 textures in wad)

Wad files required to run the map: "czcs_office.wad;czde_fastline.wad;deepmind2_ny.wad;winfades.wad;halflife.wad;"
Texture usage is at 6.64 mb (of 32.00 mb MAX)
1 redundant named lights optimized.

Object names  Objects/Maxobjs  Memory / Maxmem  Fullness
------------  ---------------  ---------------  --------
models              0/512            0/32768    ( 0.0%)
planes          25392/32768     507840/655360   (77.5%)
vertexes            0/65535          0/786420   ( 0.0%)
nodes               0/32767          0/786408   ( 0.0%)
texinfos         3920/32767     156800/1310680  (12.0%)
faces               0/65535          0/1310700  ( 0.0%)
* worldfaces        0/32768          0/0        ( 0.0%)
clipnodes           0/32767          0/262136   ( 0.0%)
leaves              0/32760          0/917280   ( 0.0%)
* worldleaves       0/8192           0/0        ( 0.0%)
marksurfaces        0/65535          0/131070   ( 0.0%)
surfedges           0/512000         0/2048000  ( 0.0%)
edges               0/256000         0/1024000  ( 0.0%)
texdata          [variable]      13900/33554432 ( 0.0%)
lightdata        [variable]          0/50331648 ( 0.0%)
visdata          [variable]          0/8388608  ( 0.0%)
entdata          [variable]     134817/2097152  ( 6.4%)
* AllocBlock        0/64             0/0        ( 0.0%)
240 textures referenced
=== Total BSP file data space used: 813357 bytes ===
Wad files required to run the map: "czcs_office.wad;czde_fastline.wad;deepmind2_ny.wad;winfades.wad;halflife.wad;"
1.30 seconds elapsed

-----   END   hlcsg -----



hlbsp v3.4 v0.1 64-bit (Mar  9 2020)
Seedee's Half-Life Tools v0.1
Based on code modifications by vluzacn
Based on code modifications by Sean 'Zoner' Cavanaugh
Based on Valve's version, modified with permission.
Submit detailed bug reports to (cdaniel9000@gmail.com)
-----  BEGIN  hlbsp -----
Command line: "C:\Users\Ezry.000\Desktop\HALF LIFE 1 MAPPING\COMPILE TOOLS\sdHLBSP_x64.exe" "C:\Program Files (x86)\Steam\steamapps\common\Half-Life\KEA1989\maps\of03" -estimate -chart 
Arguments: "C:\Program Files (x86)\Steam\steamapps\common\Half-Life\KEA1989\maps\of03" -estimate -chart -low 

Current hlbsp Settings
Name               |  Setting  |  Default
-------------------|-----------|-------------------------
threads             [       6 ] [  Varies ]
verbose             [     off ] [     off ]
log                 [      on ] [      on ]
developer           [       0 ] [       0 ]
chart               [      on ] [     off ]
estimate            [      on ] [     off ]
max texture memory  [ 33554432 ] [ 33554432 ]
priority            [     Low ] [  Normal ]

noclip              [     off ] [     off ]
nofill              [     off ] [     off ]
noinsidefill        [     off ] [     off ]
noopt               [     off ] [     off ]
no clipnode merging [     off ] [     off ]
null tex. stripping [      on ] [      on ]
notjunc             [     off ] [     off ]
nobrink             [     off ] [     off ]
subdivide size      [     240 ] [     240 ] (Min 64) (Max 512)
max node size       [    1024 ] [    1024 ] (Min 64) (Max 65536)
remove hull 2       [     off ] [     off ]


SolidBSP [hull 0] 500...1000...1500...2000...2500...3000...3500...4000...4500...5000...5080 (0.25 seconds)
BSP generation successful, writing portal file 'C:\Program Files (x86)\Steam\steamapps\common\Half-Life\KEA1989\maps\of03.prt'
SolidBSP [hull 1] 500...1000...1500...2000...2500...2879 (0.17 seconds)
SolidBSP [hull 2] 500...1000...1500...2000...2500...2773 (0.18 seconds)
SolidBSP [hull 3] 500...1000...1500...2000...2500...2956 (0.16 seconds)
Reduced 15799 clipnodes to 14681
Reduced 3920 texinfos to 3663
Reduced 240 texdatas to 236 (13900 bytes to 11500)
Reduced 25392 planes to 7884
FixBrinks:
Increased 14681 clipnodes to 14797.

Object names  Objects/Maxobjs  Memory / Maxmem  Fullness
------------  ---------------  ---------------  --------
models            207/512        13248/32768    (40.4%)
planes           7884/32768     157680/655360   (24.1%)
vertexes        17847/65535     214164/786420   (27.2%)
nodes            7033/32767     168792/786408   (21.5%)
texinfos         3663/32767     146520/1310680  (11.2%)
faces           11029/65535     220580/1310700  (16.8%)
* worldfaces     8201/32768          0/0        (25.0%)
clipnodes       14797/32767     118376/262136   (45.2%)
leaves           4694/32760     131432/917280   (14.3%)
* worldleaves    2468/8192           0/0        (30.1%)
marksurfaces    16017/65535      32034/131070   (24.4%)
surfedges       51863/512000    207452/2048000  (10.1%)
edges           29383/256000    117532/1024000  (11.5%)
texdata          [variable]      11500/33554432 ( 0.0%)
lightdata        [variable]          0/50331648 ( 0.0%)
visdata          [variable]          0/8388608  ( 0.0%)
entdata          [variable]     134817/2097152  ( 6.4%)
* AllocBlock       29/64             0/0        (45.3%)
236 textures referenced
=== Total BSP file data space used: 1674127 bytes ===
Wad files required to run the map: "czcs_office.wad;czde_fastline.wad;deepmind2_ny.wad;winfades.wad;halflife.wad;"
2.88 seconds elapsed

-----   END   hlbsp -----



hlvis v3.4 v0.1 64-bit (Mar  9 2020)
Seedee's Half-Life Tools v0.1
Based on code modifications by vluzacn
Based on code modifications by Sean 'Zoner' Cavanaugh
Based on Valve's version, modified with permission.
Submit detailed bug reports to (cdaniel9000@gmail.com)
-----  BEGIN  hlvis -----
Command line: "C:\Users\Ezry.000\Desktop\HALF LIFE 1 MAPPING\COMPILE TOOLS\sdHLVIS_x64.exe" "C:\Program Files (x86)\Steam\steamapps\common\Half-Life\KEA1989\maps\of03" -estimate -chart 
Arguments: "C:\Program Files (x86)\Steam\steamapps\common\Half-Life\KEA1989\maps\of03" -estimate -chart -low 
 256 portalleafs
 432 numportals

-= Current hlvis Settings =-
Name               |  Setting  |  Default
-------------------|-----------|-------------------------
threads             [       6 ] [  Varies ]
verbose             [     off ] [     off ]
log                 [      on ] [      on ]
developer           [       0 ] [       0 ]
chart               [      on ] [     off ]
estimate            [      on ] [     off ]
max texture memory  [ 33554432 ] [ 33554432 ]
max vis distance    [       0 ] [       0 ]
priority            [     Low ] [  Normal ]

fast vis            [     off ] [     off ]
full vis            [     off ] [     off ]


BasePortalVis:
 (0.02 seconds)
LeafThread:
 (0.02 seconds)
average leafs visible: 36
g_visdatasize:18063  compressed from 8192

Object names  Objects/Maxobjs  Memory / Maxmem  Fullness
------------  ---------------  ---------------  --------
models            207/512        13248/32768    (40.4%)
planes           7884/32768     157680/655360   (24.1%)
vertexes        17847/65535     214164/786420   (27.2%)
nodes            7033/32767     168792/786408   (21.5%)
texinfos         3663/32767     146520/1310680  (11.2%)
faces           11029/65535     220580/1310700  (16.8%)
* worldfaces     8201/32768          0/0        (25.0%)
clipnodes       14797/32767     118376/262136   (45.2%)
leaves           4694/32760     131432/917280   (14.3%)
* worldleaves    2468/8192           0/0        (30.1%)
marksurfaces    16017/65535      32034/131070   (24.4%)
surfedges       51863/512000    207452/2048000  (10.1%)
edges           29383/256000    117532/1024000  (11.5%)
texdata          [variable]      11500/33554432 ( 0.0%)
lightdata        [variable]          0/50331648 ( 0.0%)
visdata          [variable]      18063/8388608  ( 0.2%)
entdata          [variable]     134817/2097152  ( 6.4%)
* AllocBlock       29/64             0/0        (45.3%)
236 textures referenced
=== Total BSP file data space used: 1692190 bytes ===
Wad files required to run the map: "czcs_office.wad;czde_fastline.wad;deepmind2_ny.wad;winfades.wad;halflife.wad;"
0.09 seconds elapsed

-----   END   hlvis -----



hlrad v3.4 v0.1 64-bit (Mar  9 2020)
Seedee's Half-Life Tools v0.1
Based on code modifications by vluzacn
Based on code modifications by Sean 'Zoner' Cavanaugh
Based on Valve's version, modified with permission.
Submit detailed bug reports to (cdaniel9000@gmail.com)
-----  BEGIN  hlrad -----
Command line: "C:\Users\Ezry.000\Desktop\HALF LIFE 1 MAPPING\COMPILE TOOLS\sdHLRAD_x64.exe" "C:\Program Files (x86)\Steam\steamapps\common\Half-Life\KEA1989\maps\of03" -estimate -chart -smooth 20 
Arguments: "C:\Program Files (x86)\Steam\steamapps\common\Half-Life\KEA1989\maps\of03" -estimate -chart -smooth 20 -low 

-= Current hlrad Settings =-
Name                | Setting             | Default
--------------------|---------------------|-------------------------
threads              [                 6 ] [            Varies ]
verbose              [               off ] [               off ]
log                  [                on ] [                on ]
developer            [                 0 ] [                 0 ]
chart                [                on ] [               off ]
estimate             [                on ] [               off ]
max texture memory   [          33554432 ] [          33554432 ]
max lighting memory  [          50331648 ] [          50331648 ]
priority             [               Low ] [            Normal ]

fast rad             [               off ] [               off ]
vismatrix algorithm  [            Sparse ] [            Sparse ]
oversampling (-extra)[               off ] [               off ]
bounces              [                 8 ] [                 8 ]
ambient light        [ 0.000 0.000 0.000 ] [ 0.000 0.000 0.000 ]
light limit threshold[           188.000 ] [           188.000 ]
circus mode          [               off ] [               off ]

smoothing threshold  [            20.000 ] [            50.000 ]
smoothing threshold 2[         no change ] [         no change ]
direct threshold     [            10.000 ] [            10.000 ]
direct light scale   [             1.000 ] [             1.000 ]
coring threshold     [             0.010 ] [             0.010 ]
patch interpolation  [                on ] [                on ]

texscale             [                on ] [                on ]
patch subdividing    [                on ] [                on ]
chop value           [            64.000 ] [            64.000 ]
texchop value        [            32.000 ] [            32.000 ]

global fade          [             1.000 ] [             1.000 ]
global texlight gap  [             0.000 ] [             0.000 ]
global light scale   [ 2.000 2.000 2.000 ] [ 2.000 2.000 2.000 ]
global gamma         [ 0.550 0.550 0.550 ] [ 0.550 0.550 0.550 ]
global light scale   [             2.000 ] [             2.000 ]
global sky diffusion [             1.000 ] [             1.000 ]

spread angles        [                on ] [                on ]
opaque entities      [                on ] [                on ]
sky lighting fix     [                on ] [                on ]
incremental          [               off ] [               off ]
dump                 [               off ] [               off ]

colour jitter        [       0.0 0.0 0.0 ] [       0.0 0.0 0.0 ]
monochromatic jitter [       0.0 0.0 0.0 ] [       0.0 0.0 0.0 ]

custom shadows with bounce light
                     [               off ] [               off ]
rgb transfers        [               off ] [               off ]
minimum final light  [                 0 ] [                 0 ]
size of transfer     [         1 (16bit) ] [         1 (16bit) ]
size of rgbtransfer  [         2 (32bit) ] [         2 (32bit) ]
soft sky             [                on ] [                on ]
translucent depth    [             2.000 ] [             2.000 ]
block opaque         [                on ] [                on ]
ignore textures      [               off ] [               off ]
reflectivity gamma   [             1.760 ] [             1.760 ]
reflectivity scale   [             0.700 ] [             0.700 ]
blur size            [             1.500 ] [             1.500 ]
no emitter range     [               off ] [               off ]
wall bleeding fix    [                on ] [                on ]


Load Textures:
Using Wadfile: C:\Program Files (x86)\Steam\steamapps\common\Half-Life\KEA1989\maps\of03.wa_
236 textures referenced
Reading texlights from 'C:\Users\Ezry.000\Desktop\HALF LIFE 1 MAPPING\COMPILE TOOLS\lights.rad'
0 opaque models
0 opaque faces
11029 faces
Create Patches : 32027 base patches
227805 square feet [32803950.00 square inches]
418 direct lights and 16386 fast direct lights
3 light styles

FindFacePositions:
 (1.31 seconds)
BuildFacelights:
 (13.68 seconds)
BuildVisLeafs:
 (3.92 seconds)
visibility matrix   :  11.3 megs
MakeScales:
 (6.28 seconds)
Transfer Lists :    23702731 :    23.70M transfers
       Indices :    21290324 :    20.30M bytes
          Data :    47497598 :    45.30M bytes
Bounce 1 GatherLight:
 (0.59 seconds)
Bounce 2 GatherLight:
 (0.59 seconds)
Bounce 3 GatherLight:
 (0.59 seconds)
Bounce 4 GatherLight:
 (0.60 seconds)
Bounce 5 GatherLight:
 (0.60 seconds)
Bounce 6 GatherLight:
 (0.59 seconds)
Bounce 7 GatherLight:
 (0.60 seconds)
Bounce 8 GatherLight:
 (0.62 seconds)
CreateTriangulations:
 (0.22 seconds)
AddPatchLights:
 (1.39 seconds)
FinalLightFace:
 (0.20 seconds)

Object names  Objects/Maxobjs  Memory / Maxmem  Fullness
------------  ---------------  ---------------  --------
models            207/512        13248/32768    (40.4%)
planes           7884/32768     157680/655360   (24.1%)
vertexes        17847/65535     214164/786420   (27.2%)
nodes            7033/32767     168792/786408   (21.5%)
texinfos         3663/32767     146520/1310680  (11.2%)
faces           11029/65535     220580/1310700  (16.8%)
* worldfaces     8201/32768          0/0        (25.0%)
clipnodes       14797/32767     118376/262136   (45.2%)
leaves           4694/32760     131432/917280   (14.3%)
* worldleaves    2468/8192           0/0        (30.1%)
marksurfaces    16017/65535      32034/131070   (24.4%)
surfedges       51863/512000    207452/2048000  (10.1%)
edges           29383/256000    117532/1024000  (11.5%)
texdata          [variable]      11500/33554432 ( 0.0%)
lightdata        [variable]    1436400/50331648 ( 2.9%)
visdata          [variable]      18063/8388608  ( 0.2%)
entdata          [variable]     134817/2097152  ( 6.4%)
* AllocBlock       29/64             0/0        (45.3%)
236 textures referenced
=== Total BSP file data space used: 3128590 bytes ===
Wad files required to run the map: "czcs_office.wad;czde_fastline.wad;deepmind2_ny.wad;winfades.wad;halflife.wad;"
32.65 seconds elapsed

-----   END   hlrad -----



