hlcsg v3.4 v0.1 64-bit (Mar  9 2020)
Seedee's Half-Life Tools v0.1
Based on code modifications by vluzacn
Based on code modifications by Sean 'Zoner' Cavanaugh
Based on Valve's version, modified with permission.
Submit detailed bug reports to (cdaniel9000@gmail.com)
-----  BEGIN  hlcsg -----
Command line: "C:\Users\Ezry.000\Desktop\HALF LIFE 1 MAPPING\COMPILE TOOLS\sdHLCSG_x64.exe" "C:\Program Files (x86)\Steam\steamapps\common\Half-Life\KEA1989\maps\of04" -cliptype precise -wadautodetect -estimate -chart 
Arguments: "C:\Program Files (x86)\Steam\steamapps\common\Half-Life\KEA1989\maps\of04" -cliptype precise -wadautodetect -estimate -chart -low -wadinclude sdhlt.wad -wadautodetect 
Entering C:\Program Files (x86)\Steam\steamapps\common\Half-Life\KEA1989\maps\of04.map

Current hlcsg Settings
Name                 |  Setting  |  Default
---------------------|-----------|-------------------------
threads               [       6 ] [  Varies ]
verbose               [     off ] [     off ]
log                   [      on ] [      on ]
reset logfile         [      on ] [      on ]
developer             [       0 ] [       0 ]
chart                 [      on ] [     off ]
estimate              [      on ] [     off ]
max texture memory    [ 33554432 ] [ 33554432 ]
max lighting memory   [ 50331648 ] [ 50331648 ]
priority              [     Low ] [  Normal ]

noclip                [     off ] [     off ]
null texture stripping[      on ] [      on ]
clipnode economy mode [     off ] [     off ]
clip hull type        [ precise ] [  simple ]
onlyents              [     off ] [     off ]
wadtextures           [      on ] [      on ]
skyclip               [      on ] [      on ]
hullfile              [    None ] [    None ]
wad configuration file[    None ] [    None ]
wad.cfg group name    [    None ] [    None ]
nullfile              [    None ] [    None ]
nullify trigger       [      on ] [      on ]
min surface area      [   0.000 ] [   0.000 ]
brush union threshold [   0.000 ] [   0.000 ]
map scaling           [    None ] [    None ]
light name optimize   [      on ] [      on ]
convert game_text     [      on ] [      on ]

Using mapfile wad configuration
Wadfiles not in use by the map will be excluded
Wadinclude list :
[sdhlt.wad]

CreateBrush:
 (4.50 seconds)
CSGBrush:
 (2.59 seconds)

added 35 additional animating textures.
Including Wadfile: \Users\Ezry.000\Desktop\HALF LIFE 1 MAPPING\COMPILE TOOLS\sdhlt.wad
 - Contains 4 used textures, 1.31 percent of map (27 textures in wad)
Using Wadfile: \Program Files (x86)\Steam\steamapps\common\Half-Life\KEA1989\czcs_office.wad
 - Contains 64 used textures, 20.92 percent of map (305 textures in wad)
Using Wadfile: \Program Files (x86)\Steam\steamapps\common\Half-Life\KEA1989\czde_fastline.wad
 - Contains 20 used textures, 6.54 percent of map (158 textures in wad)
Using Wadfile: \Program Files (x86)\Steam\steamapps\common\Half-Life\KEA1989\deepmind2_ny.wad
 - Contains 37 used textures, 12.09 percent of map (189 textures in wad)
Using Wadfile: \Program Files (x86)\Steam\steamapps\common\Half-Life\KEA1989\deepmind_windawz.wad
 - Contains 17 used textures, 5.56 percent of map (178 textures in wad)
Using Wadfile: \Program Files (x86)\Steam\steamapps\common\Half-Life\valve\halflife.wad
 - Contains 163 used textures, 53.27 percent of map (3116 textures in wad)
Using Wadfile: \Program Files (x86)\Steam\steamapps\common\Half-Life\valve\liquids.wad
 - Contains 1 used texture, 0.33 percent of map (32 textures in wad)

Wad files required to run the map: "czcs_office.wad;czde_fastline.wad;deepmind2_ny.wad;deepmind_windawz.wad;halflife.wad;liquids.wad;"
Texture usage is at 7.13 mb (of 32.00 mb MAX)
9 redundant named lights optimized.

Object names  Objects/Maxobjs  Memory / Maxmem  Fullness
------------  ---------------  ---------------  --------
models              0/512            0/32768    ( 0.0%)
planes          38430/32768     768600/655360   (117.3%)
vertexes            0/65535          0/786420   ( 0.0%)
nodes               0/32767          0/786408   ( 0.0%)
texinfos         7364/32767     294560/1310680  (22.5%)
faces               0/65535          0/1310700  ( 0.0%)
* worldfaces        0/32768          0/0        ( 0.0%)
clipnodes           0/32767          0/262136   ( 0.0%)
leaves              0/32760          0/917280   ( 0.0%)
* worldleaves       0/8192           0/0        ( 0.0%)
marksurfaces        0/65535          0/131070   ( 0.0%)
surfedges           0/512000         0/2048000  ( 0.0%)
edges               0/256000         0/1024000  ( 0.0%)
texdata          [variable]      17916/33554432 ( 0.1%)
lightdata        [variable]          0/50331648 ( 0.0%)
visdata          [variable]          0/8388608  ( 0.0%)
entdata          [variable]     185176/2097152  ( 8.8%)
* AllocBlock        0/64             0/0        ( 0.0%)
306 textures referenced
=== Total BSP file data space used: 1266252 bytes ===
Wad files required to run the map: "czcs_office.wad;czde_fastline.wad;deepmind2_ny.wad;deepmind_windawz.wad;halflife.wad;liquids.wad;"
8.33 seconds elapsed

-----   END   hlcsg -----



hlbsp v3.4 v0.1 64-bit (Mar  9 2020)
Seedee's Half-Life Tools v0.1
Based on code modifications by vluzacn
Based on code modifications by Sean 'Zoner' Cavanaugh
Based on Valve's version, modified with permission.
Submit detailed bug reports to (cdaniel9000@gmail.com)
-----  BEGIN  hlbsp -----
Command line: "C:\Users\Ezry.000\Desktop\HALF LIFE 1 MAPPING\COMPILE TOOLS\sdHLBSP_x64.exe" "C:\Program Files (x86)\Steam\steamapps\common\Half-Life\KEA1989\maps\of04" -estimate -chart 
Arguments: "C:\Program Files (x86)\Steam\steamapps\common\Half-Life\KEA1989\maps\of04" -estimate -chart -low 

Current hlbsp Settings
Name               |  Setting  |  Default
-------------------|-----------|-------------------------
threads             [       6 ] [  Varies ]
verbose             [     off ] [     off ]
log                 [      on ] [      on ]
developer           [       0 ] [       0 ]
chart               [      on ] [     off ]
estimate            [      on ] [     off ]
max texture memory  [ 33554432 ] [ 33554432 ]
priority            [     Low ] [  Normal ]

noclip              [     off ] [     off ]
nofill              [     off ] [     off ]
noinsidefill        [     off ] [     off ]
noopt               [     off ] [     off ]
no clipnode merging [     off ] [     off ]
null tex. stripping [      on ] [      on ]
notjunc             [     off ] [     off ]
nobrink             [     off ] [     off ]
subdivide size      [     240 ] [     240 ] (Min 64) (Max 512)
max node size       [    1024 ] [    1024 ] (Min 64) (Max 65536)
remove hull 2       [     off ] [     off ]


SolidBSP [hull 0] 500...1000...1500...2000...2500...3000...3500...4000...Warning: Ambiguous leafnode content ( EMPTY and SOLID ) at (-48,260,128)-(-46,268,240) in hull 0 of model 0 (entity: classname "worldspawn", origin "", targetname "")
4500...5000...5500...6000...6500...7000...7500...8000...8500...9000...9500...10000...10500...11000...11500...12000...12031 (1.41 seconds)
BSP generation successful, writing portal file 'C:\Program Files (x86)\Steam\steamapps\common\Half-Life\KEA1989\maps\of04.prt'
SolidBSP [hull 1] 500...1000...1500...2000...2500...3000...3500...4000...4500...5000...5136 (0.80 seconds)
SolidBSP [hull 2] 500...1000...1500...2000...2500...3000...3500...4000...4500...4619 (0.68 seconds)
SolidBSP [hull 3] 500...1000...1500...2000...2500...3000...3500...4000...4500...5000...5500...5702 (0.78 seconds)
Warning: No visible brushes in solid entity: model 92 (entity: classname "trigger_once", origin "", targetname "", range (200,352,128) - (208,480,240))
Warning: No visible brushes in solid entity: model 253 (entity: classname "func_wall_toggle", origin "", targetname "boss_escape", range (-224,256,896) - (32,260,992))
Reduced 24310 clipnodes to 22755
Reduced 7364 texinfos to 6986
Reduced 306 texdatas to 300 (17916 bytes to 14316)
Reduced 38430 planes to 11781
FixBrinks:
Increased 22755 clipnodes to 22914.

Object names  Objects/Maxobjs  Memory / Maxmem  Fullness
------------  ---------------  ---------------  --------
models            291/512        18624/32768    (56.8%)
planes          11781/32768     235620/655360   (36.0%)
vertexes        33339/65535     400068/786420   (50.9%)
nodes           14475/32767     347400/786408   (44.2%)
texinfos         6986/32767     279440/1310680  (21.3%)
faces           21091/65535     421820/1310700  (32.2%)
* worldfaces    18008/32768          0/0        (55.0%)
clipnodes       22914/32767     183312/262136   (69.9%)
leaves           9618/32760     269304/917280   (29.4%)
* worldleaves    6880/8192           0/0        (84.0%)
marksurfaces    31978/65535      63956/131070   (48.8%)
surfedges       97081/512000    388324/2048000  (19.0%)
edges           55280/256000    221120/1024000  (21.6%)
texdata          [variable]      14316/33554432 ( 0.0%)
lightdata        [variable]          0/50331648 ( 0.0%)
visdata          [variable]          0/8388608  ( 0.0%)
entdata          [variable]     185176/2097152  ( 8.8%)
* AllocBlock       45/64             0/0        (70.3%)
300 textures referenced
=== Total BSP file data space used: 3028480 bytes ===
Wad files required to run the map: "czcs_office.wad;czde_fastline.wad;deepmind2_ny.wad;deepmind_windawz.wad;halflife.wad;liquids.wad;"
12.15 seconds elapsed

-----   END   hlbsp -----



hlvis v3.4 v0.1 64-bit (Mar  9 2020)
Seedee's Half-Life Tools v0.1
Based on code modifications by vluzacn
Based on code modifications by Sean 'Zoner' Cavanaugh
Based on Valve's version, modified with permission.
Submit detailed bug reports to (cdaniel9000@gmail.com)
-----  BEGIN  hlvis -----
Command line: "C:\Users\Ezry.000\Desktop\HALF LIFE 1 MAPPING\COMPILE TOOLS\sdHLVIS_x64.exe" "C:\Program Files (x86)\Steam\steamapps\common\Half-Life\KEA1989\maps\of04" -estimate -chart 
Arguments: "C:\Program Files (x86)\Steam\steamapps\common\Half-Life\KEA1989\maps\of04" -estimate -chart -low 
 691 portalleafs
1518 numportals

-= Current hlvis Settings =-
Name               |  Setting  |  Default
-------------------|-----------|-------------------------
threads             [       6 ] [  Varies ]
verbose             [     off ] [     off ]
log                 [      on ] [      on ]
developer           [       0 ] [       0 ]
chart               [      on ] [     off ]
estimate            [      on ] [     off ]
max texture memory  [ 33554432 ] [ 33554432 ]
max vis distance    [       0 ] [       0 ]
priority            [     Low ] [  Normal ]

fast vis            [     off ] [     off ]
full vis            [     off ] [     off ]


BasePortalVis:
 (0.15 seconds)
LeafThread:
 (5.46 seconds)
average leafs visible: 232
g_visdatasize:212571  compressed from 60117

Object names  Objects/Maxobjs  Memory / Maxmem  Fullness
------------  ---------------  ---------------  --------
models            291/512        18624/32768    (56.8%)
planes          11781/32768     235620/655360   (36.0%)
vertexes        33339/65535     400068/786420   (50.9%)
nodes           14475/32767     347400/786408   (44.2%)
texinfos         6986/32767     279440/1310680  (21.3%)
faces           21091/65535     421820/1310700  (32.2%)
* worldfaces    18008/32768          0/0        (55.0%)
clipnodes       22914/32767     183312/262136   (69.9%)
leaves           9618/32760     269304/917280   (29.4%)
* worldleaves    6880/8192           0/0        (84.0%)
marksurfaces    31978/65535      63956/131070   (48.8%)
surfedges       97081/512000    388324/2048000  (19.0%)
edges           55280/256000    221120/1024000  (21.6%)
texdata          [variable]      14316/33554432 ( 0.0%)
lightdata        [variable]          0/50331648 ( 0.0%)
visdata          [variable]     212571/8388608  ( 2.5%)
entdata          [variable]     185176/2097152  ( 8.8%)
* AllocBlock       45/64             0/0        (70.3%)
300 textures referenced
=== Total BSP file data space used: 3241051 bytes ===
Wad files required to run the map: "czcs_office.wad;czde_fastline.wad;deepmind2_ny.wad;deepmind_windawz.wad;halflife.wad;liquids.wad;"
5.85 seconds elapsed

-----   END   hlvis -----



hlrad v3.4 v0.1 64-bit (Mar  9 2020)
Seedee's Half-Life Tools v0.1
Based on code modifications by vluzacn
Based on code modifications by Sean 'Zoner' Cavanaugh
Based on Valve's version, modified with permission.
Submit detailed bug reports to (cdaniel9000@gmail.com)
-----  BEGIN  hlrad -----
Command line: "C:\Users\Ezry.000\Desktop\HALF LIFE 1 MAPPING\COMPILE TOOLS\sdHLRAD_x64.exe" "C:\Program Files (x86)\Steam\steamapps\common\Half-Life\KEA1989\maps\of04" -estimate -chart -smooth 75 -texlightgap 10 
Arguments: "C:\Program Files (x86)\Steam\steamapps\common\Half-Life\KEA1989\maps\of04" -estimate -chart -smooth 75 -texlightgap 10 -low 

-= Current hlrad Settings =-
Name                | Setting             | Default
--------------------|---------------------|-------------------------
threads              [                 6 ] [            Varies ]
verbose              [               off ] [               off ]
log                  [                on ] [                on ]
developer            [                 0 ] [                 0 ]
chart                [                on ] [               off ]
estimate             [                on ] [               off ]
max texture memory   [          33554432 ] [          33554432 ]
max lighting memory  [          50331648 ] [          50331648 ]
priority             [               Low ] [            Normal ]

fast rad             [               off ] [               off ]
vismatrix algorithm  [            Sparse ] [            Sparse ]
oversampling (-extra)[               off ] [               off ]
bounces              [                 8 ] [                 8 ]
ambient light        [ 0.000 0.000 0.000 ] [ 0.000 0.000 0.000 ]
light limit threshold[           188.000 ] [           188.000 ]
circus mode          [               off ] [               off ]

smoothing threshold  [            75.000 ] [            50.000 ]
smoothing threshold 2[         no change ] [         no change ]
direct threshold     [            10.000 ] [            10.000 ]
direct light scale   [             1.000 ] [             1.000 ]
coring threshold     [             0.010 ] [             0.010 ]
patch interpolation  [                on ] [                on ]

texscale             [                on ] [                on ]
patch subdividing    [                on ] [                on ]
chop value           [            64.000 ] [            64.000 ]
texchop value        [            32.000 ] [            32.000 ]

global fade          [             1.000 ] [             1.000 ]
global texlight gap  [            10.000 ] [             0.000 ]
global light scale   [ 2.000 2.000 2.000 ] [ 2.000 2.000 2.000 ]
global gamma         [ 0.550 0.550 0.550 ] [ 0.550 0.550 0.550 ]
global light scale   [             2.000 ] [             2.000 ]
global sky diffusion [             1.000 ] [             1.000 ]

spread angles        [                on ] [                on ]
opaque entities      [                on ] [                on ]
sky lighting fix     [                on ] [                on ]
incremental          [               off ] [               off ]
dump                 [               off ] [               off ]

colour jitter        [       0.0 0.0 0.0 ] [       0.0 0.0 0.0 ]
monochromatic jitter [       0.0 0.0 0.0 ] [       0.0 0.0 0.0 ]

custom shadows with bounce light
                     [               off ] [               off ]
rgb transfers        [               off ] [               off ]
minimum final light  [                 0 ] [                 0 ]
size of transfer     [         1 (16bit) ] [         1 (16bit) ]
size of rgbtransfer  [         2 (32bit) ] [         2 (32bit) ]
soft sky             [                on ] [                on ]
translucent depth    [             2.000 ] [             2.000 ]
block opaque         [                on ] [                on ]
ignore textures      [               off ] [               off ]
reflectivity gamma   [             1.760 ] [             1.760 ]
reflectivity scale   [             0.700 ] [             0.700 ]
blur size            [             1.500 ] [             1.500 ]
no emitter range     [               off ] [               off ]
wall bleeding fix    [                on ] [                on ]


Load Textures:
Using Wadfile: C:\Program Files (x86)\Steam\steamapps\common\Half-Life\KEA1989\maps\of04.wa_
300 textures referenced
Reading texlights from 'C:\Users\Ezry.000\Desktop\HALF LIFE 1 MAPPING\COMPILE TOOLS\lights.rad'
0 opaque models
0 opaque faces
21091 faces
Create Patches : 53650 base patches
347519 square feet [50042876.00 square inches]
3261 direct lights and 16386 fast direct lights
7 light styles

FindFacePositions:
 (9.07 seconds)
BuildFacelights:
 (255.64 seconds)
BuildVisLeafs:
 (81.79 seconds)
visibility matrix   :  32.3 megs
MakeScales:
 (114.11 seconds)
Transfer Lists :    64885258 :    64.89M transfers
       Indices :    65391976 :    62.36M bytes
          Data :   129928004 :   123.91M bytes
Bounce 1 GatherLight:
 (3.01 seconds)
Bounce 2 GatherLight:
 (3.63 seconds)
Bounce 3 GatherLight:
 (3.55 seconds)
Bounce 4 GatherLight:
 (3.48 seconds)
Bounce 5 GatherLight:
 (3.80 seconds)
Bounce 6 GatherLight:
 (4.13 seconds)
Bounce 7 GatherLight:
 (4.54 seconds)
Bounce 8 GatherLight:
 (3.40 seconds)
CreateTriangulations:
 (1.16 seconds)
AddPatchLights:
 (13.06 seconds)
FinalLightFace:
 (0.77 seconds)

Object names  Objects/Maxobjs  Memory / Maxmem  Fullness
------------  ---------------  ---------------  --------
models            291/512        18624/32768    (56.8%)
planes          11781/32768     235620/655360   (36.0%)
vertexes        33339/65535     400068/786420   (50.9%)
nodes           14475/32767     347400/786408   (44.2%)
texinfos         6986/32767     279440/1310680  (21.3%)
faces           21091/65535     421820/1310700  (32.2%)
* worldfaces    18008/32768          0/0        (55.0%)
clipnodes       22914/32767     183312/262136   (69.9%)
leaves           9618/32760     269304/917280   (29.4%)
* worldleaves    6880/8192           0/0        (84.0%)
marksurfaces    31978/65535      63956/131070   (48.8%)
surfedges       97081/512000    388324/2048000  (19.0%)
edges           55280/256000    221120/1024000  (21.6%)
texdata          [variable]      14316/33554432 ( 0.0%)
lightdata        [variable]    2431350/50331648 ( 4.8%)
visdata          [variable]     212571/8388608  ( 2.5%)
entdata          [variable]     185176/2097152  ( 8.8%)
* AllocBlock       45/64             0/0        (70.3%)
300 textures referenced
=== Total BSP file data space used: 5672401 bytes ===
Wad files required to run the map: "czcs_office.wad;czde_fastline.wad;deepmind2_ny.wad;deepmind_windawz.wad;halflife.wad;liquids.wad;"
507.57 seconds elapsed [8m 27s]

-----   END   hlrad -----



