16
22
1
1
1
1
1
1
1
27
8
2
1
8
1
1
1
1
4 0 1 (432.000000 48.000000 320.000000) (432.000000 48.000000 192.000000) (432.000000 -208.000000 192.000000) (432.000000 -208.000000 320.000000) 
4 1 2 (304.000000 -208.000000 192.000000) (432.000000 -208.000000 192.000000) (432.000000 -208.000000 320.000000) (304.000000 -208.000000 320.000000) 
4 2 3 (304.000000 -428.000000 320.000000) (304.000000 -428.000000 192.000000) (432.000000 -428.000000 192.000000) (432.000000 -428.000000 320.000000) 
4 3 9 (304.000000 -689.938000 192.000000) (304.000000 -720.000000 192.000000) (304.000000 -720.000000 220.000000) (304.000000 -689.938000 220.000000) 
4 3 8 (304.000000 -720.000000 220.000000) (304.000000 -720.000000 320.000000) (304.000000 -689.938000 320.000000) (304.000000 -689.938000 220.000000) 
4 3 7 (304.000000 -464.000000 192.000000) (304.000000 -689.938000 192.000000) (304.000000 -689.938000 320.000000) (304.000000 -464.000000 320.000000) 
4 4 12 (48.000000 48.000000 320.000000) (48.000000 48.000000 192.000000) (48.000000 -208.000000 192.000000) (48.000000 -208.000000 320.000000) 
4 5 13 (48.000000 -272.000000 192.000000) (48.000000 -336.000000 192.000000) (48.000000 -336.000000 320.000000) (48.000000 -272.000000 320.000000) 
4 5 6 (48.000000 -428.000000 192.000000) (176.000000 -428.000000 192.000000) (176.000000 -428.000000 320.000000) (48.000000 -428.000000 320.000000) 
4 6 7 (48.000000 -464.000000 192.000000) (176.000000 -464.000000 192.000000) (176.000000 -464.000000 320.000000) (48.000000 -464.000000 320.000000) 
4 7 14 (48.000000 -464.000000 192.000000) (48.000000 -689.938000 192.000000) (48.000000 -689.938000 320.000000) (48.000000 -464.000000 320.000000) 
4 7 9 (198.000000 -689.938000 192.000000) (304.000000 -689.938000 192.000000) (304.000000 -689.938000 220.000000) (198.000000 -689.938000 220.000000) 
4 7 8 (304.000000 -689.938000 220.000000) (304.000000 -689.938000 320.000000) (162.000000 -689.938000 320.000000) (162.000000 -689.938000 220.000000) 
4 7 11 (48.000000 -689.938000 320.000000) (48.000000 -689.938000 192.000000) (162.000000 -689.938000 192.000000) (162.000000 -689.938000 320.000000) 
4 8 10 (198.000000 -715.938000 220.000000) (198.000000 -720.000000 220.000000) (162.000000 -720.000000 220.000000) (162.000000 -715.938000 220.000000) 
4 8 9 (198.000000 -689.938000 220.000000) (304.000000 -689.938000 220.000000) (304.000000 -720.000000 220.000000) (198.000000 -720.000000 220.000000) 
4 8 11 (162.000000 -720.000000 220.000000) (162.000000 -720.000000 320.000000) (162.000000 -689.938000 320.000000) (162.000000 -689.938000 220.000000) 
4 9 10 (198.000000 -715.938000 192.000000) (198.000000 -720.000000 192.000000) (198.000000 -720.000000 220.000000) (198.000000 -715.938000 220.000000) 
4 10 11 (162.000000 -715.938000 192.000000) (162.000000 -720.000000 192.000000) (162.000000 -720.000000 220.000000) (162.000000 -715.938000 220.000000) 
4 11 14 (48.000000 -689.938000 192.000000) (48.000000 -720.000000 192.000000) (48.000000 -720.000000 320.000000) (48.000000 -689.938000 320.000000) 
4 12 15 (-80.000000 48.000000 320.000000) (-80.000000 48.000000 192.000000) (-80.000000 -208.000000 192.000000) (-80.000000 -208.000000 320.000000) 
4 12 13 (-80.000000 -208.000000 320.000000) (-80.000000 -208.000000 192.000000) (48.000000 -208.000000 192.000000) (48.000000 -208.000000 320.000000) 
