188
414
1
1
1
1
1
1
1
1
1
1
1
1
1
1
1
1
1
1
1
1
1
1
1
1
1
1
1
1
1
1
1
1
1
1
1
1
1
1
1
1
1
1
1
1
1
1
1
1
1
1
1
1
1
1
1
1
1
1
1
1
1
1
1
1
1
1
1
1
1
1
1
1
1
1
1
1
1
1
1
1
1
1
1
1
1
1
1
1
1
1
1
1
1
1
1
1
1
1
1
1
1
1
1
1
1
1
1
1
1
1
1
1
1
1
1
1
1
1
1
1
1
1
1
1
1
1
1
1
1
1
1
1
1
1
1
1
1
1
1
1
1
1
1
1
1
1
1
1
1
1
1
1
1
1
1
1
1
1
1
1
1
1
1
1
1
1
1
1
1
1
1
1
1
1
1
1
1
1
15
15
1
15
15
15
1
1
15
16
4 0 24 (336.000000 2112.000000 144.000000) (880.000000 2112.000000 144.000000) (880.000000 2112.000000 384.000000) (336.000000 2112.000000 384.000000) 
4 0 20 (992.000000 2112.000000 224.000000) (992.000000 2112.000000 384.000000) (880.000000 2112.000000 384.000000) (880.000000 2112.000000 224.000000) 
4 0 23 (880.000000 2112.000000 144.000000) (992.000000 2112.000000 144.000000) (992.000000 2112.000000 224.000000) (880.000000 2112.000000 224.000000) 
4 0 16 (368.000000 2208.000000 144.000000) (992.000000 2208.000000 144.000000) (992.000000 2112.000000 144.000000) (368.000000 2112.000000 144.000000) 
4 0 1 (336.000000 2208.000000 384.000000) (336.000000 2208.000000 160.000000) (336.000000 2112.000000 160.000000) (336.000000 2112.000000 384.000000) 
4 1 24 (336.000000 2112.000000 160.000000) (336.000000 2112.000000 384.000000) (304.000000 2112.000000 384.000000) (304.000000 2112.000000 160.000000) 
4 1 2 (304.000000 2112.000000 176.000000) (304.000000 2112.000000 384.000000) (304.000000 2208.000000 384.000000) (304.000000 2208.000000 176.000000) 
4 2 24 (304.000000 2112.000000 176.000000) (304.000000 2112.000000 384.000000) (272.000000 2112.000000 384.000000) (272.000000 2112.000000 176.000000) 
4 2 3 (272.000000 2208.000000 384.000000) (272.000000 2208.000000 192.000000) (272.000000 2112.000000 192.000000) (272.000000 2112.000000 384.000000) 
4 3 24 (272.000000 2112.000000 384.000000) (240.000000 2112.000000 384.000000) (240.000000 2112.000000 192.000000) (272.000000 2112.000000 192.000000) 
4 3 6 (240.000000 2208.000000 384.000000) (240.000000 2208.000000 208.000000) (240.000000 2112.000000 208.000000) (240.000000 2112.000000 384.000000) 
4 4 24 (272.000000 2112.000000 144.000000) (304.000000 2112.000000 144.000000) (304.000000 2112.000000 160.000000) (272.000000 2112.000000 160.000000) 
4 4 17 (272.000000 2208.000000 144.000000) (304.000000 2208.000000 144.000000) (304.000000 2112.000000 144.000000) (272.000000 2112.000000 144.000000) 
4 4 5 (272.000000 2208.000000 144.000000) (272.000000 2112.000000 144.000000) (272.000000 2112.000000 160.000000) (272.000000 2208.000000 160.000000) 
4 5 24 (240.000000 2112.000000 144.000000) (272.000000 2112.000000 144.000000) (272.000000 2112.000000 176.000000) (240.000000 2112.000000 176.000000) 
4 5 17 (240.000000 2208.000000 144.000000) (272.000000 2208.000000 144.000000) (272.000000 2112.000000 144.000000) (240.000000 2112.000000 144.000000) 
4 5 7 (240.000000 2208.000000 176.000000) (240.000000 2208.000000 144.000000) (240.000000 2112.000000 144.000000) (240.000000 2112.000000 176.000000) 
4 6 24 (240.000000 2112.000000 208.000000) (240.000000 2112.000000 384.000000) (208.000000 2112.000000 384.000000) (208.000000 2112.000000 208.000000) 
4 6 8 (208.000000 2208.000000 384.000000) (208.000000 2208.000000 224.000000) (208.000000 2112.000000 224.000000) (208.000000 2112.000000 384.000000) 
4 7 24 (208.000000 2112.000000 144.000000) (240.000000 2112.000000 144.000000) (240.000000 2112.000000 192.000000) (208.000000 2112.000000 192.000000) 
4 7 17 (208.000000 2208.000000 144.000000) (240.000000 2208.000000 144.000000) (240.000000 2112.000000 144.000000) (208.000000 2112.000000 144.000000) 
4 7 9 (208.000000 2208.000000 192.000000) (208.000000 2208.000000 144.000000) (208.000000 2112.000000 144.000000) (208.000000 2112.000000 192.000000) 
4 8 24 (208.000000 2112.000000 224.000000) (208.000000 2112.000000 384.000000) (176.000000 2112.000000 384.000000) (176.000000 2112.000000 224.000000) 
4 8 10 (176.000000 2112.000000 240.000000) (176.000000 2112.000000 384.000000) (176.000000 2208.000000 384.000000) (176.000000 2208.000000 240.000000) 
4 9 24 (176.000000 2112.000000 144.000000) (208.000000 2112.000000 144.000000) (208.000000 2112.000000 208.000000) (176.000000 2112.000000 208.000000) 
4 9 17 (176.000000 2208.000000 144.000000) (208.000000 2208.000000 144.000000) (208.000000 2112.000000 144.000000) (176.000000 2112.000000 144.000000) 
4 9 11 (176.000000 2112.000000 144.000000) (176.000000 2112.000000 208.000000) (176.000000 2208.000000 208.000000) (176.000000 2208.000000 144.000000) 
4 10 24 (176.000000 2112.000000 240.000000) (176.000000 2112.000000 384.000000) (144.000000 2112.000000 384.000000) (144.000000 2112.000000 240.000000) 
4 10 12 (144.000000 2208.000000 384.000000) (144.000000 2208.000000 256.000000) (144.000000 2112.000000 256.000000) (144.000000 2112.000000 384.000000) 
4 11 24 (144.000000 2112.000000 144.000000) (176.000000 2112.000000 144.000000) (176.000000 2112.000000 224.000000) (144.000000 2112.000000 224.000000) 
4 11 17 (144.000000 2208.000000 144.000000) (176.000000 2208.000000 144.000000) (176.000000 2112.000000 144.000000) (144.000000 2112.000000 144.000000) 
4 11 13 (144.000000 2208.000000 224.000000) (144.000000 2208.000000 144.000000) (144.000000 2112.000000 144.000000) (144.000000 2112.000000 224.000000) 
4 12 24 (144.000000 2112.000000 256.000000) (144.000000 2112.000000 384.000000) (112.000000 2112.000000 384.000000) (112.000000 2112.000000 256.000000) 
4 12 14 (112.000000 2112.000000 272.000000) (112.000000 2112.000000 384.000000) (112.000000 2208.000000 384.000000) (112.000000 2208.000000 272.000000) 
4 13 24 (112.000000 2112.000000 144.000000) (144.000000 2112.000000 144.000000) (144.000000 2112.000000 240.000000) (112.000000 2112.000000 240.000000) 
4 13 17 (112.000000 2208.000000 144.000000) (144.000000 2208.000000 144.000000) (144.000000 2112.000000 144.000000) (112.000000 2112.000000 144.000000) 
4 13 15 (112.000000 2112.000000 144.000000) (112.000000 2112.000000 240.000000) (112.000000 2208.000000 240.000000) (112.000000 2208.000000 144.000000) 
4 14 32 (80.000000 2112.000000 384.000000) (80.000000 2208.000000 384.000000) (80.000000 2208.000000 272.000000) (80.000000 2112.000000 272.000000) 
4 14 24 (80.000000 2112.000000 384.000000) (80.000000 2112.000000 272.000000) (112.000000 2112.000000 272.000000) (112.000000 2112.000000 384.000000) 
4 15 24 (80.000000 2112.000000 256.000000) (80.000000 2112.000000 144.000000) (112.000000 2112.000000 144.000000) (112.000000 2112.000000 256.000000) 
4 15 17 (80.000000 2112.000000 144.000000) (80.000000 2208.000000 144.000000) (112.000000 2208.000000 144.000000) (112.000000 2112.000000 144.000000) 
4 16 24 (368.000000 2112.000000 128.000000) (880.000000 2112.000000 128.000000) (880.000000 2112.000000 144.000000) (368.000000 2112.000000 144.000000) 
4 16 23 (880.000000 2112.000000 128.000000) (992.000000 2112.000000 128.000000) (992.000000 2112.000000 144.000000) (880.000000 2112.000000 144.000000) 
4 16 18 (992.000000 2112.000000 128.000000) (400.000000 2112.000000 128.000000) (400.000000 2208.000000 128.000000) (992.000000 2208.000000 128.000000) 
4 17 24 (80.000000 2112.000000 144.000000) (80.000000 2112.000000 128.000000) (336.000000 2112.000000 128.000000) (336.000000 2112.000000 144.000000) 
4 17 19 (336.000000 2112.000000 128.000000) (80.000000 2112.000000 128.000000) (80.000000 2208.000000 128.000000) (336.000000 2208.000000 128.000000) 
4 18 24 (400.000000 2112.000000 112.000000) (880.000000 2112.000000 112.000000) (880.000000 2112.000000 128.000000) (400.000000 2112.000000 128.000000) 
4 18 23 (880.000000 2112.000000 112.000000) (992.000000 2112.000000 112.000000) (992.000000 2112.000000 128.000000) (880.000000 2112.000000 128.000000) 
4 19 24 (80.000000 2112.000000 128.000000) (80.000000 2112.000000 112.000000) (368.000000 2112.000000 112.000000) (368.000000 2112.000000 128.000000) 
4 20 25 (880.000000 1664.000000 384.000000) (880.000000 1696.000000 384.000000) (880.000000 1696.000000 272.000000) (880.000000 1664.000000 272.000000) 
4 20 24 (880.000000 1696.000000 384.000000) (880.000000 2112.000000 384.000000) (880.000000 2112.000000 224.000000) (880.000000 1696.000000 224.000000) 
4 20 21 (888.000000 1664.000000 224.000000) (992.000000 1664.000000 224.000000) (992.000000 1664.000000 384.000000) (888.000000 1664.000000 384.000000) 
4 20 23 (880.000000 1664.000000 224.000000) (880.000000 2112.000000 224.000000) (992.000000 2112.000000 224.000000) (992.000000 1664.000000 224.000000) 
4 21 22 (888.000000 1632.000000 224.000000) (992.000000 1632.000000 224.000000) (992.000000 1632.000000 384.000000) (888.000000 1632.000000 384.000000) 
4 21 23 (888.000000 1664.000000 224.000000) (992.000000 1664.000000 224.000000) (992.000000 1632.000000 224.000000) (888.000000 1632.000000 224.000000) 
4 22 29 (992.000000 1600.000000 224.000000) (992.000000 1600.000000 272.000000) (880.000000 1600.000000 272.000000) (880.000000 1600.000000 224.000000) 
4 22 28 (992.000000 1600.000000 272.000000) (992.000000 1600.000000 384.000000) (880.000000 1600.000000 384.000000) (880.000000 1600.000000 272.000000) 
4 22 25 (880.000000 1600.000000 272.000000) (880.000000 1600.000000 384.000000) (880.000000 1632.000000 384.000000) (880.000000 1632.000000 272.000000) 
4 22 23 (992.000000 1600.000000 224.000000) (880.000000 1600.000000 224.000000) (880.000000 1632.000000 224.000000) (992.000000 1632.000000 224.000000) 
4 23 29 (880.000000 1600.000000 112.000000) (992.000000 1600.000000 112.000000) (992.000000 1600.000000 224.000000) (880.000000 1600.000000 224.000000) 
4 23 24 (880.000000 2112.000000 112.000000) (880.000000 1696.000000 112.000000) (880.000000 1696.000000 224.000000) (880.000000 2112.000000 224.000000) 
4 24 33 (80.000000 2112.000000 272.000000) (80.000000 2112.000000 112.000000) (80.000000 2016.000000 112.000000) (80.000000 2016.000000 272.000000) 
4 24 32 (80.000000 2016.000000 384.000000) (80.000000 2112.000000 384.000000) (80.000000 2112.000000 272.000000) (80.000000 2016.000000 272.000000) 
4 24 43 (80.000000 1696.000000 384.000000) (80.000000 2016.000000 384.000000) (80.000000 2016.000000 112.000000) (80.000000 1696.000000 112.000000) 
4 24 31 (360.000000 2016.000000 112.000000) (360.000000 1824.000000 112.000000) (176.000000 1824.000000 112.000000) (176.000000 2016.000000 112.000000) 
4 24 27 (80.000000 1696.000000 112.000000) (464.000000 1696.000000 112.000000) (464.000000 1696.000000 272.000000) (80.000000 1696.000000 272.000000) 
4 24 26 (528.000000 1696.000000 112.000000) (816.000000 1696.000000 112.000000) (816.000000 1696.000000 224.000000) (528.000000 1696.000000 224.000000) 
4 24 25 (880.000000 1696.000000 272.000000) (880.000000 1696.000000 384.000000) (80.000000 1696.000000 384.000000) (80.000000 1696.000000 272.000000) 
4 25 43 (80.000000 1600.000000 384.000000) (80.000000 1696.000000 384.000000) (80.000000 1696.000000 272.000000) (80.000000 1600.000000 272.000000) 
4 25 28 (880.000000 1600.000000 272.000000) (880.000000 1600.000000 384.000000) (80.000000 1600.000000 384.000000) (80.000000 1600.000000 272.000000) 
4 25 27 (464.000000 1600.000000 272.000000) (80.000000 1600.000000 272.000000) (80.000000 1696.000000 272.000000) (464.000000 1696.000000 272.000000) 
4 27 43 (80.000000 1696.000000 272.000000) (80.000000 1696.000000 112.000000) (80.000000 1600.000000 112.000000) (80.000000 1600.000000 272.000000) 
4 27 30 (80.000000 1600.000000 112.000000) (432.000000 1600.000000 112.000000) (432.000000 1600.000000 272.000000) (80.000000 1600.000000 272.000000) 
4 28 44 (848.000000 1584.000000 384.000000) (432.000000 1584.000000 384.000000) (432.000000 1584.000000 272.000000) (848.000000 1584.000000 272.000000) 
4 28 43 (80.000000 1584.000000 272.000000) (80.000000 1584.000000 384.000000) (80.000000 1600.000000 384.000000) (80.000000 1600.000000 272.000000) 
4 28 30 (432.000000 1584.000000 272.000000) (80.000000 1584.000000 272.000000) (80.000000 1600.000000 272.000000) (432.000000 1600.000000 272.000000) 
4 28 29 (992.000000 1584.000000 272.000000) (848.000000 1584.000000 272.000000) (848.000000 1600.000000 272.000000) (992.000000 1600.000000 272.000000) 
4 30 49 (204.000000 1584.000000 112.000000) (268.000000 1584.000000 112.000000) (268.000000 1584.000000 208.000000) (204.000000 1584.000000 208.000000) 
4 30 43 (80.000000 1584.000000 112.000000) (80.000000 1584.000000 272.000000) (80.000000 1600.000000 272.000000) (80.000000 1600.000000 112.000000) 
4 32 41 (16.000000 2016.000000 304.000000) (16.000000 2016.000000 384.000000) (16.000000 2032.000000 384.000000) (16.000000 2032.000000 304.000000) 
4 32 35 (16.000000 2032.000000 304.000000) (16.000000 2032.000000 384.000000) (16.000000 2112.000000 384.000000) (16.000000 2112.000000 304.000000) 
4 32 34 (16.000000 2208.000000 384.000000) (16.000000 2208.000000 272.000000) (16.000000 2112.000000 272.000000) (16.000000 2112.000000 384.000000) 
4 32 33 (80.000000 2112.000000 272.000000) (80.000000 2016.000000 272.000000) (16.000000 2016.000000 272.000000) (16.000000 2112.000000 272.000000) 
4 32 43 (80.000000 2016.000000 272.000000) (80.000000 2016.000000 384.000000) (16.000000 2016.000000 384.000000) (16.000000 2016.000000 272.000000) 
4 33 42 (16.000000 2112.000000 112.000000) (16.000000 2016.000000 112.000000) (16.000000 2016.000000 224.000000) (16.000000 2112.000000 224.000000) 
4 33 43 (16.000000 2016.000000 112.000000) (80.000000 2016.000000 112.000000) (80.000000 2016.000000 272.000000) (16.000000 2016.000000 272.000000) 
4 34 37 (0.000000 2112.000000 280.000000) (0.000000 2112.000000 312.000000) (0.000000 2208.000000 312.000000) (0.000000 2208.000000 280.000000) 
4 34 40 (0.000000 2208.000000 272.000000) (0.000000 2112.000000 272.000000) (0.000000 2112.000000 280.000000) (0.000000 2208.000000 280.000000) 
4 34 36 (0.000000 2112.000000 312.000000) (0.000000 2112.000000 384.000000) (0.000000 2208.000000 384.000000) (0.000000 2208.000000 312.000000) 
4 34 35 (16.000000 2112.000000 304.000000) (16.000000 2112.000000 384.000000) (0.000000 2112.000000 384.000000) (0.000000 2112.000000 304.000000) 
4 35 41 (16.000000 2032.000000 304.000000) (16.000000 2032.000000 384.000000) (0.000000 2032.000000 384.000000) (0.000000 2032.000000 304.000000) 
4 35 38 (0.000000 2032.000000 304.000000) (0.000000 2032.000000 312.000000) (0.000000 2064.000000 312.000000) (0.000000 2064.000000 304.000000) 
4 35 37 (0.000000 2064.000000 312.000000) (0.000000 2112.000000 312.000000) (0.000000 2112.000000 304.000000) (0.000000 2064.000000 304.000000) 
4 35 36 (0.000000 2032.000000 312.000000) (0.000000 2032.000000 384.000000) (0.000000 2112.000000 384.000000) (0.000000 2112.000000 312.000000) 
4 36 41 (-464.000000 2032.000000 384.000000) (-464.000000 2032.000000 312.000000) (0.000000 2032.000000 312.000000) (0.000000 2032.000000 384.000000) 
4 36 38 (0.000000 2064.000000 312.000000) (0.000000 2032.000000 312.000000) (-192.000000 2032.000000 312.000000) (-192.000000 2064.000000 312.000000) 
4 36 39 (-256.000000 2032.000000 312.000000) (-464.000000 2032.000000 312.000000) (-464.000000 2064.000000 312.000000) (-256.000000 2064.000000 312.000000) 
4 36 37 (-464.000000 2208.000000 312.000000) (0.000000 2208.000000 312.000000) (0.000000 2064.000000 312.000000) (-464.000000 2064.000000 312.000000) 
4 37 38 (0.000000 2064.000000 280.000000) (0.000000 2064.000000 312.000000) (-192.000000 2064.000000 312.000000) (-192.000000 2064.000000 280.000000) 
4 37 39 (-256.000000 2064.000000 312.000000) (-464.000000 2064.000000 312.000000) (-464.000000 2064.000000 280.000000) (-256.000000 2064.000000 280.000000) 
4 37 40 (-464.000000 2064.000000 280.000000) (-464.000000 2208.000000 280.000000) (0.000000 2208.000000 280.000000) (0.000000 2064.000000 280.000000) 
4 38 41 (0.000000 2032.000000 304.000000) (0.000000 2032.000000 312.000000) (-192.000000 2032.000000 312.000000) (-192.000000 2032.000000 304.000000) 
4 38 40 (0.000000 2032.000000 280.000000) (-192.000000 2032.000000 280.000000) (-192.000000 2064.000000 280.000000) (0.000000 2064.000000 280.000000) 
4 39 41 (-464.000000 2032.000000 312.000000) (-464.000000 2032.000000 304.000000) (-256.000000 2032.000000 304.000000) (-256.000000 2032.000000 312.000000) 
4 39 40 (-256.000000 2032.000000 280.000000) (-464.000000 2032.000000 280.000000) (-464.000000 2064.000000 280.000000) (-256.000000 2064.000000 280.000000) 
4 41 43 (-464.000000 2016.000000 384.000000) (-464.000000 2016.000000 304.000000) (16.000000 2016.000000 304.000000) (16.000000 2016.000000 384.000000) 
4 42 43 (-464.000000 2016.000000 224.000000) (-464.000000 2016.000000 112.000000) (16.000000 2016.000000 112.000000) (16.000000 2016.000000 224.000000) 
4 43 59 (-464.000000 1584.000000 144.000000) (-464.000000 1584.000000 112.000000) (-400.000000 1584.000000 112.000000) (-400.000000 1584.000000 144.000000) 
4 44 45 (448.000000 1568.000000 272.000000) (832.000000 1568.000000 272.000000) (832.000000 1568.000000 384.000000) (448.000000 1568.000000 384.000000) 
4 45 46 (496.000000 1232.000000 272.000000) (784.000000 1232.000000 272.000000) (784.000000 1232.000000 384.000000) (496.000000 1232.000000 384.000000) 
4 47 54 (816.000000 1200.000000 256.000000) (528.000000 1200.000000 256.000000) (528.000000 1200.000000 112.000000) (816.000000 1200.000000 112.000000) 
4 47 48 (528.000000 1512.000000 112.000000) (528.000000 1448.000000 112.000000) (528.000000 1448.000000 144.000000) (528.000000 1512.000000 144.000000) 
4 48 51 (432.000000 1448.000000 112.000000) (432.000000 1448.000000 144.000000) (432.000000 1512.000000 144.000000) (432.000000 1512.000000 112.000000) 
4 50 52 (204.000000 1568.000000 112.000000) (268.000000 1568.000000 112.000000) (268.000000 1568.000000 208.000000) (204.000000 1568.000000 208.000000) 
4 51 52 (416.000000 1512.000000 112.000000) (416.000000 1448.000000 112.000000) (416.000000 1448.000000 144.000000) (416.000000 1512.000000 144.000000) 
4 52 53 (64.000000 1520.000000 112.000000) (64.000000 1456.000000 112.000000) (64.000000 1456.000000 144.000000) (64.000000 1520.000000 144.000000) 
4 53 58 (48.000000 1520.000000 112.000000) (48.000000 1456.000000 112.000000) (48.000000 1456.000000 144.000000) (48.000000 1520.000000 144.000000) 
4 54 57 (528.000000 1040.000000 112.000000) (528.000000 912.000000 112.000000) (528.000000 912.000000 208.000000) (528.000000 1040.000000 208.000000) 
4 54 55 (624.000000 832.000000 112.000000) (752.000000 832.000000 112.000000) (752.000000 832.000000 208.000000) (624.000000 832.000000 208.000000) 
4 56 71 (624.000000 816.000000 112.000000) (752.000000 816.000000 112.000000) (752.000000 816.000000 208.000000) (624.000000 816.000000 208.000000) 
4 58 59 (-400.000000 1520.000000 112.000000) (-400.000000 1456.000000 112.000000) (-400.000000 1456.000000 144.000000) (-400.000000 1520.000000 144.000000) 
4 59 60 (-464.000000 1576.000000 144.000000) (-464.000000 1584.000000 144.000000) (-464.000000 1584.000000 112.000000) (-464.000000 1576.000000 112.000000) 
4 61 62 (40.000000 1040.000000 112.000000) (40.000000 912.000000 112.000000) (40.000000 912.000000 208.000000) (40.000000 1040.000000 208.000000) 
4 62 63 (-464.000000 880.000000 240.000000) (-464.000000 880.000000 112.000000) (-256.000000 880.000000 112.000000) (-256.000000 880.000000 240.000000) 
4 63 64 (-464.000000 864.000000 112.000000) (-272.000000 864.000000 112.000000) (-272.000000 864.000000 240.000000) (-464.000000 864.000000 240.000000) 
4 64 86 (-464.000000 816.000000 240.000000) (-464.000000 816.000000 112.000000) (-272.000000 816.000000 112.000000) (-272.000000 816.000000 240.000000) 
4 64 65 (-272.000000 816.000000 112.000000) (-464.000000 816.000000 112.000000) (-464.000000 832.000000 112.000000) (-272.000000 832.000000 112.000000) 
4 65 90 (-272.000000 816.000000 112.000000) (-464.000000 816.000000 112.000000) (-464.000000 816.000000 96.000000) (-272.000000 816.000000 96.000000) 
4 66 73 (816.000000 -536.000000 384.000000) (816.000000 -352.000000 384.000000) (816.000000 -352.000000 256.000000) (816.000000 -536.000000 256.000000) 
4 66 67 (816.000000 -536.000000 256.000000) (832.000000 -536.000000 256.000000) (832.000000 -536.000000 384.000000) (816.000000 -536.000000 384.000000) 
4 67 73 (816.000000 -544.000000 384.000000) (816.000000 -536.000000 384.000000) (816.000000 -536.000000 256.000000) (816.000000 -544.000000 256.000000) 
4 67 69 (816.000000 -544.000000 256.000000) (832.000000 -544.000000 256.000000) (832.000000 -544.000000 384.000000) (816.000000 -544.000000 384.000000) 
4 67 68 (832.000000 -544.000000 256.000000) (848.000000 -544.000000 256.000000) (848.000000 -544.000000 384.000000) (832.000000 -544.000000 384.000000) 
4 68 133 (832.000000 -1360.000000 288.000000) (832.000000 -1360.000000 256.000000) (944.000000 -1360.000000 256.000000) (944.000000 -1360.000000 288.000000) 
4 68 132 (944.000000 -1360.000000 384.000000) (832.000000 -1360.000000 384.000000) (832.000000 -1360.000000 288.000000) (944.000000 -1360.000000 288.000000) 
4 68 70 (832.000000 -1360.000000 272.000000) (832.000000 -1360.000000 384.000000) (832.000000 -720.000000 384.000000) (832.000000 -720.000000 272.000000) 
4 68 69 (832.000000 -544.000000 384.000000) (832.000000 -544.000000 256.000000) (832.000000 -720.000000 256.000000) (832.000000 -720.000000 384.000000) 
4 69 73 (816.000000 -720.000000 384.000000) (816.000000 -544.000000 384.000000) (816.000000 -544.000000 256.000000) (816.000000 -720.000000 256.000000) 
4 69 70 (832.000000 -720.000000 272.000000) (832.000000 -720.000000 384.000000) (816.000000 -720.000000 384.000000) (816.000000 -720.000000 272.000000) 
4 70 134 (816.000000 -1360.000000 288.000000) (816.000000 -1360.000000 272.000000) (832.000000 -1360.000000 272.000000) (832.000000 -1360.000000 288.000000) 
4 70 132 (832.000000 -1360.000000 384.000000) (816.000000 -1360.000000 384.000000) (816.000000 -1360.000000 288.000000) (832.000000 -1360.000000 288.000000) 
4 70 107 (816.000000 -736.000000 384.000000) (816.000000 -720.000000 384.000000) (816.000000 -720.000000 272.000000) (816.000000 -736.000000 272.000000) 
4 70 109 (816.000000 -1360.000000 272.000000) (816.000000 -1360.000000 384.000000) (816.000000 -736.000000 384.000000) (816.000000 -736.000000 272.000000) 
4 71 72 (624.000000 320.000000 112.000000) (752.000000 320.000000 112.000000) (752.000000 320.000000 208.000000) (624.000000 320.000000 208.000000) 
4 72 74 (624.000000 304.000000 208.000000) (624.000000 304.000000 112.000000) (752.000000 304.000000 112.000000) (752.000000 304.000000 208.000000) 
4 73 107 (816.000000 -720.000000 256.000000) (816.000000 -720.000000 384.000000) (560.000000 -720.000000 384.000000) (560.000000 -720.000000 256.000000) 
4 74 75 (688.000000 -192.000000 112.000000) (816.000000 -192.000000 112.000000) (816.000000 -192.000000 240.000000) (688.000000 -192.000000 240.000000) 
4 74 77 (624.000000 304.000000 240.000000) (624.000000 304.000000 112.000000) (624.000000 -192.000000 112.000000) (624.000000 -192.000000 240.000000) 
4 75 108 (752.000000 -720.000000 208.000000) (688.000000 -720.000000 208.000000) (688.000000 -720.000000 112.000000) (752.000000 -720.000000 112.000000) 
4 75 76 (688.000000 -256.000000 112.000000) (688.000000 -720.000000 112.000000) (688.000000 -720.000000 240.000000) (688.000000 -256.000000 240.000000) 
4 76 108 (624.000000 -720.000000 208.000000) (624.000000 -720.000000 112.000000) (688.000000 -720.000000 112.000000) (688.000000 -720.000000 208.000000) 
4 76 77 (624.000000 -256.000000 112.000000) (624.000000 -720.000000 112.000000) (624.000000 -720.000000 240.000000) (624.000000 -256.000000 240.000000) 
4 77 79 (432.000000 -64.000000 112.000000) (432.000000 -384.000000 112.000000) (432.000000 -384.000000 240.000000) (432.000000 -64.000000 240.000000) 
4 77 80 (432.000000 -448.000000 112.000000) (432.000000 -720.000000 112.000000) (432.000000 -720.000000 240.000000) (432.000000 -448.000000 240.000000) 
4 77 78 (432.000000 304.000000 112.000000) (432.000000 0.000000 112.000000) (432.000000 0.000000 240.000000) (432.000000 304.000000 240.000000) 
4 78 81 (368.000000 304.000000 240.000000) (368.000000 304.000000 112.000000) (368.000000 0.000000 112.000000) (368.000000 0.000000 240.000000) 
4 79 81 (368.000000 -64.000000 112.000000) (368.000000 -384.000000 112.000000) (368.000000 -384.000000 240.000000) (368.000000 -64.000000 240.000000) 
4 80 110 (368.000000 -720.000000 208.000000) (368.000000 -720.000000 112.000000) (432.000000 -720.000000 112.000000) (432.000000 -720.000000 208.000000) 
4 80 81 (368.000000 -448.000000 112.000000) (368.000000 -720.000000 112.000000) (368.000000 -720.000000 240.000000) (368.000000 -448.000000 240.000000) 
4 81 84 (240.000000 -624.000000 112.000000) (240.000000 -688.000000 112.000000) (240.000000 -688.000000 197.333000) (240.000000 -624.000000 197.333000) 
4 81 83 (240.000000 -592.000000 160.000000) (240.000000 -592.000000 183.111000) (240.000000 176.000000 183.111000) (240.000000 176.000000 160.000000) 
4 81 82 (240.000000 272.000000 112.000000) (240.000000 208.000000 112.000000) (240.000000 208.000000 208.000000) (240.000000 272.000000 208.000000) 
4 82 85 (224.000000 272.000000 112.000000) (224.000000 208.000000 112.000000) (224.000000 208.000000 208.000000) (224.000000 272.000000 208.000000) 
4 83 85 (224.000000 -592.000000 160.000000) (224.000000 -592.000000 183.111000) (224.000000 176.000000 183.111000) (224.000000 176.000000 160.000000) 
4 84 85 (224.000000 -624.000000 112.000000) (224.000000 -688.000000 112.000000) (224.000000 -688.000000 197.333000) (224.000000 -624.000000 197.333000) 
4 86 90 (-464.000000 816.000000 112.000000) (-272.000000 816.000000 112.000000) (-272.000000 672.000000 112.000000) (-464.000000 672.000000 112.000000) 
4 87 95 (-272.000000 432.000000 16.000000) (-272.000000 320.000000 16.000000) (-272.000000 320.000000 32.000000) (-272.000000 432.000000 32.000000) 
4 87 94 (-272.000000 320.000000 32.000000) (-272.000000 320.000000 48.000000) (-272.000000 432.000000 48.000000) (-272.000000 432.000000 32.000000) 
4 87 93 (-272.000000 320.000000 48.000000) (-272.000000 320.000000 80.000000) (-272.000000 432.000000 80.000000) (-272.000000 432.000000 48.000000) 
4 87 91 (-272.000000 320.000000 80.000000) (-272.000000 320.000000 96.000000) (-272.000000 432.000000 96.000000) (-272.000000 432.000000 80.000000) 
4 87 90 (-272.000000 320.000000 96.000000) (-272.000000 320.000000 112.000000) (-272.000000 432.000000 112.000000) (-272.000000 432.000000 96.000000) 
4 87 89 (-272.000000 320.000000 16.000000) (-256.000000 320.000000 16.000000) (-256.000000 320.000000 112.000000) (-272.000000 320.000000 112.000000) 
4 87 88 (-160.000000 320.000000 16.000000) (-48.000000 320.000000 16.000000) (-48.000000 320.000000 112.000000) (-160.000000 320.000000 112.000000) 
4 88 99 (-80.000000 304.000000 16.000000) (-48.000000 304.000000 16.000000) (-48.000000 304.000000 112.000000) (-80.000000 304.000000 112.000000) 
4 88 102 (-144.000000 304.000000 16.000000) (-80.000000 304.000000 16.000000) (-80.000000 304.000000 112.000000) (-144.000000 304.000000 112.000000) 
4 89 95 (-272.000000 320.000000 16.000000) (-272.000000 304.000000 16.000000) (-272.000000 304.000000 32.000000) (-272.000000 320.000000 32.000000) 
4 89 94 (-272.000000 304.000000 32.000000) (-272.000000 304.000000 48.000000) (-272.000000 320.000000 48.000000) (-272.000000 320.000000 32.000000) 
4 89 93 (-272.000000 304.000000 48.000000) (-272.000000 304.000000 80.000000) (-272.000000 320.000000 80.000000) (-272.000000 320.000000 48.000000) 
4 89 91 (-272.000000 304.000000 80.000000) (-272.000000 304.000000 96.000000) (-272.000000 320.000000 96.000000) (-272.000000 320.000000 80.000000) 
4 89 90 (-272.000000 304.000000 96.000000) (-272.000000 304.000000 112.000000) (-272.000000 320.000000 112.000000) (-272.000000 320.000000 96.000000) 
4 90 104 (-272.000000 304.000000 96.000000) (-272.000000 304.000000 112.000000) (-464.000000 304.000000 112.000000) (-464.000000 304.000000 96.000000) 
4 90 96 (-464.000000 352.000000 112.000000) (-464.000000 416.000000 112.000000) (-464.000000 416.000000 96.000000) (-464.000000 352.000000 96.000000) 
4 90 91 (-272.000000 304.000000 96.000000) (-464.000000 304.000000 96.000000) (-464.000000 800.000000 96.000000) (-272.000000 800.000000 96.000000) 
4 91 104 (-272.000000 304.000000 80.000000) (-272.000000 304.000000 96.000000) (-464.000000 304.000000 96.000000) (-464.000000 304.000000 80.000000) 
4 91 96 (-464.000000 352.000000 96.000000) (-464.000000 416.000000 96.000000) (-464.000000 416.000000 80.000000) (-464.000000 352.000000 80.000000) 
4 91 92 (-464.000000 736.000000 80.000000) (-464.000000 768.000000 80.000000) (-272.000000 768.000000 80.000000) (-272.000000 736.000000 80.000000) 
4 91 93 (-464.000000 304.000000 80.000000) (-464.000000 736.000000 80.000000) (-272.000000 736.000000 80.000000) (-272.000000 304.000000 80.000000) 
4 92 93 (-272.000000 736.000000 64.000000) (-272.000000 736.000000 80.000000) (-464.000000 736.000000 80.000000) (-464.000000 736.000000 64.000000) 
4 93 104 (-272.000000 304.000000 48.000000) (-272.000000 304.000000 80.000000) (-464.000000 304.000000 80.000000) (-464.000000 304.000000 48.000000) 
4 93 96 (-464.000000 352.000000 80.000000) (-464.000000 416.000000 80.000000) (-464.000000 416.000000 48.000000) (-464.000000 352.000000 48.000000) 
4 93 94 (-464.000000 304.000000 48.000000) (-464.000000 704.000000 48.000000) (-272.000000 704.000000 48.000000) (-272.000000 304.000000 48.000000) 
4 94 104 (-272.000000 304.000000 32.000000) (-272.000000 304.000000 48.000000) (-464.000000 304.000000 48.000000) (-464.000000 304.000000 32.000000) 
4 94 96 (-464.000000 352.000000 48.000000) (-464.000000 416.000000 48.000000) (-464.000000 416.000000 32.000000) (-464.000000 352.000000 32.000000) 
4 94 95 (-272.000000 304.000000 32.000000) (-464.000000 304.000000 32.000000) (-464.000000 672.000000 32.000000) (-272.000000 672.000000 32.000000) 
4 95 105 (-464.000000 304.000000 16.000000) (-272.000000 304.000000 16.000000) (-272.000000 304.000000 32.000000) (-464.000000 304.000000 32.000000) 
4 95 96 (-464.000000 352.000000 32.000000) (-464.000000 416.000000 32.000000) (-464.000000 416.000000 16.000000) (-464.000000 352.000000 16.000000) 
4 96 97 (-480.000000 352.000000 112.000000) (-480.000000 416.000000 112.000000) (-480.000000 416.000000 16.000000) (-480.000000 352.000000 16.000000) 
4 98 122 (-272.000000 -720.000000 256.000000) (-464.000000 -720.000000 256.000000) (-464.000000 -720.000000 112.000000) (-272.000000 -720.000000 112.000000) 
4 98 106 (-272.000000 -720.000000 112.000000) (-464.000000 -720.000000 112.000000) (-464.000000 -704.000000 112.000000) (-272.000000 -704.000000 112.000000) 
4 98 104 (-464.000000 -704.000000 112.000000) (-464.000000 -640.000000 112.000000) (-272.000000 -640.000000 112.000000) (-272.000000 -704.000000 112.000000) 
4 99 100 (-80.000000 0.000000 112.000000) (-80.000000 0.000000 80.000000) (-48.000000 0.000000 80.000000) (-48.000000 0.000000 112.000000) 
4 99 102 (-80.000000 304.000000 112.000000) (-80.000000 304.000000 16.000000) (-80.000000 0.000000 16.000000) (-80.000000 0.000000 112.000000) 
4 100 102 (-80.000000 -32.000000 80.000000) (-80.000000 -32.000000 112.000000) (-80.000000 0.000000 112.000000) (-80.000000 0.000000 80.000000) 
4 100 101 (-48.000000 -32.000000 80.000000) (-48.000000 -32.000000 112.000000) (-80.000000 -32.000000 112.000000) (-80.000000 -32.000000 80.000000) 
4 101 103 (-80.000000 -208.000000 16.000000) (-48.000000 -208.000000 16.000000) (-48.000000 -208.000000 112.000000) (-80.000000 -208.000000 112.000000) 
4 101 102 (-80.000000 -32.000000 16.000000) (-80.000000 -208.000000 16.000000) (-80.000000 -208.000000 112.000000) (-80.000000 -32.000000 112.000000) 
4 102 103 (-144.000000 -208.000000 16.000000) (-80.000000 -208.000000 16.000000) (-80.000000 -208.000000 112.000000) (-144.000000 -208.000000 112.000000) 
4 103 105 (-272.000000 -208.000000 32.000000) (-272.000000 -208.000000 16.000000) (-272.000000 -336.000000 16.000000) (-272.000000 -336.000000 32.000000) 
4 103 104 (-272.000000 -336.000000 112.000000) (-272.000000 -208.000000 112.000000) (-272.000000 -208.000000 32.000000) (-272.000000 -336.000000 32.000000) 
4 104 106 (-272.000000 -704.000000 48.000000) (-272.000000 -704.000000 112.000000) (-464.000000 -704.000000 112.000000) (-464.000000 -704.000000 48.000000) 
4 104 105 (-464.000000 -672.000000 32.000000) (-464.000000 304.000000 32.000000) (-272.000000 304.000000 32.000000) (-272.000000 -672.000000 32.000000) 
4 106 131 (-272.000000 -720.000000 48.000000) (-272.000000 -720.000000 64.000000) (-464.000000 -720.000000 64.000000) (-464.000000 -720.000000 48.000000) 
4 106 130 (-272.000000 -720.000000 64.000000) (-272.000000 -720.000000 80.000000) (-464.000000 -720.000000 80.000000) (-464.000000 -720.000000 64.000000) 
4 106 129 (-272.000000 -720.000000 80.000000) (-272.000000 -720.000000 96.000000) (-464.000000 -720.000000 96.000000) (-464.000000 -720.000000 80.000000) 
4 106 128 (-272.000000 -720.000000 96.000000) (-272.000000 -720.000000 112.000000) (-464.000000 -720.000000 112.000000) (-464.000000 -720.000000 96.000000) 
4 107 109 (816.000000 -736.000000 248.000000) (816.000000 -736.000000 384.000000) (560.000000 -736.000000 384.000000) (560.000000 -736.000000 248.000000) 
4 108 109 (624.000000 -736.000000 112.000000) (752.000000 -736.000000 112.000000) (752.000000 -736.000000 208.000000) (624.000000 -736.000000 208.000000) 
4 109 136 (576.000000 -1360.000000 288.000000) (560.000000 -1360.000000 288.000000) (560.000000 -1360.000000 112.000000) (576.000000 -1360.000000 112.000000) 
4 109 135 (816.000000 -1360.000000 112.000000) (816.000000 -1360.000000 288.000000) (576.000000 -1360.000000 288.000000) (576.000000 -1360.000000 112.000000) 
4 109 132 (816.000000 -1360.000000 288.000000) (816.000000 -1360.000000 384.000000) (560.000000 -1360.000000 384.000000) (560.000000 -1360.000000 288.000000) 
4 110 111 (368.000000 -736.000000 112.000000) (432.000000 -736.000000 112.000000) (432.000000 -736.000000 208.000000) (368.000000 -736.000000 208.000000) 
4 111 117 (304.000000 -1132.000000 112.000000) (304.000000 -1260.868798 112.000000) (304.000000 -1260.868798 248.000000) (304.000000 -1132.000000 248.000000) 
4 111 114 (304.000000 -1068.000000 112.000000) (304.000000 -1132.000000 112.000000) (304.000000 -1132.000000 176.000000) (304.000000 -1068.000000 176.000000) 
4 111 113 (304.000000 -1132.000000 176.000000) (304.000000 -1132.000000 248.000000) (304.000000 -1068.000000 248.000000) (304.000000 -1068.000000 176.000000) 
4 112 126 (-232.000000 -1068.000000 256.000000) (-232.000000 -1065.000000 256.000000) (-232.000000 -1065.000000 112.000000) (-232.000000 -1068.000000 112.000000) 
4 112 114 (-32.000000 -1068.000000 112.000000) (288.000000 -1068.000000 112.000000) (288.000000 -1068.000000 176.000000) (-32.000000 -1068.000000 176.000000) 
4 112 115 (-232.000000 -1068.000000 112.000000) (-96.000000 -1068.000000 112.000000) (-96.000000 -1068.000000 176.000000) (-232.000000 -1068.000000 176.000000) 
4 112 113 (288.000000 -1068.000000 176.000000) (288.000000 -1068.000000 256.000000) (-232.000000 -1068.000000 256.000000) (-232.000000 -1068.000000 176.000000) 
4 113 127 (-232.000000 -1132.000000 256.000000) (-232.000000 -1073.792890 256.000000) (-232.000000 -1073.792890 176.000000) (-232.000000 -1132.000000 176.000000) 
4 113 126 (-232.000000 -1073.792890 256.000000) (-232.000000 -1068.000000 256.000000) (-232.000000 -1068.000000 176.000000) (-232.000000 -1073.792890 176.000000) 
4 113 119 (-232.000000 -1132.000000 256.000000) (-232.000000 -1132.000000 176.000000) (128.000000 -1132.000000 176.000000) (128.000000 -1132.000000 256.000000) 
4 113 117 (128.000000 -1132.000000 176.000000) (304.000000 -1132.000000 176.000000) (304.000000 -1132.000000 256.000000) (128.000000 -1132.000000 256.000000) 
4 113 114 (-32.000000 -1068.000000 176.000000) (304.000000 -1068.000000 176.000000) (304.000000 -1132.000000 176.000000) (-32.000000 -1132.000000 176.000000) 
4 113 115 (-232.000000 -1132.000000 176.000000) (-232.000000 -1068.000000 176.000000) (-96.000000 -1068.000000 176.000000) (-96.000000 -1132.000000 176.000000) 
4 114 120 (-32.000000 -1132.000000 112.000000) (128.000000 -1132.000000 112.000000) (128.000000 -1132.000000 176.000000) (-32.000000 -1132.000000 176.000000) 
4 114 117 (128.000000 -1132.000000 112.000000) (304.000000 -1132.000000 112.000000) (304.000000 -1132.000000 176.000000) (128.000000 -1132.000000 176.000000) 
4 115 127 (-232.000000 -1073.792890 112.000000) (-232.000000 -1132.000000 112.000000) (-232.000000 -1132.000000 176.000000) (-232.000000 -1073.792890 176.000000) 
4 115 126 (-232.000000 -1068.000000 176.000000) (-232.000000 -1068.000000 112.000000) (-232.000000 -1073.792890 112.000000) (-232.000000 -1073.792890 176.000000) 
4 115 120 (-232.000000 -1132.000000 176.000000) (-232.000000 -1132.000000 112.000000) (-96.000000 -1132.000000 112.000000) (-96.000000 -1132.000000 176.000000) 
4 116 118 (232.000000 -1336.000000 112.000000) (232.053789 -1336.000000 112.000000) (232.053789 -1336.000000 256.000000) (232.000000 -1336.000000 256.000000) 
4 116 117 (232.063000 -1334.630000 112.000000) (230.726882 -1336.000000 112.000000) (230.726882 -1336.000000 256.000000) (232.063000 -1334.630000 256.000000) 
4 117 120 (128.000000 -1132.000000 176.000000) (128.000000 -1132.000000 112.000000) (128.000000 -1272.000000 112.000000) (128.000000 -1272.000000 176.000000) 
4 117 119 (128.000000 -1132.000000 256.000000) (128.000000 -1132.000000 176.000000) (128.000000 -1336.000000 176.000000) (128.000000 -1336.000000 256.000000) 
4 119 127 (-232.000000 -1336.000000 256.000000) (-232.000000 -1132.000000 256.000000) (-232.000000 -1132.000000 176.000000) (-232.000000 -1336.000000 176.000000) 
4 119 121 (64.000000 -1336.000000 176.000000) (-232.000000 -1336.000000 176.000000) (-232.000000 -1272.000000 176.000000) (64.000000 -1272.000000 176.000000) 
4 119 120 (128.000000 -1132.000000 176.000000) (128.000000 -1272.000000 176.000000) (-232.000000 -1272.000000 176.000000) (-232.000000 -1132.000000 176.000000) 
4 120 127 (-232.000000 -1132.000000 176.000000) (-232.000000 -1132.000000 112.000000) (-232.000000 -1272.000000 112.000000) (-232.000000 -1272.000000 176.000000) 
4 120 121 (-232.000000 -1272.000000 112.000000) (64.000000 -1272.000000 112.000000) (64.000000 -1272.000000 176.000000) (-232.000000 -1272.000000 176.000000) 
4 121 127 (-232.000000 -1272.000000 112.000000) (-232.000000 -1336.000000 112.000000) (-232.000000 -1336.000000 176.000000) (-232.000000 -1272.000000 176.000000) 
4 122 128 (-464.000000 -720.000000 112.000000) (-272.000000 -720.000000 112.000000) (-272.000000 -832.000000 112.000000) (-464.000000 -832.000000 112.000000) 
4 122 123 (-400.000000 -976.000000 112.000000) (-336.000000 -976.000000 112.000000) (-336.000000 -976.000000 208.000000) (-400.000000 -976.000000 208.000000) 
4 123 124 (-400.000000 -992.000000 112.000000) (-336.000000 -992.000000 112.000000) (-336.000000 -992.000000 208.000000) (-400.000000 -992.000000 208.000000) 
4 124 125 (-464.000000 -1064.000000 256.000000) (-464.000000 -1064.000000 112.000000) (-272.000000 -1064.000000 112.000000) (-272.000000 -1064.000000 256.000000) 
4 125 126 (-464.000000 -1065.000000 256.000000) (-464.000000 -1065.000000 112.000000) (-256.000000 -1065.000000 112.000000) (-256.000000 -1065.000000 256.000000) 
4 126 127 (-456.236000 -1072.060000 112.000000) (-232.000000 -1073.792890 112.000000) (-232.000000 -1073.792890 256.000000) (-456.236000 -1072.060000 256.000000) 
4 128 129 (-464.000000 -720.000000 96.000000) (-272.000000 -720.000000 96.000000) (-272.000000 -800.000000 96.000000) (-464.000000 -800.000000 96.000000) 
4 129 130 (-464.000000 -768.000000 80.000000) (-464.000000 -720.000000 80.000000) (-272.000000 -720.000000 80.000000) (-272.000000 -768.000000 80.000000) 
4 130 131 (-464.000000 -720.000000 64.000000) (-272.000000 -720.000000 64.000000) (-272.000000 -736.000000 64.000000) (-464.000000 -736.000000 64.000000) 
4 132 174 (560.000000 -1392.000000 288.000000) (560.000000 -2128.000000 288.000000) (560.000000 -2128.000000 384.000000) (560.000000 -1392.000000 384.000000) 
4 132 136 (560.000000 -1360.000000 288.000000) (576.000000 -1360.000000 288.000000) (576.000000 -1392.000000 288.000000) (560.000000 -1392.000000 288.000000) 
4 132 134 (816.000000 -1360.000000 288.000000) (832.000000 -1360.000000 288.000000) (832.000000 -2128.000000 288.000000) (816.000000 -2128.000000 288.000000) 
4 132 133 (832.000000 -1360.000000 288.000000) (944.000000 -1360.000000 288.000000) (944.000000 -2128.000000 288.000000) (832.000000 -2128.000000 288.000000) 
4 132 135 (576.000000 -1360.000000 288.000000) (816.000000 -1360.000000 288.000000) (816.000000 -2128.000000 288.000000) (576.000000 -2128.000000 288.000000) 
4 133 134 (832.000000 -2128.000000 272.000000) (832.000000 -2128.000000 288.000000) (832.000000 -1360.000000 288.000000) (832.000000 -1360.000000 272.000000) 
4 134 135 (816.000000 -1360.000000 288.000000) (816.000000 -1360.000000 272.000000) (816.000000 -2128.000000 272.000000) (816.000000 -2128.000000 288.000000) 
4 135 137 (576.000000 -1876.680000 235.200000) (576.000000 -1643.320000 235.200000) (576.000000 -1643.320000 112.000000) (576.000000 -1876.680000 112.000000) 
4 135 136 (576.000000 -1392.000000 288.000000) (576.000000 -1360.000000 288.000000) (576.000000 -1360.000000 112.000000) (576.000000 -1392.000000 112.000000) 
4 137 173 (568.000000 -1643.320000 112.000000) (568.000000 -1876.680000 112.000000) (568.000000 -1876.680000 171.000000) (568.000000 -1643.320000 171.000000) 
4 137 171 (568.000000 -1876.680000 171.000000) (568.000000 -1876.680000 235.000000) (568.000000 -1876.000000 235.000000) (568.000000 -1876.000000 171.000000) 
4 137 170 (568.000000 -1872.000000 235.000000) (568.000000 -1868.000000 235.000000) (568.000000 -1868.000000 171.000000) (568.000000 -1872.000000 171.000000) 
4 137 169 (568.000000 -1876.680000 235.000000) (568.000000 -1876.680000 235.200000) (568.000000 -1864.000000 235.200000) (568.000000 -1864.000000 235.000000) 
4 137 167 (568.000000 -1860.000000 235.200000) (568.000000 -1856.000000 235.200000) (568.000000 -1856.000000 235.000000) (568.000000 -1860.000000 235.000000) 
4 137 168 (568.000000 -1864.000000 235.200000) (568.000000 -1860.000000 235.200000) (568.000000 -1860.000000 171.000000) (568.000000 -1864.000000 171.000000) 
4 137 166 (568.000000 -1852.000000 171.000000) (568.000000 -1856.000000 171.000000) (568.000000 -1856.000000 235.000000) (568.000000 -1852.000000 235.000000) 
4 137 165 (568.000000 -1844.000000 171.000000) (568.000000 -1848.000000 171.000000) (568.000000 -1848.000000 235.000000) (568.000000 -1844.000000 235.000000) 
4 137 164 (568.000000 -1836.000000 171.000000) (568.000000 -1840.000000 171.000000) (568.000000 -1840.000000 235.000000) (568.000000 -1836.000000 235.000000) 
4 137 162 (568.000000 -1820.000000 171.000000) (568.000000 -1824.000000 171.000000) (568.000000 -1824.000000 235.000000) (568.000000 -1820.000000 235.000000) 
4 137 163 (568.000000 -1828.000000 171.000000) (568.000000 -1832.000000 171.000000) (568.000000 -1832.000000 235.000000) (568.000000 -1828.000000 235.000000) 
4 137 161 (568.000000 -1812.000000 171.000000) (568.000000 -1816.000000 171.000000) (568.000000 -1816.000000 235.000000) (568.000000 -1812.000000 235.000000) 
4 137 160 (568.000000 -1804.000000 171.000000) (568.000000 -1808.000000 171.000000) (568.000000 -1808.000000 235.000000) (568.000000 -1804.000000 235.000000) 
4 137 159 (568.000000 -1796.000000 171.000000) (568.000000 -1800.000000 171.000000) (568.000000 -1800.000000 235.000000) (568.000000 -1796.000000 235.000000) 
4 137 158 (568.000000 -1788.000000 171.000000) (568.000000 -1792.000000 171.000000) (568.000000 -1792.000000 235.000000) (568.000000 -1788.000000 235.000000) 
4 137 157 (568.000000 -1780.000000 171.000000) (568.000000 -1784.000000 171.000000) (568.000000 -1784.000000 235.000000) (568.000000 -1780.000000 235.000000) 
4 137 155 (568.000000 -1764.000000 171.000000) (568.000000 -1768.000000 171.000000) (568.000000 -1768.000000 235.000000) (568.000000 -1764.000000 235.000000) 
4 137 156 (568.000000 -1772.000000 171.000000) (568.000000 -1776.000000 171.000000) (568.000000 -1776.000000 235.000000) (568.000000 -1772.000000 235.000000) 
4 137 154 (568.000000 -1756.000000 171.000000) (568.000000 -1760.000000 171.000000) (568.000000 -1760.000000 235.000000) (568.000000 -1756.000000 235.000000) 
4 137 153 (568.000000 -1748.000000 171.000000) (568.000000 -1752.000000 171.000000) (568.000000 -1752.000000 235.000000) (568.000000 -1748.000000 235.000000) 
4 137 152 (568.000000 -1740.000000 171.000000) (568.000000 -1744.000000 171.000000) (568.000000 -1744.000000 235.000000) (568.000000 -1740.000000 235.000000) 
4 137 151 (568.000000 -1732.000000 171.000000) (568.000000 -1736.000000 171.000000) (568.000000 -1736.000000 235.000000) (568.000000 -1732.000000 235.000000) 
4 137 150 (568.000000 -1724.000000 171.000000) (568.000000 -1728.000000 171.000000) (568.000000 -1728.000000 235.000000) (568.000000 -1724.000000 235.000000) 
4 137 149 (568.000000 -1716.000000 171.000000) (568.000000 -1720.000000 171.000000) (568.000000 -1720.000000 235.000000) (568.000000 -1716.000000 235.000000) 
4 137 148 (568.000000 -1708.000000 171.000000) (568.000000 -1712.000000 171.000000) (568.000000 -1712.000000 235.000000) (568.000000 -1708.000000 235.000000) 
4 137 147 (568.000000 -1700.000000 171.000000) (568.000000 -1704.000000 171.000000) (568.000000 -1704.000000 235.000000) (568.000000 -1700.000000 235.000000) 
4 137 146 (568.000000 -1692.000000 171.000000) (568.000000 -1696.000000 171.000000) (568.000000 -1696.000000 235.000000) (568.000000 -1692.000000 235.000000) 
4 137 145 (568.000000 -1684.000000 171.000000) (568.000000 -1688.000000 171.000000) (568.000000 -1688.000000 235.000000) (568.000000 -1684.000000 235.000000) 
4 137 144 (568.000000 -1676.000000 171.000000) (568.000000 -1680.000000 171.000000) (568.000000 -1680.000000 235.000000) (568.000000 -1676.000000 235.000000) 
4 137 143 (568.000000 -1668.000000 171.000000) (568.000000 -1672.000000 171.000000) (568.000000 -1672.000000 235.000000) (568.000000 -1668.000000 235.000000) 
4 137 142 (568.000000 -1660.000000 171.000000) (568.000000 -1664.000000 171.000000) (568.000000 -1664.000000 235.000000) (568.000000 -1660.000000 235.000000) 
4 137 141 (568.000000 -1652.000000 235.000000) (568.000000 -1652.000000 171.000000) (568.000000 -1656.000000 171.000000) (568.000000 -1656.000000 235.000000) 
4 137 140 (568.000000 -1856.000000 235.200000) (568.000000 -1652.000000 235.200000) (568.000000 -1652.000000 235.000000) (568.000000 -1856.000000 235.000000) 
4 137 139 (568.000000 -1652.000000 235.200000) (568.000000 -1648.000000 235.200000) (568.000000 -1648.000000 235.000000) (568.000000 -1652.000000 235.000000) 
4 137 138 (568.000000 -1648.000000 235.200000) (568.000000 -1643.320000 235.200000) (568.000000 -1643.320000 171.000000) (568.000000 -1648.000000 171.000000) 
4 138 173 (568.000000 -1643.320000 171.000000) (568.000000 -1648.000000 171.000000) (564.000000 -1648.000000 171.000000) (564.000000 -1643.320000 171.000000) 
4 138 172 (564.000000 -1643.320000 171.000000) (564.000000 -1648.000000 171.000000) (564.000000 -1648.000000 235.200000) (564.000000 -1643.320000 235.200000) 
4 138 139 (564.000000 -1648.000000 235.200000) (564.000000 -1648.000000 235.000000) (568.000000 -1648.000000 235.000000) (568.000000 -1648.000000 235.200000) 
4 139 172 (564.000000 -1652.000000 235.000000) (564.000000 -1652.000000 235.200000) (564.000000 -1648.000000 235.200000) (564.000000 -1648.000000 235.000000) 
4 139 140 (568.000000 -1652.000000 235.000000) (568.000000 -1652.000000 235.200000) (564.000000 -1652.000000 235.200000) (564.000000 -1652.000000 235.000000) 
4 140 172 (564.000000 -1856.000000 235.000000) (564.000000 -1856.000000 235.200000) (564.000000 -1652.000000 235.200000) (564.000000 -1652.000000 235.000000) 
4 140 167 (564.000000 -1856.000000 235.200000) (564.000000 -1856.000000 235.000000) (568.000000 -1856.000000 235.000000) (568.000000 -1856.000000 235.200000) 
4 140 166 (568.000000 -1856.000000 235.000000) (564.000000 -1856.000000 235.000000) (564.000000 -1852.000000 235.000000) (568.000000 -1852.000000 235.000000) 
4 140 165 (564.000000 -1848.000000 235.000000) (564.000000 -1844.000000 235.000000) (568.000000 -1844.000000 235.000000) (568.000000 -1848.000000 235.000000) 
4 140 164 (564.000000 -1840.000000 235.000000) (564.000000 -1836.000000 235.000000) (568.000000 -1836.000000 235.000000) (568.000000 -1840.000000 235.000000) 
4 140 162 (564.000000 -1824.000000 235.000000) (564.000000 -1820.000000 235.000000) (568.000000 -1820.000000 235.000000) (568.000000 -1824.000000 235.000000) 
4 140 163 (564.000000 -1832.000000 235.000000) (564.000000 -1828.000000 235.000000) (568.000000 -1828.000000 235.000000) (568.000000 -1832.000000 235.000000) 
4 140 161 (564.000000 -1816.000000 235.000000) (564.000000 -1812.000000 235.000000) (568.000000 -1812.000000 235.000000) (568.000000 -1816.000000 235.000000) 
4 140 160 (564.000000 -1808.000000 235.000000) (564.000000 -1804.000000 235.000000) (568.000000 -1804.000000 235.000000) (568.000000 -1808.000000 235.000000) 
4 140 159 (564.000000 -1800.000000 235.000000) (564.000000 -1796.000000 235.000000) (568.000000 -1796.000000 235.000000) (568.000000 -1800.000000 235.000000) 
4 140 158 (564.000000 -1792.000000 235.000000) (564.000000 -1788.000000 235.000000) (568.000000 -1788.000000 235.000000) (568.000000 -1792.000000 235.000000) 
4 140 157 (564.000000 -1784.000000 235.000000) (564.000000 -1780.000000 235.000000) (568.000000 -1780.000000 235.000000) (568.000000 -1784.000000 235.000000) 
4 140 155 (564.000000 -1768.000000 235.000000) (564.000000 -1764.000000 235.000000) (568.000000 -1764.000000 235.000000) (568.000000 -1768.000000 235.000000) 
4 140 156 (564.000000 -1776.000000 235.000000) (564.000000 -1772.000000 235.000000) (568.000000 -1772.000000 235.000000) (568.000000 -1776.000000 235.000000) 
4 140 154 (564.000000 -1760.000000 235.000000) (564.000000 -1756.000000 235.000000) (568.000000 -1756.000000 235.000000) (568.000000 -1760.000000 235.000000) 
4 140 153 (564.000000 -1752.000000 235.000000) (564.000000 -1748.000000 235.000000) (568.000000 -1748.000000 235.000000) (568.000000 -1752.000000 235.000000) 
4 140 152 (564.000000 -1744.000000 235.000000) (564.000000 -1740.000000 235.000000) (568.000000 -1740.000000 235.000000) (568.000000 -1744.000000 235.000000) 
4 140 151 (564.000000 -1736.000000 235.000000) (564.000000 -1732.000000 235.000000) (568.000000 -1732.000000 235.000000) (568.000000 -1736.000000 235.000000) 
4 140 150 (564.000000 -1728.000000 235.000000) (564.000000 -1724.000000 235.000000) (568.000000 -1724.000000 235.000000) (568.000000 -1728.000000 235.000000) 
4 140 149 (564.000000 -1720.000000 235.000000) (564.000000 -1716.000000 235.000000) (568.000000 -1716.000000 235.000000) (568.000000 -1720.000000 235.000000) 
4 140 148 (564.000000 -1712.000000 235.000000) (564.000000 -1708.000000 235.000000) (568.000000 -1708.000000 235.000000) (568.000000 -1712.000000 235.000000) 
4 140 147 (564.000000 -1704.000000 235.000000) (564.000000 -1700.000000 235.000000) (568.000000 -1700.000000 235.000000) (568.000000 -1704.000000 235.000000) 
4 140 146 (564.000000 -1696.000000 235.000000) (564.000000 -1692.000000 235.000000) (568.000000 -1692.000000 235.000000) (568.000000 -1696.000000 235.000000) 
4 140 145 (564.000000 -1688.000000 235.000000) (564.000000 -1684.000000 235.000000) (568.000000 -1684.000000 235.000000) (568.000000 -1688.000000 235.000000) 
4 140 144 (564.000000 -1680.000000 235.000000) (564.000000 -1676.000000 235.000000) (568.000000 -1676.000000 235.000000) (568.000000 -1680.000000 235.000000) 
4 140 143 (564.000000 -1672.000000 235.000000) (564.000000 -1668.000000 235.000000) (568.000000 -1668.000000 235.000000) (568.000000 -1672.000000 235.000000) 
4 140 142 (564.000000 -1664.000000 235.000000) (564.000000 -1660.000000 235.000000) (568.000000 -1660.000000 235.000000) (568.000000 -1664.000000 235.000000) 
4 140 141 (564.000000 -1656.000000 235.000000) (564.000000 -1652.000000 235.000000) (568.000000 -1652.000000 235.000000) (568.000000 -1656.000000 235.000000) 
4 141 173 (568.000000 -1652.000000 171.000000) (568.000000 -1656.000000 171.000000) (564.000000 -1656.000000 171.000000) (564.000000 -1652.000000 171.000000) 
4 141 172 (564.000000 -1652.000000 171.000000) (564.000000 -1656.000000 171.000000) (564.000000 -1656.000000 235.000000) (564.000000 -1652.000000 235.000000) 
4 142 173 (568.000000 -1660.000000 171.000000) (568.000000 -1664.000000 171.000000) (564.000000 -1664.000000 171.000000) (564.000000 -1660.000000 171.000000) 
4 142 172 (564.000000 -1660.000000 171.000000) (564.000000 -1664.000000 171.000000) (564.000000 -1664.000000 235.000000) (564.000000 -1660.000000 235.000000) 
4 143 173 (568.000000 -1668.000000 171.000000) (568.000000 -1672.000000 171.000000) (564.000000 -1672.000000 171.000000) (564.000000 -1668.000000 171.000000) 
4 143 172 (564.000000 -1668.000000 171.000000) (564.000000 -1672.000000 171.000000) (564.000000 -1672.000000 235.000000) (564.000000 -1668.000000 235.000000) 
4 144 173 (568.000000 -1676.000000 171.000000) (568.000000 -1680.000000 171.000000) (564.000000 -1680.000000 171.000000) (564.000000 -1676.000000 171.000000) 
4 144 172 (564.000000 -1676.000000 171.000000) (564.000000 -1680.000000 171.000000) (564.000000 -1680.000000 235.000000) (564.000000 -1676.000000 235.000000) 
4 145 173 (568.000000 -1684.000000 171.000000) (568.000000 -1688.000000 171.000000) (564.000000 -1688.000000 171.000000) (564.000000 -1684.000000 171.000000) 
4 145 172 (564.000000 -1684.000000 171.000000) (564.000000 -1688.000000 171.000000) (564.000000 -1688.000000 235.000000) (564.000000 -1684.000000 235.000000) 
4 146 173 (568.000000 -1692.000000 171.000000) (568.000000 -1696.000000 171.000000) (564.000000 -1696.000000 171.000000) (564.000000 -1692.000000 171.000000) 
4 146 172 (564.000000 -1692.000000 171.000000) (564.000000 -1696.000000 171.000000) (564.000000 -1696.000000 235.000000) (564.000000 -1692.000000 235.000000) 
4 147 173 (568.000000 -1700.000000 171.000000) (568.000000 -1704.000000 171.000000) (564.000000 -1704.000000 171.000000) (564.000000 -1700.000000 171.000000) 
4 147 172 (564.000000 -1700.000000 171.000000) (564.000000 -1704.000000 171.000000) (564.000000 -1704.000000 235.000000) (564.000000 -1700.000000 235.000000) 
4 148 173 (568.000000 -1708.000000 171.000000) (568.000000 -1712.000000 171.000000) (564.000000 -1712.000000 171.000000) (564.000000 -1708.000000 171.000000) 
4 148 172 (564.000000 -1708.000000 171.000000) (564.000000 -1712.000000 171.000000) (564.000000 -1712.000000 235.000000) (564.000000 -1708.000000 235.000000) 
4 149 173 (568.000000 -1716.000000 171.000000) (568.000000 -1720.000000 171.000000) (564.000000 -1720.000000 171.000000) (564.000000 -1716.000000 171.000000) 
4 149 172 (564.000000 -1716.000000 171.000000) (564.000000 -1720.000000 171.000000) (564.000000 -1720.000000 235.000000) (564.000000 -1716.000000 235.000000) 
4 150 173 (568.000000 -1724.000000 171.000000) (568.000000 -1728.000000 171.000000) (564.000000 -1728.000000 171.000000) (564.000000 -1724.000000 171.000000) 
4 150 172 (564.000000 -1724.000000 171.000000) (564.000000 -1728.000000 171.000000) (564.000000 -1728.000000 235.000000) (564.000000 -1724.000000 235.000000) 
4 151 173 (568.000000 -1732.000000 171.000000) (568.000000 -1736.000000 171.000000) (564.000000 -1736.000000 171.000000) (564.000000 -1732.000000 171.000000) 
4 151 172 (564.000000 -1732.000000 171.000000) (564.000000 -1736.000000 171.000000) (564.000000 -1736.000000 235.000000) (564.000000 -1732.000000 235.000000) 
4 152 173 (568.000000 -1740.000000 171.000000) (568.000000 -1744.000000 171.000000) (564.000000 -1744.000000 171.000000) (564.000000 -1740.000000 171.000000) 
4 152 172 (564.000000 -1740.000000 171.000000) (564.000000 -1744.000000 171.000000) (564.000000 -1744.000000 235.000000) (564.000000 -1740.000000 235.000000) 
4 153 173 (568.000000 -1748.000000 171.000000) (568.000000 -1752.000000 171.000000) (564.000000 -1752.000000 171.000000) (564.000000 -1748.000000 171.000000) 
4 153 172 (564.000000 -1748.000000 171.000000) (564.000000 -1752.000000 171.000000) (564.000000 -1752.000000 235.000000) (564.000000 -1748.000000 235.000000) 
4 154 173 (568.000000 -1756.000000 171.000000) (568.000000 -1760.000000 171.000000) (564.000000 -1760.000000 171.000000) (564.000000 -1756.000000 171.000000) 
4 154 172 (564.000000 -1756.000000 171.000000) (564.000000 -1760.000000 171.000000) (564.000000 -1760.000000 235.000000) (564.000000 -1756.000000 235.000000) 
4 155 173 (568.000000 -1764.000000 171.000000) (568.000000 -1768.000000 171.000000) (564.000000 -1768.000000 171.000000) (564.000000 -1764.000000 171.000000) 
4 155 172 (564.000000 -1764.000000 171.000000) (564.000000 -1768.000000 171.000000) (564.000000 -1768.000000 235.000000) (564.000000 -1764.000000 235.000000) 
4 156 173 (568.000000 -1772.000000 171.000000) (568.000000 -1776.000000 171.000000) (564.000000 -1776.000000 171.000000) (564.000000 -1772.000000 171.000000) 
4 156 172 (564.000000 -1772.000000 171.000000) (564.000000 -1776.000000 171.000000) (564.000000 -1776.000000 235.000000) (564.000000 -1772.000000 235.000000) 
4 157 173 (568.000000 -1780.000000 171.000000) (568.000000 -1784.000000 171.000000) (564.000000 -1784.000000 171.000000) (564.000000 -1780.000000 171.000000) 
4 157 172 (564.000000 -1780.000000 171.000000) (564.000000 -1784.000000 171.000000) (564.000000 -1784.000000 235.000000) (564.000000 -1780.000000 235.000000) 
4 158 173 (568.000000 -1788.000000 171.000000) (568.000000 -1792.000000 171.000000) (564.000000 -1792.000000 171.000000) (564.000000 -1788.000000 171.000000) 
4 158 172 (564.000000 -1788.000000 171.000000) (564.000000 -1792.000000 171.000000) (564.000000 -1792.000000 235.000000) (564.000000 -1788.000000 235.000000) 
4 159 173 (568.000000 -1796.000000 171.000000) (568.000000 -1800.000000 171.000000) (564.000000 -1800.000000 171.000000) (564.000000 -1796.000000 171.000000) 
4 159 172 (564.000000 -1796.000000 171.000000) (564.000000 -1800.000000 171.000000) (564.000000 -1800.000000 235.000000) (564.000000 -1796.000000 235.000000) 
4 160 173 (568.000000 -1804.000000 171.000000) (568.000000 -1808.000000 171.000000) (564.000000 -1808.000000 171.000000) (564.000000 -1804.000000 171.000000) 
4 160 172 (564.000000 -1804.000000 171.000000) (564.000000 -1808.000000 171.000000) (564.000000 -1808.000000 235.000000) (564.000000 -1804.000000 235.000000) 
4 161 173 (568.000000 -1812.000000 171.000000) (568.000000 -1816.000000 171.000000) (564.000000 -1816.000000 171.000000) (564.000000 -1812.000000 171.000000) 
4 161 172 (564.000000 -1812.000000 171.000000) (564.000000 -1816.000000 171.000000) (564.000000 -1816.000000 235.000000) (564.000000 -1812.000000 235.000000) 
4 162 173 (568.000000 -1820.000000 171.000000) (568.000000 -1824.000000 171.000000) (564.000000 -1824.000000 171.000000) (564.000000 -1820.000000 171.000000) 
4 162 172 (564.000000 -1820.000000 171.000000) (564.000000 -1824.000000 171.000000) (564.000000 -1824.000000 235.000000) (564.000000 -1820.000000 235.000000) 
4 163 173 (568.000000 -1828.000000 171.000000) (568.000000 -1832.000000 171.000000) (564.000000 -1832.000000 171.000000) (564.000000 -1828.000000 171.000000) 
4 163 172 (564.000000 -1828.000000 171.000000) (564.000000 -1832.000000 171.000000) (564.000000 -1832.000000 235.000000) (564.000000 -1828.000000 235.000000) 
4 164 173 (568.000000 -1836.000000 171.000000) (568.000000 -1840.000000 171.000000) (564.000000 -1840.000000 171.000000) (564.000000 -1836.000000 171.000000) 
4 164 172 (564.000000 -1836.000000 171.000000) (564.000000 -1840.000000 171.000000) (564.000000 -1840.000000 235.000000) (564.000000 -1836.000000 235.000000) 
4 165 173 (568.000000 -1844.000000 171.000000) (568.000000 -1848.000000 171.000000) (564.000000 -1848.000000 171.000000) (564.000000 -1844.000000 171.000000) 
4 165 172 (564.000000 -1844.000000 171.000000) (564.000000 -1848.000000 171.000000) (564.000000 -1848.000000 235.000000) (564.000000 -1844.000000 235.000000) 
4 166 173 (568.000000 -1852.000000 171.000000) (568.000000 -1856.000000 171.000000) (564.000000 -1856.000000 171.000000) (564.000000 -1852.000000 171.000000) 
4 166 172 (564.000000 -1852.000000 171.000000) (564.000000 -1856.000000 171.000000) (564.000000 -1856.000000 235.000000) (564.000000 -1852.000000 235.000000) 
4 167 172 (564.000000 -1860.000000 235.000000) (564.000000 -1860.000000 235.200000) (564.000000 -1856.000000 235.200000) (564.000000 -1856.000000 235.000000) 
4 167 168 (568.000000 -1860.000000 235.000000) (568.000000 -1860.000000 235.200000) (564.000000 -1860.000000 235.200000) (564.000000 -1860.000000 235.000000) 
4 168 173 (568.000000 -1860.000000 171.000000) (568.000000 -1864.000000 171.000000) (564.000000 -1864.000000 171.000000) (564.000000 -1860.000000 171.000000) 
4 168 172 (564.000000 -1860.000000 171.000000) (564.000000 -1864.000000 171.000000) (564.000000 -1864.000000 235.200000) (564.000000 -1860.000000 235.200000) 
4 168 169 (568.000000 -1864.000000 235.000000) (568.000000 -1864.000000 235.200000) (564.000000 -1864.000000 235.200000) (564.000000 -1864.000000 235.000000) 
4 169 172 (564.000000 -1876.680000 235.000000) (564.000000 -1876.680000 235.200000) (564.000000 -1864.000000 235.200000) (564.000000 -1864.000000 235.000000) 
4 169 171 (564.000000 -1876.680000 235.000000) (564.000000 -1876.000000 235.000000) (568.000000 -1876.000000 235.000000) (568.000000 -1876.680000 235.000000) 
4 169 170 (564.000000 -1872.000000 235.000000) (564.000000 -1868.000000 235.000000) (568.000000 -1868.000000 235.000000) (568.000000 -1872.000000 235.000000) 
4 170 173 (568.000000 -1868.000000 171.000000) (568.000000 -1872.000000 171.000000) (564.000000 -1872.000000 171.000000) (564.000000 -1868.000000 171.000000) 
4 170 172 (564.000000 -1868.000000 171.000000) (564.000000 -1872.000000 171.000000) (564.000000 -1872.000000 235.000000) (564.000000 -1868.000000 235.000000) 
4 171 173 (568.000000 -1876.000000 171.000000) (568.000000 -1876.680000 171.000000) (564.000000 -1876.680000 171.000000) (564.000000 -1876.000000 171.000000) 
4 171 172 (564.000000 -1876.000000 171.000000) (564.000000 -1876.680000 171.000000) (564.000000 -1876.680000 235.000000) (564.000000 -1876.000000 235.000000) 
4 172 175 (560.000000 -1876.680000 235.200000) (560.000000 -1643.320000 235.200000) (560.000000 -1643.320000 171.000000) (560.000000 -1876.680000 171.000000) 
4 172 173 (560.000000 -1876.680000 171.000000) (560.000000 -1643.320000 171.000000) (564.000000 -1643.320000 171.000000) (564.000000 -1876.680000 171.000000) 
4 173 175 (560.000000 -1643.320000 112.000000) (560.000000 -1876.680000 112.000000) (560.000000 -1876.680000 171.000000) (560.000000 -1643.320000 171.000000) 
4 175 176 (528.000000 -1520.000000 112.000000) (528.000000 -1968.000000 112.000000) (528.000000 -1968.000000 272.000000) (528.000000 -1520.000000 272.000000) 
4 176 177 (192.000000 -1872.000000 272.000000) (192.000000 -1616.000000 272.000000) (192.000000 -1616.000000 112.000000) (192.000000 -1872.000000 112.000000) 
4 177 180 (160.000000 -1616.000000 112.000000) (160.000000 -1872.000000 112.000000) (160.000000 -1872.000000 272.000000) (160.000000 -1616.000000 272.000000) 
4 178 180 (160.000000 -1616.000000 112.000000) (160.000000 -1616.000000 272.000000) (-64.000000 -1616.000000 272.000000) (-64.000000 -1616.000000 112.000000) 
4 179 180 (-96.000000 -1616.000000 272.000000) (-320.000000 -1616.000000 272.000000) (-320.000000 -1616.000000 112.000000) (-96.000000 -1616.000000 112.000000) 
4 180 184 (-352.000000 -1872.000000 112.000000) (-352.000000 -1872.000000 272.000000) (-352.000000 -1616.000000 272.000000) (-352.000000 -1616.000000 112.000000) 
4 180 182 (-96.000000 -1872.000000 272.000000) (-320.000000 -1872.000000 272.000000) (-320.000000 -1872.000000 112.000000) (-96.000000 -1872.000000 112.000000) 
4 180 181 (160.000000 -1872.000000 112.000000) (160.000000 -1872.000000 272.000000) (-64.000000 -1872.000000 272.000000) (-64.000000 -1872.000000 112.000000) 
4 183 184 (-576.000000 -1616.000000 112.000000) (-352.000000 -1616.000000 112.000000) (-352.000000 -1616.000000 272.000000) (-576.000000 -1616.000000 272.000000) 
4 184 186 (-576.000000 -1872.000000 112.000000) (-352.000000 -1872.000000 112.000000) (-352.000000 -1872.000000 272.000000) (-576.000000 -1872.000000 272.000000) 
4 184 185 (-608.000000 -1616.000000 112.000000) (-608.000000 -1872.000000 112.000000) (-608.000000 -1872.000000 272.000000) (-608.000000 -1616.000000 272.000000) 
4 185 187 (-848.000000 -1872.000000 112.000000) (-608.000000 -1872.000000 112.000000) (-608.000000 -1872.000000 272.000000) (-848.000000 -1872.000000 272.000000) 
