266
511
1
1
2
12
22
2
1
1
1
1
1
24
1
0
0
1
2
0
1
12
2
1
1
1
33
1
44
1
33
1
1
1
15
1
1
73
3
1
1
45
42
1
94
7
6
75
1
1
14
12
13
15
9
24
7
11
1
11
1
1
0
0
1
92
74
2
1
1
1
25
2
3
1
3
2
7
32
9
2
3
16
1
2
2
2
5
4
3
2
1
8
1
1
2
1
1
35
17
25
16
1
9
3
4
1
6
8
10
17
2
3
5
1
13
1
9
2
4
7
5
3
1
7
1
17
1
1
1
14
1
1
1
17
2
1
26
1
26
4
1
21
1
1
1
108
1
1
1
1
1
17
1
93
6
1
6
3
1
1
1
1
2
1
43
89
15
4
2
51
9
3
21
39
15
1
16
6
63
1
1
32
52
18
1
18
1
17
3
1
36
1
17
2
27
19
1
6
3
1
1
65
1
30
15
8
4
1
5
1
1
1
1
1
1
1
1
1
1
1
1
1
1
1
1
1
1
1
1
1
1
1
14
9
1
4
4
1
52
1
39
23
1
1
1
1
1
12
2
1
1
1
17
17
1
3
1
3
8
1
19
16
1
20
1
52
1
4 0 1 (2512.000000 1568.000000 0.000000) (2256.000000 1568.000000 0.000000) (2256.000000 1568.000000 -192.000000) (2512.000000 1568.000000 -192.000000) 
4 1 2 (2256.000000 1552.000000 -192.000000) (2512.000000 1552.000000 -192.000000) (2512.000000 1552.000000 0.000000) (2256.000000 1552.000000 0.000000) 
4 2 4 (2176.000000 1552.000000 -48.000000) (2176.000000 1552.000000 -192.000000) (2176.000000 1296.000000 -192.000000) (2176.000000 1296.000000 -48.000000) 
4 2 3 (2176.000000 1296.000000 0.000000) (2176.000000 1552.000000 0.000000) (2176.000000 1552.000000 -48.000000) (2176.000000 1296.000000 -48.000000) 
4 3 11 (1536.000000 1296.000000 0.000000) (1536.000000 1552.000000 0.000000) (1536.000000 1552.000000 -48.000000) (1536.000000 1296.000000 -48.000000) 
4 3 7 (1536.000000 1296.000000 -48.000000) (1536.000000 1552.000000 -48.000000) (1664.000000 1552.000000 -48.000000) (1664.000000 1296.000000 -48.000000) 
4 3 5 (1664.000000 1552.000000 -48.000000) (1792.000000 1552.000000 -48.000000) (1792.000000 1296.000000 -48.000000) (1664.000000 1296.000000 -48.000000) 
4 3 4 (1792.000000 1552.000000 -48.000000) (2176.000000 1552.000000 -48.000000) (2176.000000 1296.000000 -48.000000) (1792.000000 1296.000000 -48.000000) 
4 4 6 (1792.000000 1552.000000 -160.000000) (1792.000000 1552.000000 -192.000000) (1792.000000 1296.000000 -192.000000) (1792.000000 1296.000000 -160.000000) 
4 4 5 (1792.000000 1296.000000 -48.000000) (1792.000000 1552.000000 -48.000000) (1792.000000 1552.000000 -160.000000) (1792.000000 1296.000000 -160.000000) 
4 5 8 (1792.000000 1280.000000 -48.000000) (1664.000000 1280.000000 -48.000000) (1664.000000 1280.000000 -160.000000) (1792.000000 1280.000000 -160.000000) 
4 5 7 (1664.000000 1552.000000 -48.000000) (1664.000000 1552.000000 -160.000000) (1664.000000 1296.000000 -160.000000) (1664.000000 1296.000000 -48.000000) 
4 5 6 (1664.000000 1296.000000 -160.000000) (1664.000000 1552.000000 -160.000000) (1792.000000 1552.000000 -160.000000) (1792.000000 1296.000000 -160.000000) 
4 6 7 (1664.000000 1552.000000 -160.000000) (1664.000000 1552.000000 -192.000000) (1664.000000 1296.000000 -192.000000) (1664.000000 1296.000000 -160.000000) 
4 7 11 (1536.000000 1552.000000 -192.000000) (1536.000000 1296.000000 -192.000000) (1536.000000 1296.000000 -48.000000) (1536.000000 1552.000000 -48.000000) 
4 8 9 (1920.000000 1120.000000 0.000000) (1664.000000 1120.000000 0.000000) (1664.000000 1120.000000 -160.000000) (1920.000000 1120.000000 -160.000000) 
4 9 37 (2176.000000 1024.000000 -160.000000) (2176.000000 1024.000000 0.000000) (1664.000000 1024.000000 0.000000) (1664.000000 1024.000000 -160.000000) 
3 10 19 (681.500000 1480.500000 -32.000000) (681.500000 1480.500000 -49.875000) (896.000000 1417.411765 -32.000000) 
3 10 11 (896.000000 1417.411765 -32.000000) (681.500000 1480.500000 -49.875000) (896.000000 1552.000000 -32.000000) 
3 11 21 (1308.800000 1296.000000 -192.000000) (1308.800000 1296.000000 -189.600000) (1280.000000 1304.470588 -192.000000) 
6 11 19 (1308.800000 1296.000000 -189.600000) (1308.800000 1296.000000 -32.000000) (896.000000 1417.411765 -32.000000) (681.500000 1480.500000 -49.875000) (681.500000 1480.500000 -192.000000) (1280.000000 1304.470588 -192.000000) 
4 11 18 (1308.800000 1296.000000 -32.000000) (1308.800000 1296.000000 -16.000000) (1088.000000 1360.941176 -16.000000) (896.000000 1417.411765 -32.000000) 
4 11 13 (1308.800000 1296.000000 -16.000000) (1308.800000 1296.000000 0.000000) (1280.000000 1304.470588 0.000000) (1088.000000 1360.941176 -16.000000) 
4 11 12 (1280.000000 1304.470588 -192.000000) (681.500000 1480.500000 -192.000000) (896.000000 1552.000000 -192.000000) (1280.000000 1552.000000 -192.000000) 
4 12 19 (1280.000000 1304.470588 -192.000000) (681.500000 1480.500000 -192.000000) (681.500000 1480.500000 -224.000000) (896.000000 1417.411765 -224.000000) 
3 13 18 (1308.800000 1296.000000 -16.000000) (1088.000000 1296.000000 -16.000000) (1088.000000 1360.941176 -16.000000) 
3 14 19 (520.000000 1426.666667 -48.000000) (656.000000 1472.000000 -48.000000) (656.000000 1472.000000 -32.000000) 
3 14 16 (520.000000 1512.000000 -48.000000) (656.000000 1472.000000 -48.000000) (520.000000 1426.666667 -48.000000) 
4 15 26 (112.000000 1296.000000 -96.000000) (112.000000 1296.000000 -64.000000) (112.000000 1552.000000 -64.000000) (112.000000 1552.000000 -96.000000) 
3 15 17 (128.000000 1296.000000 -64.000000) (128.000000 1296.000000 -94.117647) (384.000000 1381.333333 -64.000000) 
5 15 16 (384.000000 1552.000000 -64.000000) (384.000000 1381.333333 -64.000000) (128.000000 1296.000000 -94.117647) (112.000000 1296.000000 -96.000000) (112.000000 1552.000000 -96.000000) 
4 16 26 (112.000000 1552.000000 -256.000000) (112.000000 1296.000000 -256.000000) (112.000000 1296.000000 -96.000000) (112.000000 1552.000000 -96.000000) 
4 16 20 (128.000000 1296.000000 -224.000000) (128.000000 1296.000000 -256.000000) (384.000000 1381.333333 -256.000000) (656.000000 1472.000000 -224.000000) 
5 16 19 (128.000000 1296.000000 -94.117647) (128.000000 1296.000000 -224.000000) (656.000000 1472.000000 -224.000000) (656.000000 1472.000000 -48.000000) (520.000000 1426.666667 -48.000000) 
3 17 19 (384.000000 1296.000000 -64.000000) (128.000000 1296.000000 -94.117647) (384.000000 1381.333333 -64.000000) 
3 18 19 (896.000000 1417.411765 -32.000000) (1308.800000 1296.000000 -32.000000) (896.000000 1296.000000 -32.000000) 
3 19 23 (896.000000 1296.000000 -224.000000) (896.000000 1296.000000 -195.764706) (656.000000 1296.000000 -224.000000) 
6 19 22 (896.000000 1296.000000 -195.764706) (896.000000 1296.000000 -32.000000) (656.000000 1296.000000 -32.000000) (384.000000 1296.000000 -64.000000) (384.000000 1296.000000 -224.000000) (656.000000 1296.000000 -224.000000) 
3 19 21 (1280.000000 1304.470588 -192.000000) (1308.800000 1296.000000 -189.600000) (1280.000000 1296.000000 -192.000000) 
3 19 20 (656.000000 1296.000000 -224.000000) (128.000000 1296.000000 -224.000000) (656.000000 1472.000000 -224.000000) 
3 20 22 (384.000000 1296.000000 -256.000000) (656.000000 1296.000000 -224.000000) (384.000000 1296.000000 -224.000000) 
3 22 23 (896.000000 1296.000000 -195.764706) (656.000000 1216.000000 -224.000000) (656.000000 1296.000000 -224.000000) 
4 24 27 (112.000000 2368.000000 112.000000) (112.000000 2368.000000 304.000000) (-144.000000 2368.000000 304.000000) (-144.000000 2368.000000 112.000000) 
4 24 25 (-96.000000 2880.000000 112.000000) (64.000000 2880.000000 112.000000) (64.000000 2368.000000 112.000000) (-96.000000 2368.000000 112.000000) 
4 25 29 (64.000000 2368.000000 112.000000) (-96.000000 2368.000000 112.000000) (-96.000000 2368.000000 96.000000) (64.000000 2368.000000 96.000000) 
4 26 155 (64.000000 1024.000000 -256.000000) (-96.000000 1024.000000 -256.000000) (-96.000000 1488.000000 -256.000000) (64.000000 1488.000000 -256.000000) 
4 26 122 (64.000000 1488.000000 -256.000000) (-96.000000 1488.000000 -256.000000) (-96.000000 1666.782609 -256.000000) (64.000000 1666.782609 -256.000000) 
4 26 46 (-144.000000 1024.000000 -256.000000) (112.000000 1024.000000 -256.000000) (112.000000 1024.000000 -64.000000) (-144.000000 1024.000000 -64.000000) 
4 26 30 (-144.000000 1408.000000 -256.000000) (-144.000000 1152.000000 -256.000000) (-144.000000 1152.000000 -112.000000) (-144.000000 1408.000000 -112.000000) 
4 26 28 (112.000000 1666.782609 -256.000000) (-144.000000 1666.782609 -256.000000) (-144.000000 1900.521739 -64.000000) (112.000000 1900.521739 -64.000000) 
4 27 29 (-96.000000 2368.000000 112.000000) (64.000000 2368.000000 112.000000) (64.000000 2153.739130 -64.000000) (-96.000000 2153.739130 -64.000000) 
4 27 28 (-144.000000 1920.000000 -64.000000) (-144.000000 2153.739130 -64.000000) (112.000000 2153.739130 -64.000000) (112.000000 1920.000000 -64.000000) 
4 28 122 (64.000000 1666.782609 -256.000000) (-96.000000 1666.782609 -256.000000) (-96.000000 1920.000000 -256.000000) (64.000000 1920.000000 -256.000000) 
4 28 29 (64.000000 1920.000000 -256.000000) (-96.000000 1920.000000 -256.000000) (-96.000000 2153.739130 -64.000000) (64.000000 2153.739130 -64.000000) 
4 29 122 (64.000000 1920.000000 -256.000000) (-96.000000 1920.000000 -256.000000) (-96.000000 1939.478261 -256.000000) (64.000000 1939.478261 -256.000000) 
4 30 31 (-160.000000 1248.000000 -256.000000) (-160.000000 1184.000000 -256.000000) (-160.000000 1184.000000 -160.000000) (-160.000000 1248.000000 -160.000000) 
4 31 32 (-176.000000 1248.000000 -256.000000) (-176.000000 1184.000000 -256.000000) (-176.000000 1184.000000 -160.000000) (-176.000000 1248.000000 -160.000000) 
4 32 33 (-384.000000 1216.000000 -256.000000) (-384.000000 1088.000000 -256.000000) (-384.000000 1088.000000 -112.000000) (-384.000000 1216.000000 -112.000000) 
4 33 34 (-512.000000 1216.000000 -256.000000) (-512.000000 1088.000000 -256.000000) (-512.000000 1088.000000 -112.000000) (-512.000000 1216.000000 -112.000000) 
4 34 47 (-640.000000 1024.000000 -256.000000) (-512.000000 1024.000000 -256.000000) (-512.000000 1024.000000 -112.000000) (-640.000000 1024.000000 -112.000000) 
4 35 36 (2192.000000 844.000000 -160.000000) (2192.000000 676.000000 -160.000000) (2192.000000 676.000000 -52.000000) (2192.000000 844.000000 -52.000000) 
4 36 40 (2176.000000 844.000000 -160.000000) (2176.000000 676.000000 -160.000000) (2176.000000 676.000000 -52.000000) (2176.000000 844.000000 -52.000000) 
4 37 38 (1796.000000 960.000000 -160.000000) (2044.000000 960.000000 -160.000000) (2044.000000 960.000000 -20.000000) (1796.000000 960.000000 -20.000000) 
4 38 40 (1796.000000 944.000000 -160.000000) (2044.000000 944.000000 -160.000000) (2044.000000 944.000000 -20.000000) (1796.000000 944.000000 -20.000000) 
4 39 40 (2048.000000 640.000000 0.000000) (1792.000000 640.000000 0.000000) (1792.000000 896.000000 0.000000) (2048.000000 896.000000 0.000000) 
4 40 45 (1792.000000 640.000000 -160.000000) (2048.000000 640.000000 -160.000000) (2048.000000 640.000000 0.000000) (1792.000000 640.000000 0.000000) 
4 40 44 (1920.000000 640.000000 -160.000000) (1728.000000 640.000000 -160.000000) (1728.000000 832.000000 -160.000000) (1920.000000 832.000000 -160.000000) 
4 40 43 (2112.000000 640.000000 -160.000000) (1920.000000 640.000000 -160.000000) (1920.000000 896.000000 -160.000000) (2112.000000 896.000000 -160.000000) 
4 40 41 (1664.000000 844.000000 -160.000000) (1664.000000 676.000000 -160.000000) (1664.000000 676.000000 -52.000000) (1664.000000 844.000000 -52.000000) 
4 41 42 (1648.000000 844.000000 -160.000000) (1648.000000 676.000000 -160.000000) (1648.000000 676.000000 -52.000000) (1648.000000 844.000000 -52.000000) 
4 43 44 (1920.000000 832.000000 -164.000000) (1920.000000 640.000000 -164.000000) (1920.000000 640.000000 -160.000000) (1920.000000 832.000000 -160.000000) 
5 45 54 (1792.000000 512.000000 -128.000000) (1792.000000 512.000000 -160.000000) (2048.000000 512.000000 -160.000000) (2048.000000 512.000000 -138.666667) (1984.000000 512.000000 -128.000000) 
3 45 53 (1792.000000 512.000000 -96.000000) (1792.000000 512.000000 -128.000000) (1984.000000 512.000000 -128.000000) 
4 45 50 (1792.000000 512.000000 0.000000) (1792.000000 512.000000 -11.636364) (2048.000000 512.000000 -23.272727) (2048.000000 512.000000 0.000000) 
4 45 51 (1792.000000 512.000000 -11.636364) (1792.000000 512.000000 -96.000000) (2048.000000 512.000000 -138.666667) (2048.000000 512.000000 -23.272727) 
4 46 154 (-144.000000 1024.000000 -256.000000) (112.000000 1024.000000 -256.000000) (112.000000 790.260870 -256.000000) (-144.000000 790.260870 -256.000000) 
4 47 161 (-544.000000 928.000000 -256.000000) (-608.000000 928.000000 -256.000000) (-608.000000 992.000000 -256.000000) (-544.000000 992.000000 -256.000000) 
4 48 70 (-1280.000000 512.000000 -96.000000) (-1280.000000 512.000000 -88.000000) (-1536.000000 512.000000 -72.000000) (-1536.000000 512.000000 -96.000000) 
4 48 69 (-1280.000000 512.000000 -88.000000) (-1280.000000 512.000000 96.000000) (-1536.000000 512.000000 96.000000) (-1536.000000 512.000000 -72.000000) 
4 49 50 (2560.000000 256.000000 -46.545455) (2560.000000 256.000000 0.000000) (2560.000000 512.000000 0.000000) (2560.000000 512.000000 -46.545455) 
4 49 51 (2560.000000 512.000000 -192.000000) (2560.000000 256.000000 -192.000000) (2560.000000 256.000000 -46.545455) (2560.000000 512.000000 -46.545455) 
4 50 51 (1536.000000 512.000000 0.000000) (2560.000000 512.000000 -46.545455) (2560.000000 256.000000 -46.545455) (1536.000000 256.000000 0.000000) 
4 51 55 (2176.000000 512.000000 -160.000000) (2368.000000 512.000000 -192.000000) (2368.000000 256.000000 -192.000000) (2176.000000 256.000000 -160.000000) 
4 51 54 (1984.000000 512.000000 -128.000000) (2176.000000 512.000000 -160.000000) (2176.000000 256.000000 -160.000000) (1984.000000 256.000000 -128.000000) 
4 51 53 (1096.000000 512.000000 20.000000) (1984.000000 512.000000 -128.000000) (1984.000000 256.000000 -128.000000) (1096.000000 256.000000 20.000000) 
4 52 57 (400.000000 512.000000 64.000000) (400.000000 512.000000 32.000000) (400.000000 256.000000 32.000000) (400.000000 256.000000 64.000000) 
4 52 53 (400.000000 256.000000 32.000000) (400.000000 512.000000 32.000000) (640.000000 512.000000 32.000000) (640.000000 256.000000 32.000000) 
4 53 57 (400.000000 512.000000 32.000000) (400.000000 512.000000 -128.000000) (400.000000 256.000000 -128.000000) (400.000000 256.000000 32.000000) 
4 53 54 (448.000000 512.000000 -128.000000) (1984.000000 512.000000 -128.000000) (1984.000000 256.000000 -128.000000) (448.000000 256.000000 -128.000000) 
4 54 55 (832.000000 512.000000 -160.000000) (2176.000000 512.000000 -160.000000) (2176.000000 256.000000 -160.000000) (832.000000 256.000000 -160.000000) 
4 56 189 (1024.000000 -576.000000 -256.000000) (1024.000000 -896.000000 -256.000000) (640.000000 -896.000000 -256.000000) (640.000000 -576.000000 -256.000000) 
4 57 69 (-640.000000 512.000000 64.000000) (-640.000000 512.000000 -128.000000) (-640.000000 256.000000 -128.000000) (-640.000000 256.000000 64.000000) 
4 57 58 (-160.000000 256.000000 -128.000000) (64.000000 256.000000 -128.000000) (64.000000 256.000000 16.000000) (-160.000000 256.000000 16.000000) 
3 58 61 (-160.000000 240.000000 -120.000000) (-160.000000 240.000000 -128.000000) (-152.000000 240.000000 -120.000000) 
3 58 60 (64.000000 240.000000 -128.000000) (64.000000 240.000000 -120.000000) (56.000000 240.000000 -120.000000) 
4 58 59 (-160.000000 240.000000 16.000000) (-160.000000 240.000000 -120.000000) (64.000000 240.000000 -120.000000) (64.000000 240.000000 16.000000) 
4 59 61 (-152.000000 224.000000 -120.000000) (-160.000000 224.000000 -120.000000) (-160.000000 240.000000 -120.000000) (-152.000000 240.000000 -120.000000) 
4 59 60 (64.000000 224.000000 -120.000000) (56.000000 224.000000 -120.000000) (56.000000 240.000000 -120.000000) (64.000000 240.000000 -120.000000) 
4 59 62 (64.000000 224.000000 -120.000000) (64.000000 224.000000 16.000000) (-160.000000 224.000000 16.000000) (-160.000000 224.000000 -120.000000) 
3 60 62 (64.000000 224.000000 -128.000000) (64.000000 224.000000 -120.000000) (56.000000 224.000000 -120.000000) 
3 61 62 (-160.000000 224.000000 -128.000000) (-152.000000 224.000000 -120.000000) (-160.000000 224.000000 -120.000000) 
4 62 64 (-160.000000 208.000000 0.000000) (-160.000000 208.000000 -128.000000) (64.000000 208.000000 -128.000000) (64.000000 208.000000 0.000000) 
4 62 63 (64.000000 208.000000 16.000000) (-160.000000 208.000000 16.000000) (-160.000000 208.000000 0.000000) (64.000000 208.000000 0.000000) 
4 63 65 (-496.000000 -816.000000 320.000000) (-496.000000 -816.000000 0.000000) (400.000000 -816.000000 0.000000) (400.000000 -816.000000 320.000000) 
4 63 64 (-496.000000 -592.000000 0.000000) (-496.000000 208.000000 0.000000) (400.000000 208.000000 0.000000) (400.000000 -592.000000 0.000000) 
4 65 67 (-240.000000 -1008.000000 288.000000) (-240.000000 -1008.000000 0.000000) (144.000000 -1008.000000 0.000000) (144.000000 -1008.000000 288.000000) 
4 65 66 (400.000000 -1008.000000 0.000000) (400.000000 -1008.000000 320.000000) (208.000000 -1008.000000 320.000000) (208.000000 -1008.000000 0.000000) 
4 65 68 (-304.000000 -1008.000000 320.000000) (-496.000000 -1008.000000 320.000000) (-496.000000 -1008.000000 0.000000) (-304.000000 -1008.000000 0.000000) 
3 67 72 (-0.000000 -1072.000000 8.000000) (88.000000 -1072.000000 8.000000) (88.000000 -1072.000000 52.000000) 
5 67 71 (-184.000000 -1072.000000 8.000000) (-0.000000 -1072.000000 8.000000) (88.000000 -1072.000000 52.000000) (88.000000 -1072.000000 216.000000) (-184.000000 -1072.000000 216.000000) 
4 69 70 (-1536.000000 512.000000 -72.000000) (-1152.000000 512.000000 -96.000000) (-1152.000000 256.000000 -96.000000) (-1536.000000 256.000000 -72.000000) 
5 71 75 (-184.000000 -1136.000000 8.000000) (-0.000000 -1136.000000 8.000000) (88.000000 -1136.000000 52.000000) (88.000000 -1136.000000 216.000000) (-184.000000 -1136.000000 216.000000) 
4 71 72 (0.000000 -1116.000000 8.000000) (0.000000 -1072.000000 8.000000) (88.000000 -1072.000000 52.000000) (88.000000 -1116.000000 52.000000) 
4 73 74 (144.000000 -1200.000000 0.000000) (400.000000 -1200.000000 0.000000) (400.000000 -1200.000000 192.000000) (144.000000 -1200.000000 192.000000) 
4 73 75 (144.000000 -1136.000000 0.000000) (144.000000 -1200.000000 0.000000) (144.000000 -1200.000000 192.000000) (144.000000 -1136.000000 128.000000) 
4 74 96 (400.000000 -1216.000000 0.000000) (400.000000 -1216.000000 144.000000) (144.000000 -1216.000000 144.000000) (144.000000 -1216.000000 0.000000) 
4 74 86 (400.000000 -1216.000000 144.000000) (400.000000 -1216.000000 264.000000) (144.000000 -1216.000000 264.000000) (144.000000 -1216.000000 144.000000) 
4 74 77 (400.000000 -1216.000000 264.000000) (400.000000 -1216.000000 312.000000) (144.000000 -1216.000000 312.000000) (144.000000 -1216.000000 264.000000) 
4 74 76 (400.000000 -1216.000000 312.000000) (400.000000 -1216.000000 320.000000) (144.000000 -1216.000000 320.000000) (144.000000 -1216.000000 312.000000) 
4 74 75 (144.000000 -1200.000000 0.000000) (144.000000 -1216.000000 0.000000) (144.000000 -1216.000000 320.000000) (144.000000 -1200.000000 320.000000) 
4 75 112 (-240.000000 -1200.000000 0.000000) (-240.000000 -1216.000000 0.000000) (-240.000000 -1216.000000 64.000000) (-240.000000 -1200.000000 64.000000) 
4 75 111 (-240.000000 -1216.000000 64.000000) (-240.000000 -1216.000000 320.000000) (-240.000000 -1200.000000 320.000000) (-240.000000 -1200.000000 64.000000) 
4 75 109 (-240.000000 -1136.000000 0.000000) (-240.000000 -1200.000000 0.000000) (-240.000000 -1200.000000 192.000000) (-240.000000 -1136.000000 128.000000) 
4 75 96 (-240.000000 -1216.000000 144.000000) (-240.000000 -1216.000000 0.000000) (144.000000 -1216.000000 0.000000) (144.000000 -1216.000000 144.000000) 
4 75 86 (-240.000000 -1216.000000 264.000000) (-240.000000 -1216.000000 144.000000) (144.000000 -1216.000000 144.000000) (144.000000 -1216.000000 264.000000) 
4 75 77 (-240.000000 -1216.000000 312.000000) (-240.000000 -1216.000000 264.000000) (144.000000 -1216.000000 264.000000) (144.000000 -1216.000000 312.000000) 
4 75 76 (144.000000 -1216.000000 320.000000) (-240.000000 -1216.000000 320.000000) (-240.000000 -1216.000000 312.000000) (144.000000 -1216.000000 312.000000) 
4 76 113 (-240.000000 -1660.000000 312.000000) (-240.000000 -1660.000000 320.000000) (-240.000000 -1456.000000 320.000000) (-240.000000 -1456.000000 312.000000) 
4 76 111 (-240.000000 -1456.000000 320.000000) (-240.000000 -1216.000000 320.000000) (-240.000000 -1216.000000 312.000000) (-240.000000 -1456.000000 312.000000) 
4 76 108 (-240.000000 -1660.000000 320.000000) (-240.000000 -1660.000000 512.000000) (-240.000000 -1216.000000 512.000000) (-240.000000 -1216.000000 320.000000) 
4 76 99 (400.000000 -1660.000000 312.000000) (400.000000 -1660.000000 512.000000) (-240.000000 -1660.000000 512.000000) (-240.000000 -1660.000000 312.000000) 
4 76 83 (96.000000 -1488.000000 312.000000) (112.000000 -1488.000000 312.000000) (112.000000 -1660.000000 312.000000) (96.000000 -1660.000000 312.000000) 
4 76 85 (-240.000000 -1660.000000 312.000000) (-240.000000 -1488.000000 312.000000) (96.000000 -1488.000000 312.000000) (96.000000 -1660.000000 312.000000) 
4 76 81 (168.000000 -1488.000000 312.000000) (192.000000 -1488.000000 312.000000) (112.000000 -1568.000000 312.000000) (112.000000 -1544.000000 312.000000) 
3 76 82 (112.000000 -1488.000000 312.000000) (168.000000 -1488.000000 312.000000) (112.000000 -1544.000000 312.000000) 
4 76 78 (-240.000000 -1488.000000 312.000000) (-240.000000 -1472.000000 312.000000) (400.000000 -1472.000000 312.000000) (400.000000 -1488.000000 312.000000) 
4 76 77 (-240.000000 -1472.000000 312.000000) (-240.000000 -1216.000000 312.000000) (400.000000 -1216.000000 312.000000) (400.000000 -1472.000000 312.000000) 
4 77 113 (-240.000000 -1472.000000 312.000000) (-240.000000 -1456.000000 312.000000) (-240.000000 -1456.000000 264.000000) (-240.000000 -1472.000000 264.000000) 
4 77 111 (-240.000000 -1456.000000 312.000000) (-240.000000 -1216.000000 312.000000) (-240.000000 -1216.000000 264.000000) (-240.000000 -1456.000000 264.000000) 
4 77 87 (348.000000 -1456.000000 264.000000) (400.000000 -1456.000000 264.000000) (400.000000 -1472.000000 264.000000) (348.000000 -1472.000000 264.000000) 
4 77 88 (-240.000000 -1472.000000 264.000000) (-240.000000 -1456.000000 264.000000) (348.000000 -1456.000000 264.000000) (348.000000 -1472.000000 264.000000) 
4 77 86 (-240.000000 -1456.000000 264.000000) (-240.000000 -1216.000000 264.000000) (400.000000 -1216.000000 264.000000) (400.000000 -1456.000000 264.000000) 
4 77 79 (-240.000000 -1472.000000 304.000000) (-240.000000 -1472.000000 264.000000) (184.000000 -1472.000000 264.000000) (184.000000 -1472.000000 304.000000) 
4 77 78 (-240.000000 -1472.000000 312.000000) (-240.000000 -1472.000000 304.000000) (400.000000 -1472.000000 304.000000) (400.000000 -1472.000000 312.000000) 
4 78 113 (-240.000000 -1488.000000 312.000000) (-240.000000 -1472.000000 312.000000) (-240.000000 -1472.000000 304.000000) (-240.000000 -1488.000000 304.000000) 
4 78 83 (112.000000 -1488.000000 312.000000) (96.000000 -1488.000000 312.000000) (96.000000 -1488.000000 304.000000) (112.000000 -1488.000000 304.000000) 
4 78 85 (96.000000 -1488.000000 312.000000) (-240.000000 -1488.000000 312.000000) (-240.000000 -1488.000000 304.000000) (96.000000 -1488.000000 304.000000) 
4 78 81 (192.000000 -1488.000000 312.000000) (168.000000 -1488.000000 312.000000) (168.000000 -1488.000000 304.000000) (192.000000 -1488.000000 304.000000) 
4 78 82 (168.000000 -1488.000000 312.000000) (112.000000 -1488.000000 312.000000) (112.000000 -1488.000000 304.000000) (168.000000 -1488.000000 304.000000) 
4 78 79 (168.000000 -1488.000000 304.000000) (-240.000000 -1488.000000 304.000000) (-240.000000 -1472.000000 304.000000) (184.000000 -1472.000000 304.000000) 
4 79 113 (-240.000000 -1472.000000 304.000000) (-240.000000 -1472.000000 264.000000) (-240.000000 -1488.000000 264.000000) (-240.000000 -1488.000000 304.000000) 
4 79 90 (-240.000000 -1488.000000 264.000000) (-240.000000 -1472.000000 264.000000) (184.000000 -1472.000000 264.000000) (168.000000 -1488.000000 264.000000) 
4 79 84 (112.000000 -1488.000000 304.000000) (96.000000 -1488.000000 304.000000) (96.000000 -1488.000000 264.000000) (112.000000 -1488.000000 264.000000) 
4 79 85 (96.000000 -1488.000000 304.000000) (-240.000000 -1488.000000 304.000000) (-240.000000 -1488.000000 264.000000) (96.000000 -1488.000000 264.000000) 
4 79 82 (168.000000 -1488.000000 304.000000) (112.000000 -1488.000000 304.000000) (112.000000 -1488.000000 264.000000) (168.000000 -1488.000000 264.000000) 
4 80 101 (112.000000 -1660.000000 304.000000) (112.000000 -1660.000000 264.000000) (368.000000 -1660.000000 264.000000) (368.000000 -1660.000000 304.000000) 
4 80 94 (368.000000 -1624.000000 264.000000) (368.000000 -1660.000000 264.000000) (112.000000 -1660.000000 264.000000) (112.000000 -1624.000000 264.000000) 
5 80 90 (192.000000 -1488.000000 264.000000) (312.000000 -1488.000000 264.000000) (312.000000 -1624.000000 264.000000) (112.000000 -1624.000000 264.000000) (112.000000 -1568.000000 264.000000) 
4 80 89 (312.000000 -1488.000000 264.000000) (368.000000 -1488.000000 264.000000) (368.000000 -1624.000000 264.000000) (312.000000 -1624.000000 264.000000) 
4 81 83 (112.000000 -1568.000000 304.000000) (112.000000 -1568.000000 312.000000) (112.000000 -1544.000000 312.000000) (112.000000 -1544.000000 304.000000) 
4 81 82 (112.000000 -1544.000000 304.000000) (112.000000 -1544.000000 312.000000) (168.000000 -1488.000000 312.000000) (168.000000 -1488.000000 304.000000) 
3 82 90 (112.000000 -1488.000000 264.000000) (168.000000 -1488.000000 264.000000) (112.000000 -1544.000000 264.000000) 
4 82 84 (112.000000 -1488.000000 264.000000) (112.000000 -1544.000000 264.000000) (112.000000 -1544.000000 304.000000) (112.000000 -1488.000000 304.000000) 
4 82 83 (112.000000 -1544.000000 304.000000) (112.000000 -1544.000000 312.000000) (112.000000 -1488.000000 312.000000) (112.000000 -1488.000000 304.000000) 
4 83 100 (112.000000 -1660.000000 312.000000) (96.000000 -1660.000000 312.000000) (96.000000 -1660.000000 304.000000) (112.000000 -1660.000000 304.000000) 
4 83 84 (96.000000 -1560.000000 304.000000) (96.000000 -1488.000000 304.000000) (112.000000 -1488.000000 304.000000) (112.000000 -1544.000000 304.000000) 
4 83 85 (96.000000 -1488.000000 312.000000) (96.000000 -1488.000000 304.000000) (96.000000 -1660.000000 304.000000) (96.000000 -1660.000000 312.000000) 
4 84 90 (96.000000 -1488.000000 264.000000) (112.000000 -1488.000000 264.000000) (112.000000 -1544.000000 264.000000) (96.000000 -1560.000000 264.000000) 
4 84 85 (96.000000 -1488.000000 304.000000) (96.000000 -1488.000000 264.000000) (96.000000 -1560.000000 264.000000) (96.000000 -1560.000000 304.000000) 
4 85 113 (-240.000000 -1660.000000 264.000000) (-240.000000 -1660.000000 312.000000) (-240.000000 -1488.000000 312.000000) (-240.000000 -1488.000000 264.000000) 
4 85 103 (96.000000 -1660.000000 312.000000) (80.000000 -1660.000000 312.000000) (80.000000 -1660.000000 264.000000) (96.000000 -1660.000000 264.000000) 
4 85 105 (80.000000 -1660.000000 312.000000) (-240.000000 -1660.000000 312.000000) (-240.000000 -1660.000000 264.000000) (80.000000 -1660.000000 264.000000) 
4 85 95 (-240.000000 -1660.000000 264.000000) (-240.000000 -1624.000000 264.000000) (96.000000 -1624.000000 264.000000) (96.000000 -1660.000000 264.000000) 
4 85 90 (-240.000000 -1624.000000 264.000000) (-240.000000 -1488.000000 264.000000) (96.000000 -1488.000000 264.000000) (96.000000 -1624.000000 264.000000) 
4 86 111 (-240.000000 -1456.000000 264.000000) (-240.000000 -1216.000000 264.000000) (-240.000000 -1216.000000 144.000000) (-240.000000 -1456.000000 144.000000) 
4 86 96 (-240.000000 -1456.000000 144.000000) (-240.000000 -1216.000000 144.000000) (400.000000 -1216.000000 144.000000) (400.000000 -1456.000000 144.000000) 
4 86 87 (400.000000 -1456.000000 176.000000) (400.000000 -1456.000000 264.000000) (348.000000 -1456.000000 264.000000) (348.000000 -1456.000000 176.000000) 
4 86 88 (-240.000000 -1456.000000 144.000000) (348.000000 -1456.000000 144.000000) (348.000000 -1456.000000 264.000000) (-240.000000 -1456.000000 264.000000) 
4 87 88 (348.000000 -1456.000000 264.000000) (348.000000 -1456.000000 176.000000) (348.000000 -1472.000000 176.000000) (348.000000 -1472.000000 264.000000) 
4 88 113 (-240.000000 -1472.000000 264.000000) (-240.000000 -1456.000000 264.000000) (-240.000000 -1456.000000 144.000000) (-240.000000 -1472.000000 144.000000) 
4 88 98 (-240.000000 -1472.000000 144.000000) (-240.000000 -1456.000000 144.000000) (176.000000 -1456.000000 144.000000) (160.000000 -1472.000000 144.000000) 
4 88 92 (96.000000 -1472.000000 144.000000) (184.000000 -1472.000000 144.000000) (184.000000 -1472.000000 176.000000) (96.000000 -1472.000000 176.000000) 
4 88 93 (-240.000000 -1472.000000 176.000000) (-240.000000 -1472.000000 144.000000) (96.000000 -1472.000000 144.000000) (96.000000 -1472.000000 176.000000) 
4 88 90 (-240.000000 -1472.000000 264.000000) (-240.000000 -1472.000000 176.000000) (312.000000 -1472.000000 176.000000) (312.000000 -1472.000000 264.000000) 
4 89 94 (312.000000 -1624.000000 144.000000) (368.000000 -1624.000000 144.000000) (368.000000 -1624.000000 264.000000) (312.000000 -1624.000000 264.000000) 
4 89 91 (312.000000 -1488.000000 144.000000) (312.000000 -1624.000000 144.000000) (312.000000 -1624.000000 176.000000) (312.000000 -1488.000000 176.000000) 
4 89 90 (312.000000 -1624.000000 176.000000) (312.000000 -1624.000000 264.000000) (312.000000 -1488.000000 264.000000) (312.000000 -1488.000000 176.000000) 
4 90 113 (-240.000000 -1624.000000 264.000000) (-240.000000 -1472.000000 264.000000) (-240.000000 -1472.000000 176.000000) (-240.000000 -1624.000000 176.000000) 
4 90 95 (-240.000000 -1624.000000 264.000000) (-240.000000 -1624.000000 176.000000) (96.000000 -1624.000000 176.000000) (96.000000 -1624.000000 264.000000) 
4 90 94 (112.000000 -1624.000000 176.000000) (312.000000 -1624.000000 176.000000) (312.000000 -1624.000000 264.000000) (112.000000 -1624.000000 264.000000) 
5 90 91 (312.000000 -1488.000000 176.000000) (312.000000 -1624.000000 176.000000) (112.000000 -1624.000000 176.000000) (112.000000 -1568.000000 176.000000) (192.000000 -1488.000000 176.000000) 
3 90 92 (96.000000 -1560.000000 176.000000) (96.000000 -1472.000000 176.000000) (184.000000 -1472.000000 176.000000) 
4 90 93 (96.000000 -1624.000000 176.000000) (-240.000000 -1624.000000 176.000000) (-240.000000 -1472.000000 176.000000) (96.000000 -1472.000000 176.000000) 
4 91 94 (112.000000 -1624.000000 144.000000) (312.000000 -1624.000000 144.000000) (312.000000 -1624.000000 176.000000) (112.000000 -1624.000000 176.000000) 
3 92 98 (96.000000 -1472.000000 144.000000) (160.000000 -1472.000000 144.000000) (96.000000 -1536.000000 144.000000) 
4 92 93 (96.000000 -1472.000000 176.000000) (96.000000 -1472.000000 144.000000) (96.000000 -1560.000000 144.000000) (96.000000 -1560.000000 176.000000) 
4 93 113 (-240.000000 -1472.000000 176.000000) (-240.000000 -1472.000000 144.000000) (-240.000000 -1624.000000 144.000000) (-240.000000 -1624.000000 176.000000) 
3 93 97 (80.000000 -1624.000000 144.000000) (8.000000 -1624.000000 144.000000) (80.000000 -1552.000000 144.000000) 
5 93 98 (-240.000000 -1624.000000 144.000000) (-240.000000 -1472.000000 144.000000) (96.000000 -1472.000000 144.000000) (96.000000 -1536.000000 144.000000) (8.000000 -1624.000000 144.000000) 
4 93 95 (-240.000000 -1624.000000 176.000000) (-240.000000 -1624.000000 144.000000) (96.000000 -1624.000000 144.000000) (96.000000 -1624.000000 176.000000) 
4 94 101 (368.000000 -1660.000000 264.000000) (112.000000 -1660.000000 264.000000) (112.000000 -1660.000000 144.000000) (368.000000 -1660.000000 144.000000) 
4 95 113 (-240.000000 -1660.000000 144.000000) (-240.000000 -1660.000000 264.000000) (-240.000000 -1624.000000 264.000000) (-240.000000 -1624.000000 144.000000) 
4 95 104 (80.000000 -1660.000000 176.000000) (80.000000 -1660.000000 144.000000) (96.000000 -1660.000000 144.000000) (96.000000 -1660.000000 176.000000) 
4 95 103 (96.000000 -1660.000000 264.000000) (80.000000 -1660.000000 264.000000) (80.000000 -1660.000000 176.000000) (96.000000 -1660.000000 176.000000) 
4 95 105 (80.000000 -1660.000000 264.000000) (-240.000000 -1660.000000 264.000000) (-240.000000 -1660.000000 144.000000) (80.000000 -1660.000000 144.000000) 
4 95 97 (80.000000 -1660.000000 144.000000) (-28.000000 -1660.000000 144.000000) (8.000000 -1624.000000 144.000000) (80.000000 -1624.000000 144.000000) 
4 95 98 (-28.000000 -1660.000000 144.000000) (-240.000000 -1660.000000 144.000000) (-240.000000 -1624.000000 144.000000) (8.000000 -1624.000000 144.000000) 
4 96 112 (-240.000000 -1216.000000 0.000000) (-240.000000 -1456.000000 0.000000) (-240.000000 -1456.000000 64.000000) (-240.000000 -1216.000000 64.000000) 
4 96 111 (-240.000000 -1456.000000 64.000000) (-240.000000 -1456.000000 144.000000) (-240.000000 -1216.000000 144.000000) (-240.000000 -1216.000000 64.000000) 
4 96 98 (-240.000000 -1456.000000 0.000000) (176.000000 -1456.000000 0.000000) (176.000000 -1456.000000 144.000000) (-240.000000 -1456.000000 144.000000) 
4 97 106 (80.000000 -1660.000000 144.000000) (-28.000000 -1660.000000 144.000000) (-28.000000 -1660.000000 0.000000) (80.000000 -1660.000000 0.000000) 
4 97 98 (80.000000 -1552.000000 0.000000) (-28.000000 -1660.000000 0.000000) (-28.000000 -1660.000000 144.000000) (80.000000 -1552.000000 144.000000) 
4 98 113 (-240.000000 -1456.000000 0.000000) (-240.000000 -1660.000000 0.000000) (-240.000000 -1660.000000 144.000000) (-240.000000 -1456.000000 144.000000) 
4 98 106 (-28.000000 -1660.000000 144.000000) (-240.000000 -1660.000000 144.000000) (-240.000000 -1660.000000 0.000000) (-28.000000 -1660.000000 0.000000) 
4 99 118 (-240.000000 -1776.000000 312.000000) (-240.000000 -1776.000000 512.000000) (-240.000000 -1712.000000 512.000000) (-240.000000 -1712.000000 312.000000) 
4 99 113 (-240.000000 -1660.000000 320.000000) (-240.000000 -1660.000000 312.000000) (-240.000000 -1712.000000 312.000000) (-240.000000 -1712.000000 320.000000) 
4 99 108 (-240.000000 -1712.000000 512.000000) (-240.000000 -1660.000000 512.000000) (-240.000000 -1660.000000 320.000000) (-240.000000 -1712.000000 320.000000) 
4 99 103 (96.000000 -1776.000000 312.000000) (80.000000 -1776.000000 312.000000) (80.000000 -1660.000000 312.000000) (96.000000 -1660.000000 312.000000) 
4 99 105 (80.000000 -1776.000000 312.000000) (-240.000000 -1776.000000 312.000000) (-240.000000 -1660.000000 312.000000) (80.000000 -1660.000000 312.000000) 
4 99 100 (112.000000 -1776.000000 312.000000) (96.000000 -1776.000000 312.000000) (96.000000 -1660.000000 312.000000) (112.000000 -1660.000000 312.000000) 
4 100 103 (96.000000 -1776.000000 304.000000) (96.000000 -1776.000000 312.000000) (96.000000 -1660.000000 312.000000) (96.000000 -1660.000000 304.000000) 
4 101 102 (112.000000 -1660.000000 244.000000) (112.000000 -1660.000000 144.000000) (112.000000 -1716.000000 144.000000) (112.000000 -1716.000000 244.000000) 
4 102 104 (96.000000 -1660.000000 176.000000) (96.000000 -1660.000000 144.000000) (96.000000 -1716.000000 144.000000) (96.000000 -1716.000000 176.000000) 
4 102 103 (96.000000 -1660.000000 244.000000) (96.000000 -1660.000000 176.000000) (96.000000 -1716.000000 176.000000) (96.000000 -1716.000000 244.000000) 
4 103 104 (80.000000 -1660.000000 176.000000) (96.000000 -1660.000000 176.000000) (96.000000 -1720.000000 176.000000) (80.000000 -1720.000000 176.000000) 
4 103 105 (80.000000 -1776.000000 176.000000) (80.000000 -1776.000000 312.000000) (80.000000 -1660.000000 312.000000) (80.000000 -1660.000000 176.000000) 
4 104 105 (80.000000 -1720.000000 176.000000) (80.000000 -1660.000000 176.000000) (80.000000 -1660.000000 144.000000) (80.000000 -1720.000000 144.000000) 
4 105 118 (-240.000000 -1776.000000 144.000000) (-240.000000 -1776.000000 312.000000) (-240.000000 -1712.000000 312.000000) (-240.000000 -1712.000000 144.000000) 
4 105 113 (-240.000000 -1712.000000 312.000000) (-240.000000 -1660.000000 312.000000) (-240.000000 -1660.000000 144.000000) (-240.000000 -1712.000000 144.000000) 
4 105 106 (-240.000000 -1660.000000 144.000000) (80.000000 -1660.000000 144.000000) (80.000000 -1776.000000 144.000000) (-240.000000 -1776.000000 144.000000) 
4 106 118 (-240.000000 -1776.000000 0.000000) (-240.000000 -1776.000000 144.000000) (-240.000000 -1712.000000 144.000000) (-240.000000 -1712.000000 0.000000) 
4 106 113 (-240.000000 -1712.000000 144.000000) (-240.000000 -1660.000000 144.000000) (-240.000000 -1660.000000 0.000000) (-240.000000 -1712.000000 0.000000) 
4 106 107 (-240.000000 -1776.000000 136.000000) (-240.000000 -1776.000000 0.000000) (-32.000000 -1776.000000 0.000000) (-32.000000 -1776.000000 136.000000) 
4 108 119 (-416.000000 -1712.000000 512.000000) (-496.000000 -1712.000000 512.000000) (-496.000000 -1712.000000 320.000000) (-416.000000 -1712.000000 320.000000) 
4 108 118 (-240.000000 -1712.000000 320.000000) (-240.000000 -1712.000000 512.000000) (-416.000000 -1712.000000 512.000000) (-416.000000 -1712.000000 320.000000) 
4 108 114 (-416.000000 -1712.000000 320.000000) (-496.000000 -1712.000000 320.000000) (-496.000000 -1456.000000 320.000000) (-416.000000 -1456.000000 320.000000) 
4 108 113 (-240.000000 -1712.000000 320.000000) (-416.000000 -1712.000000 320.000000) (-416.000000 -1456.000000 320.000000) (-240.000000 -1456.000000 320.000000) 
4 108 111 (-496.000000 -1456.000000 320.000000) (-496.000000 -1216.000000 320.000000) (-240.000000 -1216.000000 320.000000) (-240.000000 -1456.000000 320.000000) 
4 109 112 (-288.000000 -1200.000000 0.000000) (-240.000000 -1200.000000 0.000000) (-240.000000 -1200.000000 64.000000) (-288.000000 -1200.000000 64.000000) 
4 109 111 (-240.000000 -1200.000000 64.000000) (-240.000000 -1200.000000 192.000000) (-288.000000 -1200.000000 192.000000) (-288.000000 -1200.000000 64.000000) 
4 109 110 (-288.000000 -1136.000000 128.000000) (-288.000000 -1136.000000 64.000000) (-288.000000 -1200.000000 64.000000) (-288.000000 -1200.000000 192.000000) 
4 110 111 (-496.000000 -1200.000000 192.000000) (-496.000000 -1200.000000 64.000000) (-288.000000 -1200.000000 64.000000) (-288.000000 -1200.000000 192.000000) 
4 111 114 (-416.000000 -1456.000000 320.000000) (-496.000000 -1456.000000 320.000000) (-496.000000 -1456.000000 64.000000) (-416.000000 -1456.000000 64.000000) 
4 111 113 (-240.000000 -1456.000000 64.000000) (-240.000000 -1456.000000 320.000000) (-416.000000 -1456.000000 320.000000) (-416.000000 -1456.000000 64.000000) 
4 111 112 (-240.000000 -1456.000000 64.000000) (-288.000000 -1456.000000 64.000000) (-288.000000 -1200.000000 64.000000) (-240.000000 -1200.000000 64.000000) 
4 112 113 (-288.000000 -1456.000000 0.000000) (-240.000000 -1456.000000 0.000000) (-240.000000 -1456.000000 64.000000) (-288.000000 -1456.000000 64.000000) 
4 113 118 (-416.000000 -1712.000000 0.000000) (-240.000000 -1712.000000 0.000000) (-240.000000 -1712.000000 320.000000) (-416.000000 -1712.000000 320.000000) 
4 113 114 (-416.000000 -1456.000000 320.000000) (-416.000000 -1456.000000 64.000000) (-416.000000 -1712.000000 64.000000) (-416.000000 -1712.000000 320.000000) 
4 114 119 (-416.000000 -1712.000000 64.000000) (-416.000000 -1712.000000 320.000000) (-496.000000 -1712.000000 320.000000) (-496.000000 -1712.000000 64.000000) 
4 114 117 (-496.000000 -1712.000000 64.000000) (-496.000000 -1712.000000 168.000000) (-496.000000 -1616.000000 168.000000) (-496.000000 -1616.000000 64.000000) 
4 115 116 (-528.000000 -1616.000000 224.000000) (-656.000000 -1616.000000 224.000000) (-656.000000 -1616.000000 168.000000) (-528.000000 -1616.000000 168.000000) 
4 115 117 (-656.000000 -1616.000000 168.000000) (-656.000000 -1616.000000 64.000000) (-528.000000 -1616.000000 64.000000) (-528.000000 -1616.000000 168.000000) 
4 116 120 (-528.000000 -1712.000000 224.000000) (-656.000000 -1712.000000 224.000000) (-656.000000 -1712.000000 168.000000) (-528.000000 -1712.000000 168.000000) 
4 116 117 (-656.000000 -1616.000000 168.000000) (-528.000000 -1616.000000 168.000000) (-528.000000 -1712.000000 168.000000) (-656.000000 -1712.000000 168.000000) 
4 117 120 (-528.000000 -1712.000000 168.000000) (-656.000000 -1712.000000 168.000000) (-656.000000 -1712.000000 64.000000) (-528.000000 -1712.000000 64.000000) 
4 118 119 (-416.000000 -1776.000000 64.000000) (-416.000000 -1776.000000 512.000000) (-416.000000 -1712.000000 512.000000) (-416.000000 -1712.000000 64.000000) 
4 121 123 (768.000000 1840.000000 -736.000000) (768.000000 1776.000000 -736.000000) (768.000000 1776.000000 -640.000000) (768.000000 1840.000000 -640.000000) 
4 122 155 (64.000000 1488.000000 -256.000000) (-96.000000 1488.000000 -256.000000) (-96.000000 1488.000000 -272.000000) (64.000000 1488.000000 -272.000000) 
4 123 128 (-160.000000 1744.000000 -736.000000) (-160.000000 1744.000000 -576.000000) (-160.000000 1872.000000 -576.000000) (-160.000000 1872.000000 -736.000000) 
4 123 124 (640.000000 1744.000000 -576.000000) (512.000000 1744.000000 -576.000000) (512.000000 1744.000000 -736.000000) (640.000000 1744.000000 -736.000000) 
4 124 125 (544.000000 1504.000000 -636.000000) (544.000000 1504.000000 -736.000000) (616.000000 1504.000000 -736.000000) (616.000000 1504.000000 -636.000000) 
4 125 152 (544.000000 1488.000000 -636.000000) (544.000000 1488.000000 -736.000000) (616.000000 1488.000000 -736.000000) (616.000000 1488.000000 -636.000000) 
4 126 156 (96.000000 1488.000000 -512.000000) (-112.000000 1488.000000 -512.000000) (-112.000000 1488.000000 -736.000000) (96.000000 1488.000000 -736.000000) 
4 126 127 (48.000000 1488.000000 -736.000000) (-64.000000 1488.000000 -736.000000) (-64.000000 1648.000000 -736.000000) (48.000000 1648.000000 -736.000000) 
4 127 159 (48.000000 1488.000000 -752.000000) (48.000000 1488.000000 -736.000000) (-64.000000 1488.000000 -736.000000) (-64.000000 1488.000000 -752.000000) 
4 128 129 (-416.000000 1744.000000 -576.000000) (-544.000000 1744.000000 -576.000000) (-544.000000 1744.000000 -736.000000) (-416.000000 1744.000000 -736.000000) 
4 129 130 (-508.000000 1504.000000 -736.000000) (-444.000000 1504.000000 -736.000000) (-444.000000 1504.000000 -640.000000) (-508.000000 1504.000000 -640.000000) 
4 130 163 (-508.000000 1488.000000 -736.000000) (-444.000000 1488.000000 -736.000000) (-444.000000 1488.000000 -640.000000) (-508.000000 1488.000000 -640.000000) 
4 131 190 (1664.000000 928.000000 -784.000000) (1488.000000 928.000000 -784.000000) (1488.000000 1136.000000 -784.000000) (1664.000000 1136.000000 -784.000000) 
4 131 132 (1488.000000 928.000000 -736.000000) (1488.000000 928.000000 -512.000000) (1488.000000 1136.000000 -512.000000) (1488.000000 1136.000000 -736.000000) 
4 132 133 (1424.000000 960.000000 -720.000000) (1424.000000 960.000000 -624.000000) (1424.000000 1104.000000 -624.000000) (1424.000000 1104.000000 -720.000000) 
4 133 144 (1408.000000 960.000000 -720.000000) (1408.000000 960.000000 -624.000000) (1408.000000 1088.000000 -624.000000) (1408.000000 1088.000000 -720.000000) 
4 133 137 (1408.000000 1088.000000 -624.000000) (1408.000000 1104.000000 -624.000000) (1408.000000 1104.000000 -720.000000) (1408.000000 1088.000000 -720.000000) 
4 134 185 (944.000000 576.000000 -352.000000) (944.000000 576.000000 -496.000000) (1152.000000 576.000000 -496.000000) (1152.000000 576.000000 -352.000000) 
4 134 147 (1088.000000 688.000000 -496.000000) (1088.000000 624.000000 -496.000000) (1008.000000 624.000000 -496.000000) (1008.000000 688.000000 -496.000000) 
4 135 136 (1284.000000 1152.000000 -736.000000) (1348.000000 1152.000000 -736.000000) (1348.000000 1152.000000 -640.000000) (1284.000000 1152.000000 -640.000000) 
4 136 137 (1284.000000 1136.000000 -736.000000) (1348.000000 1136.000000 -736.000000) (1348.000000 1136.000000 -640.000000) (1284.000000 1136.000000 -640.000000) 
4 137 144 (1408.000000 1088.000000 -736.000000) (1408.000000 1088.000000 -512.000000) (1152.000000 1088.000000 -512.000000) (1152.000000 1088.000000 -736.000000) 
4 137 140 (1152.000000 1136.000000 -736.000000) (1152.000000 1088.000000 -736.000000) (1152.000000 1088.000000 -512.000000) (1152.000000 1136.000000 -512.000000) 
4 138 143 (944.000000 1328.000000 -736.000000) (944.000000 1440.000000 -736.000000) (992.000000 1440.000000 -736.000000) (992.000000 1328.000000 -736.000000) 
4 138 142 (1104.000000 1264.000000 -736.000000) (992.000000 1264.000000 -736.000000) (992.000000 1440.000000 -736.000000) (1104.000000 1440.000000 -736.000000) 
4 138 140 (944.000000 1264.000000 -736.000000) (1152.000000 1264.000000 -736.000000) (1152.000000 1264.000000 -512.000000) (944.000000 1264.000000 -512.000000) 
4 138 139 (944.000000 1488.000000 -736.000000) (944.000000 1280.000000 -736.000000) (944.000000 1280.000000 -512.000000) (944.000000 1488.000000 -512.000000) 
4 139 152 (688.000000 1488.000000 -512.000000) (688.000000 1488.000000 -736.000000) (688.000000 1280.000000 -736.000000) (688.000000 1280.000000 -512.000000) 
4 139 143 (688.000000 1328.000000 -736.000000) (688.000000 1440.000000 -736.000000) (944.000000 1440.000000 -736.000000) (944.000000 1328.000000 -736.000000) 
4 140 144 (1152.000000 1088.000000 -512.000000) (944.000000 1088.000000 -512.000000) (944.000000 1088.000000 -736.000000) (1152.000000 1088.000000 -736.000000) 
4 140 142 (992.000000 1264.000000 -736.000000) (1104.000000 1264.000000 -736.000000) (1104.000000 1088.000000 -736.000000) (992.000000 1088.000000 -736.000000) 
4 140 141 (944.000000 1136.000000 -736.000000) (944.000000 1088.000000 -736.000000) (944.000000 1088.000000 -512.000000) (944.000000 1136.000000 -512.000000) 
4 141 144 (944.000000 1088.000000 -512.000000) (688.000000 1088.000000 -512.000000) (688.000000 1088.000000 -736.000000) (944.000000 1088.000000 -736.000000) 
4 142 145 (1104.000000 1088.000000 -752.000000) (1104.000000 1088.000000 -736.000000) (992.000000 1088.000000 -736.000000) (992.000000 1088.000000 -752.000000) 
4 142 143 (992.000000 1440.000000 -736.000000) (992.000000 1440.000000 -752.000000) (992.000000 1328.000000 -752.000000) (992.000000 1328.000000 -736.000000) 
4 143 153 (688.000000 1328.000000 -736.000000) (688.000000 1440.000000 -736.000000) (688.000000 1440.000000 -752.000000) (688.000000 1328.000000 -752.000000) 
4 144 148 (944.000000 928.000000 -736.000000) (1152.000000 928.000000 -736.000000) (1152.000000 928.000000 -512.000000) (944.000000 928.000000 -512.000000) 
4 144 146 (992.000000 976.000000 -736.000000) (1104.000000 976.000000 -736.000000) (1104.000000 928.000000 -736.000000) (992.000000 928.000000 -736.000000) 
4 144 145 (736.000000 1088.000000 -736.000000) (1360.000000 1088.000000 -736.000000) (1360.000000 976.000000 -736.000000) (736.000000 976.000000 -736.000000) 
4 145 146 (992.000000 976.000000 -752.000000) (1104.000000 976.000000 -752.000000) (1104.000000 976.000000 -736.000000) (992.000000 976.000000 -736.000000) 
4 146 151 (992.000000 928.000000 -752.000000) (1104.000000 928.000000 -752.000000) (1104.000000 928.000000 -736.000000) (992.000000 928.000000 -736.000000) 
4 147 149 (1008.000000 624.000000 -512.000000) (1008.000000 688.000000 -512.000000) (1088.000000 688.000000 -512.000000) (1088.000000 624.000000 -512.000000) 
4 148 151 (992.000000 928.000000 -736.000000) (1104.000000 928.000000 -736.000000) (1104.000000 720.000000 -736.000000) (992.000000 720.000000 -736.000000) 
4 148 150 (976.000000 720.000000 -736.000000) (1120.000000 720.000000 -736.000000) (1120.000000 720.000000 -560.000000) (976.000000 720.000000 -560.000000) 
4 149 150 (1088.000000 688.000000 -560.000000) (1088.000000 624.000000 -560.000000) (1008.000000 624.000000 -560.000000) (1008.000000 688.000000 -560.000000) 
4 150 151 (992.000000 720.000000 -736.000000) (1104.000000 720.000000 -736.000000) (1104.000000 672.000000 -736.000000) (992.000000 672.000000 -736.000000) 
4 152 156 (128.000000 1280.000000 -512.000000) (128.000000 1488.000000 -512.000000) (128.000000 1488.000000 -736.000000) (128.000000 1280.000000 -736.000000) 
4 152 153 (128.000000 1328.000000 -736.000000) (128.000000 1440.000000 -736.000000) (688.000000 1440.000000 -736.000000) (688.000000 1328.000000 -736.000000) 
4 153 158 (128.000000 1328.000000 -736.000000) (128.000000 1440.000000 -736.000000) (128.000000 1440.000000 -752.000000) (128.000000 1328.000000 -752.000000) 
4 154 187 (112.000000 576.000000 -432.000000) (-144.000000 576.000000 -432.000000) (-144.000000 576.000000 -624.000000) (112.000000 576.000000 -624.000000) 
4 154 160 (64.000000 576.000000 -624.000000) (-96.000000 576.000000 -624.000000) (-96.000000 1024.000000 -256.000000) (64.000000 1024.000000 -256.000000) 
4 155 160 (64.000000 1024.000000 -256.000000) (-96.000000 1024.000000 -256.000000) (-96.000000 1024.000000 -272.000000) (64.000000 1024.000000 -272.000000) 
4 156 158 (128.000000 1440.000000 -736.000000) (128.000000 1328.000000 -736.000000) (48.000000 1328.000000 -736.000000) (48.000000 1440.000000 -736.000000) 
4 156 159 (-64.000000 1488.000000 -736.000000) (48.000000 1488.000000 -736.000000) (48.000000 1280.000000 -736.000000) (-64.000000 1280.000000 -736.000000) 
4 156 157 (-112.000000 1280.000000 -736.000000) (96.000000 1280.000000 -736.000000) (96.000000 1280.000000 -512.000000) (-112.000000 1280.000000 -512.000000) 
4 157 159 (48.000000 1120.000000 -736.000000) (-64.000000 1120.000000 -736.000000) (-64.000000 1280.000000 -736.000000) (48.000000 1280.000000 -736.000000) 
4 158 159 (48.000000 1328.000000 -736.000000) (48.000000 1440.000000 -736.000000) (48.000000 1440.000000 -752.000000) (48.000000 1328.000000 -752.000000) 
4 160 188 (64.000000 576.000000 -624.000000) (-96.000000 576.000000 -624.000000) (-96.000000 576.000000 -640.000000) (64.000000 576.000000 -640.000000) 
4 161 162 (-608.000000 992.000000 -496.000000) (-544.000000 992.000000 -496.000000) (-544.000000 928.000000 -496.000000) (-608.000000 928.000000 -496.000000) 
4 162 178 (-608.000000 952.000000 -512.000000) (-608.000000 988.000000 -512.000000) (-576.000000 988.000000 -512.000000) (-576.000000 952.000000 -512.000000) 
4 162 177 (-608.000000 988.000000 -512.000000) (-608.000000 992.000000 -512.000000) (-576.000000 992.000000 -512.000000) (-576.000000 988.000000 -512.000000) 
4 162 182 (-576.000000 928.000000 -512.000000) (-608.000000 928.000000 -512.000000) (-608.000000 952.000000 -512.000000) (-576.000000 952.000000 -512.000000) 
4 162 170 (-544.000000 968.000000 -512.000000) (-544.000000 952.000000 -512.000000) (-576.000000 952.000000 -512.000000) (-576.000000 968.000000 -512.000000) 
4 162 171 (-544.000000 952.000000 -512.000000) (-544.000000 928.000000 -512.000000) (-576.000000 928.000000 -512.000000) (-576.000000 952.000000 -512.000000) 
4 162 166 (-544.000000 988.000000 -512.000000) (-544.000000 968.000000 -512.000000) (-576.000000 968.000000 -512.000000) (-576.000000 988.000000 -512.000000) 
4 162 164 (-544.000000 992.000000 -512.000000) (-544.000000 988.000000 -512.000000) (-576.000000 988.000000 -512.000000) (-576.000000 992.000000 -512.000000) 
3 163 174 (-576.000000 1488.000000 -608.000000) (-576.000000 1488.000000 -736.000000) (-576.000000 1472.000000 -736.000000) 
4 163 175 (-576.000000 1471.000000 -736.000000) (-576.000000 1232.000000 -736.000000) (-576.000000 1232.000000 -608.000000) (-576.000000 1487.000000 -608.000000) 
4 163 173 (-576.000000 1488.000000 -512.000000) (-576.000000 1488.000000 -608.000000) (-576.000000 1232.000000 -608.000000) (-576.000000 1232.000000 -512.000000) 
4 163 164 (-576.000000 1232.000000 -512.000000) (-576.000000 1232.000000 -736.000000) (-384.000000 1232.000000 -736.000000) (-384.000000 1232.000000 -512.000000) 
4 164 177 (-576.000000 1232.000000 -768.000000) (-576.000000 988.000000 -768.000000) (-576.000000 988.000000 -512.000000) (-576.000000 1232.000000 -512.000000) 
4 164 166 (-432.000000 988.000000 -604.000000) (-432.000000 988.000000 -512.000000) (-576.000000 988.000000 -512.000000) (-576.000000 988.000000 -604.000000) 
4 164 168 (-576.000000 988.000000 -768.000000) (-432.000000 988.000000 -768.000000) (-432.000000 988.000000 -608.000000) (-576.000000 988.000000 -608.000000) 
4 164 165 (-432.000000 988.000000 -768.000000) (-384.000000 988.000000 -768.000000) (-384.000000 988.000000 -512.000000) (-432.000000 988.000000 -512.000000) 
4 165 169 (-384.000000 968.000000 -608.000000) (-384.000000 968.000000 -512.000000) (-432.000000 968.000000 -512.000000) (-432.000000 968.000000 -608.000000) 
4 165 172 (-432.000000 968.000000 -768.000000) (-384.000000 968.000000 -768.000000) (-384.000000 968.000000 -608.000000) (-432.000000 968.000000 -608.000000) 
4 165 167 (-432.000000 968.000000 -608.000000) (-432.000000 968.000000 -604.000000) (-432.000000 972.000000 -604.000000) (-432.000000 972.000000 -608.000000) 
4 165 166 (-432.000000 968.000000 -604.000000) (-432.000000 968.000000 -512.000000) (-432.000000 988.000000 -512.000000) (-432.000000 988.000000 -604.000000) 
4 165 168 (-432.000000 988.000000 -768.000000) (-432.000000 968.000000 -768.000000) (-432.000000 968.000000 -608.000000) (-432.000000 988.000000 -608.000000) 
4 166 178 (-576.000000 968.000000 -604.000000) (-576.000000 968.000000 -512.000000) (-576.000000 988.000000 -512.000000) (-576.000000 988.000000 -604.000000) 
4 166 170 (-576.000000 968.000000 -512.000000) (-576.000000 968.000000 -604.000000) (-432.000000 968.000000 -604.000000) (-432.000000 968.000000 -512.000000) 
4 166 167 (-576.000000 968.000000 -604.000000) (-576.000000 972.000000 -604.000000) (-432.000000 972.000000 -604.000000) (-432.000000 968.000000 -604.000000) 
4 167 179 (-576.000000 968.000000 -608.000000) (-576.000000 968.000000 -604.000000) (-576.000000 972.000000 -604.000000) (-576.000000 972.000000 -608.000000) 
4 167 168 (-432.000000 968.000000 -608.000000) (-576.000000 968.000000 -608.000000) (-576.000000 972.000000 -608.000000) (-432.000000 972.000000 -608.000000) 
4 168 180 (-576.000000 988.000000 -768.000000) (-576.000000 968.000000 -768.000000) (-576.000000 968.000000 -608.000000) (-576.000000 988.000000 -608.000000) 
4 168 172 (-576.000000 968.000000 -608.000000) (-576.000000 968.000000 -768.000000) (-432.000000 968.000000 -768.000000) (-432.000000 968.000000 -608.000000) 
4 169 170 (-432.000000 952.000000 -512.000000) (-432.000000 968.000000 -512.000000) (-432.000000 968.000000 -604.000000) (-432.000000 952.000000 -604.000000) 
4 169 171 (-432.000000 848.000000 -608.000000) (-432.000000 848.000000 -512.000000) (-432.000000 952.000000 -512.000000) (-432.000000 952.000000 -608.000000) 
4 169 172 (-432.000000 968.000000 -608.000000) (-384.000000 968.000000 -608.000000) (-384.000000 848.000000 -608.000000) (-432.000000 848.000000 -608.000000) 
4 170 178 (-576.000000 952.000000 -512.000000) (-576.000000 968.000000 -512.000000) (-576.000000 968.000000 -604.000000) (-576.000000 952.000000 -604.000000) 
4 170 171 (-432.000000 952.000000 -604.000000) (-432.000000 952.000000 -512.000000) (-576.000000 952.000000 -512.000000) (-576.000000 952.000000 -604.000000) 
3 171 183 (-576.000000 848.000000 -576.000000) (-576.000000 848.000000 -608.000000) (-496.000000 848.000000 -608.000000) 
4 171 182 (-576.000000 848.000000 -608.000000) (-576.000000 848.000000 -512.000000) (-576.000000 952.000000 -512.000000) (-576.000000 952.000000 -608.000000) 
4 171 172 (-432.000000 952.000000 -608.000000) (-432.000000 848.000000 -608.000000) (-576.000000 848.000000 -608.000000) (-576.000000 952.000000 -608.000000) 
5 172 183 (-448.000000 848.000000 -672.000000) (-496.000000 848.000000 -608.000000) (-576.000000 848.000000 -608.000000) (-576.000000 848.000000 -768.000000) (-480.000000 848.000000 -768.000000) 
4 172 180 (-576.000000 968.000000 -768.000000) (-576.000000 952.000000 -768.000000) (-576.000000 952.000000 -608.000000) (-576.000000 968.000000 -608.000000) 
4 172 182 (-576.000000 952.000000 -768.000000) (-576.000000 848.000000 -768.000000) (-576.000000 848.000000 -608.000000) (-576.000000 952.000000 -608.000000) 
4 173 177 (-736.000000 1232.000000 -608.000000) (-576.000000 1232.000000 -608.000000) (-576.000000 1232.000000 -512.000000) (-736.000000 1232.000000 -512.000000) 
4 173 181 (-768.000000 1232.000000 -512.000000) (-768.000000 1232.000000 -608.000000) (-736.000000 1232.000000 -608.000000) (-736.000000 1232.000000 -512.000000) 
4 173 175 (-576.000000 1232.000000 -608.000000) (-736.000000 1232.000000 -608.000000) (-736.000000 1487.000000 -608.000000) (-576.000000 1487.000000 -608.000000) 
4 173 176 (-736.000000 1232.000000 -608.000000) (-768.000000 1232.000000 -608.000000) (-768.000000 1488.000000 -608.000000) (-736.000000 1488.000000 -608.000000) 
3 174 176 (-736.000000 1488.000000 -608.000000) (-736.000000 1488.000000 -736.000000) (-736.000000 1472.000000 -736.000000) 
4 175 177 (-736.000000 1232.000000 -736.000000) (-576.000000 1232.000000 -736.000000) (-576.000000 1232.000000 -608.000000) (-736.000000 1232.000000 -608.000000) 
4 175 176 (-736.000000 1471.000000 -736.000000) (-736.000000 1232.000000 -736.000000) (-736.000000 1232.000000 -608.000000) (-736.000000 1487.000000 -608.000000) 
4 176 181 (-768.000000 1232.000000 -608.000000) (-768.000000 1232.000000 -736.000000) (-736.000000 1232.000000 -736.000000) (-736.000000 1232.000000 -608.000000) 
4 177 178 (-576.000000 988.000000 -604.000000) (-576.000000 988.000000 -512.000000) (-736.000000 988.000000 -512.000000) (-736.000000 988.000000 -604.000000) 
4 177 180 (-736.000000 988.000000 -768.000000) (-576.000000 988.000000 -768.000000) (-576.000000 988.000000 -608.000000) (-736.000000 988.000000 -608.000000) 
4 177 181 (-736.000000 1232.000000 -768.000000) (-736.000000 988.000000 -768.000000) (-736.000000 988.000000 -512.000000) (-736.000000 1232.000000 -512.000000) 
4 178 179 (-736.000000 968.000000 -604.000000) (-736.000000 972.000000 -604.000000) (-576.000000 972.000000 -604.000000) (-576.000000 968.000000 -604.000000) 
4 178 181 (-736.000000 952.000000 -604.000000) (-736.000000 952.000000 -512.000000) (-736.000000 988.000000 -512.000000) (-736.000000 988.000000 -604.000000) 
4 178 182 (-576.000000 952.000000 -512.000000) (-736.000000 952.000000 -512.000000) (-736.000000 952.000000 -604.000000) (-576.000000 952.000000 -604.000000) 
4 179 180 (-736.000000 968.000000 -608.000000) (-736.000000 972.000000 -608.000000) (-576.000000 972.000000 -608.000000) (-576.000000 968.000000 -608.000000) 
4 179 181 (-736.000000 968.000000 -604.000000) (-736.000000 972.000000 -604.000000) (-736.000000 972.000000 -608.000000) (-736.000000 968.000000 -608.000000) 
4 180 182 (-736.000000 952.000000 -608.000000) (-736.000000 952.000000 -768.000000) (-576.000000 952.000000 -768.000000) (-576.000000 952.000000 -608.000000) 
4 180 181 (-736.000000 988.000000 -768.000000) (-736.000000 952.000000 -768.000000) (-736.000000 952.000000 -608.000000) (-736.000000 988.000000 -608.000000) 
4 181 182 (-736.000000 952.000000 -512.000000) (-768.000000 952.000000 -512.000000) (-768.000000 952.000000 -768.000000) (-736.000000 952.000000 -768.000000) 
5 182 183 (-656.000000 848.000000 -608.000000) (-704.000000 848.000000 -672.000000) (-672.000000 848.000000 -768.000000) (-576.000000 848.000000 -768.000000) (-576.000000 848.000000 -576.000000) 
4 184 191 (1216.000000 512.000000 -784.000000) (1216.000000 448.000000 -784.000000) (1152.000000 448.000000 -784.000000) (1152.000000 512.000000 -784.000000) 
4 184 185 (1152.000000 448.000000 -496.000000) (1152.000000 448.000000 -384.000000) (1152.000000 512.000000 -384.000000) (1152.000000 512.000000 -496.000000) 
4 185 186 (1088.000000 384.000000 -384.000000) (1024.000000 384.000000 -384.000000) (1024.000000 384.000000 -496.000000) (1088.000000 384.000000 -496.000000) 
4 187 188 (-96.000000 576.000000 -624.000000) (64.000000 576.000000 -624.000000) (64.000000 64.000000 -624.000000) (-96.000000 64.000000 -624.000000) 
4 189 235 (1024.000000 -576.000000 -784.000000) (1024.000000 -896.000000 -784.000000) (640.000000 -896.000000 -784.000000) (640.000000 -576.000000 -784.000000) 
4 191 193 (1152.000000 384.000000 -968.000000) (1152.000000 384.000000 -784.000000) (1152.000000 512.000000 -784.000000) (1152.000000 512.000000 -968.000000) 
4 192 193 (896.000000 640.000000 -968.000000) (1152.000000 640.000000 -968.000000) (1152.000000 640.000000 -832.000000) (896.000000 640.000000 -832.000000) 
4 193 194 (1152.000000 384.000000 -960.000000) (1152.000000 384.000000 -784.000000) (896.000000 384.000000 -784.000000) (896.000000 384.000000 -960.000000) 
4 194 195 (940.000000 320.000000 -960.000000) (1004.000000 320.000000 -960.000000) (1004.000000 320.000000 -864.000000) (940.000000 320.000000 -864.000000) 
4 195 197 (940.000000 304.000000 -960.000000) (1004.000000 304.000000 -960.000000) (1004.000000 304.000000 -864.000000) (940.000000 304.000000 -864.000000) 
4 196 199 (1176.000000 0.000000 -860.000000) (1176.000000 0.000000 -960.000000) (1248.000000 0.000000 -960.000000) (1248.000000 0.000000 -860.000000) 
4 196 198 (1040.000000 24.000000 -960.000000) (1040.000000 0.000000 -960.000000) (1040.000000 0.000000 -784.000000) (1040.000000 24.000000 -784.000000) 
4 196 197 (1040.000000 128.000000 -960.000000) (1040.000000 24.000000 -960.000000) (1040.000000 24.000000 -784.000000) (1040.000000 128.000000 -784.000000) 
4 197 198 (1024.000000 24.000000 -960.000000) (1040.000000 24.000000 -960.000000) (1040.000000 24.000000 -784.000000) (1024.000000 24.000000 -784.000000) 
4 199 202 (1176.000000 -16.000000 -860.000000) (1176.000000 -16.000000 -960.000000) (1248.000000 -16.000000 -960.000000) (1248.000000 -16.000000 -860.000000) 
4 200 208 (1700.992000 -512.000000 -1064.000000) (1700.992000 -512.000000 -1104.000000) (1728.000000 -512.000000 -1104.000000) (1728.000000 -512.000000 -1064.000000) 
4 200 207 (1728.000000 -512.000000 -1104.000000) (1955.200000 -512.000000 -1104.000000) (1955.200000 -512.000000 -1064.000000) (1728.000000 -512.000000 -1064.000000) 
4 200 205 (1955.200000 -512.000000 -784.000000) (1700.992000 -512.000000 -784.000000) (1700.992000 -512.000000 -1064.000000) (1955.200000 -512.000000 -1064.000000) 
4 200 202 (1375.881919 -22.376384 -1104.000000) (1616.000000 -384.000000 -1104.000000) (1616.000000 -384.000000 -784.000000) (1375.881919 -22.376384 -784.000000) 
4 200 201 (1699.000000 -509.000000 -1104.000000) (1700.992000 -512.000000 -1104.000000) (1700.992000 -512.000000 -784.000000) (1699.000000 -509.000000 -784.000000) 
4 201 208 (1699.591837 -512.000000 -1064.000000) (1699.591837 -512.000000 -1104.000000) (1700.992000 -512.000000 -1104.000000) (1700.992000 -512.000000 -1064.000000) 
4 201 205 (1700.992000 -512.000000 -784.000000) (1699.591837 -512.000000 -784.000000) (1699.591837 -512.000000 -1064.000000) (1700.992000 -512.000000 -1064.000000) 
4 202 203 (1061.783133 -16.000000 -784.000000) (1061.783133 -16.000000 -1104.000000) (1491.000000 -301.000000 -1104.000000) (1491.000000 -301.000000 -784.000000) 
4 203 231 (1024.000000 -208.870748 -784.000000) (1024.000000 -16.000000 -784.000000) (1024.000000 -16.000000 -1104.000000) (1024.000000 -208.870748 -1104.000000) 
4 203 204 (1024.000000 -208.870748 -784.000000) (1024.000000 -208.870748 -1104.000000) (1344.000000 -272.000000 -1104.000000) (1344.000000 -272.000000 -784.000000) 
4 204 231 (1024.000000 -272.000000 -784.000000) (1024.000000 -208.870748 -784.000000) (1024.000000 -208.870748 -1104.000000) (1024.000000 -272.000000 -1104.000000) 
4 205 241 (1796.608000 -912.000000 -784.000000) (1778.503401 -912.000000 -784.000000) (1778.503401 -912.000000 -1064.000000) (1796.608000 -912.000000 -1064.000000) 
4 205 240 (1984.000000 -912.000000 -784.000000) (1796.608000 -912.000000 -784.000000) (1796.608000 -912.000000 -1064.000000) (1984.000000 -912.000000 -1064.000000) 
3 205 208 (1699.591837 -512.000000 -1064.000000) (1728.000000 -512.000000 -1064.000000) (1728.000000 -656.000000 -1064.000000) 
6 205 207 (1728.000000 -512.000000 -1064.000000) (1955.200000 -512.000000 -1064.000000) (1984.000000 -656.000000 -1064.000000) (1984.000000 -912.000000 -1064.000000) (1778.503401 -912.000000 -1064.000000) (1728.000000 -656.000000 -1064.000000) 
4 205 206 (1778.503401 -912.000000 -1064.000000) (1778.503401 -912.000000 -784.000000) (1728.000000 -656.000000 -784.000000) (1728.000000 -656.000000 -1064.000000) 
4 206 241 (1778.503401 -912.000000 -784.000000) (1728.000000 -912.000000 -784.000000) (1728.000000 -912.000000 -1064.000000) (1778.503401 -912.000000 -1064.000000) 
3 206 207 (1728.000000 -656.000000 -1064.000000) (1778.503401 -912.000000 -1064.000000) (1728.000000 -912.000000 -1064.000000) 
4 207 241 (1728.000000 -912.000000 -1104.000000) (1796.608000 -912.000000 -1104.000000) (1796.608000 -912.000000 -1064.000000) (1728.000000 -912.000000 -1064.000000) 
4 207 240 (1796.608000 -912.000000 -1104.000000) (1984.000000 -912.000000 -1104.000000) (1984.000000 -912.000000 -1064.000000) (1796.608000 -912.000000 -1064.000000) 
4 207 208 (1728.000000 -512.000000 -1104.000000) (1728.000000 -656.000000 -1104.000000) (1728.000000 -656.000000 -1064.000000) (1728.000000 -512.000000 -1064.000000) 
4 209 243 (1576.000000 -912.000000 -1104.000000) (1606.000000 -912.000000 -1104.000000) (1606.000000 -912.000000 -1064.000000) (1576.000000 -912.000000 -1064.000000) 
4 209 242 (1606.000000 -912.000000 -1104.000000) (1696.000000 -912.000000 -1104.000000) (1696.000000 -912.000000 -1064.000000) (1606.000000 -912.000000 -1064.000000) 
4 209 210 (1576.000000 -704.000000 -1064.000000) (1576.000000 -704.000000 -1104.000000) (1576.000000 -768.000000 -1104.000000) (1576.000000 -768.000000 -1064.000000) 
4 210 212 (1536.000000 -704.000000 -1104.000000) (1536.000000 -768.000000 -1104.000000) (1536.000000 -768.000000 -1084.000000) (1536.000000 -704.000000 -1084.000000) 
4 210 211 (1536.000000 -768.000000 -1084.000000) (1536.000000 -768.000000 -1064.000000) (1536.000000 -704.000000 -1064.000000) (1536.000000 -704.000000 -1084.000000) 
4 211 235 (1024.000000 -576.000000 -944.000000) (1024.000000 -576.000000 -1084.000000) (1024.000000 -896.000000 -1084.000000) (1024.000000 -896.000000 -944.000000) 
4 211 226 (1376.000000 -896.000000 -1008.000000) (1312.000000 -896.000000 -1008.000000) (1312.000000 -896.000000 -1084.000000) (1376.000000 -896.000000 -1084.000000) 
3 211 216 (1088.000000 -784.000000 -1084.000000) (1072.000000 -784.000000 -1084.000000) (1072.000000 -736.000000 -1084.000000) 
3 211 215 (1136.000000 -736.000000 -1084.000000) (1136.000000 -784.000000 -1084.000000) (1120.000000 -784.000000 -1084.000000) 
3 211 214 (1088.000000 -672.000000 -1084.000000) (1104.000000 -640.000000 -1084.000000) (1120.000000 -672.000000 -1084.000000) 
3 211 223 (1072.000000 -784.000000 -1084.000000) (1032.000000 -784.000000 -1084.000000) (1072.000000 -704.000000 -1084.000000) 
3 211 213 (1136.000000 -576.000000 -1084.000000) (1136.000000 -704.000000 -1084.000000) (1104.000000 -640.000000 -1084.000000) 
4 211 212 (1136.000000 -576.000000 -1084.000000) (1536.000000 -576.000000 -1084.000000) (1536.000000 -784.000000 -1084.000000) (1136.000000 -784.000000 -1084.000000) 
4 211 224 (1024.000000 -784.000000 -1084.000000) (1024.000000 -576.000000 -1084.000000) (1136.000000 -576.000000 -1084.000000) (1032.000000 -784.000000 -1084.000000) 
4 211 225 (1024.000000 -896.000000 -1084.000000) (1024.000000 -784.000000 -1084.000000) (1536.000000 -784.000000 -1084.000000) (1536.000000 -896.000000 -1084.000000) 
4 212 221 (1136.000000 -736.000000 -1104.000000) (1136.000000 -784.000000 -1104.000000) (1136.000000 -784.000000 -1100.000000) (1136.000000 -736.000000 -1100.000000) 
4 212 219 (1136.000000 -784.000000 -1100.000000) (1136.000000 -784.000000 -1088.000000) (1136.000000 -780.000000 -1088.000000) (1136.000000 -780.000000 -1100.000000) 
4 212 217 (1136.000000 -780.000000 -1088.000000) (1136.000000 -736.000000 -1088.000000) (1136.000000 -736.000000 -1100.000000) (1136.000000 -780.000000 -1100.000000) 
4 212 215 (1136.000000 -784.000000 -1088.000000) (1136.000000 -784.000000 -1084.000000) (1136.000000 -736.000000 -1084.000000) (1136.000000 -736.000000 -1088.000000) 
4 212 213 (1136.000000 -576.000000 -1104.000000) (1136.000000 -704.000000 -1104.000000) (1136.000000 -704.000000 -1084.000000) (1136.000000 -576.000000 -1084.000000) 
4 212 225 (1136.000000 -784.000000 -1104.000000) (1536.000000 -784.000000 -1104.000000) (1536.000000 -784.000000 -1084.000000) (1136.000000 -784.000000 -1084.000000) 
4 213 214 (1104.000000 -640.000000 -1084.000000) (1104.000000 -640.000000 -1104.000000) (1120.000000 -672.000000 -1104.000000) (1120.000000 -672.000000 -1084.000000) 
4 213 224 (1136.000000 -576.000000 -1084.000000) (1136.000000 -576.000000 -1104.000000) (1104.000000 -640.000000 -1104.000000) (1104.000000 -640.000000 -1084.000000) 
4 214 224 (1104.000000 -640.000000 -1104.000000) (1088.000000 -672.000000 -1104.000000) (1088.000000 -672.000000 -1084.000000) (1104.000000 -640.000000 -1084.000000) 
4 215 219 (1136.000000 -780.000000 -1088.000000) (1136.000000 -784.000000 -1088.000000) (1120.000000 -784.000000 -1088.000000) (1121.333333 -780.000000 -1088.000000) 
3 215 217 (1136.000000 -736.000000 -1088.000000) (1136.000000 -780.000000 -1088.000000) (1121.333333 -780.000000 -1088.000000) 
4 215 225 (1136.000000 -784.000000 -1088.000000) (1136.000000 -784.000000 -1084.000000) (1120.000000 -784.000000 -1084.000000) (1120.000000 -784.000000 -1088.000000) 
4 216 220 (1072.000000 -784.000000 -1088.000000) (1072.000000 -780.000000 -1088.000000) (1086.666667 -780.000000 -1088.000000) (1088.000000 -784.000000 -1088.000000) 
3 216 218 (1072.000000 -780.000000 -1088.000000) (1072.000000 -736.000000 -1088.000000) (1086.666667 -780.000000 -1088.000000) 
4 216 225 (1088.000000 -784.000000 -1084.000000) (1072.000000 -784.000000 -1084.000000) (1072.000000 -784.000000 -1088.000000) (1088.000000 -784.000000 -1088.000000) 
4 216 223 (1072.000000 -784.000000 -1088.000000) (1072.000000 -784.000000 -1084.000000) (1072.000000 -736.000000 -1084.000000) (1072.000000 -736.000000 -1088.000000) 
3 217 221 (1136.000000 -736.000000 -1100.000000) (1136.000000 -780.000000 -1100.000000) (1121.333333 -780.000000 -1100.000000) 
4 217 219 (1121.333333 -780.000000 -1100.000000) (1136.000000 -780.000000 -1100.000000) (1136.000000 -780.000000 -1088.000000) (1121.333333 -780.000000 -1088.000000) 
3 218 222 (1072.000000 -780.000000 -1100.000000) (1072.000000 -736.000000 -1100.000000) (1086.666667 -780.000000 -1100.000000) 
4 218 220 (1072.000000 -780.000000 -1088.000000) (1072.000000 -780.000000 -1100.000000) (1086.666667 -780.000000 -1100.000000) (1086.666667 -780.000000 -1088.000000) 
4 218 223 (1072.000000 -780.000000 -1088.000000) (1072.000000 -736.000000 -1088.000000) (1072.000000 -736.000000 -1100.000000) (1072.000000 -780.000000 -1100.000000) 
4 219 221 (1121.330000 -780.000000 -1100.000000) (1136.000000 -780.000000 -1100.000000) (1136.000000 -784.000000 -1100.000000) (1120.000000 -784.000000 -1100.000000) 
4 219 225 (1136.000000 -784.000000 -1100.000000) (1136.000000 -784.000000 -1088.000000) (1120.000000 -784.000000 -1088.000000) (1120.000000 -784.000000 -1100.000000) 
4 220 222 (1072.000000 -784.000000 -1100.000000) (1072.000000 -780.000000 -1100.000000) (1086.670000 -780.000000 -1100.000000) (1088.000000 -784.000000 -1100.000000) 
4 220 223 (1072.000000 -784.000000 -1100.000000) (1072.000000 -784.000000 -1088.000000) (1072.000000 -780.000000 -1088.000000) (1072.000000 -780.000000 -1100.000000) 
4 220 225 (1088.000000 -784.000000 -1088.000000) (1072.000000 -784.000000 -1088.000000) (1072.000000 -784.000000 -1100.000000) (1088.000000 -784.000000 -1100.000000) 
4 221 225 (1120.000000 -784.000000 -1104.000000) (1136.000000 -784.000000 -1104.000000) (1136.000000 -784.000000 -1100.000000) (1120.000000 -784.000000 -1100.000000) 
4 222 225 (1072.000000 -784.000000 -1104.000000) (1088.000000 -784.000000 -1104.000000) (1088.000000 -784.000000 -1100.000000) (1072.000000 -784.000000 -1100.000000) 
4 222 223 (1072.000000 -736.000000 -1104.000000) (1072.000000 -784.000000 -1104.000000) (1072.000000 -784.000000 -1100.000000) (1072.000000 -736.000000 -1100.000000) 
4 223 224 (1072.000000 -704.000000 -1104.000000) (1032.000000 -784.000000 -1104.000000) (1032.000000 -784.000000 -1084.000000) (1072.000000 -704.000000 -1084.000000) 
4 223 225 (1032.000000 -784.000000 -1104.000000) (1072.000000 -784.000000 -1104.000000) (1072.000000 -784.000000 -1084.000000) (1032.000000 -784.000000 -1084.000000) 
4 224 235 (1024.000000 -576.000000 -1084.000000) (1024.000000 -576.000000 -1104.000000) (1024.000000 -784.000000 -1104.000000) (1024.000000 -784.000000 -1084.000000) 
4 224 225 (1024.000000 -784.000000 -1104.000000) (1032.000000 -784.000000 -1104.000000) (1032.000000 -784.000000 -1084.000000) (1024.000000 -784.000000 -1084.000000) 
4 225 235 (1024.000000 -784.000000 -1104.000000) (1024.000000 -896.000000 -1104.000000) (1024.000000 -896.000000 -1084.000000) (1024.000000 -784.000000 -1084.000000) 
4 225 226 (1376.000000 -896.000000 -1084.000000) (1312.000000 -896.000000 -1084.000000) (1312.000000 -896.000000 -1104.000000) (1376.000000 -896.000000 -1104.000000) 
4 227 251 (1312.000000 -912.000000 -1104.000000) (1344.000000 -912.000000 -1104.000000) (1344.000000 -912.000000 -1008.000000) (1312.000000 -912.000000 -1008.000000) 
4 227 249 (1344.000000 -912.000000 -1104.000000) (1376.000000 -912.000000 -1104.000000) (1376.000000 -912.000000 -1008.000000) (1344.000000 -912.000000 -1008.000000) 
4 228 229 (1600.000000 -512.000000 -1408.000000) (1600.000000 -512.000000 -1512.000000) (1600.000000 -576.000000 -1512.000000) (1600.000000 -576.000000 -1408.000000) 
4 229 230 (1600.000000 -704.000000 -1512.000000) (1600.000000 -704.000000 -1408.000000) (1536.000000 -704.000000 -1408.000000) (1536.000000 -704.000000 -1512.000000) 
4 230 239 (1024.000000 -768.000000 -1408.000000) (1024.000000 -704.000000 -1408.000000) (1024.000000 -704.000000 -1512.000000) (1024.000000 -768.000000 -1512.000000) 
4 231 232 (651.755102 -272.000000 -784.000000) (651.755102 -272.000000 -1104.000000) (960.000000 -272.000000 -1104.000000) (960.000000 -272.000000 -784.000000) 
4 231 237 (689.217205 -82.105893 -1104.000000) (651.755102 -272.000000 -1104.000000) (651.755102 -272.000000 -784.000000) (689.217205 -82.105893 -784.000000) 
4 232 233 (732.577154 -316.865731 -1104.000000) (813.000000 -301.000000 -1104.000000) (813.000000 -301.000000 -784.000000) (732.577154 -316.865731 -784.000000) 
4 232 234 (639.272727 -335.272727 -1104.000000) (732.577154 -316.865731 -1104.000000) (732.577154 -316.865731 -784.000000) (639.272727 -335.272727 -784.000000) 
4 232 237 (651.755102 -272.000000 -1104.000000) (639.272727 -335.272727 -1104.000000) (639.272727 -335.272727 -784.000000) (651.755102 -272.000000 -784.000000) 
4 233 234 (732.577154 -316.865731 -784.000000) (732.577154 -316.865731 -1104.000000) (688.000000 -384.000000 -1104.000000) (688.000000 -384.000000 -784.000000) 
4 234 237 (639.272727 -335.272727 -1104.000000) (605.000000 -509.000000 -1104.000000) (605.000000 -509.000000 -784.000000) (639.272727 -335.272727 -784.000000) 
4 235 239 (1024.000000 -576.000000 -1104.000000) (1024.000000 -896.000000 -1104.000000) (640.000000 -896.000000 -1104.000000) (640.000000 -576.000000 -1104.000000) 
4 236 261 (576.000000 -912.000000 -784.000000) (525.496599 -912.000000 -784.000000) (525.496599 -912.000000 -1104.000000) (576.000000 -912.000000 -1104.000000) 
4 236 237 (576.000000 -656.000000 -1104.000000) (525.496599 -912.000000 -1104.000000) (525.496599 -912.000000 -784.000000) (576.000000 -656.000000 -784.000000) 
4 237 262 (507.392000 -912.000000 -784.000000) (320.000000 -912.000000 -784.000000) (320.000000 -912.000000 -1104.000000) (507.392000 -912.000000 -1104.000000) 
4 237 261 (525.496599 -912.000000 -784.000000) (507.392000 -912.000000 -784.000000) (507.392000 -912.000000 -1104.000000) (525.496599 -912.000000 -1104.000000) 
4 237 238 (320.000000 -820.000000 -1008.000000) (320.000000 -756.000000 -1008.000000) (320.000000 -756.000000 -1104.000000) (320.000000 -820.000000 -1104.000000) 
4 240 250 (1488.000000 -1376.771084 -1104.000000) (1488.000000 -1523.200000 -1104.000000) (1488.000000 -1523.200000 -784.000000) (1488.000000 -1376.771084 -784.000000) 
4 240 246 (1488.000000 -1376.771084 -784.000000) (1616.000000 -1184.000000 -784.000000) (1616.000000 -1184.000000 -1104.000000) (1488.000000 -1376.771084 -1104.000000) 
4 240 241 (1699.000000 -1059.000000 -784.000000) (1796.608000 -912.000000 -784.000000) (1796.608000 -912.000000 -1104.000000) (1699.000000 -1059.000000 -1104.000000) 
4 242 247 (1488.000000 -1100.800000 -1104.000000) (1488.000000 -1200.000000 -1104.000000) (1488.000000 -1200.000000 -1064.000000) (1488.000000 -1100.800000 -1064.000000) 
4 242 244 (1536.000000 -1024.000000 -1104.000000) (1488.000000 -1100.800000 -1104.000000) (1488.000000 -1100.800000 -1064.000000) (1536.000000 -1024.000000 -1064.000000) 
4 242 243 (1606.000000 -912.000000 -1104.000000) (1576.000000 -960.000000 -1104.000000) (1576.000000 -960.000000 -1064.000000) (1606.000000 -912.000000 -1064.000000) 
4 244 247 (1488.000000 -1056.000000 -1104.000000) (1488.000000 -1100.800000 -1104.000000) (1488.000000 -1100.800000 -1064.000000) (1488.000000 -1056.000000 -1064.000000) 
4 245 250 (1488.000000 -1267.591837 -1104.000000) (1488.000000 -1268.992000 -1104.000000) (1488.000000 -1268.992000 -784.000000) (1488.000000 -1267.591837 -784.000000) 
4 245 246 (1488.000000 -1268.992000 -1104.000000) (1491.000000 -1267.000000 -1104.000000) (1491.000000 -1267.000000 -784.000000) (1488.000000 -1268.992000 -784.000000) 
4 246 250 (1488.000000 -1268.992000 -1104.000000) (1488.000000 -1376.771084 -1104.000000) (1488.000000 -1376.771084 -784.000000) (1488.000000 -1268.992000 -784.000000) 
4 247 248 (1472.000000 -1056.000000 -1104.000000) (1472.000000 -1200.000000 -1104.000000) (1472.000000 -1200.000000 -1064.000000) (1472.000000 -1056.000000 -1064.000000) 
4 248 249 (1408.000000 -1024.000000 -1104.000000) (1408.000000 -1216.000000 -1104.000000) (1408.000000 -1216.000000 -1000.000000) (1408.000000 -1024.000000 -1000.000000) 
4 249 252 (1344.000000 -1024.000000 -1104.000000) (1344.000000 -1216.000000 -1104.000000) (1344.000000 -1216.000000 -976.000000) (1344.000000 -1024.000000 -976.000000) 
4 249 251 (1344.000000 -912.000000 -976.000000) (1344.000000 -912.000000 -1104.000000) (1344.000000 -1024.000000 -1104.000000) (1344.000000 -1024.000000 -976.000000) 
4 250 258 (1344.000000 -1552.000000 -784.000000) (1344.000000 -1296.000000 -784.000000) (1344.000000 -1296.000000 -1104.000000) (1344.000000 -1552.000000 -1104.000000) 
4 251 252 (1344.000000 -1024.000000 -1104.000000) (1344.000000 -1024.000000 -976.000000) (1280.000000 -1024.000000 -976.000000) (1280.000000 -1024.000000 -1104.000000) 
4 252 255 (1344.000000 -1216.000000 -1104.000000) (1344.000000 -1216.000000 -1008.000000) (1152.000000 -1216.000000 -1008.000000) (1152.000000 -1216.000000 -1104.000000) 
4 253 256 (736.192771 -1216.000000 -784.000000) (709.248000 -1216.000000 -784.000000) (709.248000 -1216.000000 -1104.000000) (736.192771 -1216.000000 -1104.000000) 
4 253 254 (688.000000 -1184.000000 -1104.000000) (709.248000 -1216.000000 -1104.000000) (709.248000 -1216.000000 -784.000000) (688.000000 -1184.000000 -784.000000) 
4 254 262 (640.000000 -1216.000000 -784.000000) (640.000000 -1111.710843 -784.000000) (640.000000 -1111.710843 -1104.000000) (640.000000 -1216.000000 -1104.000000) 
4 254 256 (709.248000 -1216.000000 -784.000000) (640.000000 -1216.000000 -784.000000) (640.000000 -1216.000000 -1104.000000) (709.248000 -1216.000000 -1104.000000) 
4 255 258 (1296.000000 -1296.000000 -1104.000000) (1344.000000 -1296.000000 -1104.000000) (1344.000000 -1296.000000 -1008.000000) (1296.000000 -1296.000000 -1008.000000) 
4 255 259 (1152.000000 -1296.000000 -1104.000000) (1296.000000 -1296.000000 -1104.000000) (1296.000000 -1296.000000 -1008.000000) (1152.000000 -1296.000000 -1008.000000) 
4 256 262 (640.000000 -1232.870748 -784.000000) (640.000000 -1216.000000 -784.000000) (640.000000 -1216.000000 -1104.000000) (640.000000 -1232.870748 -1104.000000) 
4 256 257 (813.000000 -1267.000000 -784.000000) (640.000000 -1232.870748 -784.000000) (640.000000 -1232.870748 -1104.000000) (813.000000 -1267.000000 -1104.000000) 
4 257 262 (640.000000 -1296.000000 -784.000000) (640.000000 -1232.870748 -784.000000) (640.000000 -1232.870748 -1104.000000) (640.000000 -1296.000000 -1104.000000) 
4 257 260 (640.000000 -1296.000000 -784.000000) (640.000000 -1296.000000 -1104.000000) (960.000000 -1296.000000 -1104.000000) (960.000000 -1296.000000 -784.000000) 
4 258 259 (1296.000000 -1296.000000 -1104.000000) (1296.000000 -1552.000000 -1104.000000) (1296.000000 -1552.000000 -784.000000) (1296.000000 -1296.000000 -784.000000) 
4 259 264 (1296.000000 -1568.000000 -784.000000) (1008.000000 -1568.000000 -784.000000) (1008.000000 -1568.000000 -1104.000000) (1296.000000 -1568.000000 -1104.000000) 
4 259 260 (1008.000000 -1296.000000 -784.000000) (1008.000000 -1296.000000 -1104.000000) (1008.000000 -1552.000000 -1104.000000) (1008.000000 -1552.000000 -784.000000) 
4 260 262 (640.000000 -1453.240385 -784.000000) (640.000000 -1296.000000 -784.000000) (640.000000 -1296.000000 -1104.000000) (640.000000 -1453.240385 -1104.000000) 
4 261 262 (507.392000 -912.000000 -1104.000000) (605.000000 -1059.000000 -1104.000000) (605.000000 -1059.000000 -784.000000) (507.392000 -912.000000 -784.000000) 
4 263 264 (1296.000000 -2208.000000 -784.000000) (1296.000000 -1920.000000 -784.000000) (1296.000000 -1920.000000 -1104.000000) (1296.000000 -2208.000000 -1104.000000) 
4 264 265 (1008.000000 -1920.000000 -1104.000000) (1008.000000 -2208.000000 -1104.000000) (1008.000000 -2208.000000 -784.000000) (1008.000000 -1920.000000 -784.000000) 
