hlcsg v3.4 v0.1 64-bit (Mar  9 2020)
Seedee's Half-Life Tools v0.1
Based on code modifications by vluzacn
Based on code modifications by Sean 'Zoner' Cavanaugh
Based on Valve's version, modified with permission.
Submit detailed bug reports to (cdaniel9000@gmail.com)
-----  BEGIN  hlcsg -----
Command line: "C:\Users\Ezry.000\Desktop\HALF LIFE 1 MAPPING\COMPILE TOOLS\sdHLCSG_x64.exe" "C:\Program Files (x86)\Steam\steamapps\common\Half-Life\KEA1989\maps\sew02" -cliptype precise -wadautodetect -estimate -chart 
Arguments: "C:\Program Files (x86)\Steam\steamapps\common\Half-Life\KEA1989\maps\sew02" -cliptype precise -wadautodetect -estimate -chart -low -wadinclude sdhlt.wad -wadautodetect 
Entering C:\Program Files (x86)\Steam\steamapps\common\Half-Life\KEA1989\maps\sew02.map

Current hlcsg Settings
Name                 |  Setting  |  Default
---------------------|-----------|-------------------------
threads               [       6 ] [  Varies ]
verbose               [     off ] [     off ]
log                   [      on ] [      on ]
reset logfile         [      on ] [      on ]
developer             [       0 ] [       0 ]
chart                 [      on ] [     off ]
estimate              [      on ] [     off ]
max texture memory    [ 33554432 ] [ 33554432 ]
max lighting memory   [ 50331648 ] [ 50331648 ]
priority              [     Low ] [  Normal ]

noclip                [     off ] [     off ]
null texture stripping[      on ] [      on ]
clipnode economy mode [     off ] [     off ]
clip hull type        [ precise ] [  simple ]
onlyents              [     off ] [     off ]
wadtextures           [      on ] [      on ]
skyclip               [      on ] [      on ]
hullfile              [    None ] [    None ]
wad configuration file[    None ] [    None ]
wad.cfg group name    [    None ] [    None ]
nullfile              [    None ] [    None ]
nullify trigger       [      on ] [      on ]
min surface area      [   0.000 ] [   0.000 ]
brush union threshold [   0.000 ] [   0.000 ]
map scaling           [    None ] [    None ]
light name optimize   [      on ] [      on ]
convert game_text     [      on ] [      on ]

Using mapfile wad configuration
Wadfiles not in use by the map will be excluded
Wadinclude list :
[sdhlt.wad]

CreateBrush:
Warning: Illegal Brush (edge without opposite face): Entity 839, Brush 0

Warning: Illegal Brush (edge without opposite face): Entity 841, Brush 0

 (0.53 seconds)
CSGBrush:
 (0.60 seconds)

added 15 additional animating textures.
Including Wadfile: \Users\Ezry.000\Desktop\HALF LIFE 1 MAPPING\COMPILE TOOLS\sdhlt.wad
 - Contains 2 used textures, 1.16 percent of map (27 textures in wad)
Using Wadfile: \Program Files (x86)\Steam\steamapps\common\Half-Life\KEA1989\czcs_office.wad
 - Contains 12 used textures, 6.94 percent of map (305 textures in wad)
Using Wadfile: \Program Files (x86)\Steam\steamapps\common\Half-Life\KEA1989\czde_fastline.wad
 - Contains 2 used textures, 1.16 percent of map (158 textures in wad)
Using Wadfile: \Program Files (x86)\Steam\steamapps\common\Half-Life\KEA1989\deepmind2_ny.wad
 - Contains 10 used textures, 5.78 percent of map (185 textures in wad)
Using Wadfile: \Program Files (x86)\Steam\steamapps\common\Half-Life\KEA1989\deepmind_windawz.wad
 - Contains 55 used textures, 31.79 percent of map (178 textures in wad)
Using Wadfile: \Program Files (x86)\Steam\steamapps\common\Half-Life\KEA1989\khr_prototype_hl.wad
 - Contains 1 used texture, 0.58 percent of map (205 textures in wad)
Using Wadfile: \Program Files (x86)\Steam\steamapps\common\Half-Life\KEA1989\winfades.wad
 - Contains 2 used textures, 1.16 percent of map (18 textures in wad)
Using Wadfile: \Program Files (x86)\Steam\steamapps\common\Half-Life\KEA1989\zhlt.wad
 - Contains 1 used texture, 0.58 percent of map (12 textures in wad)
Using Wadfile: \Program Files (x86)\Steam\steamapps\common\Half-Life\valve\halflife.wad
 - Contains 87 used textures, 50.29 percent of map (3116 textures in wad)
Using Wadfile: \Program Files (x86)\Steam\steamapps\common\Half-Life\valve\liquids.wad
 - Contains 1 used texture, 0.58 percent of map (32 textures in wad)

Wad files required to run the map: "czcs_office.wad;czde_fastline.wad;deepmind2_ny.wad;deepmind_windawz.wad;khr_prototype_hl.wad;winfades.wad;zhlt.wad;halflife.wad;liquids.wad;"
Texture usage is at 6.07 mb (of 32.00 mb MAX)
61 redundant named lights optimized.

Object names  Objects/Maxobjs  Memory / Maxmem  Fullness
------------  ---------------  ---------------  --------
models              0/512            0/32768    ( 0.0%)
planes          33076/32768     661520/655360   (100.9%)
vertexes            0/65535          0/786420   ( 0.0%)
nodes               0/32767          0/786408   ( 0.0%)
texinfos         5128/32767     205120/1310680  (15.6%)
faces               0/65535          0/1310700  ( 0.0%)
* worldfaces        0/32768          0/0        ( 0.0%)
clipnodes           0/32767          0/262136   ( 0.0%)
leaves              0/32760          0/917280   ( 0.0%)
* worldleaves       0/8192           0/0        ( 0.0%)
marksurfaces        0/65535          0/131070   ( 0.0%)
surfedges           0/512000         0/2048000  ( 0.0%)
edges               0/256000         0/1024000  ( 0.0%)
texdata          [variable]       9840/33554432 ( 0.0%)
lightdata        [variable]          0/50331648 ( 0.0%)
visdata          [variable]          0/8388608  ( 0.0%)
entdata          [variable]     144469/2097152  ( 6.9%)
* AllocBlock        0/64             0/0        ( 0.0%)
173 textures referenced
=== Total BSP file data space used: 1020949 bytes ===
Wad files required to run the map: "czcs_office.wad;czde_fastline.wad;deepmind2_ny.wad;deepmind_windawz.wad;khr_prototype_hl.wad;winfades.wad;zhlt.wad;halflife.wad;liquids.wad;"
1.45 seconds elapsed

-----   END   hlcsg -----



hlbsp v3.4 v0.1 64-bit (Mar  9 2020)
Seedee's Half-Life Tools v0.1
Based on code modifications by vluzacn
Based on code modifications by Sean 'Zoner' Cavanaugh
Based on Valve's version, modified with permission.
Submit detailed bug reports to (cdaniel9000@gmail.com)
-----  BEGIN  hlbsp -----
Command line: "C:\Users\Ezry.000\Desktop\HALF LIFE 1 MAPPING\COMPILE TOOLS\sdHLBSP_x64.exe" "C:\Program Files (x86)\Steam\steamapps\common\Half-Life\KEA1989\maps\sew02" -estimate -chart 
Arguments: "C:\Program Files (x86)\Steam\steamapps\common\Half-Life\KEA1989\maps\sew02" -estimate -chart -low 

Current hlbsp Settings
Name               |  Setting  |  Default
-------------------|-----------|-------------------------
threads             [       6 ] [  Varies ]
verbose             [     off ] [     off ]
log                 [      on ] [      on ]
developer           [       0 ] [       0 ]
chart               [      on ] [     off ]
estimate            [      on ] [     off ]
max texture memory  [ 33554432 ] [ 33554432 ]
priority            [     Low ] [  Normal ]

noclip              [     off ] [     off ]
nofill              [     off ] [     off ]
noinsidefill        [     off ] [     off ]
noopt               [     off ] [     off ]
no clipnode merging [     off ] [     off ]
null tex. stripping [      on ] [      on ]
notjunc             [     off ] [     off ]
nobrink             [     off ] [     off ]
subdivide size      [     240 ] [     240 ] (Min 64) (Max 512)
max node size       [    1024 ] [    1024 ] (Min 64) (Max 65536)
remove hull 2       [     off ] [     off ]


SolidBSP [hull 0] 500...1000...1500...2000...2500...3000...3500...4000...4500...5000...Warning: Ambiguous leafnode content ( EMPTY and SOLID ) at (1120,-784,-1104)-(1136,-736,-1088) in hull 0 of model 0 (entity: classname "worldspawn", origin "", targetname "")
Warning: Ambiguous leafnode content ( EMPTY and SOLID ) at (1072,-784,-1104)-(1088,-736,-1088) in hull 0 of model 0 (entity: classname "worldspawn", origin "", targetname "")
5500...5935 (0.36 seconds)
BSP generation successful, writing portal file 'C:\Program Files (x86)\Steam\steamapps\common\Half-Life\KEA1989\maps\sew02.prt'
SolidBSP [hull 1] 500...1000...1500...2000...2500...3000...3500...Warning: Ambiguous leafnode content ( EMPTY and SOLID ) at (1136,-800,-1068)-(1152,-752,-1052) in hull 1 of model 0 (entity: classname "worldspawn", origin "", targetname "")
Warning: Ambiguous leafnode content ( EMPTY and SOLID ) at (1056,-800,-1068)-(1072,-752,-1052) in hull 1 of model 0 (entity: classname "worldspawn", origin "", targetname "")
4000...4500...4882 (0.30 seconds)
SolidBSP [hull 2] 500...1000...1500...2000...2500...3000...3500...Warning: Ambiguous leafnode content ( EMPTY and SOLID ) at (1152,-816,-1072)-(1168,-768,-1056) in hull 2 of model 0 (entity: classname "worldspawn", origin "", targetname "")
Warning: Ambiguous leafnode content ( EMPTY and SOLID ) at (1040,-816,-1072)-(1056,-768,-1056) in hull 2 of model 0 (entity: classname "worldspawn", origin "", targetname "")
4000...4500...4554 (0.27 seconds)
SolidBSP [hull 3] 500...1000...1500...2000...2500...3000...3500...4000...Warning: Ambiguous leafnode content ( EMPTY and SOLID ) at (1136,-800,-1086)-(1152,-752,-1070) in hull 3 of model 0 (entity: classname "worldspawn", origin "", targetname "")
Warning: Ambiguous leafnode content ( EMPTY and SOLID ) at (1056,-800,-1086)-(1072,-752,-1070) in hull 3 of model 0 (entity: classname "worldspawn", origin "", targetname "")
4500...5000...5188 (0.30 seconds)
Warning: Ambiguous leafnode content ( EMPTY and WATER ) at (568,-1510,-1052)-(784,-1343,-980) in hull 1 of model 121 (entity: classname "func_illusionary", origin "", targetname "")
Warning: Ambiguous leafnode content ( EMPTY and WATER ) at (616,-1189,-1048)-(768,-1071,-988) in hull 2 of model 121 (entity: classname "func_illusionary", origin "", targetname "")
Warning: Ambiguous leafnode content ( EMPTY and WATER ) at (552,-1526,-1048)-(768,-1359,-968) in hull 2 of model 121 (entity: classname "func_illusionary", origin "", targetname "")
Warning: Ambiguous leafnode content ( EMPTY and WATER ) at (613,-1510,-1034)-(784,-1378,-998) in hull 3 of model 121 (entity: classname "func_illusionary", origin "", targetname "")
Warning: Ambiguous leafnode content ( EMPTY and WATER ) at (1560,-1508,-1052)-(1776,-1340,-980) in hull 1 of model 122 (entity: classname "func_illusionary", origin "", targetname "")
Warning: Ambiguous leafnode content ( EMPTY and WATER ) at (1576,-1524,-1048)-(1792,-1356,-968) in hull 2 of model 122 (entity: classname "func_illusionary", origin "", targetname "")
Warning: Ambiguous leafnode content ( EMPTY and WATER ) at (1560,-1508,-1034)-(1731,-1375,-998) in hull 3 of model 122 (entity: classname "func_illusionary", origin "", targetname "")
Warning: Ambiguous leafnode content ( EMPTY and SOLID ) at (311,-707,-1140)-(338,-694,-1090) in hull 1 of model 132 (entity: classname "func_breakable", origin "", targetname "")
Warning: Ambiguous leafnode content ( EMPTY and SOLID ) at (311,-707,-1140)-(338,-707,-1066) in hull 1 of model 132 (entity: classname "func_breakable", origin "", targetname "")
Warning: Ambiguous leafnode content ( EMPTY and SOLID ) at (295,-723,-1136)-(322,-710,-1086) in hull 2 of model 132 (entity: classname "func_breakable", origin "", targetname "")
Warning: Ambiguous leafnode content ( EMPTY and SOLID ) at (295,-723,-1136)-(322,-723,-1070) in hull 2 of model 132 (entity: classname "func_breakable", origin "", targetname "")
Reduced 18256 clipnodes to 17175
Reduced 5128 texinfos to 4513
Reduced 173 texdatas to 170 (9840 bytes to 7484)
Reduced 33076 planes to 9106
FixBrinks:
Increased 17175 clipnodes to 17587.

Object names  Objects/Maxobjs  Memory / Maxmem  Fullness
------------  ---------------  ---------------  --------
models            142/512         9088/32768    (27.7%)
planes           9106/32768     182120/655360   (27.8%)
vertexes        16136/65535     193632/786420   (24.6%)
nodes            6898/32767     165552/786408   (21.1%)
texinfos         4513/32767     180520/1310680  (13.8%)
faces           10995/65535     219900/1310700  (16.8%)
* worldfaces     8307/32768          0/0        (25.4%)
clipnodes       17587/32767     140696/262136   (53.7%)
leaves           4397/32760     123116/917280   (13.4%)
* worldleaves    2668/8192           0/0        (32.6%)
marksurfaces    15597/65535      31194/131070   (23.8%)
surfedges       48846/512000    195384/2048000  ( 9.5%)
edges           28296/256000    113184/1024000  (11.1%)
texdata          [variable]       7484/33554432 ( 0.0%)
lightdata        [variable]          0/50331648 ( 0.0%)
visdata          [variable]          0/8388608  ( 0.0%)
entdata          [variable]     144469/2097152  ( 6.9%)
* AllocBlock       38/64             0/0        (59.4%)
170 textures referenced
=== Total BSP file data space used: 1706339 bytes ===
Wad files required to run the map: "czcs_office.wad;czde_fastline.wad;deepmind2_ny.wad;deepmind_windawz.wad;khr_prototype_hl.wad;winfades.wad;zhlt.wad;halflife.wad;liquids.wad;"
3.20 seconds elapsed

-----   END   hlbsp -----



hlvis v3.4 v0.1 64-bit (Mar  9 2020)
Seedee's Half-Life Tools v0.1
Based on code modifications by vluzacn
Based on code modifications by Sean 'Zoner' Cavanaugh
Based on Valve's version, modified with permission.
Submit detailed bug reports to (cdaniel9000@gmail.com)
-----  BEGIN  hlvis -----
Command line: "C:\Users\Ezry.000\Desktop\HALF LIFE 1 MAPPING\COMPILE TOOLS\sdHLVIS_x64.exe" "C:\Program Files (x86)\Steam\steamapps\common\Half-Life\KEA1989\maps\sew02" -estimate -chart 
Arguments: "C:\Program Files (x86)\Steam\steamapps\common\Half-Life\KEA1989\maps\sew02" -estimate -chart -low 
 264 portalleafs
 492 numportals

-= Current hlvis Settings =-
Name               |  Setting  |  Default
-------------------|-----------|-------------------------
threads             [       6 ] [  Varies ]
verbose             [     off ] [     off ]
log                 [      on ] [      on ]
developer           [       0 ] [       0 ]
chart               [      on ] [     off ]
estimate            [      on ] [     off ]
max texture memory  [ 33554432 ] [ 33554432 ]
max vis distance    [       0 ] [       0 ]
priority            [     Low ] [  Normal ]

fast vis            [     off ] [     off ]
full vis            [     off ] [     off ]


BasePortalVis:
 (0.02 seconds)
LeafThread:
 (0.03 seconds)
average leafs visible: 28
g_visdatasize:13228  compressed from 8712

Object names  Objects/Maxobjs  Memory / Maxmem  Fullness
------------  ---------------  ---------------  --------
models            142/512         9088/32768    (27.7%)
planes           9106/32768     182120/655360   (27.8%)
vertexes        16136/65535     193632/786420   (24.6%)
nodes            6898/32767     165552/786408   (21.1%)
texinfos         4513/32767     180520/1310680  (13.8%)
faces           10995/65535     219900/1310700  (16.8%)
* worldfaces     8307/32768          0/0        (25.4%)
clipnodes       17587/32767     140696/262136   (53.7%)
leaves           4397/32760     123116/917280   (13.4%)
* worldleaves    2668/8192           0/0        (32.6%)
marksurfaces    15597/65535      31194/131070   (23.8%)
surfedges       48846/512000    195384/2048000  ( 9.5%)
edges           28296/256000    113184/1024000  (11.1%)
texdata          [variable]       7484/33554432 ( 0.0%)
lightdata        [variable]          0/50331648 ( 0.0%)
visdata          [variable]      13228/8388608  ( 0.2%)
entdata          [variable]     144469/2097152  ( 6.9%)
* AllocBlock       38/64             0/0        (59.4%)
170 textures referenced
=== Total BSP file data space used: 1719567 bytes ===
Wad files required to run the map: "czcs_office.wad;czde_fastline.wad;deepmind2_ny.wad;deepmind_windawz.wad;khr_prototype_hl.wad;winfades.wad;zhlt.wad;halflife.wad;liquids.wad;"
0.10 seconds elapsed

-----   END   hlvis -----



hlrad v3.4 v0.1 64-bit (Mar  9 2020)
Seedee's Half-Life Tools v0.1
Based on code modifications by vluzacn
Based on code modifications by Sean 'Zoner' Cavanaugh
Based on Valve's version, modified with permission.
Submit detailed bug reports to (cdaniel9000@gmail.com)
-----  BEGIN  hlrad -----
Command line: "C:\Users\Ezry.000\Desktop\HALF LIFE 1 MAPPING\COMPILE TOOLS\sdHLRAD_x64.exe" "C:\Program Files (x86)\Steam\steamapps\common\Half-Life\KEA1989\maps\sew02" -estimate -chart -smooth 75 -texlightgap 10 
Arguments: "C:\Program Files (x86)\Steam\steamapps\common\Half-Life\KEA1989\maps\sew02" -estimate -chart -smooth 75 -texlightgap 10 -low 

-= Current hlrad Settings =-
Name                | Setting             | Default
--------------------|---------------------|-------------------------
threads              [                 6 ] [            Varies ]
verbose              [               off ] [               off ]
log                  [                on ] [                on ]
developer            [                 0 ] [                 0 ]
chart                [                on ] [               off ]
estimate             [                on ] [               off ]
max texture memory   [          33554432 ] [          33554432 ]
max lighting memory  [          50331648 ] [          50331648 ]
priority             [               Low ] [            Normal ]

fast rad             [               off ] [               off ]
vismatrix algorithm  [            Sparse ] [            Sparse ]
oversampling (-extra)[               off ] [               off ]
bounces              [                 8 ] [                 8 ]
ambient light        [ 0.000 0.000 0.000 ] [ 0.000 0.000 0.000 ]
light limit threshold[           188.000 ] [           188.000 ]
circus mode          [               off ] [               off ]

smoothing threshold  [            75.000 ] [            50.000 ]
smoothing threshold 2[         no change ] [         no change ]
direct threshold     [            10.000 ] [            10.000 ]
direct light scale   [             1.000 ] [             1.000 ]
coring threshold     [             0.010 ] [             0.010 ]
patch interpolation  [                on ] [                on ]

texscale             [                on ] [                on ]
patch subdividing    [                on ] [                on ]
chop value           [            64.000 ] [            64.000 ]
texchop value        [            32.000 ] [            32.000 ]

global fade          [             1.000 ] [             1.000 ]
global texlight gap  [            10.000 ] [             0.000 ]
global light scale   [ 2.000 2.000 2.000 ] [ 2.000 2.000 2.000 ]
global gamma         [ 0.550 0.550 0.550 ] [ 0.550 0.550 0.550 ]
global light scale   [             2.000 ] [             2.000 ]
global sky diffusion [             1.000 ] [             1.000 ]

spread angles        [                on ] [                on ]
opaque entities      [                on ] [                on ]
sky lighting fix     [                on ] [                on ]
incremental          [               off ] [               off ]
dump                 [               off ] [               off ]

colour jitter        [       0.0 0.0 0.0 ] [       0.0 0.0 0.0 ]
monochromatic jitter [       0.0 0.0 0.0 ] [       0.0 0.0 0.0 ]

custom shadows with bounce light
                     [               off ] [               off ]
rgb transfers        [               off ] [               off ]
minimum final light  [                 0 ] [                 0 ]
size of transfer     [         1 (16bit) ] [         1 (16bit) ]
size of rgbtransfer  [         2 (32bit) ] [         2 (32bit) ]
soft sky             [                on ] [                on ]
translucent depth    [             2.000 ] [             2.000 ]
block opaque         [                on ] [                on ]
ignore textures      [               off ] [               off ]
reflectivity gamma   [             1.760 ] [             1.760 ]
reflectivity scale   [             0.700 ] [             0.700 ]
blur size            [             1.500 ] [             1.500 ]
no emitter range     [               off ] [               off ]
wall bleeding fix    [                on ] [                on ]


Load Textures:
Using Wadfile: C:\Program Files (x86)\Steam\steamapps\common\Half-Life\KEA1989\maps\sew02.wa_
170 textures referenced
Reading texlights from 'C:\Users\Ezry.000\Desktop\HALF LIFE 1 MAPPING\COMPILE TOOLS\lights.rad'
0 opaque models
0 opaque faces
10995 faces
Create Patches : 39183 base patches
353145 square feet [50852932.00 square inches]
382 direct lights and 0 fast direct lights
26 light styles

FindFacePositions:
 (3.23 seconds)
BuildFacelights:
 (6.32 seconds)
BuildVisLeafs:
 (9.80 seconds)
visibility matrix   :  12.7 megs
MakeScales:
 (20.65 seconds)
Transfer Lists :    29009233 :    29.01M transfers
       Indices :    21345076 :    20.36M bytes
          Data :    58124852 :    55.43M bytes
Bounce 1 GatherLight:
 (0.92 seconds)
Bounce 2 GatherLight:
 (1.42 seconds)
Bounce 3 GatherLight:
 (1.05 seconds)
Bounce 4 GatherLight:
 (1.11 seconds)
Bounce 5 GatherLight:
 (2.15 seconds)
Bounce 6 GatherLight:
 (1.49 seconds)
Bounce 7 GatherLight:
 (1.71 seconds)
Bounce 8 GatherLight:
 (1.61 seconds)
CreateTriangulations:
 (0.65 seconds)
AddPatchLights:
 (16.61 seconds)
FinalLightFace:
 (0.29 seconds)

Object names  Objects/Maxobjs  Memory / Maxmem  Fullness
------------  ---------------  ---------------  --------
models            142/512         9088/32768    (27.7%)
planes           9106/32768     182120/655360   (27.8%)
vertexes        16136/65535     193632/786420   (24.6%)
nodes            6898/32767     165552/786408   (21.1%)
texinfos         4513/32767     180520/1310680  (13.8%)
faces           10995/65535     219900/1310700  (16.8%)
* worldfaces     8307/32768          0/0        (25.4%)
clipnodes       17587/32767     140696/262136   (53.7%)
leaves           4397/32760     123116/917280   (13.4%)
* worldleaves    2668/8192           0/0        (32.6%)
marksurfaces    15597/65535      31194/131070   (23.8%)
surfedges       48846/512000    195384/2048000  ( 9.5%)
edges           28296/256000    113184/1024000  (11.1%)
texdata          [variable]       7484/33554432 ( 0.0%)
lightdata        [variable]    2680683/50331648 ( 5.3%)
visdata          [variable]      13228/8388608  ( 0.2%)
entdata          [variable]     144469/2097152  ( 6.9%)
* AllocBlock       38/64             0/0        (59.4%)
170 textures referenced
=== Total BSP file data space used: 4400250 bytes ===
Wad files required to run the map: "czcs_office.wad;czde_fastline.wad;deepmind2_ny.wad;deepmind_windawz.wad;khr_prototype_hl.wad;winfades.wad;zhlt.wad;halflife.wad;liquids.wad;"
70.10 seconds elapsed [1m 10s]

-----   END   hlrad -----



