hlcsg v3.4 v0.1 64-bit (Mar  9 2020)
Seedee's Half-Life Tools v0.1
Based on code modifications by vluzacn
Based on code modifications by Sean 'Zoner' Cavanaugh
Based on Valve's version, modified with permission.
Submit detailed bug reports to (cdaniel9000@gmail.com)
-----  BEGIN  hlcsg -----
Command line: "C:\Users\Ezry.000\Desktop\HALF LIFE 1 MAPPING\COMPILE TOOLS\sdHLCSG_x64.exe" "C:\Program Files (x86)\Steam\steamapps\common\Half-Life\KEA1989\maps\sew01" -estimate -chart 
Arguments: "C:\Program Files (x86)\Steam\steamapps\common\Half-Life\KEA1989\maps\sew01" -estimate -chart -low -wadinclude sdhlt.wad -wadautodetect 
Entering C:\Program Files (x86)\Steam\steamapps\common\Half-Life\KEA1989\maps\sew01.map

Current hlcsg Settings
Name                 |  Setting  |  Default
---------------------|-----------|-------------------------
threads               [       6 ] [  Varies ]
verbose               [     off ] [     off ]
log                   [      on ] [      on ]
reset logfile         [      on ] [      on ]
developer             [       0 ] [       0 ]
chart                 [      on ] [     off ]
estimate              [      on ] [     off ]
max texture memory    [ 33554432 ] [ 33554432 ]
max lighting memory   [ 50331648 ] [ 50331648 ]
priority              [     Low ] [  Normal ]

noclip                [     off ] [     off ]
null texture stripping[      on ] [      on ]
clipnode economy mode [     off ] [     off ]
clip hull type        [  simple ] [  simple ]
onlyents              [     off ] [     off ]
wadtextures           [      on ] [      on ]
skyclip               [      on ] [      on ]
hullfile              [    None ] [    None ]
wad configuration file[    None ] [    None ]
wad.cfg group name    [    None ] [    None ]
nullfile              [    None ] [    None ]
nullify trigger       [      on ] [      on ]
min surface area      [   0.000 ] [   0.000 ]
brush union threshold [   0.000 ] [   0.000 ]
map scaling           [    None ] [    None ]
light name optimize   [      on ] [      on ]
convert game_text     [      on ] [      on ]

Using mapfile wad configuration
Wadfiles not in use by the map will be excluded
Wadinclude list :
[sdhlt.wad]

CreateBrush:
Warning: Illegal Brush (edge without opposite face): Entity 804, Brush 0

 (1.98 seconds)
CSGBrush:
 (1.79 seconds)

added 18 additional animating textures.
Including Wadfile: \Users\Ezry.000\Desktop\HALF LIFE 1 MAPPING\COMPILE TOOLS\sdhlt.wad
 - Contains 2 used textures, 0.56 percent of map (27 textures in wad)
Using Wadfile: \Program Files (x86)\Steam\steamapps\common\Half-Life\KEA1989\czcs_office.wad
 - Contains 25 used textures, 6.94 percent of map (305 textures in wad)
Using Wadfile: \Program Files (x86)\Steam\steamapps\common\Half-Life\KEA1989\czde_fastline.wad
 - Contains 7 used textures, 1.94 percent of map (158 textures in wad)
Using Wadfile: \Program Files (x86)\Steam\steamapps\common\Half-Life\KEA1989\deepmind_windawz.wad
 - Contains 88 used textures, 24.44 percent of map (120 textures in wad)
Using Wadfile: \Program Files (x86)\Steam\steamapps\common\Half-Life\KEA1989\khr_prototype_hl.wad
 - Contains 4 used textures, 1.11 percent of map (205 textures in wad)
Using Wadfile: \Program Files (x86)\Steam\steamapps\common\Half-Life\KEA1989\winfades.wad
 - Contains 2 used textures, 0.56 percent of map (18 textures in wad)
Using Wadfile: \Program Files (x86)\Steam\steamapps\common\Half-Life\valve\halflife.wad
 - Contains 226 used textures, 62.78 percent of map (3116 textures in wad)
Using Wadfile: \Program Files (x86)\Steam\steamapps\common\Half-Life\valve\liquids.wad
 - Contains 6 used textures, 1.67 percent of map (32 textures in wad)

Wad files required to run the map: "czcs_office.wad;czde_fastline.wad;deepmind_windawz.wad;khr_prototype_hl.wad;winfades.wad;halflife.wad;liquids.wad;"
Texture usage is at 5.74 mb (of 32.00 mb MAX)
28 redundant named lights optimized.

Object names  Objects/Maxobjs  Memory / Maxmem  Fullness
------------  ---------------  ---------------  --------
models              0/512            0/32768    ( 0.0%)
planes          40820/32768     816400/655360   (124.6%)
vertexes            0/65535          0/786420   ( 0.0%)
nodes               0/32767          0/786408   ( 0.0%)
texinfos        11972/32767     478880/1310680  (36.5%)
faces               0/65535          0/1310700  ( 0.0%)
* worldfaces        0/32768          0/0        ( 0.0%)
clipnodes           0/32767          0/262136   ( 0.0%)
leaves              0/32760          0/917280   ( 0.0%)
* worldleaves       0/8192           0/0        ( 0.0%)
marksurfaces        0/65535          0/131070   ( 0.0%)
surfedges           0/512000         0/2048000  ( 0.0%)
edges               0/256000         0/1024000  ( 0.0%)
texdata          [variable]      18068/33554432 ( 0.1%)
lightdata        [variable]          0/50331648 ( 0.0%)
visdata          [variable]          0/8388608  ( 0.0%)
entdata          [variable]     184147/2097152  ( 8.8%)
* AllocBlock        0/64             0/0        ( 0.0%)
360 textures referenced
=== Total BSP file data space used: 1497495 bytes ===
Wad files required to run the map: "czcs_office.wad;czde_fastline.wad;deepmind_windawz.wad;khr_prototype_hl.wad;winfades.wad;halflife.wad;liquids.wad;"
4.43 seconds elapsed

-----   END   hlcsg -----



hlbsp v3.4 v0.1 64-bit (Mar  9 2020)
Seedee's Half-Life Tools v0.1
Based on code modifications by vluzacn
Based on code modifications by Sean 'Zoner' Cavanaugh
Based on Valve's version, modified with permission.
Submit detailed bug reports to (cdaniel9000@gmail.com)
-----  BEGIN  hlbsp -----
Command line: "C:\Users\Ezry.000\Desktop\HALF LIFE 1 MAPPING\COMPILE TOOLS\sdHLBSP_x64.exe" "C:\Program Files (x86)\Steam\steamapps\common\Half-Life\KEA1989\maps\sew01" -estimate -chart 
Arguments: "C:\Program Files (x86)\Steam\steamapps\common\Half-Life\KEA1989\maps\sew01" -estimate -chart -low 

Current hlbsp Settings
Name               |  Setting  |  Default
-------------------|-----------|-------------------------
threads             [       6 ] [  Varies ]
verbose             [     off ] [     off ]
log                 [      on ] [      on ]
developer           [       0 ] [       0 ]
chart               [      on ] [     off ]
estimate            [      on ] [     off ]
max texture memory  [ 33554432 ] [ 33554432 ]
priority            [     Low ] [  Normal ]

noclip              [     off ] [     off ]
nofill              [     off ] [     off ]
noinsidefill        [     off ] [     off ]
noopt               [     off ] [     off ]
no clipnode merging [     off ] [     off ]
null tex. stripping [      on ] [      on ]
notjunc             [     off ] [     off ]
nobrink             [     off ] [     off ]
subdivide size      [     240 ] [     240 ] (Min 64) (Max 512)
max node size       [    1024 ] [    1024 ] (Min 64) (Max 65536)
remove hull 2       [     off ] [     off ]


SolidBSP [hull 0] 500...1000...1500...2000...2500...3000...3500...4000...4500...5000...5500...6000...6500...7000...7500...8000...8500...9000...9500...10000...10500...11000...11500...12000...12500...12578 (1.00 seconds)
BSP generation successful, writing portal file 'C:\Program Files (x86)\Steam\steamapps\common\Half-Life\KEA1989\maps\sew01.prt'
SolidBSP [hull 1] 500...1000...1500...2000...2500...3000...3500...4000...4500...5000...5500...6000...6500...7000...7500...8000...8254 (0.86 seconds)
SolidBSP [hull 2] 500...1000...1500...2000...2500...3000...3500...4000...4500...5000...5500...6000...6500...7000...7048 (0.68 seconds)
SolidBSP [hull 3] 500...1000...1500...2000...2500...3000...3500...4000...4500...5000...5500...6000...6500...7000...7500...8000...8500...9000...9174 (0.91 seconds)
Warning: Ambiguous leafnode content ( EMPTY and SOLID ) at (38,192,88)-(40,204,100) in hull 0 of model 5 (entity: classname "func_door_rotating", origin "-1164 -256 -1096", targetname "breakstair_rotating")
Warning: Ambiguous leafnode content ( EMPTY and SOLID ) at (23,213,140)-(60,240,148) in hull 1 of model 5 (entity: classname "func_door_rotating", origin "-1164 -256 -1096", targetname "breakstair_rotating")
Warning: Ambiguous leafnode content ( EMPTY and SOLID ) at (8,229,136)-(76,256,144) in hull 2 of model 5 (entity: classname "func_door_rotating", origin "-1164 -256 -1096", targetname "breakstair_rotating")
Warning: Ambiguous leafnode content ( EMPTY and SOLID ) at (23,213,122)-(60,264,130) in hull 3 of model 5 (entity: classname "func_door_rotating", origin "-1164 -256 -1096", targetname "breakstair_rotating")
Warning: Ambiguous leafnode content ( EMPTY and SOLID ) at (209,-295,-540)-(212,-289,-514) in hull 1 of model 228 (entity: classname "func_pushable", origin "", targetname "")
Warning: Ambiguous leafnode content ( EMPTY and SOLID ) at (210,-327,-586)-(212,-323,-572) in hull 1 of model 228 (entity: classname "func_pushable", origin "", targetname "")
Warning: Ambiguous leafnode content ( EMPTY and SOLID ) at (160,-338,-566)-(163,-332,-494) in hull 1 of model 228 (entity: classname "func_pushable", origin "", targetname "")
Warning: Ambiguous leafnode content ( EMPTY and SOLID ) at (162,-275,-518)-(226,-274,-514) in hull 2 of model 228 (entity: classname "func_pushable", origin "", targetname "")
Warning: Ambiguous leafnode content ( EMPTY and SOLID ) at (225,-279,-544)-(228,-273,-518) in hull 2 of model 228 (entity: classname "func_pushable", origin "", targetname "")
Warning: Ambiguous leafnode content ( EMPTY and SOLID ) at (226,-343,-582)-(228,-339,-568) in hull 2 of model 228 (entity: classname "func_pushable", origin "", targetname "")
Warning: Ambiguous leafnode content ( EMPTY and SOLID ) at (144,-354,-565)-(147,-348,-498) in hull 2 of model 228 (entity: classname "func_pushable", origin "", targetname "")
Warning: Ambiguous leafnode content ( EMPTY and SOLID ) at (209,-296,-556)-(213,-289,-532) in hull 3 of model 228 (entity: classname "func_pushable", origin "", targetname "")
Warning: Ambiguous leafnode content ( EMPTY and SOLID ) at (160,-338,-561)-(163,-332,-512) in hull 3 of model 228 (entity: classname "func_pushable", origin "", targetname "")
Warning: No visible brushes in solid entity: model 381 (entity: classname "func_door", origin "-304 -438 -555", targetname "garage_forklift_antistuck", range (-25,-42,-30) - (25,42,-26))
Reduced 32101 clipnodes to 29830
Reduced 11972 texinfos to 11061
Reduced 360 texdatas to 355 (18068 bytes to 15624)
Reduced 40820 planes to 14591
FixBrinks:
Increased 29830 clipnodes to 30199.

Object names  Objects/Maxobjs  Memory / Maxmem  Fullness
------------  ---------------  ---------------  --------
models            392/512        25088/32768    (76.6%)
planes          14591/32768     291820/655360   (44.5%)
vertexes        31100/65535     373200/786420   (47.5%)
nodes           14747/32767     353928/786408   (45.0%)
texinfos        11061/32767     442440/1310680  (33.8%)
faces           20021/65535     400420/1310700  (30.6%)
* worldfaces    15861/32768          0/0        (48.4%)
clipnodes       30199/32767     241592/262136   (92.2%)
leaves          10235/32760     286580/917280   (31.2%)
* worldleaves    6388/8192           0/0        (78.0%)
marksurfaces    32021/65535      64042/131070   (48.9%)
surfedges       89217/512000    356868/2048000  (17.4%)
edges           52398/256000    209592/1024000  (20.5%)
texdata          [variable]      15624/33554432 ( 0.0%)
lightdata        [variable]          0/50331648 ( 0.0%)
visdata          [variable]          0/8388608  ( 0.0%)
entdata          [variable]     184147/2097152  ( 8.8%)
* AllocBlock       42/64             0/0        (65.6%)
355 textures referenced
=== Total BSP file data space used: 3245341 bytes ===
Wad files required to run the map: "czcs_office.wad;czde_fastline.wad;deepmind_windawz.wad;khr_prototype_hl.wad;winfades.wad;halflife.wad;liquids.wad;"
9.13 seconds elapsed

-----   END   hlbsp -----



hlvis v3.4 v0.1 64-bit (Mar  9 2020)
Seedee's Half-Life Tools v0.1
Based on code modifications by vluzacn
Based on code modifications by Sean 'Zoner' Cavanaugh
Based on Valve's version, modified with permission.
Submit detailed bug reports to (cdaniel9000@gmail.com)
-----  BEGIN  hlvis -----
Command line: "C:\Users\Ezry.000\Desktop\HALF LIFE 1 MAPPING\COMPILE TOOLS\sdHLVIS_x64.exe" "C:\Program Files (x86)\Steam\steamapps\common\Half-Life\KEA1989\maps\sew01" -estimate -chart 
Arguments: "C:\Program Files (x86)\Steam\steamapps\common\Half-Life\KEA1989\maps\sew01" -estimate -chart -low 
 612 portalleafs
1043 numportals

-= Current hlvis Settings =-
Name               |  Setting  |  Default
-------------------|-----------|-------------------------
threads             [       6 ] [  Varies ]
verbose             [     off ] [     off ]
log                 [      on ] [      on ]
developer           [       0 ] [       0 ]
chart               [      on ] [     off ]
estimate            [      on ] [     off ]
max texture memory  [ 33554432 ] [ 33554432 ]
max vis distance    [       0 ] [       0 ]
priority            [     Low ] [  Normal ]

fast vis            [     off ] [     off ]
full vis            [     off ] [     off ]


BasePortalVis:
 (0.07 seconds)
LeafThread:
 (0.12 seconds)
average leafs visible: 46
g_visdatasize:60257  compressed from 47124

Object names  Objects/Maxobjs  Memory / Maxmem  Fullness
------------  ---------------  ---------------  --------
models            392/512        25088/32768    (76.6%)
planes          14591/32768     291820/655360   (44.5%)
vertexes        31100/65535     373200/786420   (47.5%)
nodes           14747/32767     353928/786408   (45.0%)
texinfos        11061/32767     442440/1310680  (33.8%)
faces           20021/65535     400420/1310700  (30.6%)
* worldfaces    15861/32768          0/0        (48.4%)
clipnodes       30199/32767     241592/262136   (92.2%)
leaves          10235/32760     286580/917280   (31.2%)
* worldleaves    6388/8192           0/0        (78.0%)
marksurfaces    32021/65535      64042/131070   (48.9%)
surfedges       89217/512000    356868/2048000  (17.4%)
edges           52398/256000    209592/1024000  (20.5%)
texdata          [variable]      15624/33554432 ( 0.0%)
lightdata        [variable]          0/50331648 ( 0.0%)
visdata          [variable]      60257/8388608  ( 0.7%)
entdata          [variable]     184147/2097152  ( 8.8%)
* AllocBlock       42/64             0/0        (65.6%)
355 textures referenced
=== Total BSP file data space used: 3305598 bytes ===
Wad files required to run the map: "czcs_office.wad;czde_fastline.wad;deepmind_windawz.wad;khr_prototype_hl.wad;winfades.wad;halflife.wad;liquids.wad;"
0.35 seconds elapsed

-----   END   hlvis -----



hlrad v3.4 v0.1 64-bit (Mar  9 2020)
Seedee's Half-Life Tools v0.1
Based on code modifications by vluzacn
Based on code modifications by Sean 'Zoner' Cavanaugh
Based on Valve's version, modified with permission.
Submit detailed bug reports to (cdaniel9000@gmail.com)
-----  BEGIN  hlrad -----
Command line: "C:\Users\Ezry.000\Desktop\HALF LIFE 1 MAPPING\COMPILE TOOLS\sdHLRAD_x64.exe" "C:\Program Files (x86)\Steam\steamapps\common\Half-Life\KEA1989\maps\sew01" -estimate -chart -smooth 20 
Arguments: "C:\Program Files (x86)\Steam\steamapps\common\Half-Life\KEA1989\maps\sew01" -estimate -chart -smooth 20 -low 

-= Current hlrad Settings =-
Name                | Setting             | Default
--------------------|---------------------|-------------------------
threads              [                 6 ] [            Varies ]
verbose              [               off ] [               off ]
log                  [                on ] [                on ]
developer            [                 0 ] [                 0 ]
chart                [                on ] [               off ]
estimate             [                on ] [               off ]
max texture memory   [          33554432 ] [          33554432 ]
max lighting memory  [          50331648 ] [          50331648 ]
priority             [               Low ] [            Normal ]

fast rad             [               off ] [               off ]
vismatrix algorithm  [            Sparse ] [            Sparse ]
oversampling (-extra)[               off ] [               off ]
bounces              [                 8 ] [                 8 ]
ambient light        [ 0.000 0.000 0.000 ] [ 0.000 0.000 0.000 ]
light limit threshold[           188.000 ] [           188.000 ]
circus mode          [               off ] [               off ]

smoothing threshold  [            20.000 ] [            50.000 ]
smoothing threshold 2[         no change ] [         no change ]
direct threshold     [            10.000 ] [            10.000 ]
direct light scale   [             1.000 ] [             1.000 ]
coring threshold     [             0.010 ] [             0.010 ]
patch interpolation  [                on ] [                on ]

texscale             [                on ] [                on ]
patch subdividing    [                on ] [                on ]
chop value           [            64.000 ] [            64.000 ]
texchop value        [            32.000 ] [            32.000 ]

global fade          [             1.000 ] [             1.000 ]
global texlight gap  [             0.000 ] [             0.000 ]
global light scale   [ 2.000 2.000 2.000 ] [ 2.000 2.000 2.000 ]
global gamma         [ 0.550 0.550 0.550 ] [ 0.550 0.550 0.550 ]
global light scale   [             2.000 ] [             2.000 ]
global sky diffusion [             1.000 ] [             1.000 ]

spread angles        [                on ] [                on ]
opaque entities      [                on ] [                on ]
sky lighting fix     [                on ] [                on ]
incremental          [               off ] [               off ]
dump                 [               off ] [               off ]

colour jitter        [       0.0 0.0 0.0 ] [       0.0 0.0 0.0 ]
monochromatic jitter [       0.0 0.0 0.0 ] [       0.0 0.0 0.0 ]

custom shadows with bounce light
                     [               off ] [               off ]
rgb transfers        [               off ] [               off ]
minimum final light  [                 0 ] [                 0 ]
size of transfer     [         1 (16bit) ] [         1 (16bit) ]
size of rgbtransfer  [         2 (32bit) ] [         2 (32bit) ]
soft sky             [                on ] [                on ]
translucent depth    [             2.000 ] [             2.000 ]
block opaque         [                on ] [                on ]
ignore textures      [               off ] [               off ]
reflectivity gamma   [             1.760 ] [             1.760 ]
reflectivity scale   [             0.700 ] [             0.700 ]
blur size            [             1.500 ] [             1.500 ]
no emitter range     [               off ] [               off ]
wall bleeding fix    [                on ] [                on ]


Load Textures:
Using Wadfile: C:\Program Files (x86)\Steam\steamapps\common\Half-Life\KEA1989\maps\sew01.wa_
355 textures referenced
Reading texlights from 'C:\Users\Ezry.000\Desktop\HALF LIFE 1 MAPPING\COMPILE TOOLS\lights.rad'
7 opaque models
113 opaque faces
20021 faces
Create Patches : 46155 base patches
627581 square feet [90371776.00 square inches]
1505 direct lights and 1 fast direct lights
12 light styles

FindFacePositions:
 (4.70 seconds)
BuildFacelights:
 (21.55 seconds)
BuildVisLeafs:
 (19.82 seconds)
visibility matrix   :  14.1 megs
MakeScales:
 (31.44 seconds)
Transfer Lists :    26886839 :    26.89M transfers
       Indices :    30500404 :    29.09M bytes
          Data :    53909245 :    51.41M bytes
dynamic shadow array:   2.7 megs 
Bounce 1 GatherLight:
 (1.16 seconds)
Bounce 2 GatherLight:
 (1.27 seconds)
Bounce 3 GatherLight:
 (1.20 seconds)
Bounce 4 GatherLight:
 (1.32 seconds)
Bounce 5 GatherLight:
 (1.43 seconds)
Bounce 6 GatherLight:
 (1.21 seconds)
Bounce 7 GatherLight:
 (1.31 seconds)
Bounce 8 GatherLight:
 (1.30 seconds)
CreateTriangulations:
 (0.51 seconds)
AddPatchLights:
 (6.34 seconds)
FinalLightFace:
 (0.61 seconds)

Object names  Objects/Maxobjs  Memory / Maxmem  Fullness
------------  ---------------  ---------------  --------
models            392/512        25088/32768    (76.6%)
planes          14591/32768     291820/655360   (44.5%)
vertexes        31100/65535     373200/786420   (47.5%)
nodes           14747/32767     353928/786408   (45.0%)
texinfos        11061/32767     442440/1310680  (33.8%)
faces           20021/65535     400420/1310700  (30.6%)
* worldfaces    15861/32768          0/0        (48.4%)
clipnodes       30199/32767     241592/262136   (92.2%)
leaves          10235/32760     286580/917280   (31.2%)
* worldleaves    6388/8192           0/0        (78.0%)
marksurfaces    32021/65535      64042/131070   (48.9%)
surfedges       89217/512000    356868/2048000  (17.4%)
edges           52398/256000    209592/1024000  (20.5%)
texdata          [variable]      15624/33554432 ( 0.0%)
lightdata        [variable]    2717580/50331648 ( 5.4%)
visdata          [variable]      60257/8388608  ( 0.7%)
entdata          [variable]     184147/2097152  ( 8.8%)
* AllocBlock       42/64             0/0        (65.6%)
355 textures referenced
=== Total BSP file data space used: 6023178 bytes ===
Wad files required to run the map: "czcs_office.wad;czde_fastline.wad;deepmind_windawz.wad;khr_prototype_hl.wad;winfades.wad;halflife.wad;liquids.wad;"
96.81 seconds elapsed [1m 36s]

-----   END   hlrad -----



