195
292
3
1
1
1
1
1
1
22
1
14
1
1
1
17
1
27
1
6
1
1
1
5
2
1
1
1
75
1
3
35
1
21
1
24
1
3
1
17
7
1
11
3
1
1
8
1
1
20
2
18
9
1
2
2
16
1
5
5
17
1
1
3
1
17
4
4
11
17
20
1
1
1
1
1
5
4
17
5
2
1
1
18
1
1
6
29
1
1
6
4
22
20
17
1
1
15
11
24
10
6
19
1
1
124
17
3
1
1
1
1
1
1
1
1
1
1
1
39
1
23
9
6
22
1
1
1
1
22
1
1
1
1
1
21
1
1
113
1
139
1
81
80
50
4
35
2
100
17
16
1
44
1
15
29
29
1
17
1
1
17
41
22
1
3
45
54
2
1
2
2
33
17
1
1
1
81
19
1
2
2
3
37
1
1
16
1
1
1
2
1
1
1
1
1
1
4 0 61 (-1296.000000 1808.000000 256.000000) (-1728.000000 1808.000000 256.000000) (-1728.000000 2048.000000 256.000000) (-1296.000000 2048.000000 256.000000) 
4 0 1 (-1428.000000 1808.000000 2172.000000) (-1596.000000 1808.000000 2172.000000) (-1596.000000 1808.000000 2048.000000) (-1428.000000 1808.000000 2048.000000) 
4 1 2 (-1596.000000 1792.000000 2048.000000) (-1428.000000 1792.000000 2048.000000) (-1428.000000 1792.000000 2172.000000) (-1596.000000 1792.000000 2172.000000) 
4 2 3 (-1600.000000 1536.000000 2048.000000) (-1472.000000 1536.000000 2048.000000) (-1472.000000 1536.000000 2176.000000) (-1600.000000 1536.000000 2176.000000) 
4 3 4 (-1600.000000 1472.000000 2048.000000) (-1472.000000 1472.000000 2048.000000) (-1472.000000 1472.000000 2176.000000) (-1600.000000 1472.000000 2176.000000) 
4 5 9 (864.000000 960.000000 -32.000000) (864.000000 960.000000 -128.000000) (864.000000 704.000000 -128.000000) (864.000000 704.000000 -32.000000) 
4 5 7 (864.000000 960.000000 96.000000) (864.000000 960.000000 -32.000000) (864.000000 704.000000 -32.000000) (864.000000 704.000000 96.000000) 
4 6 18 (864.000000 864.000000 -192.000000) (864.000000 736.000000 -192.000000) (864.000000 736.000000 -144.000000) (864.000000 864.000000 -144.000000) 
4 7 42 (864.000000 32.000000 -32.000000) (864.000000 32.000000 96.000000) (608.000000 32.000000 96.000000) (608.000000 32.000000 -32.000000) 
4 7 9 (864.000000 32.000000 -32.000000) (608.000000 32.000000 -32.000000) (608.000000 960.000000 -32.000000) (864.000000 960.000000 -32.000000) 
4 7 8 (608.000000 960.000000 96.000000) (608.000000 960.000000 -32.000000) (608.000000 704.000000 -32.000000) (608.000000 704.000000 96.000000) 
4 8 12 (576.000000 960.000000 96.000000) (576.000000 960.000000 -32.000000) (576.000000 704.000000 -32.000000) (576.000000 704.000000 96.000000) 
4 8 10 (576.000000 704.000000 -32.000000) (576.000000 960.000000 -32.000000) (608.000000 960.000000 -32.000000) (608.000000 704.000000 -32.000000) 
4 9 42 (864.000000 32.000000 -128.000000) (864.000000 32.000000 -32.000000) (608.000000 32.000000 -32.000000) (608.000000 32.000000 -128.000000) 
4 9 19 (672.000000 288.000000 -128.000000) (672.000000 416.000000 -128.000000) (800.000000 416.000000 -128.000000) (800.000000 288.000000 -128.000000) 
4 9 20 (800.000000 32.000000 -128.000000) (672.000000 32.000000 -128.000000) (672.000000 160.000000 -128.000000) (800.000000 160.000000 -128.000000) 
4 9 11 (608.000000 320.000000 -128.000000) (608.000000 128.000000 -128.000000) (608.000000 128.000000 -32.000000) (608.000000 320.000000 -32.000000) 
4 9 10 (608.000000 960.000000 -128.000000) (608.000000 704.000000 -128.000000) (608.000000 704.000000 -32.000000) (608.000000 960.000000 -32.000000) 
4 10 12 (576.000000 960.000000 -32.000000) (576.000000 960.000000 -128.000000) (576.000000 704.000000 -128.000000) (576.000000 704.000000 -32.000000) 
4 11 15 (576.000000 320.000000 -128.000000) (576.000000 128.000000 -128.000000) (576.000000 128.000000 -32.000000) (576.000000 320.000000 -32.000000) 
4 13 24 (448.000000 512.000000 -128.000000) (448.000000 416.000000 -128.000000) (384.000000 416.000000 -128.000000) (384.000000 512.000000 -128.000000) 
4 13 14 (448.000000 416.000000 -128.000000) (448.000000 416.000000 -72.000000) (384.000000 416.000000 -72.000000) (384.000000 416.000000 -128.000000) 
4 14 24 (448.000000 416.000000 -128.000000) (448.000000 384.000000 -128.000000) (384.000000 384.000000 -128.000000) (384.000000 416.000000 -128.000000) 
4 14 15 (384.000000 384.000000 -128.000000) (448.000000 384.000000 -128.000000) (448.000000 384.000000 -72.000000) (384.000000 384.000000 -72.000000) 
4 15 24 (384.000000 384.000000 -128.000000) (448.000000 384.000000 -128.000000) (448.000000 320.000000 -128.000000) (384.000000 320.000000 -128.000000) 
4 15 16 (320.000000 288.000000 -128.000000) (320.000000 160.000000 -128.000000) (320.000000 160.000000 0.000000) (320.000000 288.000000 0.000000) 
4 16 17 (288.000000 288.000000 -128.000000) (288.000000 160.000000 -128.000000) (288.000000 160.000000 -0.000000) (288.000000 288.000000 0.000000) 
4 17 54 (32.000000 384.000000 -96.000000) (32.000000 384.000000 -128.000000) (32.000000 64.000000 -128.000000) (32.000000 64.000000 -96.000000) 
4 17 26 (32.000000 64.000000 -128.000000) (32.000000 384.000000 -128.000000) (288.000000 384.000000 -128.000000) (288.000000 64.000000 -128.000000) 
4 18 25 (288.000000 736.000000 -192.000000) (288.000000 736.000000 -144.000000) (288.000000 864.000000 -144.000000) (288.000000 864.000000 -192.000000) 
4 18 21 (800.000000 736.000000 -144.000000) (672.000000 736.000000 -144.000000) (672.000000 736.000000 -192.000000) (800.000000 736.000000 -192.000000) 
4 19 21 (800.000000 416.000000 -144.000000) (800.000000 288.000000 -144.000000) (672.000000 288.000000 -144.000000) (672.000000 416.000000 -144.000000) 
4 20 21 (800.000000 160.000000 -144.000000) (800.000000 32.000000 -144.000000) (672.000000 32.000000 -144.000000) (672.000000 160.000000 -144.000000) 
4 21 44 (800.000000 32.000000 -144.000000) (672.000000 32.000000 -144.000000) (672.000000 32.000000 -192.000000) (800.000000 32.000000 -192.000000) 
4 21 22 (672.000000 576.000000 -192.000000) (672.000000 512.000000 -192.000000) (672.000000 512.000000 -144.000000) (672.000000 576.000000 -144.000000) 
4 22 23 (576.000000 576.000000 -144.000000) (576.000000 576.000000 -192.000000) (576.000000 512.000000 -192.000000) (576.000000 512.000000 -144.000000) 
4 23 24 (384.000000 512.000000 -144.000000) (384.000000 512.000000 -192.000000) (448.000000 512.000000 -192.000000) (448.000000 512.000000 -144.000000) 
4 26 55 (32.000000 384.000000 -768.000000) (32.000000 64.000000 -768.000000) (32.000000 64.000000 -512.000000) (32.000000 384.000000 -512.000000) 
4 26 54 (32.000000 64.000000 -352.000000) (32.000000 64.000000 -128.000000) (32.000000 384.000000 -128.000000) (32.000000 384.000000 -352.000000) 
4 27 29 (1960.000000 -224.000000 -528.000000) (1864.000000 -224.000000 -528.000000) (1864.000000 -96.000000 -528.000000) (1960.000000 -96.000000 -528.000000) 
4 28 35 (1616.000000 -224.000000 -128.000000) (1616.000000 -224.000000 -32.000000) (1616.000000 -96.000000 -32.000000) (1616.000000 -96.000000 -128.000000) 
4 28 31 (1712.000000 -224.000000 -528.000000) (1616.000000 -224.000000 -528.000000) (1616.000000 -96.000000 -528.000000) (1712.000000 -96.000000 -528.000000) 
4 29 33 (1864.000000 -352.000000 -528.000000) (1864.000000 -224.000000 -528.000000) (1864.000000 -224.000000 -704.000000) (1864.000000 -352.000000 -704.000000) 
4 29 31 (1864.000000 -224.000000 -528.000000) (1864.000000 32.000000 -528.000000) (1864.000000 32.000000 -704.000000) (1864.000000 -224.000000 -704.000000) 
4 29 30 (1864.000000 -224.000000 -704.000000) (1864.000000 -96.000000 -704.000000) (1960.000000 -96.000000 -704.000000) (1960.000000 -224.000000 -704.000000) 
4 30 66 (1960.000000 -96.000000 -768.000000) (1960.000000 -224.000000 -768.000000) (1864.000000 -224.000000 -768.000000) (1864.000000 -96.000000 -768.000000) 
4 31 40 (1616.000000 32.000000 -528.000000) (1616.000000 32.000000 -704.000000) (1616.000000 -224.000000 -704.000000) (1616.000000 -224.000000 -528.000000) 
4 31 33 (1616.000000 -224.000000 -528.000000) (1616.000000 -224.000000 -704.000000) (1864.000000 -224.000000 -704.000000) (1864.000000 -224.000000 -528.000000) 
4 31 32 (1616.000000 -224.000000 -704.000000) (1616.000000 -96.000000 -704.000000) (1712.000000 -96.000000 -704.000000) (1712.000000 -224.000000 -704.000000) 
4 32 69 (1712.000000 -224.000000 -768.000000) (1616.000000 -224.000000 -768.000000) (1616.000000 -96.000000 -768.000000) (1712.000000 -96.000000 -768.000000) 
4 33 40 (1616.000000 -352.000000 -704.000000) (1616.000000 -352.000000 -528.000000) (1616.000000 -224.000000 -528.000000) (1616.000000 -224.000000 -704.000000) 
4 34 50 (1504.000000 -480.000000 -77.714286) (1504.000000 -480.000000 -128.000000) (1536.000000 -480.000000 -128.000000) (1536.000000 -480.000000 -77.714286) 
4 34 47 (1536.000000 -480.000000 96.000000) (1504.000000 -480.000000 96.000000) (1504.000000 -480.000000 -77.714286) (1536.000000 -480.000000 -77.714286) 
5 34 38 (1504.000000 -480.000000 -128.000000) (1504.000000 -480.000000 40.000000) (1512.000000 -472.000000 32.000000) (1536.000000 -448.000000 -32.000000) (1536.000000 -448.000000 -128.000000) 
4 35 36 (1088.000000 -224.000000 -128.000000) (1216.000000 -224.000000 -128.000000) (1216.000000 -224.000000 -32.000000) (1088.000000 -224.000000 -32.000000) 
4 36 37 (1088.000000 -416.000000 -32.000000) (1088.000000 -416.000000 -128.000000) (1216.000000 -416.000000 -128.000000) (1216.000000 -416.000000 -32.000000) 
4 37 38 (1088.000000 -448.000000 -32.000000) (1088.000000 -448.000000 -128.000000) (1216.000000 -448.000000 -128.000000) (1216.000000 -448.000000 -32.000000) 
4 38 52 (1088.000000 -480.000000 40.000000) (1088.000000 -480.000000 -128.000000) (1280.000000 -480.000000 -128.000000) (1280.000000 -480.000000 40.000000) 
4 38 51 (1280.000000 -480.000000 -128.000000) (1504.000000 -480.000000 -128.000000) (1504.000000 -480.000000 40.000000) (1280.000000 -480.000000 40.000000) 
5 38 41 (1088.000000 -480.000000 -128.000000) (1088.000000 -480.000000 40.000000) (1088.000000 -472.000000 32.000000) (1088.000000 -448.000000 -32.000000) (1088.000000 -448.000000 -128.000000) 
4 39 45 (1088.000000 -480.000000 -192.000000) (1088.000000 -480.000000 -144.000000) (1088.000000 -352.000000 -144.000000) (1088.000000 -352.000000 -192.000000) 
4 41 52 (1088.000000 -480.000000 -128.000000) (1088.000000 -480.000000 40.000000) (832.000000 -480.000000 40.000000) (832.000000 -480.000000 -128.000000) 
5 41 42 (864.000000 -448.000000 -128.000000) (832.000000 -480.000000 -128.000000) (832.000000 -480.000000 40.000000) (840.000000 -472.000000 32.000000) (864.000000 -448.000000 -32.000000) 
4 42 53 (832.000000 -480.000000 96.000000) (608.000000 -480.000000 96.000000) (608.000000 -480.000000 -128.000000) (832.000000 -480.000000 -128.000000) 
4 42 43 (800.000000 -96.000000 -128.000000) (800.000000 -224.000000 -128.000000) (672.000000 -224.000000 -128.000000) (672.000000 -96.000000 -128.000000) 
4 43 44 (672.000000 -224.000000 -144.000000) (672.000000 -96.000000 -144.000000) (800.000000 -96.000000 -144.000000) (800.000000 -224.000000 -144.000000) 
4 44 45 (672.000000 -352.000000 -192.000000) (800.000000 -352.000000 -192.000000) (800.000000 -352.000000 -144.000000) (672.000000 -352.000000 -144.000000) 
4 45 46 (576.000000 -352.000000 -192.000000) (576.000000 -480.000000 -192.000000) (576.000000 -480.000000 -144.000000) (576.000000 -352.000000 -144.000000) 
6 47 51 (1504.000000 -480.000000 40.000000) (1504.000000 -480.000000 -77.714286) (1280.000000 -704.000000 -13.714286) (1280.000000 -704.000000 96.000000) (1408.000000 -576.000000 96.000000) (1472.000000 -512.000000 72.000000) 
4 47 50 (1400.000000 -584.000000 -48.000000) (1504.000000 -480.000000 -77.714286) (1536.000000 -480.000000 -77.714286) (1536.000000 -584.000000 -48.000000) 
5 47 49 (1280.000000 -1088.000000 96.000000) (1280.000000 -704.000000 -13.714286) (1400.000000 -584.000000 -48.000000) (1536.000000 -584.000000 -48.000000) (1536.000000 -1088.000000 96.000000) 
4 48 49 (1536.000000 -1824.000000 -48.000000) (1536.000000 -1824.000000 176.000000) (1536.000000 -1568.000000 176.000000) (1536.000000 -1568.000000 -48.000000) 
3 49 51 (1280.000000 -704.000000 -48.000000) (1280.000000 -704.000000 -13.714286) (1400.000000 -584.000000 -48.000000) 
5 49 50 (1280.000000 -1368.000000 -48.000000) (1280.000000 -704.000000 -48.000000) (1400.000000 -584.000000 -48.000000) (1536.000000 -584.000000 -48.000000) (1536.000000 -1368.000000 -48.000000) 
5 50 51 (1504.000000 -480.000000 -77.714286) (1504.000000 -480.000000 -128.000000) (1280.000000 -704.000000 -128.000000) (1280.000000 -704.000000 -48.000000) (1400.000000 -584.000000 -48.000000) 
6 51 52 (1280.000000 -480.000000 40.000000) (1280.000000 -480.000000 -128.000000) (1280.000000 -704.000000 -128.000000) (1280.000000 -704.000000 96.000000) (1280.000000 -576.000000 96.000000) (1280.000000 -512.000000 72.000000) 
6 52 53 (832.000000 -480.000000 40.000000) (832.000000 -480.000000 -128.000000) (608.000000 -704.000000 -128.000000) (608.000000 -704.000000 96.000000) (736.000000 -576.000000 96.000000) (800.000000 -512.000000 72.000000) 
4 55 56 (-96.000000 384.000000 -512.000000) (-96.000000 384.000000 -768.000000) (-96.000000 64.000000 -768.000000) (-96.000000 64.000000 -512.000000) 
4 56 57 (-416.000000 32.000000 -512.000000) (-416.000000 32.000000 -768.000000) (-96.000000 32.000000 -768.000000) (-96.000000 32.000000 -512.000000) 
4 57 58 (-416.000000 -576.000000 -512.000000) (-416.000000 -256.000000 -512.000000) (-416.000000 -256.000000 -768.000000) (-416.000000 -576.000000 -768.000000) 
4 58 59 (-672.000000 -352.000000 -768.000000) (-672.000000 -480.000000 -768.000000) (-672.000000 -480.000000 -608.000000) (-672.000000 -352.000000 -608.000000) 
4 59 60 (-704.000000 -352.000000 -768.000000) (-704.000000 -480.000000 -768.000000) (-704.000000 -480.000000 -608.000000) (-704.000000 -352.000000 -608.000000) 
4 60 160 (-1120.000000 -576.000000 -768.000000) (-1120.000000 -256.000000 -768.000000) (-704.000000 -256.000000 -768.000000) (-704.000000 -576.000000 -768.000000) 
4 61 117 (-1296.000000 2048.000000 -768.000000) (-1296.000000 1808.000000 -768.000000) (-1728.000000 1808.000000 -768.000000) (-1728.000000 2048.000000 -768.000000) 
4 62 163 (-1472.000000 -480.000000 -768.000000) (-1344.000000 -480.000000 -768.000000) (-1344.000000 -544.000000 -768.000000) (-1472.000000 -544.000000 -768.000000) 
4 63 77 (2112.000000 160.000000 -1280.000000) (2112.000000 32.000000 -1280.000000) (1472.000000 32.000000 -1280.000000) (1472.000000 160.000000 -1280.000000) 
4 63 76 (1984.000000 160.000000 -1280.000000) (1856.000000 160.000000 -1280.000000) (1856.000000 192.000000 -1280.000000) (1984.000000 192.000000 -1280.000000) 
4 63 75 (1472.000000 416.000000 -1088.000000) (1472.000000 416.000000 -1280.000000) (1472.000000 32.000000 -1280.000000) (1472.000000 32.000000 -1088.000000) 
4 63 72 (1504.000000 32.000000 -1088.000000) (1568.000000 32.000000 -1088.000000) (1568.000000 32.000000 -1056.000000) (1504.000000 32.000000 -1056.000000) 
4 63 73 (1472.000000 32.000000 -1056.000000) (1472.000000 32.000000 -1088.000000) (1504.000000 32.000000 -1088.000000) (1504.000000 32.000000 -1056.000000) 
4 63 71 (1568.000000 32.000000 -960.000000) (1472.000000 32.000000 -960.000000) (1472.000000 32.000000 -1056.000000) (1568.000000 32.000000 -1056.000000) 
4 63 70 (1712.000000 32.000000 -1088.000000) (1712.000000 32.000000 -960.000000) (1568.000000 32.000000 -960.000000) (1568.000000 32.000000 -1088.000000) 
4 63 74 (1472.000000 32.000000 -1280.000000) (1712.000000 32.000000 -1280.000000) (1712.000000 32.000000 -1088.000000) (1472.000000 32.000000 -1088.000000) 
4 63 65 (1712.000000 32.000000 -1280.000000) (1960.000000 32.000000 -1280.000000) (1960.000000 32.000000 -960.000000) (1712.000000 32.000000 -960.000000) 
4 63 64 (1960.000000 32.000000 -1280.000000) (2112.000000 32.000000 -1280.000000) (2112.000000 32.000000 -960.000000) (1960.000000 32.000000 -960.000000) 
4 64 77 (2112.000000 32.000000 -1280.000000) (2112.000000 -352.000000 -1280.000000) (1960.000000 -352.000000 -1280.000000) (1960.000000 32.000000 -1280.000000) 
4 64 68 (1960.000000 -224.000000 -1280.000000) (1960.000000 -352.000000 -1280.000000) (1960.000000 -352.000000 -960.000000) (1960.000000 -224.000000 -960.000000) 
4 64 67 (1960.000000 -96.000000 -1280.000000) (1960.000000 -224.000000 -1280.000000) (1960.000000 -224.000000 -960.000000) (1960.000000 -96.000000 -960.000000) 
4 64 65 (1960.000000 32.000000 -960.000000) (1960.000000 32.000000 -1280.000000) (1960.000000 -96.000000 -1280.000000) (1960.000000 -96.000000 -960.000000) 
4 65 77 (1712.000000 -96.000000 -1280.000000) (1712.000000 32.000000 -1280.000000) (1960.000000 32.000000 -1280.000000) (1960.000000 -96.000000 -1280.000000) 
4 65 70 (1712.000000 -96.000000 -1088.000000) (1712.000000 -96.000000 -960.000000) (1712.000000 32.000000 -960.000000) (1712.000000 32.000000 -1088.000000) 
4 65 74 (1712.000000 32.000000 -1280.000000) (1712.000000 -96.000000 -1280.000000) (1712.000000 -96.000000 -1088.000000) (1712.000000 32.000000 -1088.000000) 
4 65 67 (1712.000000 -96.000000 -960.000000) (1712.000000 -96.000000 -1280.000000) (1960.000000 -96.000000 -1280.000000) (1960.000000 -96.000000 -960.000000) 
4 66 67 (1960.000000 -224.000000 -960.000000) (1864.000000 -224.000000 -960.000000) (1864.000000 -96.000000 -960.000000) (1960.000000 -96.000000 -960.000000) 
4 67 77 (1712.000000 -224.000000 -1280.000000) (1712.000000 -96.000000 -1280.000000) (1960.000000 -96.000000 -1280.000000) (1960.000000 -224.000000 -1280.000000) 
4 67 70 (1712.000000 -224.000000 -1088.000000) (1712.000000 -224.000000 -960.000000) (1712.000000 -96.000000 -960.000000) (1712.000000 -96.000000 -1088.000000) 
4 67 74 (1712.000000 -96.000000 -1280.000000) (1712.000000 -224.000000 -1280.000000) (1712.000000 -224.000000 -1088.000000) (1712.000000 -96.000000 -1088.000000) 
4 67 68 (1712.000000 -224.000000 -1280.000000) (1960.000000 -224.000000 -1280.000000) (1960.000000 -224.000000 -960.000000) (1712.000000 -224.000000 -960.000000) 
4 68 77 (1960.000000 -352.000000 -1280.000000) (1712.000000 -352.000000 -1280.000000) (1712.000000 -224.000000 -1280.000000) (1960.000000 -224.000000 -1280.000000) 
4 68 70 (1712.000000 -352.000000 -1088.000000) (1712.000000 -352.000000 -960.000000) (1712.000000 -224.000000 -960.000000) (1712.000000 -224.000000 -1088.000000) 
4 68 74 (1712.000000 -224.000000 -1280.000000) (1712.000000 -352.000000 -1280.000000) (1712.000000 -352.000000 -1088.000000) (1712.000000 -224.000000 -1088.000000) 
4 70 72 (1568.000000 32.000000 -1088.000000) (1568.000000 -344.000000 -1088.000000) (1568.000000 -320.000000 -1056.000000) (1568.000000 32.000000 -1056.000000) 
4 70 71 (1568.000000 -352.000000 -1056.000000) (1568.000000 -352.000000 -960.000000) (1568.000000 32.000000 -960.000000) (1568.000000 32.000000 -1056.000000) 
4 70 74 (1712.000000 -352.000000 -1088.000000) (1568.000000 -352.000000 -1088.000000) (1568.000000 32.000000 -1088.000000) (1712.000000 32.000000 -1088.000000) 
4 71 72 (1504.000000 -320.000000 -1056.000000) (1504.000000 32.000000 -1056.000000) (1568.000000 32.000000 -1056.000000) (1568.000000 -320.000000 -1056.000000) 
4 71 73 (1504.000000 -352.000000 -1056.000000) (1472.000000 -352.000000 -1056.000000) (1472.000000 32.000000 -1056.000000) (1504.000000 32.000000 -1056.000000) 
4 72 73 (1504.000000 32.000000 -1056.000000) (1504.000000 32.000000 -1088.000000) (1504.000000 -344.000000 -1088.000000) (1504.000000 -320.000000 -1056.000000) 
4 72 74 (1504.000000 -344.000000 -1088.000000) (1504.000000 32.000000 -1088.000000) (1568.000000 32.000000 -1088.000000) (1568.000000 -344.000000 -1088.000000) 
4 73 74 (1504.000000 -352.000000 -1088.000000) (1472.000000 -352.000000 -1088.000000) (1472.000000 32.000000 -1088.000000) (1504.000000 32.000000 -1088.000000) 
4 74 77 (1712.000000 -352.000000 -1280.000000) (1472.000000 -352.000000 -1280.000000) (1472.000000 32.000000 -1280.000000) (1712.000000 32.000000 -1280.000000) 
4 74 75 (1472.000000 32.000000 -1280.000000) (1472.000000 -352.000000 -1280.000000) (1472.000000 -352.000000 -1088.000000) (1472.000000 32.000000 -1088.000000) 
4 75 78 (1216.000000 -224.000000 -1088.000000) (1216.000000 -96.000000 -1088.000000) (1216.000000 -96.000000 -1280.000000) (1216.000000 -224.000000 -1280.000000) 
4 76 77 (1984.000000 160.000000 -1280.000000) (1856.000000 160.000000 -1280.000000) (1856.000000 160.000000 -1536.000000) (1984.000000 160.000000 -1536.000000) 
4 78 80 (1088.000000 -96.000000 -1280.000000) (1088.000000 -224.000000 -1280.000000) (1088.000000 -224.000000 -1088.000000) (1088.000000 -96.000000 -1088.000000) 
4 79 81 (960.000000 256.000000 -1280.000000) (960.000000 288.000000 -1280.000000) (1088.000000 288.000000 -1280.000000) (1088.000000 256.000000 -1280.000000) 
4 79 80 (960.000000 256.000000 -1152.000000) (960.000000 256.000000 -1280.000000) (1088.000000 256.000000 -1280.000000) (1088.000000 256.000000 -1152.000000) 
4 80 81 (960.000000 160.000000 -1280.000000) (960.000000 256.000000 -1280.000000) (1088.000000 256.000000 -1280.000000) (1088.000000 160.000000 -1280.000000) 
4 81 85 (576.000000 160.000000 -1408.000000) (576.000000 160.000000 -1280.000000) (576.000000 288.000000 -1280.000000) (576.000000 288.000000 -1408.000000) 
4 81 82 (1088.000000 160.000000 -1408.000000) (704.000000 160.000000 -1408.000000) (704.000000 288.000000 -1408.000000) (1088.000000 288.000000 -1408.000000) 
4 83 85 (256.000000 672.000000 -1472.000000) (512.000000 672.000000 -1472.000000) (512.000000 672.000000 -1280.000000) (256.000000 672.000000 -1280.000000) 
4 84 88 (576.000000 64.000000 -1216.000000) (576.000000 64.000000 -832.000000) (-192.000000 64.000000 -832.000000) (-192.000000 64.000000 -1216.000000) 
4 84 86 (-192.000000 544.000000 -1088.000000) (-192.000000 544.000000 -1216.000000) (-192.000000 416.000000 -1216.000000) (-192.000000 416.000000 -1088.000000) 
4 84 85 (576.000000 64.000000 -1216.000000) (64.000000 64.000000 -1216.000000) (64.000000 672.000000 -1216.000000) (576.000000 672.000000 -1216.000000) 
4 85 89 (192.000000 64.000000 -1472.000000) (576.000000 64.000000 -1472.000000) (576.000000 64.000000 -1216.000000) (64.000000 64.000000 -1216.000000) 
4 86 87 (-224.000000 416.000000 -1216.000000) (-224.000000 416.000000 -1088.000000) (-224.000000 544.000000 -1088.000000) (-224.000000 544.000000 -1216.000000) 
4 87 126 (-384.000000 416.000000 -1194.666667) (-384.000000 416.000000 -960.000000) (-384.000000 544.000000 -960.000000) (-384.000000 544.000000 -1194.666667) 
4 88 90 (576.000000 -576.000000 -1216.000000) (576.000000 -576.000000 -832.000000) (-192.000000 -576.000000 -832.000000) (-192.000000 -576.000000 -1216.000000) 
4 88 89 (64.000000 64.000000 -1216.000000) (576.000000 64.000000 -1216.000000) (576.000000 -576.000000 -1216.000000) (64.000000 -576.000000 -1216.000000) 
4 89 91 (192.000000 -576.000000 -1472.000000) (576.000000 -576.000000 -1472.000000) (576.000000 -576.000000 -1216.000000) (64.000000 -576.000000 -1216.000000) 
4 90 94 (-104.000000 -1248.000000 -1088.000000) (-104.000000 -1248.000000 -1216.000000) (-0.000000 -1248.000000 -1216.000000) (0.000000 -1248.000000 -1088.000000) 
4 90 91 (576.000000 -1248.000000 -1216.000000) (64.000000 -1248.000000 -1216.000000) (64.000000 -576.000000 -1216.000000) (576.000000 -576.000000 -1216.000000) 
4 91 102 (256.000000 -1248.000000 -1472.000000) (512.000000 -1248.000000 -1472.000000) (512.000000 -1248.000000 -1280.000000) (256.000000 -1248.000000 -1280.000000) 
4 91 92 (192.000000 -1024.000000 -1472.000000) (192.000000 -1152.000000 -1472.000000) (128.000000 -1152.000000 -1344.000000) (128.000000 -1024.000000 -1344.000000) 
4 92 93 (-192.000000 -1024.000000 -1472.000000) (-192.000000 -1152.000000 -1472.000000) (-192.000000 -1152.000000 -1344.000000) (-192.000000 -1024.000000 -1344.000000) 
4 93 103 (-320.000000 -1248.000000 -1472.000000) (-192.000000 -1248.000000 -1472.000000) (-192.000000 -1248.000000 -1280.000000) (-320.000000 -1248.000000 -1280.000000) 
4 94 96 (-104.000000 -1264.000000 -1216.000000) (0.000000 -1264.000000 -1216.000000) (0.000000 -1264.000000 -1088.000000) (-104.000000 -1264.000000 -1088.000000) 
4 95 97 (-104.000000 -1376.000000 -1216.000000) (0.000000 -1376.000000 -1216.000000) (-0.000000 -1376.000000 -1088.000000) (-104.000000 -1376.000000 -1088.000000) 
4 95 96 (-104.000000 -1376.000000 -1216.000000) (-104.000000 -1376.000000 -1088.000000) (-0.000000 -1264.000000 -1088.000000) (0.000000 -1264.000000 -1216.000000) 
4 97 98 (-104.000000 -1376.000000 -1088.000000) (-104.000000 -1376.000000 -1216.000000) (-192.000000 -1480.000000 -1216.000000) (-192.000000 -1480.000000 -1088.000000) 
4 98 99 (-192.000000 -1376.000000 -1216.000000) (-192.000000 -1480.000000 -1216.000000) (-192.000000 -1480.000000 -1088.000000) (-192.000000 -1376.000000 -1088.000000) 
4 99 176 (-384.000000 -1376.000000 -1216.000000) (-384.000000 -1480.000000 -1216.000000) (-384.000000 -1480.000000 -1088.000000) (-384.000000 -1376.000000 -1088.000000) 
4 99 100 (-304.000000 -1480.000000 -1216.000000) (-192.000000 -1480.000000 -1216.000000) (-192.000000 -1480.000000 -1088.000000) (-304.000000 -1480.000000 -1088.000000) 
4 100 101 (-288.000000 -1520.000000 -1216.000000) (-224.000000 -1520.000000 -1216.000000) (-224.000000 -1520.000000 -1120.000000) (-288.000000 -1520.000000 -1120.000000) 
4 103 105 (-368.000000 -1394.000000 -1472.000000) (-368.000000 -1458.000000 -1472.000000) (-368.000000 -1458.000000 -1376.000000) (-368.000000 -1394.000000 -1376.000000) 
4 103 104 (-192.000000 -1504.000000 -1280.000000) (-320.000000 -1504.000000 -1280.000000) (-320.000000 -1504.000000 -1472.000000) (-192.000000 -1504.000000 -1472.000000) 
4 105 194 (-384.000000 -1394.000000 -1472.000000) (-384.000000 -1458.000000 -1472.000000) (-384.000000 -1458.000000 -1376.000000) (-384.000000 -1394.000000 -1376.000000) 
4 106 131 (-688.000000 1024.000000 -1472.000000) (-688.000000 1024.000000 -1664.000000) (-512.000000 1024.000000 -1664.000000) (-512.000000 1024.000000 -1472.000000) 
4 106 107 (-688.000000 1164.000000 -1664.000000) (-688.000000 1100.000000 -1664.000000) (-688.000000 1100.000000 -1568.000000) (-688.000000 1164.000000 -1568.000000) 
4 107 108 (-704.000000 1164.000000 -1568.000000) (-704.000000 1164.000000 -1664.000000) (-704.000000 1100.000000 -1664.000000) (-704.000000 1100.000000 -1568.000000) 
4 108 120 (-1104.000000 1033.000000 -1280.000000) (-1104.000000 1344.000000 -1280.000000) (-1104.000000 1344.000000 -1664.000000) (-1104.000000 1033.000000 -1664.000000) 
3 108 112 (-1092.000000 1033.000000 -1523.000000) (-1092.000000 1033.000000 -1520.000000) (-1095.000000 1033.000000 -1520.000000) 
3 108 113 (-1104.000000 1033.000000 -1529.000000) (-1104.000000 1033.000000 -1532.000000) (-1101.000000 1033.000000 -1532.000000) 
3 108 114 (-1104.000000 1033.000000 -1532.000000) (-1104.000000 1033.000000 -1541.000000) (-1095.000000 1033.000000 -1532.000000) 
4 108 111 (-1104.000000 1033.000000 -1541.000000) (-1104.000000 1033.000000 -1664.000000) (-1092.000000 1033.000000 -1664.000000) (-1092.000000 1033.000000 -1529.000000) 
4 108 110 (-1092.000000 1033.000000 -1664.000000) (-704.000000 1033.000000 -1664.000000) (-704.000000 1033.000000 -1520.000000) (-1092.000000 1033.000000 -1520.000000) 
3 108 115 (-1104.000000 1033.000000 -1520.000000) (-1104.000000 1033.000000 -1523.000000) (-1101.000000 1033.000000 -1520.000000) 
4 108 109 (-1104.000000 1033.000000 -1280.000000) (-1104.000000 1033.000000 -1520.000000) (-704.000000 1033.000000 -1520.000000) (-704.000000 1033.000000 -1280.000000) 
4 109 120 (-1104.000000 1032.000000 -1280.000000) (-1104.000000 1033.000000 -1280.000000) (-1104.000000 1033.000000 -1520.000000) (-1104.000000 1032.000000 -1520.000000) 
4 109 112 (-1092.000000 1032.000000 -1520.000000) (-1095.000000 1032.000000 -1520.000000) (-1095.000000 1033.000000 -1520.000000) (-1092.000000 1033.000000 -1520.000000) 
4 109 110 (-704.000000 1032.000000 -1520.000000) (-1092.000000 1032.000000 -1520.000000) (-1092.000000 1033.000000 -1520.000000) (-704.000000 1033.000000 -1520.000000) 
4 109 115 (-1101.000000 1032.000000 -1520.000000) (-1104.000000 1032.000000 -1520.000000) (-1104.000000 1033.000000 -1520.000000) (-1101.000000 1033.000000 -1520.000000) 
4 109 116 (-704.000000 1032.000000 -1280.000000) (-1104.000000 1032.000000 -1280.000000) (-1104.000000 1032.000000 -1520.000000) (-704.000000 1032.000000 -1520.000000) 
4 110 112 (-1092.000000 1032.000000 -1523.000000) (-1092.000000 1032.000000 -1520.000000) (-1092.000000 1033.000000 -1520.000000) (-1092.000000 1033.000000 -1523.000000) 
4 110 111 (-1092.000000 1032.000000 -1664.000000) (-1092.000000 1032.000000 -1529.000000) (-1092.000000 1033.000000 -1529.000000) (-1092.000000 1033.000000 -1664.000000) 
4 110 116 (-1092.000000 1032.000000 -1664.000000) (-704.000000 1032.000000 -1664.000000) (-704.000000 1032.000000 -1520.000000) (-1092.000000 1032.000000 -1520.000000) 
4 111 120 (-1104.000000 1033.000000 -1541.000000) (-1104.000000 1033.000000 -1664.000000) (-1104.000000 1032.000000 -1664.000000) (-1104.000000 1032.000000 -1541.000000) 
4 111 114 (-1095.000000 1033.000000 -1532.000000) (-1104.000000 1033.000000 -1541.000000) (-1104.000000 1032.000000 -1541.000000) (-1095.000000 1032.000000 -1532.000000) 
4 111 116 (-1104.000000 1032.000000 -1541.000000) (-1104.000000 1032.000000 -1664.000000) (-1092.000000 1032.000000 -1664.000000) (-1092.000000 1032.000000 -1529.000000) 
3 112 116 (-1092.000000 1032.000000 -1523.000000) (-1092.000000 1032.000000 -1520.000000) (-1095.000000 1032.000000 -1520.000000) 
4 113 120 (-1104.000000 1033.000000 -1529.000000) (-1104.000000 1033.000000 -1532.000000) (-1104.000000 1032.000000 -1532.000000) (-1104.000000 1032.000000 -1529.000000) 
4 113 114 (-1104.000000 1033.000000 -1532.000000) (-1101.000000 1033.000000 -1532.000000) (-1101.000000 1032.000000 -1532.000000) (-1104.000000 1032.000000 -1532.000000) 
3 113 116 (-1104.000000 1032.000000 -1529.000000) (-1104.000000 1032.000000 -1532.000000) (-1101.000000 1032.000000 -1532.000000) 
4 114 120 (-1104.000000 1033.000000 -1532.000000) (-1104.000000 1033.000000 -1541.000000) (-1104.000000 1032.000000 -1541.000000) (-1104.000000 1032.000000 -1532.000000) 
3 114 116 (-1104.000000 1032.000000 -1532.000000) (-1104.000000 1032.000000 -1541.000000) (-1095.000000 1032.000000 -1532.000000) 
4 115 120 (-1104.000000 1033.000000 -1520.000000) (-1104.000000 1033.000000 -1523.000000) (-1104.000000 1032.000000 -1523.000000) (-1104.000000 1032.000000 -1520.000000) 
3 115 116 (-1104.000000 1032.000000 -1520.000000) (-1104.000000 1032.000000 -1523.000000) (-1101.000000 1032.000000 -1520.000000) 
4 116 133 (-1088.000000 1024.000000 -1664.000000) (-704.000000 1024.000000 -1664.000000) (-704.000000 1024.000000 -1280.000000) (-1088.000000 1024.000000 -1280.000000) 
4 116 120 (-1104.000000 1024.000000 -1664.000000) (-1104.000000 1024.000000 -1280.000000) (-1104.000000 1032.000000 -1280.000000) (-1104.000000 1032.000000 -1664.000000) 
4 117 121 (-1728.000000 1808.000000 -1664.000000) (-1728.000000 2048.000000 -1664.000000) (-1296.000000 2048.000000 -1664.000000) (-1296.000000 1808.000000 -1664.000000) 
4 117 118 (-1596.000000 1808.000000 -1540.000000) (-1596.000000 1808.000000 -1664.000000) (-1428.000000 1808.000000 -1664.000000) (-1428.000000 1808.000000 -1540.000000) 
4 118 119 (-1596.000000 1792.000000 -1664.000000) (-1428.000000 1792.000000 -1664.000000) (-1428.000000 1792.000000 -1540.000000) (-1596.000000 1792.000000 -1540.000000) 
4 119 120 (-1728.000000 1344.000000 -1664.000000) (-1296.000000 1344.000000 -1664.000000) (-1296.000000 1344.000000 -1280.000000) (-1728.000000 1344.000000 -1280.000000) 
4 120 139 (-1660.000000 1024.000000 -1664.000000) (-1540.000000 1024.000000 -1664.000000) (-1540.000000 1024.000000 -1540.000000) (-1660.000000 1024.000000 -1540.000000) 
4 120 122 (-1728.000000 1344.000000 -1664.000000) (-1728.000000 1024.000000 -1664.000000) (-1728.000000 1024.000000 -1280.000000) (-1728.000000 1344.000000 -1280.000000) 
4 122 123 (-2304.000000 1152.000000 -1568.000000) (-2304.000000 1216.000000 -1568.000000) (-2304.000000 1216.000000 -1664.000000) (-2304.000000 1152.000000 -1664.000000) 
4 123 125 (-2320.000000 1216.000000 -1664.000000) (-2320.000000 1152.000000 -1664.000000) (-2320.000000 1152.000000 -1568.000000) (-2320.000000 1216.000000 -1568.000000) 
4 124 125 (-2496.000000 1344.000000 -1664.000000) (-2320.000000 1344.000000 -1664.000000) (-2320.000000 1344.000000 -1472.000000) (-2496.000000 1344.000000 -1472.000000) 
4 126 127 (-704.000000 416.000000 -1152.000000) (-704.000000 416.000000 -960.000000) (-704.000000 544.000000 -960.000000) (-704.000000 544.000000 -1152.000000) 
4 127 128 (-732.000000 320.000000 -1052.000000) (-804.000000 320.000000 -1052.000000) (-804.000000 320.000000 -1152.000000) (-732.000000 320.000000 -1152.000000) 
4 128 129 (-800.000000 312.000000 -1056.000000) (-800.000000 312.000000 -1152.000000) (-736.000000 312.000000 -1152.000000) (-736.000000 312.000000 -1056.000000) 
4 129 130 (-800.000000 296.000000 -1152.000000) (-736.000000 296.000000 -1152.000000) (-736.000000 296.000000 -1056.000000) (-800.000000 296.000000 -1056.000000) 
4 130 141 (-804.000000 288.000000 -1152.000000) (-732.000000 288.000000 -1152.000000) (-732.000000 288.000000 -1052.000000) (-804.000000 288.000000 -1052.000000) 
4 131 132 (-688.000000 948.000000 -1664.000000) (-688.000000 884.000000 -1664.000000) (-688.000000 884.000000 -1568.000000) (-688.000000 948.000000 -1568.000000) 
4 132 133 (-704.000000 948.000000 -1664.000000) (-704.000000 884.000000 -1664.000000) (-704.000000 884.000000 -1568.000000) (-704.000000 948.000000 -1568.000000) 
4 133 137 (-1088.000000 916.000000 -1664.000000) (-1088.000000 796.000000 -1664.000000) (-1088.000000 796.000000 -1540.000000) (-1088.000000 916.000000 -1540.000000) 
4 133 134 (-928.000000 688.000000 -1663.000000) (-864.000000 688.000000 -1663.000000) (-864.000000 688.000000 -1567.000000) (-928.000000 688.000000 -1567.000000) 
4 134 136 (-928.000000 672.000000 -1663.000000) (-864.000000 672.000000 -1663.000000) (-864.000000 672.000000 -1567.000000) (-928.000000 672.000000 -1567.000000) 
4 135 136 (-832.000000 544.000000 -1664.000000) (-832.000000 416.000000 -1664.000000) (-832.000000 416.000000 -1552.000000) (-832.000000 544.000000 -1552.000000) 
4 136 186 (-832.000000 288.000000 -1552.000000) (-960.000000 288.000000 -1552.000000) (-960.000000 288.000000 -1664.000000) (-832.000000 288.000000 -1664.000000) 
4 137 138 (-1104.000000 916.000000 -1664.000000) (-1104.000000 796.000000 -1664.000000) (-1104.000000 796.000000 -1540.000000) (-1104.000000 916.000000 -1540.000000) 
4 138 140 (-1540.000000 1008.000000 -1664.000000) (-1540.000000 688.000000 -1664.000000) (-1540.000000 688.000000 -1408.000000) (-1540.000000 1008.000000 -1408.000000) 
4 139 140 (-1660.000000 1008.000000 -1664.000000) (-1540.000000 1008.000000 -1664.000000) (-1540.000000 1008.000000 -1540.000000) (-1660.000000 1008.000000 -1540.000000) 
4 141 146 (-832.000000 288.000000 -960.000000) (-832.000000 288.000000 -1152.000000) (-832.000000 160.000000 -1152.000000) (-832.000000 160.000000 -960.000000) 
4 141 144 (-768.000000 160.000000 -960.000000) (-832.000000 160.000000 -960.000000) (-832.000000 160.000000 -1152.000000) (-768.000000 160.000000 -1152.000000) 
4 142 143 (-736.000000 64.000000 -1152.000000) (-736.000000 -8.000000 -1152.000000) (-736.000000 -8.000000 -1052.000000) (-736.000000 64.000000 -1052.000000) 
4 143 144 (-768.000000 64.000000 -1152.000000) (-768.000000 -8.000000 -1152.000000) (-768.000000 -8.000000 -1052.000000) (-768.000000 64.000000 -1052.000000) 
4 144 147 (-832.000000 160.000000 -1152.000000) (-832.000000 -128.000000 -1152.000000) (-832.000000 -128.000000 -960.000000) (-832.000000 160.000000 -960.000000) 
4 144 145 (-832.000000 -96.000000 -1152.000000) (-832.000000 128.000000 -1152.000000) (-800.000000 128.000000 -1152.000000) (-800.000000 -96.000000 -1152.000000) 
4 145 148 (-832.000000 128.000000 -1156.000000) (-832.000000 -96.000000 -1156.000000) (-832.000000 -96.000000 -1152.000000) (-832.000000 128.000000 -1152.000000) 
4 146 154 (-1152.000000 288.000000 -992.000000) (-1152.000000 288.000000 -1152.000000) (-1152.000000 160.000000 -1152.000000) (-1152.000000 160.000000 -992.000000) 
4 146 150 (-1152.000000 288.000000 -960.000000) (-1152.000000 288.000000 -992.000000) (-1152.000000 160.000000 -992.000000) (-1152.000000 160.000000 -960.000000) 
4 146 147 (-1056.000000 160.000000 -1152.000000) (-832.000000 160.000000 -1152.000000) (-832.000000 160.000000 -960.000000) (-1056.000000 160.000000 -960.000000) 
4 147 149 (-832.000000 -128.000000 -1152.000000) (-832.000000 -128.000000 -1024.000000) (-992.000000 -128.000000 -1024.000000) (-992.000000 -128.000000 -1152.000000) 
4 147 148 (-1024.000000 -96.000000 -1152.000000) (-1024.000000 128.000000 -1152.000000) (-832.000000 128.000000 -1152.000000) (-832.000000 -96.000000 -1152.000000) 
4 149 160 (-832.000000 -256.000000 -1152.000000) (-832.000000 -256.000000 -1024.000000) (-992.000000 -256.000000 -1024.000000) (-992.000000 -256.000000 -1152.000000) 
4 150 154 (-1472.000000 160.000000 -992.000000) (-1472.000000 288.000000 -992.000000) (-1152.000000 288.000000 -992.000000) (-1152.000000 160.000000 -992.000000) 
4 150 152 (-1344.000000 160.000000 -960.000000) (-1472.000000 160.000000 -960.000000) (-1472.000000 160.000000 -992.000000) (-1344.000000 160.000000 -992.000000) 
4 151 159 (-1216.000000 -160.000000 -768.000000) (-1344.000000 -160.000000 -768.000000) (-1344.000000 -160.000000 -992.000000) (-1216.000000 -160.000000 -992.000000) 
4 151 158 (-1216.000000 -160.000000 -992.000000) (-1344.000000 -160.000000 -992.000000) (-1344.000000 -96.000000 -992.000000) (-1280.000000 -96.000000 -992.000000) 
4 151 153 (-1344.000000 -96.000000 -992.000000) (-1344.000000 -160.000000 -992.000000) (-1344.000000 -160.000000 -768.000000) (-1344.000000 -96.000000 -768.000000) 
4 152 157 (-1472.000000 -96.000000 -992.000000) (-1472.000000 160.000000 -992.000000) (-1344.000000 160.000000 -992.000000) (-1344.000000 -96.000000 -992.000000) 
4 152 153 (-1344.000000 -96.000000 -992.000000) (-1344.000000 -96.000000 -960.000000) (-1472.000000 -96.000000 -960.000000) (-1472.000000 -96.000000 -992.000000) 
4 153 177 (-1472.000000 -160.000000 -768.000000) (-1472.000000 -96.000000 -768.000000) (-1472.000000 -96.000000 -992.000000) (-1472.000000 -160.000000 -992.000000) 
4 153 159 (-1344.000000 -160.000000 -768.000000) (-1472.000000 -160.000000 -768.000000) (-1472.000000 -160.000000 -992.000000) (-1344.000000 -160.000000 -992.000000) 
4 153 158 (-1472.000000 -160.000000 -992.000000) (-1472.000000 -96.000000 -992.000000) (-1344.000000 -96.000000 -992.000000) (-1344.000000 -160.000000 -992.000000) 
4 154 157 (-1472.000000 160.000000 -992.000000) (-1472.000000 160.000000 -1152.000000) (-1344.000000 160.000000 -1152.000000) (-1344.000000 160.000000 -992.000000) 
4 154 155 (-1248.000000 160.000000 -1152.000000) (-1152.000000 160.000000 -1152.000000) (-1152.000000 160.000000 -1072.000000) (-1248.000000 160.000000 -1072.000000) 
4 155 156 (-1152.000000 128.000000 -1152.000000) (-1152.000000 128.000000 -1072.000000) (-1248.000000 128.000000 -1072.000000) (-1248.000000 128.000000 -1152.000000) 
3 156 184 (-1152.000000 128.000000 -1344.000000) (-1200.000000 32.000000 -1344.000000) (-1248.000000 128.000000 -1344.000000) 
4 157 158 (-1344.000000 -96.000000 -1152.000000) (-1344.000000 -96.000000 -992.000000) (-1472.000000 -96.000000 -992.000000) (-1472.000000 -96.000000 -1152.000000) 
4 158 177 (-1472.000000 -160.000000 -1152.000000) (-1472.000000 -160.000000 -992.000000) (-1472.000000 -96.000000 -992.000000) (-1472.000000 -96.000000 -1152.000000) 
4 158 159 (-1216.000000 -160.000000 -1152.000000) (-1216.000000 -160.000000 -992.000000) (-1472.000000 -160.000000 -992.000000) (-1472.000000 -160.000000 -1152.000000) 
4 159 180 (-1472.000000 -256.000000 -768.000000) (-1472.000000 -224.000000 -768.000000) (-1472.000000 -224.000000 -896.000000) (-1472.000000 -256.000000 -896.000000) 
4 159 181 (-1472.000000 -224.000000 -896.000000) (-1472.000000 -224.000000 -1344.000000) (-1472.000000 -256.000000 -1344.000000) (-1472.000000 -256.000000 -896.000000) 
4 159 178 (-1472.000000 -224.000000 -768.000000) (-1472.000000 -160.000000 -768.000000) (-1472.000000 -160.000000 -896.000000) (-1472.000000 -224.000000 -896.000000) 
4 159 179 (-1472.000000 -160.000000 -896.000000) (-1472.000000 -160.000000 -1344.000000) (-1472.000000 -224.000000 -1344.000000) (-1472.000000 -224.000000 -896.000000) 
4 159 164 (-1472.000000 -256.000000 -1344.000000) (-1216.000000 -256.000000 -1344.000000) (-1216.000000 -256.000000 -1152.000000) (-1472.000000 -256.000000 -1152.000000) 
4 159 163 (-1216.000000 -256.000000 -1152.000000) (-1216.000000 -256.000000 -768.000000) (-1472.000000 -256.000000 -768.000000) (-1472.000000 -256.000000 -1152.000000) 
4 160 189 (-1120.000000 -256.000000 -1344.000000) (-704.000000 -256.000000 -1344.000000) (-704.000000 -576.000000 -1344.000000) (-1120.000000 -576.000000 -1344.000000) 
4 160 161 (-832.000000 -576.000000 -1152.000000) (-832.000000 -576.000000 -1024.000000) (-992.000000 -576.000000 -1024.000000) (-992.000000 -576.000000 -1152.000000) 
4 161 170 (-832.000000 -704.000000 -1152.000000) (-832.000000 -704.000000 -1024.000000) (-992.000000 -704.000000 -1024.000000) (-992.000000 -704.000000 -1152.000000) 
4 162 164 (-1216.000000 -516.000000 -1344.000000) (-1216.000000 -580.000000 -1344.000000) (-1216.000000 -580.000000 -1248.000000) (-1216.000000 -516.000000 -1248.000000) 
4 163 182 (-1472.000000 -704.000000 -768.000000) (-1472.000000 -672.000000 -768.000000) (-1472.000000 -672.000000 -1152.000000) (-1472.000000 -704.000000 -1152.000000) 
4 163 180 (-1472.000000 -672.000000 -768.000000) (-1472.000000 -256.000000 -768.000000) (-1472.000000 -256.000000 -896.000000) (-1472.000000 -672.000000 -896.000000) 
4 163 181 (-1472.000000 -256.000000 -896.000000) (-1472.000000 -256.000000 -1152.000000) (-1472.000000 -672.000000 -1152.000000) (-1472.000000 -672.000000 -896.000000) 
4 163 173 (-1248.000000 -704.000000 -1152.000000) (-1248.000000 -704.000000 -960.000000) (-1344.000000 -704.000000 -960.000000) (-1344.000000 -704.000000 -1152.000000) 
4 163 174 (-1344.000000 -704.000000 -960.000000) (-1472.000000 -704.000000 -960.000000) (-1472.000000 -704.000000 -1152.000000) (-1344.000000 -704.000000 -1152.000000) 
4 163 172 (-1248.000000 -704.000000 -960.000000) (-1248.000000 -704.000000 -768.000000) (-1472.000000 -704.000000 -768.000000) (-1472.000000 -704.000000 -960.000000) 
4 163 164 (-1472.000000 -672.000000 -1152.000000) (-1472.000000 -256.000000 -1152.000000) (-1216.000000 -256.000000 -1152.000000) (-1216.000000 -672.000000 -1152.000000) 
4 164 181 (-1472.000000 -256.000000 -1152.000000) (-1472.000000 -256.000000 -1344.000000) (-1472.000000 -672.000000 -1344.000000) (-1472.000000 -672.000000 -1152.000000) 
4 165 169 (-608.000000 -960.000000 -1056.000000) (-728.000000 -960.000000 -1056.000000) (-728.000000 -960.000000 -1120.000000) (-608.000000 -960.000000 -1120.000000) 
4 165 168 (-456.000000 -960.000000 -1056.000000) (-576.000000 -960.000000 -1056.000000) (-576.000000 -960.000000 -1120.000000) (-456.000000 -960.000000 -1120.000000) 
4 165 166 (-736.000000 -784.000000 -1152.000000) (-736.000000 -856.000000 -1152.000000) (-736.000000 -856.000000 -1052.000000) (-736.000000 -784.000000 -1052.000000) 
4 167 170 (-768.000000 -784.000000 -1152.000000) (-768.000000 -856.000000 -1152.000000) (-768.000000 -856.000000 -1052.000000) (-768.000000 -784.000000 -1052.000000) 
4 168 175 (-576.000000 -992.000000 -1120.000000) (-456.000000 -992.000000 -1120.000000) (-456.000000 -992.000000 -1056.000000) (-576.000000 -992.000000 -1056.000000) 
4 169 175 (-728.000000 -992.000000 -1120.000000) (-608.000000 -992.000000 -1120.000000) (-608.000000 -992.000000 -1056.000000) (-728.000000 -992.000000 -1056.000000) 
4 170 175 (-768.000000 -992.000000 -1152.000000) (-768.000000 -992.000000 -960.000000) (-1056.000000 -992.000000 -960.000000) (-1056.000000 -992.000000 -1152.000000) 
4 170 171 (-1024.000000 -960.000000 -1152.000000) (-1024.000000 -736.000000 -1152.000000) (-800.000000 -736.000000 -1152.000000) (-800.000000 -960.000000 -1152.000000) 
4 172 182 (-1472.000000 -736.000000 -768.000000) (-1472.000000 -704.000000 -768.000000) (-1472.000000 -704.000000 -960.000000) (-1472.000000 -736.000000 -960.000000) 
4 172 173 (-1344.000000 -704.000000 -960.000000) (-1248.000000 -704.000000 -960.000000) (-1280.000000 -736.000000 -960.000000) (-1344.000000 -736.000000 -960.000000) 
4 172 174 (-1472.000000 -704.000000 -960.000000) (-1344.000000 -704.000000 -960.000000) (-1344.000000 -736.000000 -960.000000) (-1472.000000 -736.000000 -960.000000) 
4 173 174 (-1344.000000 -704.000000 -960.000000) (-1344.000000 -704.000000 -1152.000000) (-1344.000000 -736.000000 -1152.000000) (-1344.000000 -736.000000 -960.000000) 
4 174 182 (-1472.000000 -704.000000 -960.000000) (-1472.000000 -704.000000 -1152.000000) (-1472.000000 -736.000000 -1152.000000) (-1472.000000 -736.000000 -960.000000) 
4 174 175 (-1472.000000 -992.000000 -960.000000) (-1472.000000 -992.000000 -1152.000000) (-1344.000000 -992.000000 -1152.000000) (-1344.000000 -992.000000 -960.000000) 
4 176 194 (-480.000000 -1480.000000 -1344.000000) (-480.000000 -1376.000000 -1344.000000) (-384.000000 -1376.000000 -1344.000000) (-384.000000 -1480.000000 -1344.000000) 
4 177 178 (-1472.000000 -160.000000 -896.000000) (-1472.000000 -160.000000 -768.000000) (-1600.000000 -160.000000 -768.000000) (-1600.000000 -160.000000 -896.000000) 
4 177 179 (-1472.000000 -160.000000 -1152.000000) (-1472.000000 -160.000000 -896.000000) (-1600.000000 -160.000000 -896.000000) (-1600.000000 -160.000000 -1152.000000) 
4 178 180 (-1472.000000 -224.000000 -896.000000) (-1472.000000 -224.000000 -768.000000) (-1600.000000 -224.000000 -768.000000) (-1600.000000 -224.000000 -896.000000) 
4 178 179 (-1472.000000 -224.000000 -896.000000) (-1600.000000 -224.000000 -896.000000) (-1600.000000 -160.000000 -896.000000) (-1472.000000 -160.000000 -896.000000) 
4 179 181 (-1728.000000 -224.000000 -1344.000000) (-1472.000000 -224.000000 -1344.000000) (-1472.000000 -224.000000 -896.000000) (-1728.000000 -224.000000 -896.000000) 
4 180 182 (-1472.000000 -672.000000 -896.000000) (-1472.000000 -672.000000 -768.000000) (-1600.000000 -672.000000 -768.000000) (-1600.000000 -672.000000 -896.000000) 
4 180 181 (-1472.000000 -672.000000 -896.000000) (-1600.000000 -672.000000 -896.000000) (-1600.000000 -224.000000 -896.000000) (-1472.000000 -224.000000 -896.000000) 
7 181 183 (-1728.000000 -320.000000 -1344.000000) (-1728.000000 -512.000000 -1344.000000) (-1728.000000 -544.000000 -1248.000000) (-1728.000000 -496.000000 -1184.000000) (-1728.000000 -416.000000 -1152.000000) (-1728.000000 -336.000000 -1184.000000) (-1728.000000 -288.000000 -1248.000000) 
4 181 182 (-1472.000000 -672.000000 -1152.000000) (-1472.000000 -672.000000 -896.000000) (-1600.000000 -672.000000 -896.000000) (-1600.000000 -672.000000 -1152.000000) 
3 184 185 (-1248.000000 128.000000 -1536.000000) (-1152.000000 128.000000 -1536.000000) (-1200.000000 32.000000 -1536.000000) 
3 185 187 (-1200.000000 32.000000 -1552.000000) (-1248.000000 128.000000 -1552.000000) (-1152.000000 128.000000 -1552.000000) 
4 186 187 (-960.000000 160.000000 -1664.000000) (-832.000000 160.000000 -1664.000000) (-832.000000 160.000000 -1552.000000) (-960.000000 160.000000 -1552.000000) 
3 187 188 (-1200.000000 32.000000 -1664.000000) (-1248.000000 128.000000 -1664.000000) (-1152.000000 128.000000 -1664.000000) 
4 189 190 (-1120.000000 -384.000000 -1512.000000) (-1120.000000 -448.000000 -1512.000000) (-1120.000000 -448.000000 -1408.000000) (-1120.000000 -384.000000 -1408.000000) 
4 190 191 (-1152.000000 -384.000000 -1512.000000) (-1152.000000 -448.000000 -1512.000000) (-1152.000000 -448.000000 -1408.000000) (-1152.000000 -384.000000 -1408.000000) 
4 191 192 (-1600.000000 -384.000000 -1408.000000) (-1600.000000 -384.000000 -1512.000000) (-1600.000000 -448.000000 -1512.000000) (-1600.000000 -448.000000 -1408.000000) 
4 192 193 (-1600.000000 -576.000000 -1512.000000) (-1600.000000 -576.000000 -1408.000000) (-1664.000000 -576.000000 -1408.000000) (-1664.000000 -576.000000 -1512.000000) 
